CMSIS_AGDI.DLL - CMSIS-DAP Driver Log

19:01:06:006 (07/07/2024) - START SEQUENCE "InitTarget", "default" - ID 0
19:01:06:006 (07/07/2024) - START SEQUENCE "InitInternals", "default" - ID 1
19:01:06:006 (07/07/2024) - START SEQUENCE "InitDriver", "default" - ID 2
19:01:06:006 (07/07/2024) - END SEQUENCE "InitDriver", "success" - ID 3
19:01:06:006 (07/07/2024) - START SEQUENCE "InitDebugger", "default" - ID 4
19:01:06:041 (07/07/2024) - END SEQUENCE "InitDebugger", "success" - ID 5
19:01:06:041 (07/07/2024) - END SEQUENCE "InitInternals", "success" - ID 6
19:01:06:041 (07/07/2024) - START SEQUENCE "DebugPortSetup", "default" - ID 7
19:01:06:045 (07/07/2024) - END SEQUENCE "DebugPortSetup", "success" - ID 8
19:01:06:045 (07/07/2024) - START SEQUENCE "DebugGetDeviceList", "default" - ID 9
19:01:06:047 (07/07/2024) - END SEQUENCE "DebugGetDeviceList", "success" - ID 10
19:01:06:047 (07/07/2024) - START SEQUENCE "PDSCDebug_DebugGetDeviceNames", "default" - ID 11
19:01:06:047 (07/07/2024) - END SEQUENCE "PDSCDebug_DebugGetDeviceNames", "success" - ID 12
  19:01:06:047 (07/07/2024) - START SEQUENCE "DebugPortStart", "default" - ID 13
  19:01:06:445 (07/07/2024) - END SEQUENCE "DebugPortStart", "success" - ID 14
19:01:06:449 (07/07/2024) - START SEQUENCE "DebugDeviceUnlock", "calling sequence" - ID 15
19:01:06:450 (07/07/2024) - READ  AP  Access, AP 0, Addr 0x000000F8, Val 0xE00FF003, "DAP Read AP - Success" - ID 0
19:01:06:453 (07/07/2024) - READ  MEM BLOCK Access, AP 0, Start Addr 0xE00FFFE4, End Addr 0xE00FFFE7, "DAP Read Memory Block (32-bit accesses) - Success" - ID 1
  Item #0, AP 0, Addr 0xE00FFFE4, Value 0x00000004
19:01:06:455 (07/07/2024) - READ  MEM BLOCK Access, AP 0, Start Addr 0xE00FFFE8, End Addr 0xE00FFFEB, "DAP Read Memory Block (32-bit accesses) - Success" - ID 2
  Item #0, AP 0, Addr 0xE00FFFE8, Value 0x0000000A
19:01:06:455 (07/07/2024) - START SEQUENCE "DebugReadTargetFeatures", "default" - ID 16
19:01:06:455 (07/07/2024) - START SEQUENCE "_EvalDPID", "default" - ID 17
19:01:06:455 (07/07/2024) - END SEQUENCE "_EvalDPID", "success" - ID 18
19:01:06:455 (07/07/2024) - WRITE DP  Access, Addr 0x00000008, Val 0x00000000, "DAP Write DP - Success" - ID 3
19:01:06:461 (07/07/2024) - WRITE AP  Access, AP 0, Addr 0x00000000, Val 0x23000052, "DAP Write AP - Success" - ID 4
19:01:06:461 (07/07/2024) - START SEQUENCE "DebugReadRomTable", "default" - ID 19
19:01:06:463 (07/07/2024) - READ  AP  Access, AP 0, Addr 0x000000F8, Val 0xE00FF003, "DAP Read AP - Success" - ID 5
19:01:06:471 (07/07/2024) - READ  MEM BLOCK Access, AP 0, Start Addr 0xE00FFFF0, End Addr 0xE00FFFFF, "DAP Read Memory Block - Success" - ID 6
  Item #0, AP 0, Addr 0xE00FFFF0, Value 0x0000000D
  Item #1, AP 0, Addr 0xE00FFFF4, Value 0x00000010
  Item #2, AP 0, Addr 0xE00FFFF8, Value 0x00000005
  Item #3, AP 0, Addr 0xE00FFFFC, Value 0x000000B1
19:01:06:475 (07/07/2024) - READ  MEM BLOCK Access, AP 0, Start Addr 0xE00FFFD0, End Addr 0xE00FFFEF, "DAP Read Memory Block - Success" - ID 7
  Item #0, AP 0, Addr 0xE00FFFD0, Value 0x00000000
  Item #1, AP 0, Addr 0xE00FFFD4, Value 0x00000000
  Item #2, AP 0, Addr 0xE00FFFD8, Value 0x00000000
  Item #3, AP 0, Addr 0xE00FFFDC, Value 0x00000000
  Item #4, AP 0, Addr 0xE00FFFE0, Value 0x00000011
  Item #5, AP 0, Addr 0xE00FFFE4, Value 0x00000004
  Item #6, AP 0, Addr 0xE00FFFE8, Value 0x0000000A
  Item #7, AP 0, Addr 0xE00FFFEC, Value 0x00000000
19:01:06:475 (07/07/2024) - ROM TABLE: Detected Unknown ROM Table at address 0xE00FF000 (PID 0x00000000000A0411, CID 0xB105100D)
19:01:06:475 (07/07/2024) - READ  MEM Access, AP 0, Addr 0xE00FF000, Val 0xFFF0F003, "DAP Read Memory (32 bit) - Success" - ID 8
19:01:06:478 (07/07/2024) - READ  MEM BLOCK Access, AP 0, Start Addr 0xE000EFF0, End Addr 0xE000EFFF, "DAP Read Memory Block - Success" - ID 9
  Item #0, AP 0, Addr 0xE000EFF0, Value 0x0000000D
  Item #1, AP 0, Addr 0xE000EFF4, Value 0x000000E0
  Item #2, AP 0, Addr 0xE000EFF8, Value 0x00000005
  Item #3, AP 0, Addr 0xE000EFFC, Value 0x000000B1
19:01:06:480 (07/07/2024) - READ  MEM BLOCK Access, AP 0, Start Addr 0xE000EFD0, End Addr 0xE000EFEF, "DAP Read Memory Block - Success" - ID 10
  Item #0, AP 0, Addr 0xE000EFD0, Value 0x00000004
  Item #1, AP 0, Addr 0xE000EFD4, Value 0x00000000
  Item #2, AP 0, Addr 0xE000EFD8, Value 0x00000000
  Item #3, AP 0, Addr 0xE000EFDC, Value 0x00000000
  Item #4, AP 0, Addr 0xE000EFE0, Value 0x0000000C
  Item #5, AP 0, Addr 0xE000EFE4, Value 0x000000B0
  Item #6, AP 0, Addr 0xE000EFE8, Value 0x0000000B
  Item #7, AP 0, Addr 0xE000EFEC, Value 0x00000000
19:01:06:480 (07/07/2024) - ROM TABLE: Detected SCS (ARMv7-M with FP Extension) at address 0xE000E000 (PID 0x00000004000BB00C, CID 0xB105E00D)
19:01:06:481 (07/07/2024) - WRITE MEM Access, AP 0, Addr 0xE000EDFC, Val 0x01000000, "DAP Write Memory (32 bit) - Success" - ID 11
19:01:06:481 (07/07/2024) - READ  MEM Access, AP 0, Addr 0xE00FF004, Val 0xFFF02003, "DAP Read Memory (32 bit) - Success" - ID 12
19:01:06:484 (07/07/2024) - READ  MEM BLOCK Access, AP 0, Start Addr 0xE0001FF0, End Addr 0xE0001FFF, "DAP Read Memory Block - Success" - ID 13
  Item #0, AP 0, Addr 0xE0001FF0, Value 0x0000000D
  Item #1, AP 0, Addr 0xE0001FF4, Value 0x000000E0
  Item #2, AP 0, Addr 0xE0001FF8, Value 0x00000005
  Item #3, AP 0, Addr 0xE0001FFC, Value 0x000000B1
19:01:06:488 (07/07/2024) - READ  MEM BLOCK Access, AP 0, Start Addr 0xE0001FD0, End Addr 0xE0001FEF, "DAP Read Memory Block - Success" - ID 14
  Item #0, AP 0, Addr 0xE0001FD0, Value 0x00000004
  Item #1, AP 0, Addr 0xE0001FD4, Value 0x00000000
  Item #2, AP 0, Addr 0xE0001FD8, Value 0x00000000
  Item #3, AP 0, Addr 0xE0001FDC, Value 0x00000000
  Item #4, AP 0, Addr 0xE0001FE0, Value 0x00000002
  Item #5, AP 0, Addr 0xE0001FE4, Value 0x000000B0
  Item #6, AP 0, Addr 0xE0001FE8, Value 0x0000003B
  Item #7, AP 0, Addr 0xE0001FEC, Value 0x00000000
19:01:06:488 (07/07/2024) - ROM TABLE: Detected DWT (ARMv7-M) at address 0xE0001000 (PID 0x00000004003BB002, CID 0xB105E00D)
19:01:06:492 (07/07/2024) - READ  MEM Access, AP 0, Addr 0xE00FF008, Val 0xFFF03003, "DAP Read Memory (32 bit) - Success" - ID 15
19:01:06:494 (07/07/2024) - READ  MEM BLOCK Access, AP 0, Start Addr 0xE0002FF0, End Addr 0xE0002FFF, "DAP Read Memory Block - Success" - ID 16
  Item #0, AP 0, Addr 0xE0002FF0, Value 0x0000000D
  Item #1, AP 0, Addr 0xE0002FF4, Value 0x000000E0
  Item #2, AP 0, Addr 0xE0002FF8, Value 0x00000005
  Item #3, AP 0, Addr 0xE0002FFC, Value 0x000000B1
19:01:06:497 (07/07/2024) - READ  MEM BLOCK Access, AP 0, Start Addr 0xE0002FD0, End Addr 0xE0002FEF, "DAP Read Memory Block - Success" - ID 17
  Item #0, AP 0, Addr 0xE0002FD0, Value 0x00000004
  Item #1, AP 0, Addr 0xE0002FD4, Value 0x00000000
  Item #2, AP 0, Addr 0xE0002FD8, Value 0x00000000
  Item #3, AP 0, Addr 0xE0002FDC, Value 0x00000000
  Item #4, AP 0, Addr 0xE0002FE0, Value 0x00000003
  Item #5, AP 0, Addr 0xE0002FE4, Value 0x000000B0
  Item #6, AP 0, Addr 0xE0002FE8, Value 0x0000002B
  Item #7, AP 0, Addr 0xE0002FEC, Value 0x00000000
19:01:06:497 (07/07/2024) - ROM TABLE: Detected FPB (ARMv7-M) at address 0xE0002000 (PID 0x00000004002BB003, CID 0xB105E00D)
19:01:06:498 (07/07/2024) - READ  MEM Access, AP 0, Addr 0xE00FF00C, Val 0xFFF01003, "DAP Read Memory (32 bit) - Success" - ID 18
19:01:06:501 (07/07/2024) - READ  MEM BLOCK Access, AP 0, Start Addr 0xE0000FF0, End Addr 0xE0000FFF, "DAP Read Memory Block - Success" - ID 19
  Item #0, AP 0, Addr 0xE0000FF0, Value 0x0000000D
  Item #1, AP 0, Addr 0xE0000FF4, Value 0x000000E0
  Item #2, AP 0, Addr 0xE0000FF8, Value 0x00000005
  Item #3, AP 0, Addr 0xE0000FFC, Value 0x000000B1
19:01:06:503 (07/07/2024) - READ  MEM BLOCK Access, AP 0, Start Addr 0xE0000FD0, End Addr 0xE0000FEF, "DAP Read Memory Block - Success" - ID 20
  Item #0, AP 0, Addr 0xE0000FD0, Value 0x00000004
  Item #1, AP 0, Addr 0xE0000FD4, Value 0x00000000
  Item #2, AP 0, Addr 0xE0000FD8, Value 0x00000000
  Item #3, AP 0, Addr 0xE0000FDC, Value 0x00000000
  Item #4, AP 0, Addr 0xE0000FE0, Value 0x00000001
  Item #5, AP 0, Addr 0xE0000FE4, Value 0x000000B0
  Item #6, AP 0, Addr 0xE0000FE8, Value 0x0000003B
  Item #7, AP 0, Addr 0xE0000FEC, Value 0x00000000
19:01:06:503 (07/07/2024) - ROM TABLE: Detected ITM (ARMv7-M) at address 0xE0000000 (PID 0x00000004003BB001, CID 0xB105E00D)
19:01:06:505 (07/07/2024) - READ  MEM Access, AP 0, Addr 0xE00FF010, Val 0xFFF41003, "DAP Read Memory (32 bit) - Success" - ID 21
19:01:06:507 (07/07/2024) - READ  MEM BLOCK Access, AP 0, Start Addr 0xE0040FF0, End Addr 0xE0040FFF, "DAP Read Memory Block - Success" - ID 22
  Item #0, AP 0, Addr 0xE0040FF0, Value 0x0000000D
  Item #1, AP 0, Addr 0xE0040FF4, Value 0x00000090
  Item #2, AP 0, Addr 0xE0040FF8, Value 0x00000005
  Item #3, AP 0, Addr 0xE0040FFC, Value 0x000000B1
19:01:06:509 (07/07/2024) - READ  MEM BLOCK Access, AP 0, Start Addr 0xE0040FD0, End Addr 0xE0040FEF, "DAP Read Memory Block - Success" - ID 23
  Item #0, AP 0, Addr 0xE0040FD0, Value 0x00000004
  Item #1, AP 0, Addr 0xE0040FD4, Value 0x00000000
  Item #2, AP 0, Addr 0xE0040FD8, Value 0x00000000
  Item #3, AP 0, Addr 0xE0040FDC, Value 0x00000000
  Item #4, AP 0, Addr 0xE0040FE0, Value 0x000000A1
  Item #5, AP 0, Addr 0xE0040FE4, Value 0x000000B9
  Item #6, AP 0, Addr 0xE0040FE8, Value 0x0000000B
  Item #7, AP 0, Addr 0xE0040FEC, Value 0x00000000
19:01:06:509 (07/07/2024) - ROM TABLE: Detected TPIU (Cortex-M4) at address 0xE0040000 (PID 0x00000004000BB9A1, CID 0xB105900D)
19:01:06:510 (07/07/2024) - READ  MEM Access, AP 0, Addr 0xE00FF014, Val 0xFFF42003, "DAP Read Memory (32 bit) - Success" - ID 24
19:01:06:512 (07/07/2024) - READ  MEM BLOCK Access, AP 0, Start Addr 0xE0041FF0, End Addr 0xE0041FFF, "DAP Read Memory Block - Success" - ID 25
  Item #0, AP 0, Addr 0xE0041FF0, Value 0x0000000D
  Item #1, AP 0, Addr 0xE0041FF4, Value 0x00000090
  Item #2, AP 0, Addr 0xE0041FF8, Value 0x00000005
  Item #3, AP 0, Addr 0xE0041FFC, Value 0x000000B1
19:01:06:515 (07/07/2024) - READ  MEM BLOCK Access, AP 0, Start Addr 0xE0041FD0, End Addr 0xE0041FEF, "DAP Read Memory Block - Success" - ID 26
  Item #0, AP 0, Addr 0xE0041FD0, Value 0x00000004
  Item #1, AP 0, Addr 0xE0041FD4, Value 0x00000000
  Item #2, AP 0, Addr 0xE0041FD8, Value 0x00000000
  Item #3, AP 0, Addr 0xE0041FDC, Value 0x00000000
  Item #4, AP 0, Addr 0xE0041FE0, Value 0x00000025
  Item #5, AP 0, Addr 0xE0041FE4, Value 0x000000B9
  Item #6, AP 0, Addr 0xE0041FE8, Value 0x0000000B
  Item #7, AP 0, Addr 0xE0041FEC, Value 0x00000000
19:01:06:515 (07/07/2024) - ROM TABLE: Detected ETM (Cortex-M4) at address 0xE0041000 (PID 0x00000004000BB925, CID 0xB105900D)
19:01:06:516 (07/07/2024) - READ  MEM Access, AP 0, Addr 0xE00FF018, Val 0x00000000, "DAP Read Memory (32 bit) - Success" - ID 27
19:01:06:516 (07/07/2024) - END SEQUENCE "DebugReadRomTable", "success" - ID 20
19:01:06:516 (07/07/2024) - START SEQUENCE "_EvalCPUID", "default" - ID 21
19:01:06:517 (07/07/2024) - READ  MEM Access, AP 0, Addr 0xE000ED00, Val 0x410FC241, "DAP Read Memory (32 bit) - Success" - ID 28
19:01:06:517 (07/07/2024) - READ  MEM Access, AP 0, Addr 0xE000EF40, Val 0x10110021, "DAP Read Memory (32 bit) - Success" - ID 29
19:01:06:518 (07/07/2024) - READ  MEM Access, AP 0, Addr 0xE000EF44, Val 0x11000011, "DAP Read Memory (32 bit) - Success" - ID 30
19:01:06:518 (07/07/2024) - END SEQUENCE "_EvalCPUID", "success" - ID 22
19:01:06:518 (07/07/2024) - READ  DP  Access, Addr 0x00000004, Val 0xF0000F40, "DAP Read DP - Success" - ID 31
19:01:06:518 (07/07/2024) - END SEQUENCE "DebugReadTargetFeatures", "success" - ID 23
19:01:06:518 (07/07/2024) - START SEQUENCE "DebugCoreStart", "calling sequence" - ID 24
19:01:06:521 (07/07/2024) - WRITE MEM BLOCK Access, AP 0, Start Addr 0xE000EDF0, End Addr 0xE000EDF3, "DAP Write Memory Block (32-bit accesses) - Success" - ID 32
  Item #0, AP 0, Addr 0xE000EDF0, Value 0xA05F0001
19:01:06:523 (07/07/2024) - WRITE MEM BLOCK Access, AP 0, Start Addr 0xE0042004, End Addr 0xE0042007, "DAP Write Memory Block (32-bit accesses) - Success" - ID 33
  Item #0, AP 0, Addr 0xE0042004, Value 0x00000007
19:01:06:525 (07/07/2024) - WRITE MEM BLOCK Access, AP 0, Start Addr 0xE0042008, End Addr 0xE004200B, "DAP Write Memory Block (32-bit accesses) - Success" - ID 34
  Item #0, AP 0, Addr 0xE0042008, Value 0x00000000
19:01:06:527 (07/07/2024) - WRITE MEM BLOCK Access, AP 0, Start Addr 0xE004200C, End Addr 0xE004200F, "DAP Write Memory Block (32-bit accesses) - Success" - ID 35
  Item #0, AP 0, Addr 0xE004200C, Value 0x00000000
19:01:06:527 (07/07/2024) - END SEQUENCE "DebugCoreStart", "success" - ID 25
19:01:06:529 (07/07/2024) - READ  MEM Access, AP 0, Addr 0xE000EDFC, Val 0x01000000, "DAP Read Memory (32 bit) - Success" - ID 36
19:01:06:529 (07/07/2024) - WRITE MEM Access, AP 0, Addr 0xE000EDFC, Val 0x01000001, "DAP Write Memory (32 bit) - Success" - ID 37
19:01:06:530 (07/07/2024) - WRITE MEM Access, AP 0, Addr 0xE000EDF0, Val 0xA05F0003, "DAP Write Memory (32 bit) - Success" - ID 38
19:01:06:531 (07/07/2024) - READ  MEM Access, AP 0, Addr 0xE000EDF0, Val 0x01030003, "DAP Read Memory (32 bit) - Success" - ID 39
19:01:06:531 (07/07/2024) - END SEQUENCE "_WaitForStop", "success" - ID 26
19:01:06:532 (07/07/2024) - WRITE MEM Access, AP 0, Addr 0xE000EDF0, Val 0xA05F0003, "DAP Write Memory (32 bit) - Success" - ID 40
19:01:06:532 (07/07/2024) - START SEQUENCE "_InitDebugComponents", "default" - ID 27
19:01:06:532 (07/07/2024) - READ  MEM Access, AP 0, Addr 0xE000EDFC, Val 0x01000001, "DAP Read Memory (32 bit) - Success" - ID 41
19:01:06:533 (07/07/2024) - READ  MEM Access, AP 0, Addr 0xE0002000, Val 0x00000260, "DAP Read Memory (32 bit) - Success" - ID 42
19:01:06:534 (07/07/2024) - READ  MEM Access, AP 0, Addr 0xE0001000, Val 0x40000001, "DAP Read Memory (32 bit) - Success" - ID 43
19:01:06:536 (07/07/2024) - WRITE MEM Access, AP 0, Addr 0xE0001024, Val 0x0000001F, "DAP Write Memory (32 bit) - Success" - ID 44
19:01:06:537 (07/07/2024) - READ  MEM Access, AP 0, Addr 0xE0001024, Val 0x0000000F, "DAP Read Memory (32 bit) - Success" - ID 45
19:01:06:538 (07/07/2024) - WRITE MEM Access, AP 0, Addr 0xE0001024, Val 0x00000000, "DAP Write Memory (32 bit) - Success" - ID 46
19:01:06:538 (07/07/2024) - WRITE MEM Access, AP 0, Addr 0xE0001028, Val 0x00000100, "DAP Write Memory (32 bit) - Success" - ID 47
19:01:06:539 (07/07/2024) - READ  MEM Access, AP 0, Addr 0xE0001028, Val 0x00000000, "DAP Read Memory (32 bit) - Success" - ID 48
19:01:06:540 (07/07/2024) - WRITE MEM Access, AP 0, Addr 0xE0001028, Val 0x00000080, "DAP Write Memory (32 bit) - Success" - ID 49
19:01:06:540 (07/07/2024) - READ  MEM Access, AP 0, Addr 0xE0001028, Val 0x00000080, "DAP Read Memory (32 bit) - Success" - ID 50
19:01:06:541 (07/07/2024) - WRITE MEM Access, AP 0, Addr 0xE0001028, Val 0x00000000, "DAP Write Memory (32 bit) - Success" - ID 51
19:01:06:542 (07/07/2024) - WRITE MEM Access, AP 0, Addr 0xE0001038, Val 0x00000100, "DAP Write Memory (32 bit) - Success" - ID 52
19:01:06:542 (07/07/2024) - READ  MEM Access, AP 0, Addr 0xE0001038, Val 0x00000300, "DAP Read Memory (32 bit) - Success" - ID 53
19:01:06:543 (07/07/2024) - WRITE MEM Access, AP 0, Addr 0xE0001038, Val 0x00000080, "DAP Write Memory (32 bit) - Success" - ID 54
19:01:06:546 (07/07/2024) - READ  MEM Access, AP 0, Addr 0xE0001038, Val 0x00000200, "DAP Read Memory (32 bit) - Success" - ID 55
19:01:06:546 (07/07/2024) - WRITE MEM Access, AP 0, Addr 0xE0001038, Val 0x00000000, "DAP Write Memory (32 bit) - Success" - ID 56
19:01:06:547 (07/07/2024) - WRITE MEM Access, AP 0, Addr 0xE0001048, Val 0x00000100, "DAP Write Memory (32 bit) - Success" - ID 57
19:01:06:548 (07/07/2024) - READ  MEM Access, AP 0, Addr 0xE0001048, Val 0x00000000, "DAP Read Memory (32 bit) - Success" - ID 58
19:01:06:549 (07/07/2024) - WRITE MEM Access, AP 0, Addr 0xE0001048, Val 0x00000080, "DAP Write Memory (32 bit) - Success" - ID 59
19:01:06:550 (07/07/2024) - READ  MEM Access, AP 0, Addr 0xE0001048, Val 0x00000000, "DAP Read Memory (32 bit) - Success" - ID 60
19:01:06:550 (07/07/2024) - WRITE MEM Access, AP 0, Addr 0xE0001048, Val 0x00000000, "DAP Write Memory (32 bit) - Success" - ID 61
19:01:06:551 (07/07/2024) - WRITE MEM Access, AP 0, Addr 0xE0001058, Val 0x00000100, "DAP Write Memory (32 bit) - Success" - ID 62
19:01:06:552 (07/07/2024) - READ  MEM Access, AP 0, Addr 0xE0001058, Val 0x00000000, "DAP Read Memory (32 bit) - Success" - ID 63
19:01:06:552 (07/07/2024) - WRITE MEM Access, AP 0, Addr 0xE0001058, Val 0x00000080, "DAP Write Memory (32 bit) - Success" - ID 64
19:01:06:553 (07/07/2024) - READ  MEM Access, AP 0, Addr 0xE0001058, Val 0x00000000, "DAP Read Memory (32 bit) - Success" - ID 65
19:01:06:554 (07/07/2024) - WRITE MEM Access, AP 0, Addr 0xE0001058, Val 0x00000000, "DAP Write Memory (32 bit) - Success" - ID 66
19:01:06:555 (07/07/2024) - WRITE MEM Access, AP 0, Addr 0xE0002000, Val 0x00000002, "DAP Write Memory (32 bit) - Success" - ID 67
19:01:06:556 (07/07/2024) - WRITE MEM Access, AP 0, Addr 0xE0001028, Val 0x00000000, "DAP Write Memory (32 bit) - Success" - ID 68
19:01:06:556 (07/07/2024) - WRITE MEM Access, AP 0, Addr 0xE0001038, Val 0x00000000, "DAP Write Memory (32 bit) - Success" - ID 69
19:01:06:557 (07/07/2024) - WRITE MEM Access, AP 0, Addr 0xE0001048, Val 0x00000000, "DAP Write Memory (32 bit) - Success" - ID 70
19:01:06:557 (07/07/2024) - WRITE MEM Access, AP 0, Addr 0xE0001058, Val 0x00000000, "DAP Write Memory (32 bit) - Success" - ID 71
19:01:06:559 (07/07/2024) - READ  MEM Access, AP 0, Addr 0xE000E004, Val 0x00000002, "DAP Read Memory (32 bit) - Success" - ID 72
19:01:06:561 (07/07/2024) - WRITE MEM BLOCK Access, AP 0, Start Addr 0xE0001000, End Addr 0xE000101B, "DAP Write Memory Block - Success" - ID 73
  Item #0, AP 0, Addr 0xE0001000, Value 0x00000001
  Item #1, AP 0, Addr 0xE0001004, Value 0x00000000
  Item #2, AP 0, Addr 0xE0001008, Value 0x00000000
  Item #3, AP 0, Addr 0xE000100C, Value 0x00000000
  Item #4, AP 0, Addr 0xE0001010, Value 0x00000000
  Item #5, AP 0, Addr 0xE0001014, Value 0x00000000
  Item #6, AP 0, Addr 0xE0001018, Value 0x00000000
19:01:06:561 (07/07/2024) - END SEQUENCE "_InitDebugComponents", "success" - ID 28
19:01:06:561 (07/07/2024) - END SEQUENCE "InitTarget", "success" - ID 29
19:01:06:561 (07/07/2024) - START SEQUENCE "ResetCatchSet", "default" - ID 30
19:01:06:563 (07/07/2024) - WRITE MEM Access, AP 0, Addr 0xE000EDFC, Val 0x00000001, "DAP Write Memory (32 bit) - Success" - ID 74
19:01:06:563 (07/07/2024) - READ  MEM Access, AP 0, Addr 0xE000EDF0, Val 0x00030003, "DAP Read Memory (32 bit) - Success" - ID 75
19:01:06:563 (07/07/2024) - END SEQUENCE "ResetCatchSet", "success" - ID 31
19:01:06:563 (07/07/2024) - START SEQUENCE "ResetSystem", "default" - ID 32
19:01:06:564 (07/07/2024) - WRITE MEM Access, AP 0, Addr 0xE000ED0C, Val 0x05FA0004, "DAP Write Memory (32 bit) - Success" - ID 76
19:01:06:564 (07/07/2024) - START SEQUENCE "_ResetRecovery", "default" - ID 33
19:01:06:567 (07/07/2024) - READ  MEM Access, AP 0, Addr 0xE000EDF0, Val 0x02010001, "DAP Read Memory (32 bit) - Success" - ID 77
19:01:06:568 (07/07/2024) - READ  MEM Access, AP 0, Addr 0xE000EDF0, Val 0x02010001, "DAP Read Memory (32 bit) - Success" - ID 78
19:01:06:568 (07/07/2024) - READ  MEM Access, AP 0, Addr 0xE000EDF0, Val 0x02030003, "DAP Read Memory (32 bit) - Success" - ID 79
19:01:06:569 (07/07/2024) - READ  MEM Access, AP 0, Addr 0xE000EDF0, Val 0x00030003, "DAP Read Memory (32 bit) - Success" - ID 80
  19:01:06:569 (07/07/2024) - END SEQUENCE "_ResetRecovery", "success" - ID 34
  19:01:06:569 (07/07/2024) - END SEQUENCE "ResetSystem", "success" - ID 35
19:01:06:571 (07/07/2024) - READ  MEM Access, AP 0, Addr 0xE000EDF0, Val 0x00030003, "DAP Read Memory (32 bit) - Success" - ID 81
19:01:06:572 (07/07/2024) - READ  MEM Access, AP 0, Addr 0xE000EDF0, Val 0x00030003, "DAP Read Memory (32 bit) - Success" - ID 82
19:01:06:572 (07/07/2024) - READ  MEM Access, AP 0, Addr 0xE000EDF0, Val 0x00030003, "DAP Read Memory (32 bit) - Success" - ID 83
  19:01:06:572 (07/07/2024) - END SEQUENCE "_WaitForStop", "success" - ID 36
  19:01:06:572 (07/07/2024) - START SEQUENCE "ResetCatchClear", "default" - ID 37
19:01:06:575 (07/07/2024) - READ  MEM Access, AP 0, Addr 0xE000EDFC, Val 0x00000001, "DAP Read Memory (32 bit) - Success" - ID 84
19:01:06:575 (07/07/2024) - WRITE MEM Access, AP 0, Addr 0xE000EDFC, Val 0x00000001, "DAP Write Memory (32 bit) - Success" - ID 85
19:01:06:575 (07/07/2024) - END SEQUENCE "ResetCatchClear", "success" - ID 38
19:01:06:576 (07/07/2024) - WRITE MEM Access, AP 0, Addr 0xE000EDFC, Val 0x01000001, "DAP Write Memory (32 bit) - Success" - ID 86
19:01:06:582 (07/07/2024) - WRITE MEM BLOCK Access, AP 0, Start Addr 0x20000000, End Addr 0x20000183, "DAP Write Memory Block - Success" - ID 87
  Item #0, AP 0, Addr 0x20000000, Value 0xE00ABE00
  Item #1, AP 0, Addr 0x20000004, Value 0x062D780D
  Item #2, AP 0, Addr 0x20000008, Value 0x24084068
  Item #3, AP 0, Addr 0x2000000C, Value 0xD3000040
  Item #4, AP 0, Addr 0x20000010, Value 0x1E644058
  Item #5, AP 0, Addr 0x20000014, Value 0x1C49D1FA
  Item #6, AP 0, Addr 0x20000018, Value 0x2A001E52
  Item #7, AP 0, Addr 0x2000001C, Value 0x4770D1F2
  Item #8, AP 0, Addr 0x20000020, Value 0x7803E005
  Item #9, AP 0, Addr 0x20000024, Value 0x42931C40
  Item #10, AP 0, Addr 0x20000028, Value 0x2001D001
  Item #11, AP 0, Addr 0x2000002C, Value 0x1E494770
  Item #12, AP 0, Addr 0x20000030, Value 0x2000D2F7
  Item #13, AP 0, Addr 0x20000034, Value 0x00004770
  Item #14, AP 0, Addr 0x20000038, Value 0x0E000300
  Item #15, AP 0, Addr 0x2000003C, Value 0xD3022820
  Item #16, AP 0, Addr 0x20000040, Value 0x1D000940
  Item #17, AP 0, Addr 0x20000044, Value 0x28104770
  Item #18, AP 0, Addr 0x20000048, Value 0x0900D302
  Item #19, AP 0, Addr 0x2000004C, Value 0x47701CC0
  Item #20, AP 0, Addr 0x20000050, Value 0x47700880
  Item #21, AP 0, Addr 0x20000054, Value 0x49424843
  Item #22, AP 0, Addr 0x20000058, Value 0x49436041
  Item #23, AP 0, Addr 0x2000005C, Value 0x68016041
  Item #24, AP 0, Addr 0x20000060, Value 0x0F090709
  Item #25, AP 0, Addr 0x20000064, Value 0x68C16001
  Item #26, AP 0, Addr 0x20000068, Value 0x431122F0
  Item #27, AP 0, Addr 0x2000006C, Value 0x694060C1
  Item #28, AP 0, Addr 0x20000070, Value 0xD4060680
  Item #29, AP 0, Addr 0x20000074, Value 0x493D483E
  Item #30, AP 0, Addr 0x20000078, Value 0x21066001
  Item #31, AP 0, Addr 0x2000007C, Value 0x493D6041
  Item #32, AP 0, Addr 0x20000080, Value 0x20006081
  Item #33, AP 0, Addr 0x20000084, Value 0x48374770
  Item #34, AP 0, Addr 0x20000088, Value 0x05426901
  Item #35, AP 0, Addr 0x2000008C, Value 0x61014311
  Item #36, AP 0, Addr 0x20000090, Value 0x47702000
  Item #37, AP 0, Addr 0x20000094, Value 0x4833B510
  Item #38, AP 0, Addr 0x20000098, Value 0x24046901
  Item #39, AP 0, Addr 0x2000009C, Value 0x61014321
  Item #40, AP 0, Addr 0x200000A0, Value 0x03A26901
  Item #41, AP 0, Addr 0x200000A4, Value 0x61014311
  Item #42, AP 0, Addr 0x200000A8, Value 0x4A314933
  Item #43, AP 0, Addr 0x200000AC, Value 0x6011E000
  Item #44, AP 0, Addr 0x200000B0, Value 0x03DB68C3
  Item #45, AP 0, Addr 0x200000B4, Value 0x6901D4FB
  Item #46, AP 0, Addr 0x200000B8, Value 0x610143A1
  Item #47, AP 0, Addr 0x200000BC, Value 0xBD102000
  Item #48, AP 0, Addr 0x200000C0, Value 0xF7FFB530
  Item #49, AP 0, Addr 0x200000C4, Value 0x4927FFB9
  Item #50, AP 0, Addr 0x200000C8, Value 0x23F068CA
  Item #51, AP 0, Addr 0x200000CC, Value 0x60CA431A
  Item #52, AP 0, Addr 0x200000D0, Value 0x610C2402
  Item #53, AP 0, Addr 0x200000D4, Value 0x06C0690A
  Item #54, AP 0, Addr 0x200000D8, Value 0x43020E00
  Item #55, AP 0, Addr 0x200000DC, Value 0x6908610A
  Item #56, AP 0, Addr 0x200000E0, Value 0x431003E2
  Item #57, AP 0, Addr 0x200000E4, Value 0x48246108
  Item #58, AP 0, Addr 0x200000E8, Value 0xE0004A21
  Item #59, AP 0, Addr 0x200000EC, Value 0x68CD6010
  Item #60, AP 0, Addr 0x200000F0, Value 0xD4FB03ED
  Item #61, AP 0, Addr 0x200000F4, Value 0x43A06908
  Item #62, AP 0, Addr 0x200000F8, Value 0x68C86108
  Item #63, AP 0, Addr 0x200000FC, Value 0x0F000600
  Item #64, AP 0, Addr 0x20000100, Value 0x68C8D003
  Item #65, AP 0, Addr 0x20000104, Value 0x60C84318
  Item #66, AP 0, Addr 0x20000108, Value 0xBD302001
  Item #67, AP 0, Addr 0x2000010C, Value 0x4D15B570
  Item #68, AP 0, Addr 0x20000110, Value 0x08891CC9
  Item #69, AP 0, Addr 0x20000114, Value 0x008968EB
  Item #70, AP 0, Addr 0x20000118, Value 0x433326F0
  Item #71, AP 0, Addr 0x2000011C, Value 0x230060EB
  Item #72, AP 0, Addr 0x20000120, Value 0x4B16612B
  Item #73, AP 0, Addr 0x20000124, Value 0x692CE017
  Item #74, AP 0, Addr 0x20000128, Value 0x612C431C
  Item #75, AP 0, Addr 0x2000012C, Value 0x60046814
  Item #76, AP 0, Addr 0x20000130, Value 0x03E468EC
  Item #77, AP 0, Addr 0x20000134, Value 0x692CD4FC
  Item #78, AP 0, Addr 0x20000138, Value 0x00640864
  Item #79, AP 0, Addr 0x2000013C, Value 0x68EC612C
  Item #80, AP 0, Addr 0x20000140, Value 0x0F240624
  Item #81, AP 0, Addr 0x20000144, Value 0x68E8D004
  Item #82, AP 0, Addr 0x20000148, Value 0x60E84330
  Item #83, AP 0, Addr 0x2000014C, Value 0xBD702001
  Item #84, AP 0, Addr 0x20000150, Value 0x1F091D00
  Item #85, AP 0, Addr 0x20000154, Value 0x29001D12
  Item #86, AP 0, Addr 0x20000158, Value 0x2000D1E5
  Item #87, AP 0, Addr 0x2000015C, Value 0x0000BD70
  Item #88, AP 0, Addr 0x20000160, Value 0x45670123
  Item #89, AP 0, Addr 0x20000164, Value 0x40023C00
  Item #90, AP 0, Addr 0x20000168, Value 0xCDEF89AB
  Item #91, AP 0, Addr 0x2000016C, Value 0x00005555
  Item #92, AP 0, Addr 0x20000170, Value 0x40003000
  Item #93, AP 0, Addr 0x20000174, Value 0x00000FFF
  Item #94, AP 0, Addr 0x20000178, Value 0x0000AAAA
  Item #95, AP 0, Addr 0x2000017C, Value 0x00000201
  Item #96, AP 0, Addr 0x20000180, Value 0x00000000
19:01:06:586 (07/07/2024) - READ  MEM BLOCK Access, AP 0, Start Addr 0x20000000, End Addr 0x20000183, "DAP Read Memory Block - Success" - ID 88
  Item #0, AP 0, Addr 0x20000000, Value 0xE00ABE00
  Item #1, AP 0, Addr 0x20000004, Value 0x062D780D
  Item #2, AP 0, Addr 0x20000008, Value 0x24084068
  Item #3, AP 0, Addr 0x2000000C, Value 0xD3000040
  Item #4, AP 0, Addr 0x20000010, Value 0x1E644058
  Item #5, AP 0, Addr 0x20000014, Value 0x1C49D1FA
  Item #6, AP 0, Addr 0x20000018, Value 0x2A001E52
  Item #7, AP 0, Addr 0x2000001C, Value 0x4770D1F2
  Item #8, AP 0, Addr 0x20000020, Value 0x7803E005
  Item #9, AP 0, Addr 0x20000024, Value 0x42931C40
  Item #10, AP 0, Addr 0x20000028, Value 0x2001D001
  Item #11, AP 0, Addr 0x2000002C, Value 0x1E494770
  Item #12, AP 0, Addr 0x20000030, Value 0x2000D2F7
  Item #13, AP 0, Addr 0x20000034, Value 0x00004770
  Item #14, AP 0, Addr 0x20000038, Value 0x0E000300
  Item #15, AP 0, Addr 0x2000003C, Value 0xD3022820
  Item #16, AP 0, Addr 0x20000040, Value 0x1D000940
  Item #17, AP 0, Addr 0x20000044, Value 0x28104770
  Item #18, AP 0, Addr 0x20000048, Value 0x0900D302
  Item #19, AP 0, Addr 0x2000004C, Value 0x47701CC0
  Item #20, AP 0, Addr 0x20000050, Value 0x47700880
  Item #21, AP 0, Addr 0x20000054, Value 0x49424843
  Item #22, AP 0, Addr 0x20000058, Value 0x49436041
  Item #23, AP 0, Addr 0x2000005C, Value 0x68016041
  Item #24, AP 0, Addr 0x20000060, Value 0x0F090709
  Item #25, AP 0, Addr 0x20000064, Value 0x68C16001
  Item #26, AP 0, Addr 0x20000068, Value 0x431122F0
  Item #27, AP 0, Addr 0x2000006C, Value 0x694060C1
  Item #28, AP 0, Addr 0x20000070, Value 0xD4060680
  Item #29, AP 0, Addr 0x20000074, Value 0x493D483E
  Item #30, AP 0, Addr 0x20000078, Value 0x21066001
  Item #31, AP 0, Addr 0x2000007C, Value 0x493D6041
  Item #32, AP 0, Addr 0x20000080, Value 0x20006081
  Item #33, AP 0, Addr 0x20000084, Value 0x48374770
  Item #34, AP 0, Addr 0x20000088, Value 0x05426901
  Item #35, AP 0, Addr 0x2000008C, Value 0x61014311
  Item #36, AP 0, Addr 0x20000090, Value 0x47702000
  Item #37, AP 0, Addr 0x20000094, Value 0x4833B510
  Item #38, AP 0, Addr 0x20000098, Value 0x24046901
  Item #39, AP 0, Addr 0x2000009C, Value 0x61014321
  Item #40, AP 0, Addr 0x200000A0, Value 0x03A26901
  Item #41, AP 0, Addr 0x200000A4, Value 0x61014311
  Item #42, AP 0, Addr 0x200000A8, Value 0x4A314933
  Item #43, AP 0, Addr 0x200000AC, Value 0x6011E000
  Item #44, AP 0, Addr 0x200000B0, Value 0x03DB68C3
  Item #45, AP 0, Addr 0x200000B4, Value 0x6901D4FB
  Item #46, AP 0, Addr 0x200000B8, Value 0x610143A1
  Item #47, AP 0, Addr 0x200000BC, Value 0xBD102000
  Item #48, AP 0, Addr 0x200000C0, Value 0xF7FFB530
  Item #49, AP 0, Addr 0x200000C4, Value 0x4927FFB9
  Item #50, AP 0, Addr 0x200000C8, Value 0x23F068CA
  Item #51, AP 0, Addr 0x200000CC, Value 0x60CA431A
  Item #52, AP 0, Addr 0x200000D0, Value 0x610C2402
  Item #53, AP 0, Addr 0x200000D4, Value 0x06C0690A
  Item #54, AP 0, Addr 0x200000D8, Value 0x43020E00
  Item #55, AP 0, Addr 0x200000DC, Value 0x6908610A
  Item #56, AP 0, Addr 0x200000E0, Value 0x431003E2
  Item #57, AP 0, Addr 0x200000E4, Value 0x48246108
  Item #58, AP 0, Addr 0x200000E8, Value 0xE0004A21
  Item #59, AP 0, Addr 0x200000EC, Value 0x68CD6010
  Item #60, AP 0, Addr 0x200000F0, Value 0xD4FB03ED
  Item #61, AP 0, Addr 0x200000F4, Value 0x43A06908
  Item #62, AP 0, Addr 0x200000F8, Value 0x68C86108
  Item #63, AP 0, Addr 0x200000FC, Value 0x0F000600
  Item #64, AP 0, Addr 0x20000100, Value 0x68C8D003
  Item #65, AP 0, Addr 0x20000104, Value 0x60C84318
  Item #66, AP 0, Addr 0x20000108, Value 0xBD302001
  Item #67, AP 0, Addr 0x2000010C, Value 0x4D15B570
  Item #68, AP 0, Addr 0x20000110, Value 0x08891CC9
  Item #69, AP 0, Addr 0x20000114, Value 0x008968EB
  Item #70, AP 0, Addr 0x20000118, Value 0x433326F0
  Item #71, AP 0, Addr 0x2000011C, Value 0x230060EB
  Item #72, AP 0, Addr 0x20000120, Value 0x4B16612B
  Item #73, AP 0, Addr 0x20000124, Value 0x692CE017
  Item #74, AP 0, Addr 0x20000128, Value 0x612C431C
  Item #75, AP 0, Addr 0x2000012C, Value 0x60046814
  Item #76, AP 0, Addr 0x20000130, Value 0x03E468EC
  Item #77, AP 0, Addr 0x20000134, Value 0x692CD4FC
  Item #78, AP 0, Addr 0x20000138, Value 0x00640864
  Item #79, AP 0, Addr 0x2000013C, Value 0x68EC612C
  Item #80, AP 0, Addr 0x20000140, Value 0x0F240624
  Item #81, AP 0, Addr 0x20000144, Value 0x68E8D004
  Item #82, AP 0, Addr 0x20000148, Value 0x60E84330
  Item #83, AP 0, Addr 0x2000014C, Value 0xBD702001
  Item #84, AP 0, Addr 0x20000150, Value 0x1F091D00
  Item #85, AP 0, Addr 0x20000154, Value 0x29001D12
  Item #86, AP 0, Addr 0x20000158, Value 0x2000D1E5
  Item #87, AP 0, Addr 0x2000015C, Value 0x0000BD70
  Item #88, AP 0, Addr 0x20000160, Value 0x45670123
  Item #89, AP 0, Addr 0x20000164, Value 0x40023C00
  Item #90, AP 0, Addr 0x20000168, Value 0xCDEF89AB
  Item #91, AP 0, Addr 0x2000016C, Value 0x00005555
  Item #92, AP 0, Addr 0x20000170, Value 0x40003000
  Item #93, AP 0, Addr 0x20000174, Value 0x00000FFF
  Item #94, AP 0, Addr 0x20000178, Value 0x0000AAAA
  Item #95, AP 0, Addr 0x2000017C, Value 0x00000201
  Item #96, AP 0, Addr 0x20000180, Value 0x00000000
19:01:07:227 (07/07/2024) - READ  MEM Access, AP 0, Addr 0xE000EDF0, Val 0x01030003, "DAP Read Memory (32 bit) - Success" - ID 89
19:01:07:233 (07/07/2024) - READ  MEM Access, AP 0, Addr 0xE000EDF0, Val 0x01030003, "DAP Read Memory (32 bit) - Success" - ID 90
19:01:07:238 (07/07/2024) - READ  MEM Access, AP 0, Addr 0xE000EDF0, Val 0x01010001, "DAP Read Memory (32 bit) - Success" - ID 91
19:01:07:239 (07/07/2024) - READ  MEM Access, AP 0, Addr 0xE000EDF0, Val 0x01010001, "DAP Read Memory (32 bit) - Success" - ID 92
19:01:07:239 (07/07/2024) - READ  MEM Access, AP 0, Addr 0xE000EDF0, Val 0x01010001, "DAP Read Memory (32 bit) - Success" - ID 93
19:01:07:240 (07/07/2024) - READ  MEM Access, AP 0, Addr 0xE000EDF0, Val 0x01010001, "DAP Read Memory (32 bit) - Success" - ID 94
19:01:07:242 (07/07/2024) - READ  MEM Access, AP 0, Addr 0xE000EDF0, Val 0x01010001, "DAP Read Memory (32 bit) - Success" - ID 95
19:01:07:243 (07/07/2024) - READ  MEM Access, AP 0, Addr 0xE000EDF0, Val 0x01010001, "DAP Read Memory (32 bit) - Success" - ID 96
19:01:07:244 (07/07/2024) - READ  MEM Access, AP 0, Addr 0xE000EDF0, Val 0x01010001, "DAP Read Memory (32 bit) - Success" - ID 97
19:01:07:245 (07/07/2024) - READ  MEM Access, AP 0, Addr 0xE000EDF0, Val 0x01010001, "DAP Read Memory (32 bit) - Success" - ID 98
19:01:07:246 (07/07/2024) - READ  MEM Access, AP 0, Addr 0xE000EDF0, Val 0x01010001, "DAP Read Memory (32 bit) - Success" - ID 99
19:01:07:247 (07/07/2024) - READ  MEM Access, AP 0, Addr 0xE000EDF0, Val 0x01010001, "DAP Read Memory (32 bit) - Success" - ID 100
19:01:07:247 (07/07/2024) - READ  MEM Access, AP 0, Addr 0xE000EDF0, Val 0x01010001, "DAP Read Memory (32 bit) - Success" - ID 101
19:01:07:249 (07/07/2024) - READ  MEM Access, AP 0, Addr 0xE000EDF0, Val 0x01010001, "DAP Read Memory (32 bit) - Success" - ID 102
19:01:07:249 (07/07/2024) - READ  MEM Access, AP 0, Addr 0xE000EDF0, Val 0x01010001, "DAP Read Memory (32 bit) - Success" - ID 103
19:01:07:250 (07/07/2024) - READ  MEM Access, AP 0, Addr 0xE000EDF0, Val 0x01010001, "DAP Read Memory (32 bit) - Success" - ID 104
19:01:07:251 (07/07/2024) - READ  MEM Access, AP 0, Addr 0xE000EDF0, Val 0x01010001, "DAP Read Memory (32 bit) - Success" - ID 105
19:01:07:288 (07/07/2024) - READ  MEM Access, AP 0, Addr 0xE000EDF0, Val 0x01010001, "DAP Read Memory (32 bit) - Success" - ID 106
19:01:07:289 (07/07/2024) - READ  MEM Access, AP 0, Addr 0xE000EDF0, Val 0x01010001, "DAP Read Memory (32 bit) - Success" - ID 107
19:01:08:290 (07/07/2024) - READ  MEM Access, AP 0, Addr 0xE000EDF0, Val 0xFFFFFFFF, "DAP Read Memory (32 bit) - FAILED" - ID 108
19:01:08:541 (07/07/2024) - START SEQUENCE "StopTarget", "default" - ID 39
19:01:08:545 (07/07/2024) - WRITE MEM BLOCK Access, AP 0, Start Addr 0xE0002000, End Addr 0xE000201F, "DAP Write Memory Block - Success" - ID 109
  Item #0, AP 0, Addr 0xE0002000, Value 0x00000002
  Item #1, AP 0, Addr 0xE0002004, Value 0x00000000
  Item #2, AP 0, Addr 0xE0002008, Value 0x00000000
  Item #3, AP 0, Addr 0xE000200C, Value 0x00000000
  Item #4, AP 0, Addr 0xE0002010, Value 0x00000000
  Item #5, AP 0, Addr 0xE0002014, Value 0x00000000
  Item #6, AP 0, Addr 0xE0002018, Value 0x00000000
  Item #7, AP 0, Addr 0xE000201C, Value 0x00000000
19:01:08:545 (07/07/2024) - START SEQUENCE "_UnInitTrace", "default" - ID 40
19:01:08:545 (07/07/2024) - END SEQUENCE "_UnInitTrace", "success" - ID 41
19:01:08:545 (07/07/2024) - START SEQUENCE "DebugPortStop", "default" - ID 42
19:01:08:546 (07/07/2024) - WRITE DP  Access, Addr 0x00000004, Val 0x00000000, "DAP Write DP - Success" - ID 110
19:01:08:546 (07/07/2024) - END SEQUENCE "DebugPortStop", "success" - ID 43
19:01:08:546 (07/07/2024) - START SEQUENCE "UnInitDebugger", "default" - ID 44
19:01:08:548 (07/07/2024) - END SEQUENCE "UnInitDebugger", "success" - ID 45
19:01:08:548 (07/07/2024) - START SEQUENCE "_UnInitDriver", "default" - ID 46
19:01:08:548 (07/07/2024) - END SEQUENCE "_UnInitDriver", "success" - ID 47
19:01:08:548 (07/07/2024) - END SEQUENCE "StopTarget", "success" - ID 48
