CMSIS_AGDI.DLL - CMSIS-DAP Driver Log

18:58:49:261 (24/06/2024) - START SEQUENCE "InitTarget", "default" - ID 0
18:58:49:261 (24/06/2024) - START SEQUENCE "InitInternals", "default" - ID 1
18:58:49:261 (24/06/2024) - START SEQUENCE "InitDriver", "default" - ID 2
18:58:49:261 (24/06/2024) - END SEQUENCE "InitDriver", "success" - ID 3
18:58:49:261 (24/06/2024) - START SEQUENCE "InitDebugger", "default" - ID 4
18:58:49:304 (24/06/2024) - END SEQUENCE "InitDebugger", "success" - ID 5
18:58:49:304 (24/06/2024) - END SEQUENCE "InitInternals", "success" - ID 6
18:58:49:304 (24/06/2024) - START SEQUENCE "DebugPortSetup", "default" - ID 7
18:58:49:307 (24/06/2024) - END SEQUENCE "DebugPortSetup", "success" - ID 8
18:58:49:308 (24/06/2024) - START SEQUENCE "DebugGetDeviceList", "default" - ID 9
18:58:49:309 (24/06/2024) - END SEQUENCE "DebugGetDeviceList", "success" - ID 10
18:58:49:309 (24/06/2024) - START SEQUENCE "PDSCDebug_DebugGetDeviceNames", "default" - ID 11
18:58:49:309 (24/06/2024) - END SEQUENCE "PDSCDebug_DebugGetDeviceNames", "success" - ID 12
18:58:49:310 (24/06/2024) - START SEQUENCE "DebugDeviceUnlock", "calling sequence" - ID 13
18:58:49:313 (24/06/2024) - READ  AP  Access, AP 0, Addr 0x000000F8, Val 0xE00FF003, "DAP Read AP - Success" - ID 0
18:58:49:317 (24/06/2024) - READ  MEM BLOCK Access, AP 0, Start Addr 0xE00FFFE4, End Addr 0xE00FFFE7, "DAP Read Memory Block (32-bit accesses) - Success" - ID 1
  Item #0, AP 0, Addr 0xE00FFFE4, Value 0x00000004
18:58:49:319 (24/06/2024) - READ  MEM BLOCK Access, AP 0, Start Addr 0xE00FFFE8, End Addr 0xE00FFFEB, "DAP Read Memory Block (32-bit accesses) - Success" - ID 2
  Item #0, AP 0, Addr 0xE00FFFE8, Value 0x0000000A
18:58:49:319 (24/06/2024) - START SEQUENCE "DebugReadTargetFeatures", "default" - ID 14
18:58:49:319 (24/06/2024) - START SEQUENCE "_EvalDPID", "default" - ID 15
18:58:49:319 (24/06/2024) - END SEQUENCE "_EvalDPID", "success" - ID 16
18:58:49:322 (24/06/2024) - WRITE DP  Access, Addr 0x00000008, Val 0x00000000, "DAP Write DP - Success" - ID 3
18:58:49:327 (24/06/2024) - WRITE AP  Access, AP 0, Addr 0x00000000, Val 0x23000052, "DAP Write AP - Success" - ID 4
18:58:49:327 (24/06/2024) - START SEQUENCE "DebugReadRomTable", "default" - ID 17
18:58:49:329 (24/06/2024) - READ  AP  Access, AP 0, Addr 0x000000F8, Val 0xE00FF003, "DAP Read AP - Success" - ID 5
18:58:49:333 (24/06/2024) - READ  MEM BLOCK Access, AP 0, Start Addr 0xE00FFFF0, End Addr 0xE00FFFFF, "DAP Read Memory Block - Success" - ID 6
  Item #0, AP 0, Addr 0xE00FFFF0, Value 0x0000000D
  Item #1, AP 0, Addr 0xE00FFFF4, Value 0x00000010
  Item #2, AP 0, Addr 0xE00FFFF8, Value 0x00000005
  Item #3, AP 0, Addr 0xE00FFFFC, Value 0x000000B1
18:58:49:337 (24/06/2024) - READ  MEM BLOCK Access, AP 0, Start Addr 0xE00FFFD0, End Addr 0xE00FFFEF, "DAP Read Memory Block - Success" - ID 7
  Item #0, AP 0, Addr 0xE00FFFD0, Value 0x00000000
  Item #1, AP 0, Addr 0xE00FFFD4, Value 0x00000000
  Item #2, AP 0, Addr 0xE00FFFD8, Value 0x00000000
  Item #3, AP 0, Addr 0xE00FFFDC, Value 0x00000000
  Item #4, AP 0, Addr 0xE00FFFE0, Value 0x00000011
  Item #5, AP 0, Addr 0xE00FFFE4, Value 0x00000004
  Item #6, AP 0, Addr 0xE00FFFE8, Value 0x0000000A
  Item #7, AP 0, Addr 0xE00FFFEC, Value 0x00000000
18:58:49:337 (24/06/2024) - ROM TABLE: Detected Unknown ROM Table at address 0xE00FF000 (PID 0x00000000000A0411, CID 0xB105100D)
18:58:49:338 (24/06/2024) - READ  MEM Access, AP 0, Addr 0xE00FF000, Val 0xFFF0F003, "DAP Read Memory (32 bit) - Success" - ID 8
18:58:49:342 (24/06/2024) - READ  MEM BLOCK Access, AP 0, Start Addr 0xE000EFF0, End Addr 0xE000EFFF, "DAP Read Memory Block - Success" - ID 9
  Item #0, AP 0, Addr 0xE000EFF0, Value 0x0000000D
  Item #1, AP 0, Addr 0xE000EFF4, Value 0x000000E0
  Item #2, AP 0, Addr 0xE000EFF8, Value 0x00000005
  Item #3, AP 0, Addr 0xE000EFFC, Value 0x000000B1
18:58:49:346 (24/06/2024) - READ  MEM BLOCK Access, AP 0, Start Addr 0xE000EFD0, End Addr 0xE000EFEF, "DAP Read Memory Block - Success" - ID 10
  Item #0, AP 0, Addr 0xE000EFD0, Value 0x00000004
  Item #1, AP 0, Addr 0xE000EFD4, Value 0x00000000
  Item #2, AP 0, Addr 0xE000EFD8, Value 0x00000000
  Item #3, AP 0, Addr 0xE000EFDC, Value 0x00000000
  Item #4, AP 0, Addr 0xE000EFE0, Value 0x0000000C
  Item #5, AP 0, Addr 0xE000EFE4, Value 0x000000B0
  Item #6, AP 0, Addr 0xE000EFE8, Value 0x0000000B
  Item #7, AP 0, Addr 0xE000EFEC, Value 0x00000000
18:58:49:346 (24/06/2024) - ROM TABLE: Detected SCS (ARMv7-M with FP Extension) at address 0xE000E000 (PID 0x00000004000BB00C, CID 0xB105E00D)
18:58:49:349 (24/06/2024) - WRITE MEM Access, AP 0, Addr 0xE000EDFC, Val 0x01000000, "DAP Write Memory (32 bit) - Success" - ID 11
18:58:49:352 (24/06/2024) - READ  MEM Access, AP 0, Addr 0xE00FF004, Val 0xFFF02003, "DAP Read Memory (32 bit) - Success" - ID 12
18:58:49:356 (24/06/2024) - READ  MEM BLOCK Access, AP 0, Start Addr 0xE0001FF0, End Addr 0xE0001FFF, "DAP Read Memory Block - Success" - ID 13
  Item #0, AP 0, Addr 0xE0001FF0, Value 0x0000000D
  Item #1, AP 0, Addr 0xE0001FF4, Value 0x000000E0
  Item #2, AP 0, Addr 0xE0001FF8, Value 0x00000005
  Item #3, AP 0, Addr 0xE0001FFC, Value 0x000000B1
18:58:49:358 (24/06/2024) - READ  MEM BLOCK Access, AP 0, Start Addr 0xE0001FD0, End Addr 0xE0001FEF, "DAP Read Memory Block - Success" - ID 14
  Item #0, AP 0, Addr 0xE0001FD0, Value 0x00000004
  Item #1, AP 0, Addr 0xE0001FD4, Value 0x00000000
  Item #2, AP 0, Addr 0xE0001FD8, Value 0x00000000
  Item #3, AP 0, Addr 0xE0001FDC, Value 0x00000000
  Item #4, AP 0, Addr 0xE0001FE0, Value 0x00000002
  Item #5, AP 0, Addr 0xE0001FE4, Value 0x000000B0
  Item #6, AP 0, Addr 0xE0001FE8, Value 0x0000003B
  Item #7, AP 0, Addr 0xE0001FEC, Value 0x00000000
18:58:49:358 (24/06/2024) - ROM TABLE: Detected DWT (ARMv7-M) at address 0xE0001000 (PID 0x00000004003BB002, CID 0xB105E00D)
18:58:49:359 (24/06/2024) - READ  MEM Access, AP 0, Addr 0xE00FF008, Val 0xFFF03003, "DAP Read Memory (32 bit) - Success" - ID 15
18:58:49:361 (24/06/2024) - READ  MEM BLOCK Access, AP 0, Start Addr 0xE0002FF0, End Addr 0xE0002FFF, "DAP Read Memory Block - Success" - ID 16
  Item #0, AP 0, Addr 0xE0002FF0, Value 0x0000000D
  Item #1, AP 0, Addr 0xE0002FF4, Value 0x000000E0
  Item #2, AP 0, Addr 0xE0002FF8, Value 0x00000005
  Item #3, AP 0, Addr 0xE0002FFC, Value 0x000000B1
18:58:49:363 (24/06/2024) - READ  MEM BLOCK Access, AP 0, Start Addr 0xE0002FD0, End Addr 0xE0002FEF, "DAP Read Memory Block - Success" - ID 17
  Item #0, AP 0, Addr 0xE0002FD0, Value 0x00000004
  Item #1, AP 0, Addr 0xE0002FD4, Value 0x00000000
  Item #2, AP 0, Addr 0xE0002FD8, Value 0x00000000
  Item #3, AP 0, Addr 0xE0002FDC, Value 0x00000000
  Item #4, AP 0, Addr 0xE0002FE0, Value 0x00000003
  Item #5, AP 0, Addr 0xE0002FE4, Value 0x000000B0
  Item #6, AP 0, Addr 0xE0002FE8, Value 0x0000002B
  Item #7, AP 0, Addr 0xE0002FEC, Value 0x00000000
18:58:49:363 (24/06/2024) - ROM TABLE: Detected FPB (ARMv7-M) at address 0xE0002000 (PID 0x00000004002BB003, CID 0xB105E00D)
18:58:49:364 (24/06/2024) - READ  MEM Access, AP 0, Addr 0xE00FF00C, Val 0xFFF01003, "DAP Read Memory (32 bit) - Success" - ID 18
18:58:49:367 (24/06/2024) - READ  MEM BLOCK Access, AP 0, Start Addr 0xE0000FF0, End Addr 0xE0000FFF, "DAP Read Memory Block - Success" - ID 19
  Item #0, AP 0, Addr 0xE0000FF0, Value 0x0000000D
  Item #1, AP 0, Addr 0xE0000FF4, Value 0x000000E0
  Item #2, AP 0, Addr 0xE0000FF8, Value 0x00000005
  Item #3, AP 0, Addr 0xE0000FFC, Value 0x000000B1
18:58:49:369 (24/06/2024) - READ  MEM BLOCK Access, AP 0, Start Addr 0xE0000FD0, End Addr 0xE0000FEF, "DAP Read Memory Block - Success" - ID 20
  Item #0, AP 0, Addr 0xE0000FD0, Value 0x00000004
  Item #1, AP 0, Addr 0xE0000FD4, Value 0x00000000
  Item #2, AP 0, Addr 0xE0000FD8, Value 0x00000000
  Item #3, AP 0, Addr 0xE0000FDC, Value 0x00000000
  Item #4, AP 0, Addr 0xE0000FE0, Value 0x00000001
  Item #5, AP 0, Addr 0xE0000FE4, Value 0x000000B0
  Item #6, AP 0, Addr 0xE0000FE8, Value 0x0000003B
  Item #7, AP 0, Addr 0xE0000FEC, Value 0x00000000
18:58:49:369 (24/06/2024) - ROM TABLE: Detected ITM (ARMv7-M) at address 0xE0000000 (PID 0x00000004003BB001, CID 0xB105E00D)
18:58:49:370 (24/06/2024) - READ  MEM Access, AP 0, Addr 0xE00FF010, Val 0xFFF41003, "DAP Read Memory (32 bit) - Success" - ID 21
18:58:49:372 (24/06/2024) - READ  MEM BLOCK Access, AP 0, Start Addr 0xE0040FF0, End Addr 0xE0040FFF, "DAP Read Memory Block - Success" - ID 22
  Item #0, AP 0, Addr 0xE0040FF0, Value 0x0000000D
  Item #1, AP 0, Addr 0xE0040FF4, Value 0x00000090
  Item #2, AP 0, Addr 0xE0040FF8, Value 0x00000005
  Item #3, AP 0, Addr 0xE0040FFC, Value 0x000000B1
18:58:49:375 (24/06/2024) - READ  MEM BLOCK Access, AP 0, Start Addr 0xE0040FD0, End Addr 0xE0040FEF, "DAP Read Memory Block - Success" - ID 23
  Item #0, AP 0, Addr 0xE0040FD0, Value 0x00000004
  Item #1, AP 0, Addr 0xE0040FD4, Value 0x00000000
  Item #2, AP 0, Addr 0xE0040FD8, Value 0x00000000
  Item #3, AP 0, Addr 0xE0040FDC, Value 0x00000000
  Item #4, AP 0, Addr 0xE0040FE0, Value 0x000000A1
  Item #5, AP 0, Addr 0xE0040FE4, Value 0x000000B9
  Item #6, AP 0, Addr 0xE0040FE8, Value 0x0000000B
  Item #7, AP 0, Addr 0xE0040FEC, Value 0x00000000
18:58:49:375 (24/06/2024) - ROM TABLE: Detected TPIU (Cortex-M4) at address 0xE0040000 (PID 0x00000004000BB9A1, CID 0xB105900D)
18:58:49:375 (24/06/2024) - READ  MEM Access, AP 0, Addr 0xE00FF014, Val 0xFFF42003, "DAP Read Memory (32 bit) - Success" - ID 24
18:58:49:377 (24/06/2024) - READ  MEM BLOCK Access, AP 0, Start Addr 0xE0041FF0, End Addr 0xE0041FFF, "DAP Read Memory Block - Success" - ID 25
  Item #0, AP 0, Addr 0xE0041FF0, Value 0x0000000D
  Item #1, AP 0, Addr 0xE0041FF4, Value 0x00000090
  Item #2, AP 0, Addr 0xE0041FF8, Value 0x00000005
  Item #3, AP 0, Addr 0xE0041FFC, Value 0x000000B1
18:58:49:379 (24/06/2024) - READ  MEM BLOCK Access, AP 0, Start Addr 0xE0041FD0, End Addr 0xE0041FEF, "DAP Read Memory Block - Success" - ID 26
  Item #0, AP 0, Addr 0xE0041FD0, Value 0x00000004
  Item #1, AP 0, Addr 0xE0041FD4, Value 0x00000000
  Item #2, AP 0, Addr 0xE0041FD8, Value 0x00000000
  Item #3, AP 0, Addr 0xE0041FDC, Value 0x00000000
  Item #4, AP 0, Addr 0xE0041FE0, Value 0x00000025
  Item #5, AP 0, Addr 0xE0041FE4, Value 0x000000B9
  Item #6, AP 0, Addr 0xE0041FE8, Value 0x0000000B
  Item #7, AP 0, Addr 0xE0041FEC, Value 0x00000000
18:58:49:379 (24/06/2024) - ROM TABLE: Detected ETM (Cortex-M4) at address 0xE0041000 (PID 0x00000004000BB925, CID 0xB105900D)
18:58:49:380 (24/06/2024) - READ  MEM Access, AP 0, Addr 0xE00FF018, Val 0x00000000, "DAP Read Memory (32 bit) - Success" - ID 27
18:58:49:380 (24/06/2024) - END SEQUENCE "DebugReadRomTable", "success" - ID 18
18:58:49:380 (24/06/2024) - START SEQUENCE "_EvalCPUID", "default" - ID 19
18:58:49:381 (24/06/2024) - READ  MEM Access, AP 0, Addr 0xE000ED00, Val 0x410FC241, "DAP Read Memory (32 bit) - Success" - ID 28
18:58:49:382 (24/06/2024) - READ  MEM Access, AP 0, Addr 0xE000EF40, Val 0x10110021, "DAP Read Memory (32 bit) - Success" - ID 29
18:58:49:383 (24/06/2024) - READ  MEM Access, AP 0, Addr 0xE000EF44, Val 0x11000011, "DAP Read Memory (32 bit) - Success" - ID 30
18:58:49:383 (24/06/2024) - END SEQUENCE "_EvalCPUID", "success" - ID 20
18:58:49:383 (24/06/2024) - READ  DP  Access, Addr 0x00000004, Val 0xF0000F40, "DAP Read DP - Success" - ID 31
18:58:49:383 (24/06/2024) - END SEQUENCE "DebugReadTargetFeatures", "success" - ID 21
18:58:49:383 (24/06/2024) - START SEQUENCE "DebugCoreStart", "calling sequence" - ID 22
18:58:49:388 (24/06/2024) - WRITE MEM BLOCK Access, AP 0, Start Addr 0xE000EDF0, End Addr 0xE000EDF3, "DAP Write Memory Block (32-bit accesses) - Success" - ID 32
  Item #0, AP 0, Addr 0xE000EDF0, Value 0xA05F0001
18:58:49:390 (24/06/2024) - WRITE MEM BLOCK Access, AP 0, Start Addr 0xE0042004, End Addr 0xE0042007, "DAP Write Memory Block (32-bit accesses) - Success" - ID 33
  Item #0, AP 0, Addr 0xE0042004, Value 0x00000007
18:58:49:392 (24/06/2024) - WRITE MEM BLOCK Access, AP 0, Start Addr 0xE0042008, End Addr 0xE004200B, "DAP Write Memory Block (32-bit accesses) - Success" - ID 34
  Item #0, AP 0, Addr 0xE0042008, Value 0x00000000
18:58:49:394 (24/06/2024) - WRITE MEM BLOCK Access, AP 0, Start Addr 0xE004200C, End Addr 0xE004200F, "DAP Write Memory Block (32-bit accesses) - Success" - ID 35
  Item #0, AP 0, Addr 0xE004200C, Value 0x00000000
18:58:49:394 (24/06/2024) - END SEQUENCE "DebugCoreStart", "success" - ID 23
18:58:49:395 (24/06/2024) - READ  MEM Access, AP 0, Addr 0xE000EDFC, Val 0x01000000, "DAP Read Memory (32 bit) - Success" - ID 36
18:58:49:396 (24/06/2024) - WRITE MEM Access, AP 0, Addr 0xE000EDFC, Val 0x01000001, "DAP Write Memory (32 bit) - Success" - ID 37
18:58:49:396 (24/06/2024) - WRITE MEM Access, AP 0, Addr 0xE000EDF0, Val 0xA05F0003, "DAP Write Memory (32 bit) - Success" - ID 38
18:58:49:397 (24/06/2024) - READ  MEM Access, AP 0, Addr 0xE000EDF0, Val 0x00030003, "DAP Read Memory (32 bit) - Success" - ID 39
18:58:49:397 (24/06/2024) - END SEQUENCE "_WaitForStop", "success" - ID 24
18:58:49:397 (24/06/2024) - WRITE MEM Access, AP 0, Addr 0xE000EDF0, Val 0xA05F0003, "DAP Write Memory (32 bit) - Success" - ID 40
18:58:49:397 (24/06/2024) - START SEQUENCE "_InitDebugComponents", "default" - ID 25
18:58:49:399 (24/06/2024) - READ  MEM Access, AP 0, Addr 0xE000EDFC, Val 0x01000001, "DAP Read Memory (32 bit) - Success" - ID 41
18:58:49:400 (24/06/2024) - READ  MEM Access, AP 0, Addr 0xE0002000, Val 0x00000260, "DAP Read Memory (32 bit) - Success" - ID 42
18:58:49:400 (24/06/2024) - READ  MEM Access, AP 0, Addr 0xE0001000, Val 0x40000001, "DAP Read Memory (32 bit) - Success" - ID 43
18:58:49:401 (24/06/2024) - WRITE MEM Access, AP 0, Addr 0xE0001024, Val 0x0000001F, "DAP Write Memory (32 bit) - Success" - ID 44
18:58:49:402 (24/06/2024) - READ  MEM Access, AP 0, Addr 0xE0001024, Val 0x0000000F, "DAP Read Memory (32 bit) - Success" - ID 45
18:58:49:403 (24/06/2024) - WRITE MEM Access, AP 0, Addr 0xE0001024, Val 0x00000000, "DAP Write Memory (32 bit) - Success" - ID 46
18:58:49:403 (24/06/2024) - WRITE MEM Access, AP 0, Addr 0xE0001028, Val 0x00000100, "DAP Write Memory (32 bit) - Success" - ID 47
18:58:49:404 (24/06/2024) - READ  MEM Access, AP 0, Addr 0xE0001028, Val 0x00000000, "DAP Read Memory (32 bit) - Success" - ID 48
18:58:49:405 (24/06/2024) - WRITE MEM Access, AP 0, Addr 0xE0001028, Val 0x00000080, "DAP Write Memory (32 bit) - Success" - ID 49
18:58:49:406 (24/06/2024) - READ  MEM Access, AP 0, Addr 0xE0001028, Val 0x00000080, "DAP Read Memory (32 bit) - Success" - ID 50
18:58:49:406 (24/06/2024) - WRITE MEM Access, AP 0, Addr 0xE0001028, Val 0x00000000, "DAP Write Memory (32 bit) - Success" - ID 51
18:58:49:407 (24/06/2024) - WRITE MEM Access, AP 0, Addr 0xE0001038, Val 0x00000100, "DAP Write Memory (32 bit) - Success" - ID 52
18:58:49:408 (24/06/2024) - READ  MEM Access, AP 0, Addr 0xE0001038, Val 0x00000300, "DAP Read Memory (32 bit) - Success" - ID 53
18:58:49:409 (24/06/2024) - WRITE MEM Access, AP 0, Addr 0xE0001038, Val 0x00000080, "DAP Write Memory (32 bit) - Success" - ID 54
18:58:49:410 (24/06/2024) - READ  MEM Access, AP 0, Addr 0xE0001038, Val 0x00000200, "DAP Read Memory (32 bit) - Success" - ID 55
18:58:49:410 (24/06/2024) - WRITE MEM Access, AP 0, Addr 0xE0001038, Val 0x00000000, "DAP Write Memory (32 bit) - Success" - ID 56
18:58:49:411 (24/06/2024) - WRITE MEM Access, AP 0, Addr 0xE0001048, Val 0x00000100, "DAP Write Memory (32 bit) - Success" - ID 57
18:58:49:413 (24/06/2024) - READ  MEM Access, AP 0, Addr 0xE0001048, Val 0x00000000, "DAP Read Memory (32 bit) - Success" - ID 58
18:58:49:414 (24/06/2024) - WRITE MEM Access, AP 0, Addr 0xE0001048, Val 0x00000080, "DAP Write Memory (32 bit) - Success" - ID 59
18:58:49:415 (24/06/2024) - READ  MEM Access, AP 0, Addr 0xE0001048, Val 0x00000000, "DAP Read Memory (32 bit) - Success" - ID 60
18:58:49:415 (24/06/2024) - WRITE MEM Access, AP 0, Addr 0xE0001048, Val 0x00000000, "DAP Write Memory (32 bit) - Success" - ID 61
18:58:49:416 (24/06/2024) - WRITE MEM Access, AP 0, Addr 0xE0001058, Val 0x00000100, "DAP Write Memory (32 bit) - Success" - ID 62
18:58:49:417 (24/06/2024) - READ  MEM Access, AP 0, Addr 0xE0001058, Val 0x00000000, "DAP Read Memory (32 bit) - Success" - ID 63
18:58:49:418 (24/06/2024) - WRITE MEM Access, AP 0, Addr 0xE0001058, Val 0x00000080, "DAP Write Memory (32 bit) - Success" - ID 64
18:58:49:418 (24/06/2024) - READ  MEM Access, AP 0, Addr 0xE0001058, Val 0x00000000, "DAP Read Memory (32 bit) - Success" - ID 65
18:58:49:420 (24/06/2024) - WRITE MEM Access, AP 0, Addr 0xE0001058, Val 0x00000000, "DAP Write Memory (32 bit) - Success" - ID 66
18:58:49:421 (24/06/2024) - WRITE MEM Access, AP 0, Addr 0xE0002000, Val 0x00000002, "DAP Write Memory (32 bit) - Success" - ID 67
18:58:49:426 (24/06/2024) - WRITE MEM Access, AP 0, Addr 0xE0001028, Val 0x00000000, "DAP Write Memory (32 bit) - Success" - ID 68
18:58:49:430 (24/06/2024) - WRITE MEM Access, AP 0, Addr 0xE0001038, Val 0x00000000, "DAP Write Memory (32 bit) - Success" - ID 69
18:58:49:434 (24/06/2024) - WRITE MEM Access, AP 0, Addr 0xE0001048, Val 0x00000000, "DAP Write Memory (32 bit) - Success" - ID 70
18:58:49:435 (24/06/2024) - WRITE MEM Access, AP 0, Addr 0xE0001058, Val 0x00000000, "DAP Write Memory (32 bit) - Success" - ID 71
18:58:49:438 (24/06/2024) - READ  MEM Access, AP 0, Addr 0xE000E004, Val 0x00000002, "DAP Read Memory (32 bit) - Success" - ID 72
18:58:49:449 (24/06/2024) - WRITE MEM BLOCK Access, AP 0, Start Addr 0xE0001000, End Addr 0xE000101B, "DAP Write Memory Block - Success" - ID 73
  Item #0, AP 0, Addr 0xE0001000, Value 0x00000001
  Item #1, AP 0, Addr 0xE0001004, Value 0x00000000
  Item #2, AP 0, Addr 0xE0001008, Value 0x00000000
  Item #3, AP 0, Addr 0xE000100C, Value 0x00000000
  Item #4, AP 0, Addr 0xE0001010, Value 0x00000000
  Item #5, AP 0, Addr 0xE0001014, Value 0x00000000
  Item #6, AP 0, Addr 0xE0001018, Value 0x00000000
18:58:49:449 (24/06/2024) - END SEQUENCE "_InitDebugComponents", "success" - ID 26
18:58:49:454 (24/06/2024) - START SEQUENCE "_InitTrace", "default" - ID 27
18:58:49:454 (24/06/2024) - END SEQUENCE "_InitTrace", "success" - ID 28
18:58:49:454 (24/06/2024) - END SEQUENCE "InitTarget", "success" - ID 29
18:58:49:454 (24/06/2024) - START SEQUENCE "ResetCatchSet", "default" - ID 30
18:58:49:456 (24/06/2024) - WRITE MEM Access, AP 0, Addr 0xE000EDFC, Val 0x00000001, "DAP Write Memory (32 bit) - Success" - ID 74
18:58:49:459 (24/06/2024) - READ  MEM Access, AP 0, Addr 0xE000EDF0, Val 0x00030003, "DAP Read Memory (32 bit) - Success" - ID 75
18:58:49:459 (24/06/2024) - END SEQUENCE "ResetCatchSet", "success" - ID 31
18:58:49:459 (24/06/2024) - START SEQUENCE "ResetSystem", "default" - ID 32
18:58:49:467 (24/06/2024) - WRITE MEM Access, AP 0, Addr 0xE000ED0C, Val 0x05FA0004, "DAP Write Memory (32 bit) - Success" - ID 76
18:58:49:467 (24/06/2024) - START SEQUENCE "_ResetRecovery", "default" - ID 33
18:58:49:471 (24/06/2024) - READ  MEM Access, AP 0, Addr 0xE000EDF0, Val 0x02030003, "DAP Read Memory (32 bit) - Success" - ID 77
18:58:49:473 (24/06/2024) - READ  MEM Access, AP 0, Addr 0xE000EDF0, Val 0x00030003, "DAP Read Memory (32 bit) - Success" - ID 78
  18:58:49:478 (24/06/2024) - END SEQUENCE "_ResetRecovery", "success" - ID 34
  18:58:49:478 (24/06/2024) - END SEQUENCE "ResetSystem", "success" - ID 35
18:58:49:487 (24/06/2024) - READ  MEM Access, AP 0, Addr 0xE000EDF0, Val 0x00030003, "DAP Read Memory (32 bit) - Success" - ID 79
18:58:49:538 (24/06/2024) - READ  MEM Access, AP 0, Addr 0xE000EDF0, Val 0x00030003, "DAP Read Memory (32 bit) - Success" - ID 80
18:58:49:539 (24/06/2024) - READ  MEM Access, AP 0, Addr 0xE000EDF0, Val 0x00030003, "DAP Read Memory (32 bit) - Success" - ID 81
  18:58:49:539 (24/06/2024) - END SEQUENCE "_WaitForStop", "success" - ID 36
  18:58:49:539 (24/06/2024) - START SEQUENCE "ResetCatchClear", "default" - ID 37
18:58:49:541 (24/06/2024) - READ  MEM Access, AP 0, Addr 0xE000EDFC, Val 0x00000001, "DAP Read Memory (32 bit) - Success" - ID 82
18:58:49:542 (24/06/2024) - WRITE MEM Access, AP 0, Addr 0xE000EDFC, Val 0x00000001, "DAP Write Memory (32 bit) - Success" - ID 83
18:58:49:542 (24/06/2024) - END SEQUENCE "ResetCatchClear", "success" - ID 38
18:58:49:543 (24/06/2024) - WRITE MEM Access, AP 0, Addr 0xE000EDFC, Val 0x01000001, "DAP Write Memory (32 bit) - Success" - ID 84
18:58:49:552 (24/06/2024) - READ  MEM Access, AP 0, Addr 0xE000EDF0, Val 0x00030003, "DAP Read Memory (32 bit) - Success" - ID 85
18:58:50:079 (24/06/2024) - READ  MEM Access, AP 0, Addr 0xE000EDF0, Val 0xFFFFFFFF, "DAP Read Memory (32 bit) - FAILED" - ID 86
18:58:50:343 (24/06/2024) - READ  MEM Access, AP 0, Addr 0xE000EDF0, Val 0xFFFFFFFF, "DAP Read Memory (32 bit) - FAILED" - ID 87
18:58:50:518 (24/06/2024) - START SEQUENCE "ResetCatchSet", "default" - ID 39
18:58:50:519 (24/06/2024) - WRITE MEM Access, AP 0, Addr 0xE000EDFC, Val 0xFFFFFFFF, "DAP Write Memory (32 bit) - FAILED" - ID 88
18:58:50:519 (24/06/2024) - END SEQUENCE "ResetCatchSet", "failed" - ID 40
18:58:50:520 (24/06/2024) - READ  MEM BLOCK Access, AP 0, Start Addr 0x00000000, End Addr 0x0000003B, "DAP Read Memory Block - FAILED" - ID 89
18:58:50:521 (24/06/2024) - READ  MEM BLOCK Access, AP 0, Start Addr 0x00000000, End Addr 0x0000003B, "DAP Read Memory Block - FAILED" - ID 90
18:58:50:522 (24/06/2024) - READ  MEM BLOCK Access, AP 0, Start Addr 0x00000000, End Addr 0x0000003B, "DAP Read Memory Block - FAILED" - ID 91
18:58:50:522 (24/06/2024) - READ  MEM BLOCK Access, AP 0, Start Addr 0x00000002, End Addr 0x00000003, "DAP Read Memory Block - FAILED" - ID 92
18:58:50:523 (24/06/2024) - READ  MEM BLOCK Access, AP 0, Start Addr 0x00000002, End Addr 0x00000003, "DAP Read Memory Block - FAILED" - ID 93
18:58:50:524 (24/06/2024) - READ  MEM BLOCK Access, AP 0, Start Addr 0x00000002, End Addr 0x00000003, "DAP Read Memory Block - FAILED" - ID 94
18:58:50:524 (24/06/2024) - READ  MEM BLOCK Access, AP 0, Start Addr 0x00000004, End Addr 0x0000003F, "DAP Read Memory Block - FAILED" - ID 95
18:58:50:525 (24/06/2024) - READ  MEM BLOCK Access, AP 0, Start Addr 0x00000004, End Addr 0x0000003F, "DAP Read Memory Block - FAILED" - ID 96
18:58:50:526 (24/06/2024) - READ  MEM BLOCK Access, AP 0, Start Addr 0x00000004, End Addr 0x0000003F, "DAP Read Memory Block - FAILED" - ID 97
18:58:50:527 (24/06/2024) - READ  MEM BLOCK Access, AP 0, Start Addr 0x00000006, End Addr 0x00000007, "DAP Read Memory Block - FAILED" - ID 98
18:58:50:527 (24/06/2024) - READ  MEM BLOCK Access, AP 0, Start Addr 0x00000006, End Addr 0x00000007, "DAP Read Memory Block - FAILED" - ID 99
18:58:50:528 (24/06/2024) - READ  MEM BLOCK Access, AP 0, Start Addr 0x00000006, End Addr 0x00000007, "DAP Read Memory Block - FAILED" - ID 100
18:58:50:529 (24/06/2024) - READ  MEM BLOCK Access, AP 0, Start Addr 0x00000008, End Addr 0x00000043, "DAP Read Memory Block - FAILED" - ID 101
18:58:50:530 (24/06/2024) - READ  MEM BLOCK Access, AP 0, Start Addr 0x00000008, End Addr 0x00000043, "DAP Read Memory Block - FAILED" - ID 102
18:58:50:530 (24/06/2024) - READ  MEM BLOCK Access, AP 0, Start Addr 0x00000008, End Addr 0x00000043, "DAP Read Memory Block - FAILED" - ID 103
18:58:50:531 (24/06/2024) - READ  MEM BLOCK Access, AP 0, Start Addr 0x0000000A, End Addr 0x0000000B, "DAP Read Memory Block - FAILED" - ID 104
18:58:50:532 (24/06/2024) - READ  MEM BLOCK Access, AP 0, Start Addr 0x0000000A, End Addr 0x0000000B, "DAP Read Memory Block - FAILED" - ID 105
18:58:50:532 (24/06/2024) - READ  MEM BLOCK Access, AP 0, Start Addr 0x0000000A, End Addr 0x0000000B, "DAP Read Memory Block - FAILED" - ID 106
18:58:50:533 (24/06/2024) - READ  MEM BLOCK Access, AP 0, Start Addr 0x0000000C, End Addr 0x00000047, "DAP Read Memory Block - FAILED" - ID 107
18:58:50:534 (24/06/2024) - READ  MEM BLOCK Access, AP 0, Start Addr 0x0000000C, End Addr 0x00000047, "DAP Read Memory Block - FAILED" - ID 108
18:58:50:535 (24/06/2024) - READ  MEM BLOCK Access, AP 0, Start Addr 0x0000000C, End Addr 0x00000047, "DAP Read Memory Block - FAILED" - ID 109
18:58:50:605 (24/06/2024) - READ  MEM Access, AP 0, Addr 0xE000EDF0, Val 0xFFFFFFFF, "DAP Read Memory (32 bit) - FAILED" - ID 110
18:58:50:655 (24/06/2024) - WRITE MEM Access, AP 0, Addr 0xE0001008, Val 0xFFFFFFFF, "DAP Write Memory (32 bit) - FAILED" - ID 111
18:58:50:656 (24/06/2024) - WRITE MEM Access, AP 0, Addr 0xE000100C, Val 0xFFFFFFFF, "DAP Write Memory (32 bit) - FAILED" - ID 112
18:58:50:657 (24/06/2024) - WRITE MEM Access, AP 0, Addr 0xE0001010, Val 0xFFFFFFFF, "DAP Write Memory (32 bit) - FAILED" - ID 113
18:58:50:658 (24/06/2024) - WRITE MEM Access, AP 0, Addr 0xE0001014, Val 0xFFFFFFFF, "DAP Write Memory (32 bit) - FAILED" - ID 114
18:58:50:658 (24/06/2024) - WRITE MEM Access, AP 0, Addr 0xE0001018, Val 0xFFFFFFFF, "DAP Write Memory (32 bit) - FAILED" - ID 115
18:58:50:869 (24/06/2024) - READ  MEM Access, AP 0, Addr 0xE000EDF0, Val 0xFFFFFFFF, "DAP Read Memory (32 bit) - FAILED" - ID 116
18:58:51:132 (24/06/2024) - READ  MEM Access, AP 0, Addr 0xE000EDF0, Val 0xFFFFFFFF, "DAP Read Memory (32 bit) - FAILED" - ID 117
18:58:51:394 (24/06/2024) - READ  MEM Access, AP 0, Addr 0xE000EDF0, Val 0xFFFFFFFF, "DAP Read Memory (32 bit) - FAILED" - ID 118
18:58:51:655 (24/06/2024) - READ  MEM Access, AP 0, Addr 0xE000EDF0, Val 0xFFFFFFFF, "DAP Read Memory (32 bit) - FAILED" - ID 119
18:58:51:919 (24/06/2024) - READ  MEM Access, AP 0, Addr 0xE000EDF0, Val 0xFFFFFFFF, "DAP Read Memory (32 bit) - FAILED" - ID 120
18:58:52:182 (24/06/2024) - READ  MEM Access, AP 0, Addr 0xE000EDF0, Val 0xFFFFFFFF, "DAP Read Memory (32 bit) - FAILED" - ID 121
18:58:52:446 (24/06/2024) - READ  MEM Access, AP 0, Addr 0xE000EDF0, Val 0xFFFFFFFF, "DAP Read Memory (32 bit) - FAILED" - ID 122
18:58:52:697 (24/06/2024) - READ  MEM Access, AP 0, Addr 0xE000EDF0, Val 0xFFFFFFFF, "DAP Read Memory (32 bit) - FAILED" - ID 123
18:58:52:749 (24/06/2024) - READ  MEM BLOCK Access, AP 0, Start Addr 0x00000000, End Addr 0x0000003B, "DAP Read Memory Block - FAILED" - ID 124
18:58:52:751 (24/06/2024) - READ  MEM BLOCK Access, AP 0, Start Addr 0x00000000, End Addr 0x0000003B, "DAP Read Memory Block - FAILED" - ID 125
18:58:52:752 (24/06/2024) - READ  MEM BLOCK Access, AP 0, Start Addr 0x00000000, End Addr 0x0000003B, "DAP Read Memory Block - FAILED" - ID 126
18:58:52:752 (24/06/2024) - READ  MEM BLOCK Access, AP 0, Start Addr 0x00000002, End Addr 0x00000003, "DAP Read Memory Block - FAILED" - ID 127
18:58:52:752 (24/06/2024) - READ  MEM BLOCK Access, AP 0, Start Addr 0x00000002, End Addr 0x00000003, "DAP Read Memory Block - FAILED" - ID 128
18:58:52:753 (24/06/2024) - READ  MEM BLOCK Access, AP 0, Start Addr 0x00000002, End Addr 0x00000003, "DAP Read Memory Block - FAILED" - ID 129
18:58:52:754 (24/06/2024) - READ  MEM BLOCK Access, AP 0, Start Addr 0x00000004, End Addr 0x0000003F, "DAP Read Memory Block - FAILED" - ID 130
18:58:52:755 (24/06/2024) - READ  MEM BLOCK Access, AP 0, Start Addr 0x00000004, End Addr 0x0000003F, "DAP Read Memory Block - FAILED" - ID 131
18:58:52:755 (24/06/2024) - READ  MEM BLOCK Access, AP 0, Start Addr 0x00000004, End Addr 0x0000003F, "DAP Read Memory Block - FAILED" - ID 132
18:58:52:756 (24/06/2024) - READ  MEM BLOCK Access, AP 0, Start Addr 0x00000006, End Addr 0x00000007, "DAP Read Memory Block - FAILED" - ID 133
18:58:52:758 (24/06/2024) - READ  MEM BLOCK Access, AP 0, Start Addr 0x00000006, End Addr 0x00000007, "DAP Read Memory Block - FAILED" - ID 134
18:58:52:759 (24/06/2024) - READ  MEM BLOCK Access, AP 0, Start Addr 0x00000006, End Addr 0x00000007, "DAP Read Memory Block - FAILED" - ID 135
18:58:52:759 (24/06/2024) - READ  MEM BLOCK Access, AP 0, Start Addr 0x00000008, End Addr 0x00000043, "DAP Read Memory Block - FAILED" - ID 136
18:58:52:760 (24/06/2024) - READ  MEM BLOCK Access, AP 0, Start Addr 0x00000008, End Addr 0x00000043, "DAP Read Memory Block - FAILED" - ID 137
18:58:52:761 (24/06/2024) - READ  MEM BLOCK Access, AP 0, Start Addr 0x00000008, End Addr 0x00000043, "DAP Read Memory Block - FAILED" - ID 138
18:58:52:762 (24/06/2024) - READ  MEM BLOCK Access, AP 0, Start Addr 0x0000000A, End Addr 0x0000000B, "DAP Read Memory Block - FAILED" - ID 139
18:58:52:764 (24/06/2024) - READ  MEM BLOCK Access, AP 0, Start Addr 0x0000000A, End Addr 0x0000000B, "DAP Read Memory Block - FAILED" - ID 140
18:58:52:764 (24/06/2024) - READ  MEM BLOCK Access, AP 0, Start Addr 0x0000000A, End Addr 0x0000000B, "DAP Read Memory Block - FAILED" - ID 141
18:58:52:766 (24/06/2024) - READ  MEM BLOCK Access, AP 0, Start Addr 0x0000000C, End Addr 0x00000047, "DAP Read Memory Block - FAILED" - ID 142
18:58:52:766 (24/06/2024) - READ  MEM BLOCK Access, AP 0, Start Addr 0x0000000C, End Addr 0x00000047, "DAP Read Memory Block - FAILED" - ID 143
18:58:52:769 (24/06/2024) - READ  MEM BLOCK Access, AP 0, Start Addr 0x0000000C, End Addr 0x00000047, "DAP Read Memory Block - FAILED" - ID 144
18:58:52:772 (24/06/2024) - READ  MEM BLOCK Access, AP 0, Start Addr 0x00000000, End Addr 0x0000003B, "DAP Read Memory Block - FAILED" - ID 145
18:58:52:773 (24/06/2024) - READ  MEM BLOCK Access, AP 0, Start Addr 0x00000000, End Addr 0x0000003B, "DAP Read Memory Block - FAILED" - ID 146
18:58:52:774 (24/06/2024) - READ  MEM BLOCK Access, AP 0, Start Addr 0x00000000, End Addr 0x0000003B, "DAP Read Memory Block - FAILED" - ID 147
18:58:52:774 (24/06/2024) - READ  MEM BLOCK Access, AP 0, Start Addr 0x00000002, End Addr 0x00000003, "DAP Read Memory Block - FAILED" - ID 148
18:58:52:776 (24/06/2024) - READ  MEM BLOCK Access, AP 0, Start Addr 0x00000002, End Addr 0x00000003, "DAP Read Memory Block - FAILED" - ID 149
18:58:52:777 (24/06/2024) - READ  MEM BLOCK Access, AP 0, Start Addr 0x00000002, End Addr 0x00000003, "DAP Read Memory Block - FAILED" - ID 150
18:58:52:777 (24/06/2024) - READ  MEM BLOCK Access, AP 0, Start Addr 0x00000004, End Addr 0x0000003F, "DAP Read Memory Block - FAILED" - ID 151
18:58:52:777 (24/06/2024) - READ  MEM BLOCK Access, AP 0, Start Addr 0x00000004, End Addr 0x0000003F, "DAP Read Memory Block - FAILED" - ID 152
18:58:52:778 (24/06/2024) - READ  MEM BLOCK Access, AP 0, Start Addr 0x00000004, End Addr 0x0000003F, "DAP Read Memory Block - FAILED" - ID 153
18:58:52:779 (24/06/2024) - READ  MEM BLOCK Access, AP 0, Start Addr 0x00000006, End Addr 0x00000007, "DAP Read Memory Block - FAILED" - ID 154
18:58:52:779 (24/06/2024) - READ  MEM BLOCK Access, AP 0, Start Addr 0x00000006, End Addr 0x00000007, "DAP Read Memory Block - FAILED" - ID 155
18:58:52:780 (24/06/2024) - READ  MEM BLOCK Access, AP 0, Start Addr 0x00000006, End Addr 0x00000007, "DAP Read Memory Block - FAILED" - ID 156
18:58:52:782 (24/06/2024) - READ  MEM BLOCK Access, AP 0, Start Addr 0x00000008, End Addr 0x00000043, "DAP Read Memory Block - FAILED" - ID 157
18:58:52:782 (24/06/2024) - READ  MEM BLOCK Access, AP 0, Start Addr 0x00000008, End Addr 0x00000043, "DAP Read Memory Block - FAILED" - ID 158
18:58:52:784 (24/06/2024) - READ  MEM BLOCK Access, AP 0, Start Addr 0x00000008, End Addr 0x00000043, "DAP Read Memory Block - FAILED" - ID 159
18:58:52:784 (24/06/2024) - READ  MEM BLOCK Access, AP 0, Start Addr 0x0000000A, End Addr 0x0000000B, "DAP Read Memory Block - FAILED" - ID 160
18:58:52:785 (24/06/2024) - READ  MEM BLOCK Access, AP 0, Start Addr 0x0000000A, End Addr 0x0000000B, "DAP Read Memory Block - FAILED" - ID 161
18:58:52:786 (24/06/2024) - READ  MEM BLOCK Access, AP 0, Start Addr 0x0000000A, End Addr 0x0000000B, "DAP Read Memory Block - FAILED" - ID 162
18:58:52:787 (24/06/2024) - READ  MEM BLOCK Access, AP 0, Start Addr 0x0000000C, End Addr 0x00000047, "DAP Read Memory Block - FAILED" - ID 163
18:58:52:788 (24/06/2024) - READ  MEM BLOCK Access, AP 0, Start Addr 0x0000000C, End Addr 0x00000047, "DAP Read Memory Block - FAILED" - ID 164
18:58:52:788 (24/06/2024) - READ  MEM BLOCK Access, AP 0, Start Addr 0x0000000C, End Addr 0x00000047, "DAP Read Memory Block - FAILED" - ID 165
18:58:52:800 (24/06/2024) - READ  MEM BLOCK Access, AP 0, Start Addr 0x00000000, End Addr 0x0000003B, "DAP Read Memory Block - FAILED" - ID 166
18:58:52:801 (24/06/2024) - READ  MEM BLOCK Access, AP 0, Start Addr 0x00000000, End Addr 0x0000003B, "DAP Read Memory Block - FAILED" - ID 167
18:58:52:802 (24/06/2024) - READ  MEM BLOCK Access, AP 0, Start Addr 0x00000000, End Addr 0x0000003B, "DAP Read Memory Block - FAILED" - ID 168
18:58:52:803 (24/06/2024) - READ  MEM BLOCK Access, AP 0, Start Addr 0x00000002, End Addr 0x00000003, "DAP Read Memory Block - FAILED" - ID 169
18:58:52:803 (24/06/2024) - READ  MEM BLOCK Access, AP 0, Start Addr 0x00000002, End Addr 0x00000003, "DAP Read Memory Block - FAILED" - ID 170
18:58:52:804 (24/06/2024) - READ  MEM BLOCK Access, AP 0, Start Addr 0x00000002, End Addr 0x00000003, "DAP Read Memory Block - FAILED" - ID 171
18:58:52:805 (24/06/2024) - READ  MEM BLOCK Access, AP 0, Start Addr 0x00000004, End Addr 0x0000003F, "DAP Read Memory Block - FAILED" - ID 172
18:58:52:805 (24/06/2024) - READ  MEM BLOCK Access, AP 0, Start Addr 0x00000004, End Addr 0x0000003F, "DAP Read Memory Block - FAILED" - ID 173
18:58:52:806 (24/06/2024) - READ  MEM BLOCK Access, AP 0, Start Addr 0x00000004, End Addr 0x0000003F, "DAP Read Memory Block - FAILED" - ID 174
18:58:52:807 (24/06/2024) - READ  MEM BLOCK Access, AP 0, Start Addr 0x00000006, End Addr 0x00000007, "DAP Read Memory Block - FAILED" - ID 175
18:58:52:808 (24/06/2024) - READ  MEM BLOCK Access, AP 0, Start Addr 0x00000006, End Addr 0x00000007, "DAP Read Memory Block - FAILED" - ID 176
18:58:52:808 (24/06/2024) - READ  MEM BLOCK Access, AP 0, Start Addr 0x00000006, End Addr 0x00000007, "DAP Read Memory Block - FAILED" - ID 177
18:58:52:809 (24/06/2024) - READ  MEM BLOCK Access, AP 0, Start Addr 0x00000008, End Addr 0x00000043, "DAP Read Memory Block - FAILED" - ID 178
18:58:52:810 (24/06/2024) - READ  MEM BLOCK Access, AP 0, Start Addr 0x00000008, End Addr 0x00000043, "DAP Read Memory Block - FAILED" - ID 179
18:58:52:812 (24/06/2024) - READ  MEM BLOCK Access, AP 0, Start Addr 0x00000008, End Addr 0x00000043, "DAP Read Memory Block - FAILED" - ID 180
18:58:52:843 (24/06/2024) - READ  MEM BLOCK Access, AP 0, Start Addr 0x00000000, End Addr 0x0000003B, "DAP Read Memory Block - FAILED" - ID 181
18:58:52:844 (24/06/2024) - READ  MEM BLOCK Access, AP 0, Start Addr 0x00000000, End Addr 0x0000003B, "DAP Read Memory Block - FAILED" - ID 182
18:58:52:844 (24/06/2024) - READ  MEM BLOCK Access, AP 0, Start Addr 0x00000000, End Addr 0x0000003B, "DAP Read Memory Block - FAILED" - ID 183
18:58:52:845 (24/06/2024) - READ  MEM BLOCK Access, AP 0, Start Addr 0x00000002, End Addr 0x00000003, "DAP Read Memory Block - FAILED" - ID 184
18:58:52:845 (24/06/2024) - READ  MEM BLOCK Access, AP 0, Start Addr 0x00000002, End Addr 0x00000003, "DAP Read Memory Block - FAILED" - ID 185
18:58:52:846 (24/06/2024) - READ  MEM BLOCK Access, AP 0, Start Addr 0x00000002, End Addr 0x00000003, "DAP Read Memory Block - FAILED" - ID 186
18:58:52:847 (24/06/2024) - READ  MEM BLOCK Access, AP 0, Start Addr 0x00000004, End Addr 0x0000003F, "DAP Read Memory Block - FAILED" - ID 187
18:58:52:847 (24/06/2024) - READ  MEM BLOCK Access, AP 0, Start Addr 0x00000004, End Addr 0x0000003F, "DAP Read Memory Block - FAILED" - ID 188
18:58:52:848 (24/06/2024) - READ  MEM BLOCK Access, AP 0, Start Addr 0x00000004, End Addr 0x0000003F, "DAP Read Memory Block - FAILED" - ID 189
18:58:52:849 (24/06/2024) - READ  MEM BLOCK Access, AP 0, Start Addr 0x00000006, End Addr 0x00000007, "DAP Read Memory Block - FAILED" - ID 190
18:58:52:850 (24/06/2024) - READ  MEM BLOCK Access, AP 0, Start Addr 0x00000006, End Addr 0x00000007, "DAP Read Memory Block - FAILED" - ID 191
18:58:52:850 (24/06/2024) - READ  MEM BLOCK Access, AP 0, Start Addr 0x00000006, End Addr 0x00000007, "DAP Read Memory Block - FAILED" - ID 192
18:58:52:851 (24/06/2024) - READ  MEM BLOCK Access, AP 0, Start Addr 0x00000008, End Addr 0x00000043, "DAP Read Memory Block - FAILED" - ID 193
18:58:52:852 (24/06/2024) - READ  MEM BLOCK Access, AP 0, Start Addr 0x00000008, End Addr 0x00000043, "DAP Read Memory Block - FAILED" - ID 194
18:58:52:852 (24/06/2024) - READ  MEM BLOCK Access, AP 0, Start Addr 0x00000008, End Addr 0x00000043, "DAP Read Memory Block - FAILED" - ID 195
18:58:52:853 (24/06/2024) - READ  MEM BLOCK Access, AP 0, Start Addr 0x0000000A, End Addr 0x0000000B, "DAP Read Memory Block - FAILED" - ID 196
18:58:52:855 (24/06/2024) - READ  MEM BLOCK Access, AP 0, Start Addr 0x0000000A, End Addr 0x0000000B, "DAP Read Memory Block - FAILED" - ID 197
18:58:52:855 (24/06/2024) - READ  MEM BLOCK Access, AP 0, Start Addr 0x0000000A, End Addr 0x0000000B, "DAP Read Memory Block - FAILED" - ID 198
18:58:52:855 (24/06/2024) - READ  MEM BLOCK Access, AP 0, Start Addr 0x0000000C, End Addr 0x00000047, "DAP Read Memory Block - FAILED" - ID 199
18:58:52:856 (24/06/2024) - READ  MEM BLOCK Access, AP 0, Start Addr 0x0000000C, End Addr 0x00000047, "DAP Read Memory Block - FAILED" - ID 200
18:58:52:857 (24/06/2024) - READ  MEM BLOCK Access, AP 0, Start Addr 0x0000000C, End Addr 0x00000047, "DAP Read Memory Block - FAILED" - ID 201
18:58:52:963 (24/06/2024) - READ  MEM Access, AP 0, Addr 0xE000EDF0, Val 0xFFFFFFFF, "DAP Read Memory (32 bit) - FAILED" - ID 202
18:58:54:185 (24/06/2024) - START SEQUENCE "StopTarget", "default" - ID 41
18:58:54:186 (24/06/2024) - WRITE MEM BLOCK Access, AP 0, Start Addr 0xE0002000, End Addr 0xE000201F, "DAP Write Memory Block - FAILED" - ID 203
18:58:54:186 (24/06/2024) - START SEQUENCE "_UnInitTrace", "default" - ID 42
18:58:54:186 (24/06/2024) - END SEQUENCE "_UnInitTrace", "success" - ID 43
18:58:54:186 (24/06/2024) - START SEQUENCE "UnInitDebugger", "default" - ID 44
18:58:54:186 (24/06/2024) - END SEQUENCE "UnInitDebugger", "success" - ID 45
18:58:54:186 (24/06/2024) - START SEQUENCE "_UnInitDriver", "default" - ID 46
18:58:54:186 (24/06/2024) - END SEQUENCE "_UnInitDriver", "success" - ID 47
18:58:54:186 (24/06/2024) - END SEQUENCE "StopTarget", "success" - ID 48
