CMSIS_AGDI.DLL - CMSIS-DAP Driver Log

20:05:49:463 (31/05/2024) - START SEQUENCE "InitTarget", "default" - ID 0
20:05:49:463 (31/05/2024) - START SEQUENCE "InitInternals", "default" - ID 1
20:05:49:463 (31/05/2024) - START SEQUENCE "InitDriver", "default" - ID 2
20:05:49:463 (31/05/2024) - END SEQUENCE "InitDriver", "success" - ID 3
20:05:49:463 (31/05/2024) - START SEQUENCE "InitDebugger", "default" - ID 4
20:05:49:499 (31/05/2024) - END SEQUENCE "InitDebugger", "success" - ID 5
20:05:49:499 (31/05/2024) - END SEQUENCE "InitInternals", "success" - ID 6
20:05:49:499 (31/05/2024) - START SEQUENCE "DebugPortSetup", "default" - ID 7
20:05:49:503 (31/05/2024) - END SEQUENCE "DebugPortSetup", "success" - ID 8
20:05:49:504 (31/05/2024) - START SEQUENCE "DebugGetDeviceList", "default" - ID 9
20:05:49:506 (31/05/2024) - END SEQUENCE "DebugGetDeviceList", "success" - ID 10
20:05:49:506 (31/05/2024) - START SEQUENCE "PDSCDebug_DebugGetDeviceNames", "default" - ID 11
20:05:49:506 (31/05/2024) - END SEQUENCE "PDSCDebug_DebugGetDeviceNames", "success" - ID 12
  20:05:49:506 (31/05/2024) - START SEQUENCE "DebugPortStart", "default" - ID 13
  20:05:49:509 (31/05/2024) - END SEQUENCE "DebugPortStart", "success" - ID 14
20:05:49:511 (31/05/2024) - START SEQUENCE "DebugDeviceUnlock", "calling sequence" - ID 15
20:05:49:512 (31/05/2024) - READ  AP  Access, AP 0, Addr 0x000000F8, Val 0xE00FF003, "DAP Read AP - Success" - ID 0
20:05:49:516 (31/05/2024) - READ  MEM BLOCK Access, AP 0, Start Addr 0xE00FFFE4, End Addr 0xE00FFFE7, "DAP Read Memory Block (32-bit accesses) - Success" - ID 1
  Item #0, AP 0, Addr 0xE00FFFE4, Value 0x00000004
20:05:49:518 (31/05/2024) - READ  MEM BLOCK Access, AP 0, Start Addr 0xE00FFFE8, End Addr 0xE00FFFEB, "DAP Read Memory Block (32-bit accesses) - Success" - ID 2
  Item #0, AP 0, Addr 0xE00FFFE8, Value 0x0000000A
20:05:49:518 (31/05/2024) - START SEQUENCE "DebugReadTargetFeatures", "default" - ID 16
20:05:49:518 (31/05/2024) - START SEQUENCE "_EvalDPID", "default" - ID 17
20:05:49:518 (31/05/2024) - END SEQUENCE "_EvalDPID", "success" - ID 18
20:05:49:519 (31/05/2024) - WRITE DP  Access, Addr 0x00000008, Val 0x00000000, "DAP Write DP - Success" - ID 3
20:05:49:522 (31/05/2024) - WRITE AP  Access, AP 0, Addr 0x00000000, Val 0x23000052, "DAP Write AP - Success" - ID 4
20:05:49:522 (31/05/2024) - START SEQUENCE "DebugReadRomTable", "default" - ID 19
20:05:49:524 (31/05/2024) - READ  AP  Access, AP 0, Addr 0x000000F8, Val 0xE00FF003, "DAP Read AP - Success" - ID 5
20:05:49:527 (31/05/2024) - READ  MEM BLOCK Access, AP 0, Start Addr 0xE00FFFF0, End Addr 0xE00FFFFF, "DAP Read Memory Block - Success" - ID 6
  Item #0, AP 0, Addr 0xE00FFFF0, Value 0x0000000D
  Item #1, AP 0, Addr 0xE00FFFF4, Value 0x00000010
  Item #2, AP 0, Addr 0xE00FFFF8, Value 0x00000005
  Item #3, AP 0, Addr 0xE00FFFFC, Value 0x000000B1
20:05:49:530 (31/05/2024) - READ  MEM BLOCK Access, AP 0, Start Addr 0xE00FFFD0, End Addr 0xE00FFFEF, "DAP Read Memory Block - Success" - ID 7
  Item #0, AP 0, Addr 0xE00FFFD0, Value 0x00000000
  Item #1, AP 0, Addr 0xE00FFFD4, Value 0x00000000
  Item #2, AP 0, Addr 0xE00FFFD8, Value 0x00000000
  Item #3, AP 0, Addr 0xE00FFFDC, Value 0x00000000
  Item #4, AP 0, Addr 0xE00FFFE0, Value 0x00000011
  Item #5, AP 0, Addr 0xE00FFFE4, Value 0x00000004
  Item #6, AP 0, Addr 0xE00FFFE8, Value 0x0000000A
  Item #7, AP 0, Addr 0xE00FFFEC, Value 0x00000000
20:05:49:530 (31/05/2024) - ROM TABLE: Detected Unknown ROM Table at address 0xE00FF000 (PID 0x00000000000A0411, CID 0xB105100D)
20:05:49:530 (31/05/2024) - READ  MEM Access, AP 0, Addr 0xE00FF000, Val 0xFFF0F003, "DAP Read Memory (32 bit) - Success" - ID 8
20:05:49:533 (31/05/2024) - READ  MEM BLOCK Access, AP 0, Start Addr 0xE000EFF0, End Addr 0xE000EFFF, "DAP Read Memory Block - Success" - ID 9
  Item #0, AP 0, Addr 0xE000EFF0, Value 0x0000000D
  Item #1, AP 0, Addr 0xE000EFF4, Value 0x000000E0
  Item #2, AP 0, Addr 0xE000EFF8, Value 0x00000005
  Item #3, AP 0, Addr 0xE000EFFC, Value 0x000000B1
20:05:49:535 (31/05/2024) - READ  MEM BLOCK Access, AP 0, Start Addr 0xE000EFD0, End Addr 0xE000EFEF, "DAP Read Memory Block - Success" - ID 10
  Item #0, AP 0, Addr 0xE000EFD0, Value 0x00000004
  Item #1, AP 0, Addr 0xE000EFD4, Value 0x00000000
  Item #2, AP 0, Addr 0xE000EFD8, Value 0x00000000
  Item #3, AP 0, Addr 0xE000EFDC, Value 0x00000000
  Item #4, AP 0, Addr 0xE000EFE0, Value 0x0000000C
  Item #5, AP 0, Addr 0xE000EFE4, Value 0x000000B0
  Item #6, AP 0, Addr 0xE000EFE8, Value 0x0000000B
  Item #7, AP 0, Addr 0xE000EFEC, Value 0x00000000
20:05:49:535 (31/05/2024) - ROM TABLE: Detected SCS (ARMv7-M with FP Extension) at address 0xE000E000 (PID 0x00000004000BB00C, CID 0xB105E00D)
20:05:49:536 (31/05/2024) - WRITE MEM Access, AP 0, Addr 0xE000EDFC, Val 0x01000000, "DAP Write Memory (32 bit) - Success" - ID 11
20:05:49:537 (31/05/2024) - READ  MEM Access, AP 0, Addr 0xE00FF004, Val 0xFFF02003, "DAP Read Memory (32 bit) - Success" - ID 12
20:05:49:539 (31/05/2024) - READ  MEM BLOCK Access, AP 0, Start Addr 0xE0001FF0, End Addr 0xE0001FFF, "DAP Read Memory Block - Success" - ID 13
  Item #0, AP 0, Addr 0xE0001FF0, Value 0x0000000D
  Item #1, AP 0, Addr 0xE0001FF4, Value 0x000000E0
  Item #2, AP 0, Addr 0xE0001FF8, Value 0x00000005
  Item #3, AP 0, Addr 0xE0001FFC, Value 0x000000B1
20:05:49:541 (31/05/2024) - READ  MEM BLOCK Access, AP 0, Start Addr 0xE0001FD0, End Addr 0xE0001FEF, "DAP Read Memory Block - Success" - ID 14
  Item #0, AP 0, Addr 0xE0001FD0, Value 0x00000004
  Item #1, AP 0, Addr 0xE0001FD4, Value 0x00000000
  Item #2, AP 0, Addr 0xE0001FD8, Value 0x00000000
  Item #3, AP 0, Addr 0xE0001FDC, Value 0x00000000
  Item #4, AP 0, Addr 0xE0001FE0, Value 0x00000002
  Item #5, AP 0, Addr 0xE0001FE4, Value 0x000000B0
  Item #6, AP 0, Addr 0xE0001FE8, Value 0x0000003B
  Item #7, AP 0, Addr 0xE0001FEC, Value 0x00000000
20:05:49:541 (31/05/2024) - ROM TABLE: Detected DWT (ARMv7-M) at address 0xE0001000 (PID 0x00000004003BB002, CID 0xB105E00D)
20:05:49:542 (31/05/2024) - READ  MEM Access, AP 0, Addr 0xE00FF008, Val 0xFFF03003, "DAP Read Memory (32 bit) - Success" - ID 15
20:05:49:544 (31/05/2024) - READ  MEM BLOCK Access, AP 0, Start Addr 0xE0002FF0, End Addr 0xE0002FFF, "DAP Read Memory Block - Success" - ID 16
  Item #0, AP 0, Addr 0xE0002FF0, Value 0x0000000D
  Item #1, AP 0, Addr 0xE0002FF4, Value 0x000000E0
  Item #2, AP 0, Addr 0xE0002FF8, Value 0x00000005
  Item #3, AP 0, Addr 0xE0002FFC, Value 0x000000B1
20:05:49:546 (31/05/2024) - READ  MEM BLOCK Access, AP 0, Start Addr 0xE0002FD0, End Addr 0xE0002FEF, "DAP Read Memory Block - Success" - ID 17
  Item #0, AP 0, Addr 0xE0002FD0, Value 0x00000004
  Item #1, AP 0, Addr 0xE0002FD4, Value 0x00000000
  Item #2, AP 0, Addr 0xE0002FD8, Value 0x00000000
  Item #3, AP 0, Addr 0xE0002FDC, Value 0x00000000
  Item #4, AP 0, Addr 0xE0002FE0, Value 0x00000003
  Item #5, AP 0, Addr 0xE0002FE4, Value 0x000000B0
  Item #6, AP 0, Addr 0xE0002FE8, Value 0x0000002B
  Item #7, AP 0, Addr 0xE0002FEC, Value 0x00000000
20:05:49:546 (31/05/2024) - ROM TABLE: Detected FPB (ARMv7-M) at address 0xE0002000 (PID 0x00000004002BB003, CID 0xB105E00D)
20:05:49:548 (31/05/2024) - READ  MEM Access, AP 0, Addr 0xE00FF00C, Val 0xFFF01003, "DAP Read Memory (32 bit) - Success" - ID 18
20:05:49:554 (31/05/2024) - READ  MEM BLOCK Access, AP 0, Start Addr 0xE0000FF0, End Addr 0xE0000FFF, "DAP Read Memory Block - Success" - ID 19
  Item #0, AP 0, Addr 0xE0000FF0, Value 0x0000000D
  Item #1, AP 0, Addr 0xE0000FF4, Value 0x000000E0
  Item #2, AP 0, Addr 0xE0000FF8, Value 0x00000005
  Item #3, AP 0, Addr 0xE0000FFC, Value 0x000000B1
20:05:49:556 (31/05/2024) - READ  MEM BLOCK Access, AP 0, Start Addr 0xE0000FD0, End Addr 0xE0000FEF, "DAP Read Memory Block - Success" - ID 20
  Item #0, AP 0, Addr 0xE0000FD0, Value 0x00000004
  Item #1, AP 0, Addr 0xE0000FD4, Value 0x00000000
  Item #2, AP 0, Addr 0xE0000FD8, Value 0x00000000
  Item #3, AP 0, Addr 0xE0000FDC, Value 0x00000000
  Item #4, AP 0, Addr 0xE0000FE0, Value 0x00000001
  Item #5, AP 0, Addr 0xE0000FE4, Value 0x000000B0
  Item #6, AP 0, Addr 0xE0000FE8, Value 0x0000003B
  Item #7, AP 0, Addr 0xE0000FEC, Value 0x00000000
20:05:49:556 (31/05/2024) - ROM TABLE: Detected ITM (ARMv7-M) at address 0xE0000000 (PID 0x00000004003BB001, CID 0xB105E00D)
20:05:49:557 (31/05/2024) - READ  MEM Access, AP 0, Addr 0xE00FF010, Val 0xFFF41003, "DAP Read Memory (32 bit) - Success" - ID 21
20:05:49:560 (31/05/2024) - READ  MEM BLOCK Access, AP 0, Start Addr 0xE0040FF0, End Addr 0xE0040FFF, "DAP Read Memory Block - Success" - ID 22
  Item #0, AP 0, Addr 0xE0040FF0, Value 0x0000000D
  Item #1, AP 0, Addr 0xE0040FF4, Value 0x00000090
  Item #2, AP 0, Addr 0xE0040FF8, Value 0x00000005
  Item #3, AP 0, Addr 0xE0040FFC, Value 0x000000B1
20:05:49:562 (31/05/2024) - READ  MEM BLOCK Access, AP 0, Start Addr 0xE0040FD0, End Addr 0xE0040FEF, "DAP Read Memory Block - Success" - ID 23
  Item #0, AP 0, Addr 0xE0040FD0, Value 0x00000004
  Item #1, AP 0, Addr 0xE0040FD4, Value 0x00000000
  Item #2, AP 0, Addr 0xE0040FD8, Value 0x00000000
  Item #3, AP 0, Addr 0xE0040FDC, Value 0x00000000
  Item #4, AP 0, Addr 0xE0040FE0, Value 0x000000A1
  Item #5, AP 0, Addr 0xE0040FE4, Value 0x000000B9
  Item #6, AP 0, Addr 0xE0040FE8, Value 0x0000000B
  Item #7, AP 0, Addr 0xE0040FEC, Value 0x00000000
20:05:49:562 (31/05/2024) - ROM TABLE: Detected TPIU (Cortex-M4) at address 0xE0040000 (PID 0x00000004000BB9A1, CID 0xB105900D)
20:05:49:563 (31/05/2024) - READ  MEM Access, AP 0, Addr 0xE00FF014, Val 0xFFF42003, "DAP Read Memory (32 bit) - Success" - ID 24
20:05:49:565 (31/05/2024) - READ  MEM BLOCK Access, AP 0, Start Addr 0xE0041FF0, End Addr 0xE0041FFF, "DAP Read Memory Block - Success" - ID 25
  Item #0, AP 0, Addr 0xE0041FF0, Value 0x0000000D
  Item #1, AP 0, Addr 0xE0041FF4, Value 0x00000090
  Item #2, AP 0, Addr 0xE0041FF8, Value 0x00000005
  Item #3, AP 0, Addr 0xE0041FFC, Value 0x000000B1
20:05:49:567 (31/05/2024) - READ  MEM BLOCK Access, AP 0, Start Addr 0xE0041FD0, End Addr 0xE0041FEF, "DAP Read Memory Block - Success" - ID 26
  Item #0, AP 0, Addr 0xE0041FD0, Value 0x00000004
  Item #1, AP 0, Addr 0xE0041FD4, Value 0x00000000
  Item #2, AP 0, Addr 0xE0041FD8, Value 0x00000000
  Item #3, AP 0, Addr 0xE0041FDC, Value 0x00000000
  Item #4, AP 0, Addr 0xE0041FE0, Value 0x00000025
  Item #5, AP 0, Addr 0xE0041FE4, Value 0x000000B9
  Item #6, AP 0, Addr 0xE0041FE8, Value 0x0000000B
  Item #7, AP 0, Addr 0xE0041FEC, Value 0x00000000
20:05:49:567 (31/05/2024) - ROM TABLE: Detected ETM (Cortex-M4) at address 0xE0041000 (PID 0x00000004000BB925, CID 0xB105900D)
20:05:49:568 (31/05/2024) - READ  MEM Access, AP 0, Addr 0xE00FF018, Val 0x00000000, "DAP Read Memory (32 bit) - Success" - ID 27
20:05:49:568 (31/05/2024) - END SEQUENCE "DebugReadRomTable", "success" - ID 20
20:05:49:568 (31/05/2024) - START SEQUENCE "_EvalCPUID", "default" - ID 21
20:05:49:568 (31/05/2024) - READ  MEM Access, AP 0, Addr 0xE000ED00, Val 0x410FC241, "DAP Read Memory (32 bit) - Success" - ID 28
20:05:49:569 (31/05/2024) - READ  MEM Access, AP 0, Addr 0xE000EF40, Val 0x10110021, "DAP Read Memory (32 bit) - Success" - ID 29
20:05:49:571 (31/05/2024) - READ  MEM Access, AP 0, Addr 0xE000EF44, Val 0x11000011, "DAP Read Memory (32 bit) - Success" - ID 30
20:05:49:571 (31/05/2024) - END SEQUENCE "_EvalCPUID", "success" - ID 22
20:05:49:571 (31/05/2024) - READ  DP  Access, Addr 0x00000004, Val 0xF0000F40, "DAP Read DP - Success" - ID 31
20:05:49:571 (31/05/2024) - END SEQUENCE "DebugReadTargetFeatures", "success" - ID 23
20:05:49:571 (31/05/2024) - START SEQUENCE "DebugCoreStart", "calling sequence" - ID 24
20:05:49:574 (31/05/2024) - WRITE MEM BLOCK Access, AP 0, Start Addr 0xE000EDF0, End Addr 0xE000EDF3, "DAP Write Memory Block (32-bit accesses) - Success" - ID 32
  Item #0, AP 0, Addr 0xE000EDF0, Value 0xA05F0001
20:05:49:576 (31/05/2024) - WRITE MEM BLOCK Access, AP 0, Start Addr 0xE0042004, End Addr 0xE0042007, "DAP Write Memory Block (32-bit accesses) - Success" - ID 33
  Item #0, AP 0, Addr 0xE0042004, Value 0x00000007
20:05:49:578 (31/05/2024) - WRITE MEM BLOCK Access, AP 0, Start Addr 0xE0042008, End Addr 0xE004200B, "DAP Write Memory Block (32-bit accesses) - Success" - ID 34
  Item #0, AP 0, Addr 0xE0042008, Value 0x00000000
20:05:49:580 (31/05/2024) - WRITE MEM BLOCK Access, AP 0, Start Addr 0xE004200C, End Addr 0xE004200F, "DAP Write Memory Block (32-bit accesses) - Success" - ID 35
  Item #0, AP 0, Addr 0xE004200C, Value 0x00000000
20:05:49:580 (31/05/2024) - END SEQUENCE "DebugCoreStart", "success" - ID 25
20:05:49:582 (31/05/2024) - READ  MEM Access, AP 0, Addr 0xE000EDFC, Val 0x01000000, "DAP Read Memory (32 bit) - Success" - ID 36
20:05:49:583 (31/05/2024) - WRITE MEM Access, AP 0, Addr 0xE000EDFC, Val 0x01000001, "DAP Write Memory (32 bit) - Success" - ID 37
20:05:49:584 (31/05/2024) - WRITE MEM Access, AP 0, Addr 0xE000EDF0, Val 0xA05F0003, "DAP Write Memory (32 bit) - Success" - ID 38
20:05:49:584 (31/05/2024) - READ  MEM Access, AP 0, Addr 0xE000EDF0, Val 0x01030003, "DAP Read Memory (32 bit) - Success" - ID 39
20:05:49:584 (31/05/2024) - END SEQUENCE "_WaitForStop", "success" - ID 26
20:05:49:585 (31/05/2024) - WRITE MEM Access, AP 0, Addr 0xE000EDF0, Val 0xA05F0003, "DAP Write Memory (32 bit) - Success" - ID 40
20:05:49:585 (31/05/2024) - START SEQUENCE "_InitDebugComponents", "default" - ID 27
20:05:49:586 (31/05/2024) - READ  MEM Access, AP 0, Addr 0xE000EDFC, Val 0x01000001, "DAP Read Memory (32 bit) - Success" - ID 41
20:05:49:587 (31/05/2024) - READ  MEM Access, AP 0, Addr 0xE0002000, Val 0x00000260, "DAP Read Memory (32 bit) - Success" - ID 42
20:05:49:587 (31/05/2024) - READ  MEM Access, AP 0, Addr 0xE0001000, Val 0x40000001, "DAP Read Memory (32 bit) - Success" - ID 43
20:05:49:588 (31/05/2024) - WRITE MEM Access, AP 0, Addr 0xE0001024, Val 0x0000001F, "DAP Write Memory (32 bit) - Success" - ID 44
20:05:49:589 (31/05/2024) - READ  MEM Access, AP 0, Addr 0xE0001024, Val 0x0000000F, "DAP Read Memory (32 bit) - Success" - ID 45
20:05:49:589 (31/05/2024) - WRITE MEM Access, AP 0, Addr 0xE0001024, Val 0x00000000, "DAP Write Memory (32 bit) - Success" - ID 46
20:05:49:590 (31/05/2024) - WRITE MEM Access, AP 0, Addr 0xE0001028, Val 0x00000100, "DAP Write Memory (32 bit) - Success" - ID 47
20:05:49:592 (31/05/2024) - READ  MEM Access, AP 0, Addr 0xE0001028, Val 0x00000000, "DAP Read Memory (32 bit) - Success" - ID 48
20:05:49:593 (31/05/2024) - WRITE MEM Access, AP 0, Addr 0xE0001028, Val 0x00000080, "DAP Write Memory (32 bit) - Success" - ID 49
20:05:49:593 (31/05/2024) - READ  MEM Access, AP 0, Addr 0xE0001028, Val 0x00000080, "DAP Read Memory (32 bit) - Success" - ID 50
20:05:49:594 (31/05/2024) - WRITE MEM Access, AP 0, Addr 0xE0001028, Val 0x00000000, "DAP Write Memory (32 bit) - Success" - ID 51
20:05:49:595 (31/05/2024) - WRITE MEM Access, AP 0, Addr 0xE0001038, Val 0x00000100, "DAP Write Memory (32 bit) - Success" - ID 52
20:05:49:596 (31/05/2024) - READ  MEM Access, AP 0, Addr 0xE0001038, Val 0x00000300, "DAP Read Memory (32 bit) - Success" - ID 53
20:05:49:596 (31/05/2024) - WRITE MEM Access, AP 0, Addr 0xE0001038, Val 0x00000080, "DAP Write Memory (32 bit) - Success" - ID 54
20:05:49:597 (31/05/2024) - READ  MEM Access, AP 0, Addr 0xE0001038, Val 0x00000200, "DAP Read Memory (32 bit) - Success" - ID 55
20:05:49:597 (31/05/2024) - WRITE MEM Access, AP 0, Addr 0xE0001038, Val 0x00000000, "DAP Write Memory (32 bit) - Success" - ID 56
20:05:49:598 (31/05/2024) - WRITE MEM Access, AP 0, Addr 0xE0001048, Val 0x00000100, "DAP Write Memory (32 bit) - Success" - ID 57
20:05:49:599 (31/05/2024) - READ  MEM Access, AP 0, Addr 0xE0001048, Val 0x00000000, "DAP Read Memory (32 bit) - Success" - ID 58
20:05:49:600 (31/05/2024) - WRITE MEM Access, AP 0, Addr 0xE0001048, Val 0x00000080, "DAP Write Memory (32 bit) - Success" - ID 59
20:05:49:600 (31/05/2024) - READ  MEM Access, AP 0, Addr 0xE0001048, Val 0x00000000, "DAP Read Memory (32 bit) - Success" - ID 60
20:05:49:601 (31/05/2024) - WRITE MEM Access, AP 0, Addr 0xE0001048, Val 0x00000000, "DAP Write Memory (32 bit) - Success" - ID 61
20:05:49:601 (31/05/2024) - WRITE MEM Access, AP 0, Addr 0xE0001058, Val 0x00000100, "DAP Write Memory (32 bit) - Success" - ID 62
20:05:49:603 (31/05/2024) - READ  MEM Access, AP 0, Addr 0xE0001058, Val 0x00000000, "DAP Read Memory (32 bit) - Success" - ID 63
20:05:49:604 (31/05/2024) - WRITE MEM Access, AP 0, Addr 0xE0001058, Val 0x00000080, "DAP Write Memory (32 bit) - Success" - ID 64
20:05:49:605 (31/05/2024) - READ  MEM Access, AP 0, Addr 0xE0001058, Val 0x00000000, "DAP Read Memory (32 bit) - Success" - ID 65
20:05:49:605 (31/05/2024) - WRITE MEM Access, AP 0, Addr 0xE0001058, Val 0x00000000, "DAP Write Memory (32 bit) - Success" - ID 66
20:05:49:606 (31/05/2024) - WRITE MEM Access, AP 0, Addr 0xE0002000, Val 0x00000002, "DAP Write Memory (32 bit) - Success" - ID 67
20:05:49:607 (31/05/2024) - WRITE MEM Access, AP 0, Addr 0xE0001028, Val 0x00000000, "DAP Write Memory (32 bit) - Success" - ID 68
20:05:49:607 (31/05/2024) - WRITE MEM Access, AP 0, Addr 0xE0001038, Val 0x00000000, "DAP Write Memory (32 bit) - Success" - ID 69
20:05:49:608 (31/05/2024) - WRITE MEM Access, AP 0, Addr 0xE0001048, Val 0x00000000, "DAP Write Memory (32 bit) - Success" - ID 70
20:05:49:609 (31/05/2024) - WRITE MEM Access, AP 0, Addr 0xE0001058, Val 0x00000000, "DAP Write Memory (32 bit) - Success" - ID 71
20:05:49:609 (31/05/2024) - READ  MEM Access, AP 0, Addr 0xE000E004, Val 0x00000002, "DAP Read Memory (32 bit) - Success" - ID 72
20:05:49:613 (31/05/2024) - WRITE MEM BLOCK Access, AP 0, Start Addr 0xE0001000, End Addr 0xE000101B, "DAP Write Memory Block - Success" - ID 73
  Item #0, AP 0, Addr 0xE0001000, Value 0x00000001
  Item #1, AP 0, Addr 0xE0001004, Value 0x00000000
  Item #2, AP 0, Addr 0xE0001008, Value 0x00000000
  Item #3, AP 0, Addr 0xE000100C, Value 0x00000000
  Item #4, AP 0, Addr 0xE0001010, Value 0x00000000
  Item #5, AP 0, Addr 0xE0001014, Value 0x00000000
  Item #6, AP 0, Addr 0xE0001018, Value 0x00000000
20:05:49:613 (31/05/2024) - END SEQUENCE "_InitDebugComponents", "success" - ID 28
20:05:49:616 (31/05/2024) - START SEQUENCE "_InitTrace", "default" - ID 29
20:05:49:616 (31/05/2024) - END SEQUENCE "_InitTrace", "success" - ID 30
20:05:49:616 (31/05/2024) - END SEQUENCE "InitTarget", "success" - ID 31
20:05:49:616 (31/05/2024) - START SEQUENCE "ResetCatchSet", "default" - ID 32
20:05:49:617 (31/05/2024) - WRITE MEM Access, AP 0, Addr 0xE000EDFC, Val 0x00000001, "DAP Write Memory (32 bit) - Success" - ID 74
20:05:49:618 (31/05/2024) - READ  MEM Access, AP 0, Addr 0xE000EDF0, Val 0x00030003, "DAP Read Memory (32 bit) - Success" - ID 75
20:05:49:618 (31/05/2024) - END SEQUENCE "ResetCatchSet", "success" - ID 33
20:05:49:618 (31/05/2024) - START SEQUENCE "ResetSystem", "default" - ID 34
20:05:49:619 (31/05/2024) - WRITE MEM Access, AP 0, Addr 0xE000ED0C, Val 0x05FA0004, "DAP Write Memory (32 bit) - Success" - ID 76
20:05:49:619 (31/05/2024) - START SEQUENCE "_ResetRecovery", "default" - ID 35
20:05:49:620 (31/05/2024) - READ  MEM Access, AP 0, Addr 0xE000EDF0, Val 0x02010001, "DAP Read Memory (32 bit) - Success" - ID 77
20:05:49:621 (31/05/2024) - READ  MEM Access, AP 0, Addr 0xE000EDF0, Val 0x02010001, "DAP Read Memory (32 bit) - Success" - ID 78
20:05:49:622 (31/05/2024) - READ  MEM Access, AP 0, Addr 0xE000EDF0, Val 0x02010001, "DAP Read Memory (32 bit) - Success" - ID 79
20:05:49:622 (31/05/2024) - READ  MEM Access, AP 0, Addr 0xE000EDF0, Val 0x02010001, "DAP Read Memory (32 bit) - Success" - ID 80
20:05:49:623 (31/05/2024) - READ  MEM Access, AP 0, Addr 0xE000EDF0, Val 0x02010001, "DAP Read Memory (32 bit) - Success" - ID 81
20:05:49:624 (31/05/2024) - READ  MEM Access, AP 0, Addr 0xE000EDF0, Val 0x02030003, "DAP Read Memory (32 bit) - Success" - ID 82
20:05:49:624 (31/05/2024) - READ  MEM Access, AP 0, Addr 0xE000EDF0, Val 0x00030003, "DAP Read Memory (32 bit) - Success" - ID 83
  20:05:49:628 (31/05/2024) - END SEQUENCE "_ResetRecovery", "success" - ID 36
  20:05:49:628 (31/05/2024) - END SEQUENCE "ResetSystem", "success" - ID 37
20:05:49:630 (31/05/2024) - READ  MEM Access, AP 0, Addr 0xE000EDF0, Val 0x00030003, "DAP Read Memory (32 bit) - Success" - ID 84
20:05:49:667 (31/05/2024) - READ  MEM Access, AP 0, Addr 0xE000EDF0, Val 0x00030003, "DAP Read Memory (32 bit) - Success" - ID 85
20:05:49:668 (31/05/2024) - READ  MEM Access, AP 0, Addr 0xE000EDF0, Val 0x00030003, "DAP Read Memory (32 bit) - Success" - ID 86
  20:05:49:668 (31/05/2024) - END SEQUENCE "_WaitForStop", "success" - ID 38
  20:05:49:668 (31/05/2024) - START SEQUENCE "ResetCatchClear", "default" - ID 39
20:05:49:669 (31/05/2024) - READ  MEM Access, AP 0, Addr 0xE000EDFC, Val 0x00000001, "DAP Read Memory (32 bit) - Success" - ID 87
20:05:49:670 (31/05/2024) - WRITE MEM Access, AP 0, Addr 0xE000EDFC, Val 0x00000001, "DAP Write Memory (32 bit) - Success" - ID 88
20:05:49:670 (31/05/2024) - END SEQUENCE "ResetCatchClear", "success" - ID 40
20:05:49:671 (31/05/2024) - WRITE MEM Access, AP 0, Addr 0xE000EDFC, Val 0x01000001, "DAP Write Memory (32 bit) - Success" - ID 89
20:05:49:681 (31/05/2024) - READ  MEM Access, AP 0, Addr 0xE000EDF0, Val 0x00030003, "DAP Read Memory (32 bit) - Success" - ID 90
20:05:50:183 (31/05/2024) - READ  MEM Access, AP 0, Addr 0xE000EDF0, Val 0x00030003, "DAP Read Memory (32 bit) - Success" - ID 91
20:05:50:355 (31/05/2024) - START SEQUENCE "ResetCatchSet", "default" - ID 41
20:05:50:356 (31/05/2024) - WRITE MEM Access, AP 0, Addr 0xE000EDFC, Val 0x00000001, "DAP Write Memory (32 bit) - Success" - ID 92
20:05:50:356 (31/05/2024) - READ  MEM Access, AP 0, Addr 0xE000EDF0, Val 0x00030003, "DAP Read Memory (32 bit) - Success" - ID 93
20:05:50:356 (31/05/2024) - END SEQUENCE "ResetCatchSet", "success" - ID 42
20:05:50:360 (31/05/2024) - START SEQUENCE "ResetSystem", "default" - ID 43
20:05:50:361 (31/05/2024) - WRITE MEM Access, AP 0, Addr 0xE000ED0C, Val 0x05FA0004, "DAP Write Memory (32 bit) - Success" - ID 94
20:05:50:361 (31/05/2024) - START SEQUENCE "_ResetRecovery", "default" - ID 44
20:05:50:362 (31/05/2024) - READ  MEM Access, AP 0, Addr 0xE000EDF0, Val 0x02010001, "DAP Read Memory (32 bit) - Success" - ID 95
20:05:50:362 (31/05/2024) - READ  MEM Access, AP 0, Addr 0xE000EDF0, Val 0x02010001, "DAP Read Memory (32 bit) - Success" - ID 96
20:05:50:363 (31/05/2024) - READ  MEM Access, AP 0, Addr 0xE000EDF0, Val 0x02010001, "DAP Read Memory (32 bit) - Success" - ID 97
20:05:50:364 (31/05/2024) - READ  MEM Access, AP 0, Addr 0xE000EDF0, Val 0x02010001, "DAP Read Memory (32 bit) - Success" - ID 98
20:05:50:365 (31/05/2024) - READ  MEM Access, AP 0, Addr 0xE000EDF0, Val 0x02010001, "DAP Read Memory (32 bit) - Success" - ID 99
20:05:50:365 (31/05/2024) - READ  MEM Access, AP 0, Addr 0xE000EDF0, Val 0x02030003, "DAP Read Memory (32 bit) - Success" - ID 100
20:05:50:366 (31/05/2024) - READ  MEM Access, AP 0, Addr 0xE000EDF0, Val 0x00030003, "DAP Read Memory (32 bit) - Success" - ID 101
  20:05:50:374 (31/05/2024) - END SEQUENCE "_ResetRecovery", "success" - ID 45
  20:05:50:374 (31/05/2024) - END SEQUENCE "ResetSystem", "success" - ID 46
20:05:50:376 (31/05/2024) - READ  MEM Access, AP 0, Addr 0xE000EDF0, Val 0x00030003, "DAP Read Memory (32 bit) - Success" - ID 102
20:05:50:379 (31/05/2024) - READ  MEM Access, AP 0, Addr 0xE000EDF0, Val 0x00030003, "DAP Read Memory (32 bit) - Success" - ID 103
20:05:50:380 (31/05/2024) - READ  MEM Access, AP 0, Addr 0xE000EDF0, Val 0x00030003, "DAP Read Memory (32 bit) - Success" - ID 104
  20:05:50:380 (31/05/2024) - END SEQUENCE "_WaitForStop", "success" - ID 47
  20:05:50:380 (31/05/2024) - START SEQUENCE "ResetCatchClear", "default" - ID 48
20:05:50:381 (31/05/2024) - READ  MEM Access, AP 0, Addr 0xE000EDFC, Val 0x00000001, "DAP Read Memory (32 bit) - Success" - ID 105
20:05:50:382 (31/05/2024) - WRITE MEM Access, AP 0, Addr 0xE000EDFC, Val 0x00000001, "DAP Write Memory (32 bit) - Success" - ID 106
20:05:50:382 (31/05/2024) - END SEQUENCE "ResetCatchClear", "success" - ID 49
20:05:50:383 (31/05/2024) - WRITE MEM Access, AP 0, Addr 0xE000EDFC, Val 0x01000001, "DAP Write Memory (32 bit) - Success" - ID 107
20:05:50:618 (31/05/2024) - WRITE MEM Access, AP 0, Addr 0xE0001008, Val 0x00000000, "DAP Write Memory (32 bit) - Success" - ID 108
20:05:50:618 (31/05/2024) - WRITE MEM Access, AP 0, Addr 0xE000100C, Val 0x00000000, "DAP Write Memory (32 bit) - Success" - ID 109
20:05:50:619 (31/05/2024) - WRITE MEM Access, AP 0, Addr 0xE0001010, Val 0x00000000, "DAP Write Memory (32 bit) - Success" - ID 110
20:05:50:620 (31/05/2024) - WRITE MEM Access, AP 0, Addr 0xE0001014, Val 0x00000000, "DAP Write Memory (32 bit) - Success" - ID 111
20:05:50:621 (31/05/2024) - WRITE MEM Access, AP 0, Addr 0xE0001018, Val 0x00000000, "DAP Write Memory (32 bit) - Success" - ID 112
20:05:50:631 (31/05/2024) - READ  MEM Access, AP 0, Addr 0xE000EDF0, Val 0x00030003, "DAP Read Memory (32 bit) - Success" - ID 113
20:05:50:888 (31/05/2024) - READ  MEM Access, AP 0, Addr 0xE000EDF0, Val 0x00030003, "DAP Read Memory (32 bit) - Success" - ID 114
20:05:51:138 (31/05/2024) - READ  MEM Access, AP 0, Addr 0xE000EDF0, Val 0x00030003, "DAP Read Memory (32 bit) - Success" - ID 115
20:05:51:389 (31/05/2024) - READ  MEM Access, AP 0, Addr 0xE000EDF0, Val 0x00030003, "DAP Read Memory (32 bit) - Success" - ID 116
20:05:51:640 (31/05/2024) - READ  MEM Access, AP 0, Addr 0xE000EDF0, Val 0x00030003, "DAP Read Memory (32 bit) - Success" - ID 117
20:05:51:891 (31/05/2024) - READ  MEM Access, AP 0, Addr 0xE000EDF0, Val 0x00030003, "DAP Read Memory (32 bit) - Success" - ID 118
20:05:52:142 (31/05/2024) - READ  MEM Access, AP 0, Addr 0xE000EDF0, Val 0x00030003, "DAP Read Memory (32 bit) - Success" - ID 119
20:05:52:393 (31/05/2024) - READ  MEM Access, AP 0, Addr 0xE000EDF0, Val 0x00030003, "DAP Read Memory (32 bit) - Success" - ID 120
20:05:52:645 (31/05/2024) - READ  MEM Access, AP 0, Addr 0xE000EDF0, Val 0x00030003, "DAP Read Memory (32 bit) - Success" - ID 121
20:05:52:895 (31/05/2024) - READ  MEM Access, AP 0, Addr 0xE000EDF0, Val 0x00030003, "DAP Read Memory (32 bit) - Success" - ID 122
20:05:53:146 (31/05/2024) - READ  MEM Access, AP 0, Addr 0xE000EDF0, Val 0x00030003, "DAP Read Memory (32 bit) - Success" - ID 123
20:05:53:397 (31/05/2024) - READ  MEM Access, AP 0, Addr 0xE000EDF0, Val 0x00030003, "DAP Read Memory (32 bit) - Success" - ID 124
20:05:53:649 (31/05/2024) - READ  MEM Access, AP 0, Addr 0xE000EDF0, Val 0x00030003, "DAP Read Memory (32 bit) - Success" - ID 125
20:05:53:900 (31/05/2024) - READ  MEM Access, AP 0, Addr 0xE000EDF0, Val 0x00030003, "DAP Read Memory (32 bit) - Success" - ID 126
20:05:53:958 (31/05/2024) - READ  MEM BLOCK Access, AP 0, Start Addr 0x2000431C, End Addr 0x2000431F, "DAP Read Memory Block - Success" - ID 127
  Item #0, AP 0, Addr 0x2000431C, Value 0x00000000
20:05:54:065 (31/05/2024) - READ  MEM BLOCK Access, AP 0, Start Addr 0x08000328, End Addr 0x08000329, "DAP Read Memory Block - Success" - ID 128
  Item #0, AP 0, Addr 0x08000328, Value 0x4809
20:05:54:077 (31/05/2024) - READ  MEM BLOCK Access, AP 0, Start Addr 0x2000431C, End Addr 0x2000431F, "DAP Read Memory Block - Success" - ID 129
  Item #0, AP 0, Addr 0x2000431C, Value 0x00000000
20:05:54:124 (31/05/2024) - WRITE MEM Access, AP 0, Addr 0xE0001008, Val 0x00000000, "DAP Write Memory (32 bit) - Success" - ID 130
20:05:54:125 (31/05/2024) - WRITE MEM Access, AP 0, Addr 0xE000100C, Val 0x00000000, "DAP Write Memory (32 bit) - Success" - ID 131
20:05:54:126 (31/05/2024) - WRITE MEM Access, AP 0, Addr 0xE0001010, Val 0x00000000, "DAP Write Memory (32 bit) - Success" - ID 132
20:05:54:126 (31/05/2024) - WRITE MEM Access, AP 0, Addr 0xE0001014, Val 0x00000000, "DAP Write Memory (32 bit) - Success" - ID 133
20:05:54:128 (31/05/2024) - WRITE MEM Access, AP 0, Addr 0xE0001018, Val 0x00000000, "DAP Write Memory (32 bit) - Success" - ID 134
20:05:54:133 (31/05/2024) - WRITE MEM BLOCK Access, AP 0, Start Addr 0xE0002000, End Addr 0xE000201F, "DAP Write Memory Block - Success" - ID 135
  Item #0, AP 0, Addr 0xE0002000, Value 0x00000003
  Item #1, AP 0, Addr 0xE0002004, Value 0x00000000
  Item #2, AP 0, Addr 0xE0002008, Value 0x48005A55
  Item #3, AP 0, Addr 0xE000200C, Value 0x00000000
  Item #4, AP 0, Addr 0xE0002010, Value 0x00000000
  Item #5, AP 0, Addr 0xE0002014, Value 0x00000000
  Item #6, AP 0, Addr 0xE0002018, Value 0x00000000
  Item #7, AP 0, Addr 0xE000201C, Value 0x00000000
20:05:54:138 (31/05/2024) - WRITE MEM BLOCK Access, AP 0, Start Addr 0xE0001020, End Addr 0xE000105F, "DAP Write Memory Block - Success" - ID 136
  Item #0, AP 0, Addr 0xE0001020, Value 0x00000000
  Item #1, AP 0, Addr 0xE0001024, Value 0x00000000
  Item #2, AP 0, Addr 0xE0001028, Value 0x00000000
  Item #3, AP 0, Addr 0xE000102C, Value 0x00000000
  Item #4, AP 0, Addr 0xE0001030, Value 0x00000000
  Item #5, AP 0, Addr 0xE0001034, Value 0x00000000
  Item #6, AP 0, Addr 0xE0001038, Value 0x00000000
  Item #7, AP 0, Addr 0xE000103C, Value 0x00000000
  Item #8, AP 0, Addr 0xE0001040, Value 0x00000000
  Item #9, AP 0, Addr 0xE0001044, Value 0x00000000
  Item #10, AP 0, Addr 0xE0001048, Value 0x00000000
  Item #11, AP 0, Addr 0xE000104C, Value 0x00000000
  Item #12, AP 0, Addr 0xE0001050, Value 0x00000000
  Item #13, AP 0, Addr 0xE0001054, Value 0x00000000
  Item #14, AP 0, Addr 0xE0001058, Value 0x00000000
  Item #15, AP 0, Addr 0xE000105C, Value 0x00000000
20:05:54:139 (31/05/2024) - WRITE MEM Access, AP 0, Addr 0xE000ED30, Val 0x0000001F, "DAP Write Memory (32 bit) - Success" - ID 137
20:05:54:140 (31/05/2024) - WRITE MEM Access, AP 0, Addr 0xE000EDF0, Val 0xA05F0001, "DAP Write Memory (32 bit) - Success" - ID 138
20:05:54:141 (31/05/2024) - READ  MEM Access, AP 0, Addr 0xE000EDF0, Val 0x01010001, "DAP Read Memory (32 bit) - Success" - ID 139
20:05:54:141 (31/05/2024) - READ  MEM Access, AP 0, Addr 0xE000EDF0, Val 0x01030003, "DAP Read Memory (32 bit) - Success" - ID 140
20:05:54:198 (31/05/2024) - WRITE MEM BLOCK Access, AP 0, Start Addr 0xE0002000, End Addr 0xE000201F, "DAP Write Memory Block - Success" - ID 141
  Item #0, AP 0, Addr 0xE0002000, Value 0x00000002
  Item #1, AP 0, Addr 0xE0002004, Value 0x00000000
  Item #2, AP 0, Addr 0xE0002008, Value 0x00000000
  Item #3, AP 0, Addr 0xE000200C, Value 0x00000000
  Item #4, AP 0, Addr 0xE0002010, Value 0x00000000
  Item #5, AP 0, Addr 0xE0002014, Value 0x00000000
  Item #6, AP 0, Addr 0xE0002018, Value 0x00000000
  Item #7, AP 0, Addr 0xE000201C, Value 0x00000000
20:05:54:205 (31/05/2024) - WRITE MEM BLOCK Access, AP 0, Start Addr 0xE0001020, End Addr 0xE000105F, "DAP Write Memory Block - Success" - ID 142
  Item #0, AP 0, Addr 0xE0001020, Value 0x00000000
  Item #1, AP 0, Addr 0xE0001024, Value 0x00000000
  Item #2, AP 0, Addr 0xE0001028, Value 0x00000000
  Item #3, AP 0, Addr 0xE000102C, Value 0x00000000
  Item #4, AP 0, Addr 0xE0001030, Value 0x00000000
  Item #5, AP 0, Addr 0xE0001034, Value 0x00000000
  Item #6, AP 0, Addr 0xE0001038, Value 0x00000000
  Item #7, AP 0, Addr 0xE000103C, Value 0x00000000
  Item #8, AP 0, Addr 0xE0001040, Value 0x00000000
  Item #9, AP 0, Addr 0xE0001044, Value 0x00000000
  Item #10, AP 0, Addr 0xE0001048, Value 0x00000000
  Item #11, AP 0, Addr 0xE000104C, Value 0x00000000
  Item #12, AP 0, Addr 0xE0001050, Value 0x00000000
  Item #13, AP 0, Addr 0xE0001054, Value 0x00000000
  Item #14, AP 0, Addr 0xE0001058, Value 0x00000000
  Item #15, AP 0, Addr 0xE000105C, Value 0x00000000
20:05:54:206 (31/05/2024) - READ  MEM Access, AP 0, Addr 0xE000ED30, Val 0x00000002, "DAP Read Memory (32 bit) - Success" - ID 143
20:05:54:207 (31/05/2024) - READ  MEM Access, AP 0, Addr 0xE0001028, Val 0x00000000, "DAP Read Memory (32 bit) - Success" - ID 144
20:05:54:208 (31/05/2024) - READ  MEM Access, AP 0, Addr 0xE0001038, Val 0x00000200, "DAP Read Memory (32 bit) - Success" - ID 145
20:05:54:208 (31/05/2024) - READ  MEM Access, AP 0, Addr 0xE0001048, Val 0x00000000, "DAP Read Memory (32 bit) - Success" - ID 146
20:05:54:209 (31/05/2024) - READ  MEM Access, AP 0, Addr 0xE0001058, Val 0x00000000, "DAP Read Memory (32 bit) - Success" - ID 147
20:05:54:232 (31/05/2024) - READ  MEM BLOCK Access, AP 0, Start Addr 0x2000431C, End Addr 0x2000431F, "DAP Read Memory Block - Success" - ID 148
  Item #0, AP 0, Addr 0x2000431C, Value 0x00000000
20:05:54:243 (31/05/2024) - READ  MEM BLOCK Access, AP 0, Start Addr 0x08005954, End Addr 0x0800598F, "DAP Read Memory Block - Success" - ID 149
  Item #0, AP 0, Addr 0x08005954, Value 0xF9B00A1A
  Item #1, AP 0, Addr 0x08005958, Value 0xFB922002
  Item #2, AP 0, Addr 0x0800595C, Value 0x3291F2F1
  Item #3, AP 0, Addr 0x08005960, Value 0x2A10EE00
  Item #4, AP 0, Addr 0x08005964, Value 0x0AC0EEB8
  Item #5, AP 0, Addr 0x08005968, Value 0xFF9CF7FF
  Item #6, AP 0, Addr 0x0800596C, Value 0x0A21EEC0
  Item #7, AP 0, Addr 0x08005970, Value 0x1A32ED9F
  Item #8, AP 0, Addr 0x08005974, Value 0x0A82EE20
  Item #9, AP 0, Addr 0x08005978, Value 0x0A31EDDF
  Item #10, AP 0, Addr 0x0800597C, Value 0x0A38ED84
  Item #11, AP 0, Addr 0x08005980, Value 0x0002F9B0
  Item #12, AP 0, Addr 0x08005984, Value 0xF0F1FB90
  Item #13, AP 0, Addr 0x08005988, Value 0xEE003087
  Item #14, AP 0, Addr 0x0800598C, Value 0xEEB80A10
20:05:54:246 (31/05/2024) - READ  MEM BLOCK Access, AP 0, Start Addr 0x08005990, End Addr 0x080059CB, "DAP Read Memory Block - Success" - ID 150
  Item #0, AP 0, Addr 0x08005990, Value 0xF7FF0AC0
  Item #1, AP 0, Addr 0x08005994, Value 0xEEC0FF87
  Item #2, AP 0, Addr 0x08005998, Value 0xED9F0A21
  Item #3, AP 0, Addr 0x0800599C, Value 0xEDDF8A2A
  Item #4, AP 0, Addr 0x080059A0, Value 0xED9F8A2A
  Item #5, AP 0, Addr 0x080059A4, Value 0xEEF09A2A
  Item #6, AP 0, Addr 0x080059A8, Value 0xEEB01A48
  Item #7, AP 0, Addr 0x080059AC, Value 0x21011A68
  Item #8, AP 0, Addr 0x080059B0, Value 0xEE204827
  Item #9, AP 0, Addr 0x080059B4, Value 0xEEB80A82
  Item #10, AP 0, Addr 0x080059B8, Value 0xEEF02A00
  Item #11, AP 0, Addr 0x080059BC, Value 0xED840A49
  Item #12, AP 0, Addr 0x080059C0, Value 0xED940A56
  Item #13, AP 0, Addr 0x080059C4, Value 0xF7FD0A1A
  Item #14, AP 0, Addr 0x080059C8, Value 0x2002FACF
20:05:54:248 (31/05/2024) - READ  MEM BLOCK Access, AP 0, Start Addr 0x080059CC, End Addr 0x08005A07, "DAP Read Memory Block - Success" - ID 151
  Item #0, AP 0, Addr 0x080059CC, Value 0xF956F000
  Item #1, AP 0, Addr 0x080059D0, Value 0x0A38ED94
  Item #2, AP 0, Addr 0x080059D4, Value 0x2A00EEB8
  Item #3, AP 0, Addr 0x080059D8, Value 0x1A48EEF0
  Item #4, AP 0, Addr 0x080059DC, Value 0x1A68EEB0
  Item #5, AP 0, Addr 0x080059E0, Value 0x0A49EEF0
  Item #6, AP 0, Addr 0x080059E4, Value 0x481A2102
  Item #7, AP 0, Addr 0x080059E8, Value 0xFABEF7FD
  Item #8, AP 0, Addr 0x080059EC, Value 0xF0002002
  Item #9, AP 0, Addr 0x080059F0, Value 0xED94F945
  Item #10, AP 0, Addr 0x080059F4, Value 0xEEB80A56
  Item #11, AP 0, Addr 0x080059F8, Value 0xEEF02A00
  Item #12, AP 0, Addr 0x080059FC, Value 0xEEB01A48
  Item #13, AP 0, Addr 0x08005A00, Value 0xEEF01A68
  Item #14, AP 0, Addr 0x08005A04, Value 0x21030A49
20:05:54:250 (31/05/2024) - READ  MEM BLOCK Access, AP 0, Start Addr 0x08005A08, End Addr 0x08005A43, "DAP Read Memory Block - Success" - ID 152
  Item #0, AP 0, Addr 0x08005A08, Value 0xF7FD4811
  Item #1, AP 0, Addr 0x08005A0C, Value 0xECBDFAAD
  Item #2, AP 0, Addr 0x08005A10, Value 0x20028B04
  Item #3, AP 0, Addr 0x08005A14, Value 0x4010E8BD
  Item #4, AP 0, Addr 0x08005A18, Value 0xB930F000
  Item #5, AP 0, Addr 0x08005A1C, Value 0x200044B8
  Item #6, AP 0, Addr 0x08005A20, Value 0x42E20000
  Item #7, AP 0, Addr 0x08005A24, Value 0x42A20000
  Item #8, AP 0, Addr 0x08005A28, Value 0x43340000
  Item #9, AP 0, Addr 0x08005A2C, Value 0xC0490FDB
  Item #10, AP 0, Addr 0x08005A30, Value 0x20004308
  Item #11, AP 0, Addr 0x08005A34, Value 0x43310000
  Item #12, AP 0, Addr 0x08005A38, Value 0x43110000
  Item #13, AP 0, Addr 0x08005A3C, Value 0x43270000
  Item #14, AP 0, Addr 0x08005A40, Value 0x43070000
20:05:54:252 (31/05/2024) - READ  MEM BLOCK Access, AP 0, Start Addr 0x08005A52, End Addr 0x08005A53, "DAP Read Memory Block - Success" - ID 153
  Item #0, AP 0, Addr 0x08005A52, Value 0x2000
20:05:54:255 (31/05/2024) - READ  MEM BLOCK Access, AP 0, Start Addr 0x08005A54, End Addr 0x08005A8F, "DAP Read Memory Block - Success" - ID 154
  Item #0, AP 0, Addr 0x08005A54, Value 0xFDA4F7FB
  Item #1, AP 0, Addr 0x08005A58, Value 0xFE3CF7FD
  Item #2, AP 0, Addr 0x08005A5C, Value 0xFB86F7FD
  Item #3, AP 0, Addr 0x08005A60, Value 0xFB40F7FD
  Item #4, AP 0, Addr 0x08005A64, Value 0xFAFAF7FD
  Item #5, AP 0, Addr 0x08005A68, Value 0xFB1AF7FD
  Item #6, AP 0, Addr 0x08005A6C, Value 0xFBACF7FD
  Item #7, AP 0, Addr 0x08005A70, Value 0xFBFEF7FD
  Item #8, AP 0, Addr 0x08005A74, Value 0xFBE0F7FD
  Item #9, AP 0, Addr 0x08005A78, Value 0x21052200
  Item #10, AP 0, Addr 0x08005A7C, Value 0xF7FB2014
  Item #11, AP 0, Addr 0x08005A80, Value 0x2014FDF3
  Item #12, AP 0, Addr 0x08005A84, Value 0xFDE2F7FB
  Item #13, AP 0, Addr 0x08005A88, Value 0xFEE0F7FF
  Item #14, AP 0, Addr 0x08005A8C, Value 0xFB56F000
20:05:54:392 (31/05/2024) - READ  MEM BLOCK Access, AP 0, Start Addr 0x08005A54, End Addr 0x08005A55, "DAP Read Memory Block - Success" - ID 155
  Item #0, AP 0, Addr 0x08005A54, Value 0xF7FB
20:05:54:396 (31/05/2024) - WRITE MEM BLOCK Access, AP 0, Start Addr 0xE0002000, End Addr 0xE000201F, "DAP Write Memory Block - Success" - ID 156
  Item #0, AP 0, Addr 0xE0002000, Value 0x00000003
  Item #1, AP 0, Addr 0xE0002004, Value 0x00000000
  Item #2, AP 0, Addr 0xE0002008, Value 0x00000000
  Item #3, AP 0, Addr 0xE000200C, Value 0x00000000
  Item #4, AP 0, Addr 0xE0002010, Value 0x00000000
  Item #5, AP 0, Addr 0xE0002014, Value 0x00000000
  Item #6, AP 0, Addr 0xE0002018, Value 0x00000000
  Item #7, AP 0, Addr 0xE000201C, Value 0x00000000
20:05:54:399 (31/05/2024) - WRITE MEM BLOCK Access, AP 0, Start Addr 0xE0001020, End Addr 0xE000105F, "DAP Write Memory Block - Success" - ID 157
  Item #0, AP 0, Addr 0xE0001020, Value 0x00000000
  Item #1, AP 0, Addr 0xE0001024, Value 0x00000000
  Item #2, AP 0, Addr 0xE0001028, Value 0x00000000
  Item #3, AP 0, Addr 0xE000102C, Value 0x00000000
  Item #4, AP 0, Addr 0xE0001030, Value 0x00000000
  Item #5, AP 0, Addr 0xE0001034, Value 0x00000000
  Item #6, AP 0, Addr 0xE0001038, Value 0x00000200
  Item #7, AP 0, Addr 0xE000103C, Value 0x00000000
  Item #8, AP 0, Addr 0xE0001040, Value 0x00000000
  Item #9, AP 0, Addr 0xE0001044, Value 0x00000000
  Item #10, AP 0, Addr 0xE0001048, Value 0x00000000
  Item #11, AP 0, Addr 0xE000104C, Value 0x00000000
  Item #12, AP 0, Addr 0xE0001050, Value 0x00000000
  Item #13, AP 0, Addr 0xE0001054, Value 0x00000000
  Item #14, AP 0, Addr 0xE0001058, Value 0x00000000
  Item #15, AP 0, Addr 0xE000105C, Value 0x00000000
20:05:54:399 (31/05/2024) - WRITE MEM Access, AP 0, Addr 0xE000ED30, Val 0x0000001F, "DAP Write Memory (32 bit) - Success" - ID 158
20:05:54:400 (31/05/2024) - WRITE MEM Access, AP 0, Addr 0xE000EDF0, Val 0xA05F0001, "DAP Write Memory (32 bit) - Success" - ID 159
20:05:54:401 (31/05/2024) - READ  MEM Access, AP 0, Addr 0xE000EDF0, Val 0x01010001, "DAP Read Memory (32 bit) - Success" - ID 160
20:05:54:402 (31/05/2024) - READ  MEM Access, AP 0, Addr 0xE000EDF0, Val 0x01010001, "DAP Read Memory (32 bit) - Success" - ID 161
20:05:54:453 (31/05/2024) - READ  MEM Access, AP 0, Addr 0xE000EDF0, Val 0x01010001, "DAP Read Memory (32 bit) - Success" - ID 162
20:05:54:503 (31/05/2024) - READ  MEM Access, AP 0, Addr 0xE000EDF0, Val 0x01010001, "DAP Read Memory (32 bit) - Success" - ID 163
20:05:54:553 (31/05/2024) - READ  MEM Access, AP 0, Addr 0xE000EDF0, Val 0x01010001, "DAP Read Memory (32 bit) - Success" - ID 164
20:05:54:604 (31/05/2024) - READ  MEM Access, AP 0, Addr 0xE000EDF0, Val 0x01010001, "DAP Read Memory (32 bit) - Success" - ID 165
20:05:54:655 (31/05/2024) - READ  MEM Access, AP 0, Addr 0xE000EDF0, Val 0x01010001, "DAP Read Memory (32 bit) - Success" - ID 166
20:05:54:705 (31/05/2024) - READ  MEM Access, AP 0, Addr 0xE000EDF0, Val 0x01010001, "DAP Read Memory (32 bit) - Success" - ID 167
20:05:54:755 (31/05/2024) - READ  MEM Access, AP 0, Addr 0xE000EDF0, Val 0x01010001, "DAP Read Memory (32 bit) - Success" - ID 168
20:05:54:807 (31/05/2024) - READ  MEM Access, AP 0, Addr 0xE000EDF0, Val 0x01010001, "DAP Read Memory (32 bit) - Success" - ID 169
20:05:54:858 (31/05/2024) - READ  MEM Access, AP 0, Addr 0xE000EDF0, Val 0x01010001, "DAP Read Memory (32 bit) - Success" - ID 170
20:05:54:909 (31/05/2024) - READ  MEM Access, AP 0, Addr 0xE000EDF0, Val 0x01010001, "DAP Read Memory (32 bit) - Success" - ID 171
20:05:54:960 (31/05/2024) - READ  MEM Access, AP 0, Addr 0xE000EDF0, Val 0x01010001, "DAP Read Memory (32 bit) - Success" - ID 172
20:05:54:960 (31/05/2024) - READ  MEM Access, AP 0, Addr 0xE0001004, Val 0x059A1FD9, "DAP Read Memory (32 bit) - Success" - ID 173
20:05:54:966 (31/05/2024) - READ  MEM BLOCK Access, AP 0, Start Addr 0x2000431C, End Addr 0x2000431F, "DAP Read Memory Block - Success" - ID 174
  Item #0, AP 0, Addr 0x2000431C, Value 0x00000000
20:05:55:021 (31/05/2024) - READ  MEM Access, AP 0, Addr 0xE000EDF0, Val 0x01010001, "DAP Read Memory (32 bit) - Success" - ID 175
20:05:55:072 (31/05/2024) - READ  MEM Access, AP 0, Addr 0xE000EDF0, Val 0x01010001, "DAP Read Memory (32 bit) - Success" - ID 176
20:05:55:122 (31/05/2024) - READ  MEM Access, AP 0, Addr 0xE000EDF0, Val 0x01010001, "DAP Read Memory (32 bit) - Success" - ID 177
20:05:55:172 (31/05/2024) - READ  MEM Access, AP 0, Addr 0xE000EDF0, Val 0x01010001, "DAP Read Memory (32 bit) - Success" - ID 178
20:05:55:224 (31/05/2024) - READ  MEM Access, AP 0, Addr 0xE000EDF0, Val 0x01010001, "DAP Read Memory (32 bit) - Success" - ID 179
20:05:55:275 (31/05/2024) - READ  MEM Access, AP 0, Addr 0xE000EDF0, Val 0x01010001, "DAP Read Memory (32 bit) - Success" - ID 180
20:05:55:327 (31/05/2024) - READ  MEM Access, AP 0, Addr 0xE000EDF0, Val 0x01010001, "DAP Read Memory (32 bit) - Success" - ID 181
20:05:55:378 (31/05/2024) - READ  MEM Access, AP 0, Addr 0xE000EDF0, Val 0x01010001, "DAP Read Memory (32 bit) - Success" - ID 182
20:05:55:433 (31/05/2024) - READ  MEM Access, AP 0, Addr 0xE000EDF0, Val 0x01010001, "DAP Read Memory (32 bit) - Success" - ID 183
20:05:55:483 (31/05/2024) - READ  MEM Access, AP 0, Addr 0xE000EDF0, Val 0x01010001, "DAP Read Memory (32 bit) - Success" - ID 184
20:05:55:484 (31/05/2024) - READ  MEM Access, AP 0, Addr 0xE0001004, Val 0x0AD97DE8, "DAP Read Memory (32 bit) - Success" - ID 185
20:05:55:493 (31/05/2024) - READ  MEM BLOCK Access, AP 0, Start Addr 0x2000431C, End Addr 0x2000431F, "DAP Read Memory Block - Success" - ID 186
  Item #0, AP 0, Addr 0x2000431C, Value 0x00000000
20:05:55:551 (31/05/2024) - READ  MEM Access, AP 0, Addr 0xE000EDF0, Val 0x01010001, "DAP Read Memory (32 bit) - Success" - ID 187
20:05:55:602 (31/05/2024) - READ  MEM Access, AP 0, Addr 0xE000EDF0, Val 0x01010001, "DAP Read Memory (32 bit) - Success" - ID 188
20:05:55:652 (31/05/2024) - READ  MEM Access, AP 0, Addr 0xE000EDF0, Val 0x01010001, "DAP Read Memory (32 bit) - Success" - ID 189
20:05:55:703 (31/05/2024) - READ  MEM Access, AP 0, Addr 0xE000EDF0, Val 0x01010001, "DAP Read Memory (32 bit) - Success" - ID 190
20:05:55:754 (31/05/2024) - READ  MEM Access, AP 0, Addr 0xE000EDF0, Val 0x01010001, "DAP Read Memory (32 bit) - Success" - ID 191
20:05:55:806 (31/05/2024) - READ  MEM Access, AP 0, Addr 0xE000EDF0, Val 0x01010001, "DAP Read Memory (32 bit) - Success" - ID 192
20:05:55:857 (31/05/2024) - READ  MEM Access, AP 0, Addr 0xE000EDF0, Val 0x01010001, "DAP Read Memory (32 bit) - Success" - ID 193
20:05:55:903 (31/05/2024) - READ  MEM BLOCK Access, AP 0, Start Addr 0x20004CC4, End Addr 0x20004CC7, "DAP Read Memory Block - Success" - ID 194
  Item #0, AP 0, Addr 0x20004CC4, Value 0x00000000
20:05:55:905 (31/05/2024) - READ  MEM BLOCK Access, AP 0, Start Addr 0x20004CC8, End Addr 0x20004CCB, "DAP Read Memory Block - Success" - ID 195
  Item #0, AP 0, Addr 0x20004CC8, Value 0x00000000
20:05:55:911 (31/05/2024) - READ  MEM BLOCK Access, AP 0, Start Addr 0x20004CC4, End Addr 0x20004CC7, "DAP Read Memory Block - Success" - ID 196
  Item #0, AP 0, Addr 0x20004CC4, Value 0x00000000
20:05:55:913 (31/05/2024) - READ  MEM BLOCK Access, AP 0, Start Addr 0x20004CC8, End Addr 0x20004CCB, "DAP Read Memory Block - Success" - ID 197
  Item #0, AP 0, Addr 0x20004CC8, Value 0x00000000
20:05:55:915 (31/05/2024) - READ  MEM BLOCK Access, AP 0, Start Addr 0x20004CCC, End Addr 0x20004CCF, "DAP Read Memory Block - Success" - ID 198
  Item #0, AP 0, Addr 0x20004CCC, Value 0x00000000
20:05:55:933 (31/05/2024) - READ  MEM BLOCK Access, AP 0, Start Addr 0x20004CC4, End Addr 0x20004CC7, "DAP Read Memory Block - Success" - ID 199
  Item #0, AP 0, Addr 0x20004CC4, Value 0x00000000
20:05:55:937 (31/05/2024) - READ  MEM BLOCK Access, AP 0, Start Addr 0x20004CC8, End Addr 0x20004CCB, "DAP Read Memory Block - Success" - ID 200
  Item #0, AP 0, Addr 0x20004CC8, Value 0x00000000
20:05:55:938 (31/05/2024) - READ  MEM BLOCK Access, AP 0, Start Addr 0x20004CCC, End Addr 0x20004CCF, "DAP Read Memory Block - Success" - ID 201
  Item #0, AP 0, Addr 0x20004CCC, Value 0x00000000
20:05:55:959 (31/05/2024) - READ  MEM Access, AP 0, Addr 0xE000EDF0, Val 0x01010001, "DAP Read Memory (32 bit) - Success" - ID 202
20:05:56:010 (31/05/2024) - READ  MEM Access, AP 0, Addr 0xE000EDF0, Val 0x01010001, "DAP Read Memory (32 bit) - Success" - ID 203
20:05:56:011 (31/05/2024) - READ  MEM Access, AP 0, Addr 0xE0001004, Val 0x101F5335, "DAP Read Memory (32 bit) - Success" - ID 204
20:05:56:016 (31/05/2024) - READ  MEM BLOCK Access, AP 0, Start Addr 0x2000431C, End Addr 0x2000431F, "DAP Read Memory Block - Success" - ID 205
  Item #0, AP 0, Addr 0x2000431C, Value 0x00000000
20:05:56:018 (31/05/2024) - READ  MEM BLOCK Access, AP 0, Start Addr 0x20004CC4, End Addr 0x20004CC7, "DAP Read Memory Block - Success" - ID 206
  Item #0, AP 0, Addr 0x20004CC4, Value 0x00000000
20:05:56:020 (31/05/2024) - READ  MEM BLOCK Access, AP 0, Start Addr 0x20004CC8, End Addr 0x20004CCB, "DAP Read Memory Block - Success" - ID 207
  Item #0, AP 0, Addr 0x20004CC8, Value 0x00000000
20:05:56:022 (31/05/2024) - READ  MEM BLOCK Access, AP 0, Start Addr 0x20004CCC, End Addr 0x20004CCF, "DAP Read Memory Block - Success" - ID 208
  Item #0, AP 0, Addr 0x20004CCC, Value 0x00000000
20:05:56:078 (31/05/2024) - READ  MEM Access, AP 0, Addr 0xE000EDF0, Val 0x01010001, "DAP Read Memory (32 bit) - Success" - ID 209
20:05:56:129 (31/05/2024) - READ  MEM Access, AP 0, Addr 0xE000EDF0, Val 0x01010001, "DAP Read Memory (32 bit) - Success" - ID 210
20:05:56:180 (31/05/2024) - READ  MEM Access, AP 0, Addr 0xE000EDF0, Val 0x01010001, "DAP Read Memory (32 bit) - Success" - ID 211
20:05:56:230 (31/05/2024) - READ  MEM Access, AP 0, Addr 0xE000EDF0, Val 0x01010001, "DAP Read Memory (32 bit) - Success" - ID 212
20:05:56:282 (31/05/2024) - READ  MEM Access, AP 0, Addr 0xE000EDF0, Val 0x01010001, "DAP Read Memory (32 bit) - Success" - ID 213
20:05:56:332 (31/05/2024) - READ  MEM Access, AP 0, Addr 0xE000EDF0, Val 0x01010001, "DAP Read Memory (32 bit) - Success" - ID 214
20:05:56:383 (31/05/2024) - READ  MEM Access, AP 0, Addr 0xE000EDF0, Val 0x01010001, "DAP Read Memory (32 bit) - Success" - ID 215
20:05:56:433 (31/05/2024) - READ  MEM Access, AP 0, Addr 0xE000EDF0, Val 0x01010001, "DAP Read Memory (32 bit) - Success" - ID 216
20:05:56:483 (31/05/2024) - READ  MEM Access, AP 0, Addr 0xE000EDF0, Val 0x01010001, "DAP Read Memory (32 bit) - Success" - ID 217
20:05:56:536 (31/05/2024) - READ  MEM Access, AP 0, Addr 0xE000EDF0, Val 0x01010001, "DAP Read Memory (32 bit) - Success" - ID 218
20:05:56:536 (31/05/2024) - READ  MEM Access, AP 0, Addr 0xE0001004, Val 0x15620064, "DAP Read Memory (32 bit) - Success" - ID 219
20:05:56:541 (31/05/2024) - READ  MEM BLOCK Access, AP 0, Start Addr 0x2000431C, End Addr 0x2000431F, "DAP Read Memory Block - Success" - ID 220
  Item #0, AP 0, Addr 0x2000431C, Value 0x00000000
20:05:56:543 (31/05/2024) - READ  MEM BLOCK Access, AP 0, Start Addr 0x20004CC4, End Addr 0x20004CC7, "DAP Read Memory Block - Success" - ID 221
  Item #0, AP 0, Addr 0x20004CC4, Value 0x00000000
20:05:56:545 (31/05/2024) - READ  MEM BLOCK Access, AP 0, Start Addr 0x20004CC8, End Addr 0x20004CCB, "DAP Read Memory Block - Success" - ID 222
  Item #0, AP 0, Addr 0x20004CC8, Value 0x00000000
20:05:56:547 (31/05/2024) - READ  MEM BLOCK Access, AP 0, Start Addr 0x20004CCC, End Addr 0x20004CCF, "DAP Read Memory Block - Success" - ID 223
  Item #0, AP 0, Addr 0x20004CCC, Value 0x00000000
20:05:56:605 (31/05/2024) - READ  MEM Access, AP 0, Addr 0xE000EDF0, Val 0x01010001, "DAP Read Memory (32 bit) - Success" - ID 224
20:05:56:656 (31/05/2024) - READ  MEM Access, AP 0, Addr 0xE000EDF0, Val 0x01010001, "DAP Read Memory (32 bit) - Success" - ID 225
20:05:56:708 (31/05/2024) - READ  MEM Access, AP 0, Addr 0xE000EDF0, Val 0x01010001, "DAP Read Memory (32 bit) - Success" - ID 226
20:05:56:763 (31/05/2024) - READ  MEM Access, AP 0, Addr 0xE000EDF0, Val 0x01010001, "DAP Read Memory (32 bit) - Success" - ID 227
20:05:56:813 (31/05/2024) - READ  MEM Access, AP 0, Addr 0xE000EDF0, Val 0x01010001, "DAP Read Memory (32 bit) - Success" - ID 228
20:05:56:863 (31/05/2024) - READ  MEM Access, AP 0, Addr 0xE000EDF0, Val 0x01010001, "DAP Read Memory (32 bit) - Success" - ID 229
20:05:56:914 (31/05/2024) - READ  MEM Access, AP 0, Addr 0xE000EDF0, Val 0x01010001, "DAP Read Memory (32 bit) - Success" - ID 230
20:05:56:965 (31/05/2024) - READ  MEM Access, AP 0, Addr 0xE000EDF0, Val 0x01010001, "DAP Read Memory (32 bit) - Success" - ID 231
20:05:57:017 (31/05/2024) - READ  MEM Access, AP 0, Addr 0xE000EDF0, Val 0x01010001, "DAP Read Memory (32 bit) - Success" - ID 232
20:05:57:067 (31/05/2024) - READ  MEM Access, AP 0, Addr 0xE000EDF0, Val 0x01010001, "DAP Read Memory (32 bit) - Success" - ID 233
20:05:57:068 (31/05/2024) - READ  MEM Access, AP 0, Addr 0xE0001004, Val 0x1AB4E4DB, "DAP Read Memory (32 bit) - Success" - ID 234
20:05:57:073 (31/05/2024) - READ  MEM BLOCK Access, AP 0, Start Addr 0x2000431C, End Addr 0x2000431F, "DAP Read Memory Block - Success" - ID 235
  Item #0, AP 0, Addr 0x2000431C, Value 0x00000000
20:05:57:075 (31/05/2024) - READ  MEM BLOCK Access, AP 0, Start Addr 0x20004CC4, End Addr 0x20004CC7, "DAP Read Memory Block - Success" - ID 236
  Item #0, AP 0, Addr 0x20004CC4, Value 0x00000000
20:05:57:077 (31/05/2024) - READ  MEM BLOCK Access, AP 0, Start Addr 0x20004CC8, End Addr 0x20004CCB, "DAP Read Memory Block - Success" - ID 237
  Item #0, AP 0, Addr 0x20004CC8, Value 0x00000000
20:05:57:079 (31/05/2024) - READ  MEM BLOCK Access, AP 0, Start Addr 0x20004CCC, End Addr 0x20004CCF, "DAP Read Memory Block - Success" - ID 238
  Item #0, AP 0, Addr 0x20004CCC, Value 0x00000000
20:05:57:135 (31/05/2024) - READ  MEM Access, AP 0, Addr 0xE000EDF0, Val 0x01010001, "DAP Read Memory (32 bit) - Success" - ID 239
20:05:57:186 (31/05/2024) - READ  MEM Access, AP 0, Addr 0xE000EDF0, Val 0x01010001, "DAP Read Memory (32 bit) - Success" - ID 240
20:05:57:236 (31/05/2024) - READ  MEM Access, AP 0, Addr 0xE000EDF0, Val 0x01010001, "DAP Read Memory (32 bit) - Success" - ID 241
20:05:57:287 (31/05/2024) - READ  MEM Access, AP 0, Addr 0xE000EDF0, Val 0x01010001, "DAP Read Memory (32 bit) - Success" - ID 242
20:05:57:338 (31/05/2024) - READ  MEM Access, AP 0, Addr 0xE000EDF0, Val 0x01010001, "DAP Read Memory (32 bit) - Success" - ID 243
20:05:57:388 (31/05/2024) - READ  MEM Access, AP 0, Addr 0xE000EDF0, Val 0x01010001, "DAP Read Memory (32 bit) - Success" - ID 244
20:05:57:439 (31/05/2024) - READ  MEM Access, AP 0, Addr 0xE000EDF0, Val 0x01010001, "DAP Read Memory (32 bit) - Success" - ID 245
20:05:57:489 (31/05/2024) - READ  MEM Access, AP 0, Addr 0xE000EDF0, Val 0x01010001, "DAP Read Memory (32 bit) - Success" - ID 246
20:05:57:542 (31/05/2024) - READ  MEM Access, AP 0, Addr 0xE000EDF0, Val 0x01010001, "DAP Read Memory (32 bit) - Success" - ID 247
20:05:57:593 (31/05/2024) - READ  MEM Access, AP 0, Addr 0xE000EDF0, Val 0x01010001, "DAP Read Memory (32 bit) - Success" - ID 248
20:05:57:593 (31/05/2024) - READ  MEM Access, AP 0, Addr 0xE0001004, Val 0x1FF737D0, "DAP Read Memory (32 bit) - Success" - ID 249
20:05:57:597 (31/05/2024) - READ  MEM BLOCK Access, AP 0, Start Addr 0x2000431C, End Addr 0x2000431F, "DAP Read Memory Block - Success" - ID 250
  Item #0, AP 0, Addr 0x2000431C, Value 0x00000000
20:05:57:600 (31/05/2024) - READ  MEM BLOCK Access, AP 0, Start Addr 0x20004CC4, End Addr 0x20004CC7, "DAP Read Memory Block - Success" - ID 251
  Item #0, AP 0, Addr 0x20004CC4, Value 0x00000000
20:05:57:602 (31/05/2024) - READ  MEM BLOCK Access, AP 0, Start Addr 0x20004CC8, End Addr 0x20004CCB, "DAP Read Memory Block - Success" - ID 252
  Item #0, AP 0, Addr 0x20004CC8, Value 0x00000000
20:05:57:604 (31/05/2024) - READ  MEM BLOCK Access, AP 0, Start Addr 0x20004CCC, End Addr 0x20004CCF, "DAP Read Memory Block - Success" - ID 253
  Item #0, AP 0, Addr 0x20004CCC, Value 0x00000000
20:05:57:662 (31/05/2024) - READ  MEM Access, AP 0, Addr 0xE000EDF0, Val 0x01010001, "DAP Read Memory (32 bit) - Success" - ID 254
20:05:57:712 (31/05/2024) - READ  MEM Access, AP 0, Addr 0xE000EDF0, Val 0x01010001, "DAP Read Memory (32 bit) - Success" - ID 255
20:05:57:763 (31/05/2024) - READ  MEM Access, AP 0, Addr 0xE000EDF0, Val 0x01010001, "DAP Read Memory (32 bit) - Success" - ID 256
20:05:57:813 (31/05/2024) - READ  MEM Access, AP 0, Addr 0xE000EDF0, Val 0x01010001, "DAP Read Memory (32 bit) - Success" - ID 257
20:05:57:864 (31/05/2024) - READ  MEM Access, AP 0, Addr 0xE000EDF0, Val 0x01010001, "DAP Read Memory (32 bit) - Success" - ID 258
20:05:57:915 (31/05/2024) - READ  MEM Access, AP 0, Addr 0xE000EDF0, Val 0x01010001, "DAP Read Memory (32 bit) - Success" - ID 259
20:05:57:966 (31/05/2024) - READ  MEM Access, AP 0, Addr 0xE000EDF0, Val 0x01010001, "DAP Read Memory (32 bit) - Success" - ID 260
20:05:58:016 (31/05/2024) - READ  MEM Access, AP 0, Addr 0xE000EDF0, Val 0x01010001, "DAP Read Memory (32 bit) - Success" - ID 261
20:05:58:068 (31/05/2024) - READ  MEM Access, AP 0, Addr 0xE000EDF0, Val 0x01010001, "DAP Read Memory (32 bit) - Success" - ID 262
20:05:58:121 (31/05/2024) - READ  MEM Access, AP 0, Addr 0xE000EDF0, Val 0x01010001, "DAP Read Memory (32 bit) - Success" - ID 263
20:05:58:121 (31/05/2024) - READ  MEM Access, AP 0, Addr 0xE0001004, Val 0x2540CD0F, "DAP Read Memory (32 bit) - Success" - ID 264
20:05:58:125 (31/05/2024) - READ  MEM BLOCK Access, AP 0, Start Addr 0x2000431C, End Addr 0x2000431F, "DAP Read Memory Block - Success" - ID 265
  Item #0, AP 0, Addr 0x2000431C, Value 0x00000000
20:05:58:127 (31/05/2024) - READ  MEM BLOCK Access, AP 0, Start Addr 0x20004CC4, End Addr 0x20004CC7, "DAP Read Memory Block - Success" - ID 266
  Item #0, AP 0, Addr 0x20004CC4, Value 0x00000000
20:05:58:129 (31/05/2024) - READ  MEM BLOCK Access, AP 0, Start Addr 0x20004CC8, End Addr 0x20004CCB, "DAP Read Memory Block - Success" - ID 267
  Item #0, AP 0, Addr 0x20004CC8, Value 0x00000000
20:05:58:131 (31/05/2024) - READ  MEM BLOCK Access, AP 0, Start Addr 0x20004CCC, End Addr 0x20004CCF, "DAP Read Memory Block - Success" - ID 268
  Item #0, AP 0, Addr 0x20004CCC, Value 0x00000000
20:05:58:188 (31/05/2024) - READ  MEM Access, AP 0, Addr 0xE000EDF0, Val 0x01010001, "DAP Read Memory (32 bit) - Success" - ID 269
20:05:58:239 (31/05/2024) - READ  MEM Access, AP 0, Addr 0xE000EDF0, Val 0x01010001, "DAP Read Memory (32 bit) - Success" - ID 270
20:05:58:290 (31/05/2024) - READ  MEM Access, AP 0, Addr 0xE000EDF0, Val 0x01010001, "DAP Read Memory (32 bit) - Success" - ID 271
20:05:58:340 (31/05/2024) - READ  MEM Access, AP 0, Addr 0xE000EDF0, Val 0x01010001, "DAP Read Memory (32 bit) - Success" - ID 272
20:05:58:390 (31/05/2024) - READ  MEM Access, AP 0, Addr 0xE000EDF0, Val 0x01010001, "DAP Read Memory (32 bit) - Success" - ID 273
20:05:58:441 (31/05/2024) - READ  MEM Access, AP 0, Addr 0xE000EDF0, Val 0x01010001, "DAP Read Memory (32 bit) - Success" - ID 274
20:05:58:493 (31/05/2024) - READ  MEM Access, AP 0, Addr 0xE000EDF0, Val 0x01010001, "DAP Read Memory (32 bit) - Success" - ID 275
20:05:58:543 (31/05/2024) - READ  MEM Access, AP 0, Addr 0xE000EDF0, Val 0x01010001, "DAP Read Memory (32 bit) - Success" - ID 276
20:05:58:594 (31/05/2024) - READ  MEM Access, AP 0, Addr 0xE000EDF0, Val 0x01010001, "DAP Read Memory (32 bit) - Success" - ID 277
20:05:58:645 (31/05/2024) - READ  MEM Access, AP 0, Addr 0xE000EDF0, Val 0x01010001, "DAP Read Memory (32 bit) - Success" - ID 278
20:05:58:646 (31/05/2024) - READ  MEM Access, AP 0, Addr 0xE0001004, Val 0x2A82F77B, "DAP Read Memory (32 bit) - Success" - ID 279
20:05:58:651 (31/05/2024) - READ  MEM BLOCK Access, AP 0, Start Addr 0x2000431C, End Addr 0x2000431F, "DAP Read Memory Block - Success" - ID 280
  Item #0, AP 0, Addr 0x2000431C, Value 0x00000000
20:05:58:653 (31/05/2024) - READ  MEM BLOCK Access, AP 0, Start Addr 0x20004CC4, End Addr 0x20004CC7, "DAP Read Memory Block - Success" - ID 281
  Item #0, AP 0, Addr 0x20004CC4, Value 0x00000000
20:05:58:655 (31/05/2024) - READ  MEM BLOCK Access, AP 0, Start Addr 0x20004CC8, End Addr 0x20004CCB, "DAP Read Memory Block - Success" - ID 282
  Item #0, AP 0, Addr 0x20004CC8, Value 0x00000000
20:05:58:658 (31/05/2024) - READ  MEM BLOCK Access, AP 0, Start Addr 0x20004CCC, End Addr 0x20004CCF, "DAP Read Memory Block - Success" - ID 283
  Item #0, AP 0, Addr 0x20004CCC, Value 0x00000000
20:05:58:713 (31/05/2024) - READ  MEM Access, AP 0, Addr 0xE000EDF0, Val 0x01010001, "DAP Read Memory (32 bit) - Success" - ID 284
20:05:58:766 (31/05/2024) - READ  MEM Access, AP 0, Addr 0xE000EDF0, Val 0x01010001, "DAP Read Memory (32 bit) - Success" - ID 285
20:05:58:817 (31/05/2024) - READ  MEM Access, AP 0, Addr 0xE000EDF0, Val 0x01010001, "DAP Read Memory (32 bit) - Success" - ID 286
20:05:58:867 (31/05/2024) - READ  MEM Access, AP 0, Addr 0xE000EDF0, Val 0x01010001, "DAP Read Memory (32 bit) - Success" - ID 287
20:05:58:919 (31/05/2024) - READ  MEM Access, AP 0, Addr 0xE000EDF0, Val 0x01010001, "DAP Read Memory (32 bit) - Success" - ID 288
20:05:58:976 (31/05/2024) - READ  MEM Access, AP 0, Addr 0xE000EDF0, Val 0x01010001, "DAP Read Memory (32 bit) - Success" - ID 289
20:05:59:027 (31/05/2024) - READ  MEM Access, AP 0, Addr 0xE000EDF0, Val 0x01010001, "DAP Read Memory (32 bit) - Success" - ID 290
20:05:59:078 (31/05/2024) - READ  MEM Access, AP 0, Addr 0xE000EDF0, Val 0x01010001, "DAP Read Memory (32 bit) - Success" - ID 291
20:05:59:129 (31/05/2024) - READ  MEM Access, AP 0, Addr 0xE000EDF0, Val 0x01010001, "DAP Read Memory (32 bit) - Success" - ID 292
20:05:59:181 (31/05/2024) - READ  MEM Access, AP 0, Addr 0xE000EDF0, Val 0x01010001, "DAP Read Memory (32 bit) - Success" - ID 293
20:05:59:181 (31/05/2024) - READ  MEM Access, AP 0, Addr 0xE0001004, Val 0x2FDED50A, "DAP Read Memory (32 bit) - Success" - ID 294
20:05:59:186 (31/05/2024) - READ  MEM BLOCK Access, AP 0, Start Addr 0x2000431C, End Addr 0x2000431F, "DAP Read Memory Block - Success" - ID 295
  Item #0, AP 0, Addr 0x2000431C, Value 0x00000000
20:05:59:189 (31/05/2024) - READ  MEM BLOCK Access, AP 0, Start Addr 0x20004CC4, End Addr 0x20004CC7, "DAP Read Memory Block - Success" - ID 296
  Item #0, AP 0, Addr 0x20004CC4, Value 0x00000000
20:05:59:191 (31/05/2024) - READ  MEM BLOCK Access, AP 0, Start Addr 0x20004CC8, End Addr 0x20004CCB, "DAP Read Memory Block - Success" - ID 297
  Item #0, AP 0, Addr 0x20004CC8, Value 0x00000000
20:05:59:193 (31/05/2024) - READ  MEM BLOCK Access, AP 0, Start Addr 0x20004CCC, End Addr 0x20004CCF, "DAP Read Memory Block - Success" - ID 298
  Item #0, AP 0, Addr 0x20004CCC, Value 0x00000000
20:05:59:248 (31/05/2024) - READ  MEM Access, AP 0, Addr 0xE000EDF0, Val 0x01010001, "DAP Read Memory (32 bit) - Success" - ID 299
20:05:59:300 (31/05/2024) - READ  MEM Access, AP 0, Addr 0xE000EDF0, Val 0x01010001, "DAP Read Memory (32 bit) - Success" - ID 300
20:05:59:350 (31/05/2024) - READ  MEM Access, AP 0, Addr 0xE000EDF0, Val 0x01010001, "DAP Read Memory (32 bit) - Success" - ID 301
20:05:59:401 (31/05/2024) - READ  MEM Access, AP 0, Addr 0xE000EDF0, Val 0x01010001, "DAP Read Memory (32 bit) - Success" - ID 302
20:05:59:452 (31/05/2024) - READ  MEM Access, AP 0, Addr 0xE000EDF0, Val 0x01010001, "DAP Read Memory (32 bit) - Success" - ID 303
20:05:59:502 (31/05/2024) - READ  MEM Access, AP 0, Addr 0xE000EDF0, Val 0x01010001, "DAP Read Memory (32 bit) - Success" - ID 304
20:05:59:553 (31/05/2024) - READ  MEM Access, AP 0, Addr 0xE000EDF0, Val 0x01010001, "DAP Read Memory (32 bit) - Success" - ID 305
20:05:59:604 (31/05/2024) - READ  MEM Access, AP 0, Addr 0xE000EDF0, Val 0x01010001, "DAP Read Memory (32 bit) - Success" - ID 306
20:05:59:657 (31/05/2024) - READ  MEM Access, AP 0, Addr 0xE000EDF0, Val 0x01010001, "DAP Read Memory (32 bit) - Success" - ID 307
20:05:59:707 (31/05/2024) - READ  MEM Access, AP 0, Addr 0xE000EDF0, Val 0x01010001, "DAP Read Memory (32 bit) - Success" - ID 308
20:05:59:709 (31/05/2024) - READ  MEM Access, AP 0, Addr 0xE0001004, Val 0x35257093, "DAP Read Memory (32 bit) - Success" - ID 309
20:05:59:713 (31/05/2024) - READ  MEM BLOCK Access, AP 0, Start Addr 0x2000431C, End Addr 0x2000431F, "DAP Read Memory Block - Success" - ID 310
  Item #0, AP 0, Addr 0x2000431C, Value 0x00000000
20:05:59:715 (31/05/2024) - READ  MEM BLOCK Access, AP 0, Start Addr 0x20004CC4, End Addr 0x20004CC7, "DAP Read Memory Block - Success" - ID 311
  Item #0, AP 0, Addr 0x20004CC4, Value 0x00000000
20:05:59:717 (31/05/2024) - READ  MEM BLOCK Access, AP 0, Start Addr 0x20004CC8, End Addr 0x20004CCB, "DAP Read Memory Block - Success" - ID 312
  Item #0, AP 0, Addr 0x20004CC8, Value 0x00000000
20:05:59:720 (31/05/2024) - READ  MEM BLOCK Access, AP 0, Start Addr 0x20004CCC, End Addr 0x20004CCF, "DAP Read Memory Block - Success" - ID 313
  Item #0, AP 0, Addr 0x20004CCC, Value 0x00000000
20:05:59:777 (31/05/2024) - READ  MEM Access, AP 0, Addr 0xE000EDF0, Val 0x01010001, "DAP Read Memory (32 bit) - Success" - ID 314
20:05:59:829 (31/05/2024) - READ  MEM Access, AP 0, Addr 0xE000EDF0, Val 0x01010001, "DAP Read Memory (32 bit) - Success" - ID 315
20:05:59:880 (31/05/2024) - READ  MEM Access, AP 0, Addr 0xE000EDF0, Val 0x01010001, "DAP Read Memory (32 bit) - Success" - ID 316
20:05:59:934 (31/05/2024) - READ  MEM Access, AP 0, Addr 0xE000EDF0, Val 0x01010001, "DAP Read Memory (32 bit) - Success" - ID 317
20:05:59:984 (31/05/2024) - READ  MEM Access, AP 0, Addr 0xE000EDF0, Val 0x01010001, "DAP Read Memory (32 bit) - Success" - ID 318
20:06:00:035 (31/05/2024) - READ  MEM Access, AP 0, Addr 0xE000EDF0, Val 0x01010001, "DAP Read Memory (32 bit) - Success" - ID 319
20:06:00:086 (31/05/2024) - READ  MEM Access, AP 0, Addr 0xE000EDF0, Val 0x01010001, "DAP Read Memory (32 bit) - Success" - ID 320
20:06:00:136 (31/05/2024) - READ  MEM Access, AP 0, Addr 0xE000EDF0, Val 0x01010001, "DAP Read Memory (32 bit) - Success" - ID 321
20:06:00:187 (31/05/2024) - READ  MEM Access, AP 0, Addr 0xE000EDF0, Val 0x01010001, "DAP Read Memory (32 bit) - Success" - ID 322
20:06:00:237 (31/05/2024) - READ  MEM Access, AP 0, Addr 0xE000EDF0, Val 0x01010001, "DAP Read Memory (32 bit) - Success" - ID 323
20:06:00:239 (31/05/2024) - READ  MEM Access, AP 0, Addr 0xE0001004, Val 0x3A74248B, "DAP Read Memory (32 bit) - Success" - ID 324
20:06:00:243 (31/05/2024) - READ  MEM BLOCK Access, AP 0, Start Addr 0x2000431C, End Addr 0x2000431F, "DAP Read Memory Block - Success" - ID 325
  Item #0, AP 0, Addr 0x2000431C, Value 0x00000000
20:06:00:245 (31/05/2024) - READ  MEM BLOCK Access, AP 0, Start Addr 0x20004CC4, End Addr 0x20004CC7, "DAP Read Memory Block - Success" - ID 326
  Item #0, AP 0, Addr 0x20004CC4, Value 0x00000000
20:06:00:247 (31/05/2024) - READ  MEM BLOCK Access, AP 0, Start Addr 0x20004CC8, End Addr 0x20004CCB, "DAP Read Memory Block - Success" - ID 327
  Item #0, AP 0, Addr 0x20004CC8, Value 0x00000000
20:06:00:249 (31/05/2024) - READ  MEM BLOCK Access, AP 0, Start Addr 0x20004CCC, End Addr 0x20004CCF, "DAP Read Memory Block - Success" - ID 328
  Item #0, AP 0, Addr 0x20004CCC, Value 0x00000000
20:06:00:305 (31/05/2024) - READ  MEM Access, AP 0, Addr 0xE000EDF0, Val 0x01010001, "DAP Read Memory (32 bit) - Success" - ID 329
20:06:00:355 (31/05/2024) - READ  MEM Access, AP 0, Addr 0xE000EDF0, Val 0x01010001, "DAP Read Memory (32 bit) - Success" - ID 330
20:06:00:407 (31/05/2024) - READ  MEM Access, AP 0, Addr 0xE000EDF0, Val 0x01010001, "DAP Read Memory (32 bit) - Success" - ID 331
20:06:00:458 (31/05/2024) - READ  MEM Access, AP 0, Addr 0xE000EDF0, Val 0x01010001, "DAP Read Memory (32 bit) - Success" - ID 332
20:06:00:511 (31/05/2024) - READ  MEM Access, AP 0, Addr 0xE000EDF0, Val 0x01010001, "DAP Read Memory (32 bit) - Success" - ID 333
20:06:00:562 (31/05/2024) - READ  MEM Access, AP 0, Addr 0xE000EDF0, Val 0x01010001, "DAP Read Memory (32 bit) - Success" - ID 334
20:06:00:613 (31/05/2024) - READ  MEM Access, AP 0, Addr 0xE000EDF0, Val 0x01010001, "DAP Read Memory (32 bit) - Success" - ID 335
20:06:00:664 (31/05/2024) - READ  MEM Access, AP 0, Addr 0xE000EDF0, Val 0x01010001, "DAP Read Memory (32 bit) - Success" - ID 336
20:06:00:716 (31/05/2024) - READ  MEM Access, AP 0, Addr 0xE000EDF0, Val 0x01010001, "DAP Read Memory (32 bit) - Success" - ID 337
20:06:00:767 (31/05/2024) - READ  MEM Access, AP 0, Addr 0xE000EDF0, Val 0x01010001, "DAP Read Memory (32 bit) - Success" - ID 338
20:06:00:768 (31/05/2024) - READ  MEM Access, AP 0, Addr 0xE0001004, Val 0x3FC26F80, "DAP Read Memory (32 bit) - Success" - ID 339
20:06:00:777 (31/05/2024) - READ  MEM BLOCK Access, AP 0, Start Addr 0x2000431C, End Addr 0x2000431F, "DAP Read Memory Block - Success" - ID 340
  Item #0, AP 0, Addr 0x2000431C, Value 0x00000000
20:06:00:779 (31/05/2024) - READ  MEM BLOCK Access, AP 0, Start Addr 0x20004CC4, End Addr 0x20004CC7, "DAP Read Memory Block - Success" - ID 341
  Item #0, AP 0, Addr 0x20004CC4, Value 0x00000000
20:06:00:781 (31/05/2024) - READ  MEM BLOCK Access, AP 0, Start Addr 0x20004CC8, End Addr 0x20004CCB, "DAP Read Memory Block - Success" - ID 342
  Item #0, AP 0, Addr 0x20004CC8, Value 0x00000000
20:06:00:784 (31/05/2024) - READ  MEM BLOCK Access, AP 0, Start Addr 0x20004CCC, End Addr 0x20004CCF, "DAP Read Memory Block - Success" - ID 343
  Item #0, AP 0, Addr 0x20004CCC, Value 0x00000000
20:06:00:846 (31/05/2024) - READ  MEM Access, AP 0, Addr 0xE000EDF0, Val 0x01010001, "DAP Read Memory (32 bit) - Success" - ID 344
20:06:00:898 (31/05/2024) - READ  MEM Access, AP 0, Addr 0xE000EDF0, Val 0x01010001, "DAP Read Memory (32 bit) - Success" - ID 345
20:06:00:949 (31/05/2024) - READ  MEM Access, AP 0, Addr 0xE000EDF0, Val 0x01010001, "DAP Read Memory (32 bit) - Success" - ID 346
20:06:00:999 (31/05/2024) - READ  MEM Access, AP 0, Addr 0xE000EDF0, Val 0x01010001, "DAP Read Memory (32 bit) - Success" - ID 347
20:06:01:050 (31/05/2024) - READ  MEM Access, AP 0, Addr 0xE000EDF0, Val 0x01010001, "DAP Read Memory (32 bit) - Success" - ID 348
20:06:01:100 (31/05/2024) - READ  MEM Access, AP 0, Addr 0xE000EDF0, Val 0x01010001, "DAP Read Memory (32 bit) - Success" - ID 349
20:06:01:151 (31/05/2024) - READ  MEM Access, AP 0, Addr 0xE000EDF0, Val 0x01010001, "DAP Read Memory (32 bit) - Success" - ID 350
20:06:01:201 (31/05/2024) - READ  MEM Access, AP 0, Addr 0xE000EDF0, Val 0x01010001, "DAP Read Memory (32 bit) - Success" - ID 351
20:06:01:252 (31/05/2024) - READ  MEM Access, AP 0, Addr 0xE000EDF0, Val 0x01010001, "DAP Read Memory (32 bit) - Success" - ID 352
20:06:01:302 (31/05/2024) - READ  MEM Access, AP 0, Addr 0xE000EDF0, Val 0x01010001, "DAP Read Memory (32 bit) - Success" - ID 353
20:06:01:303 (31/05/2024) - READ  MEM Access, AP 0, Addr 0xE0001004, Val 0x451F8E89, "DAP Read Memory (32 bit) - Success" - ID 354
20:06:01:308 (31/05/2024) - READ  MEM BLOCK Access, AP 0, Start Addr 0x2000431C, End Addr 0x2000431F, "DAP Read Memory Block - Success" - ID 355
  Item #0, AP 0, Addr 0x2000431C, Value 0x00000000
20:06:01:311 (31/05/2024) - READ  MEM BLOCK Access, AP 0, Start Addr 0x20004CC4, End Addr 0x20004CC7, "DAP Read Memory Block - Success" - ID 356
  Item #0, AP 0, Addr 0x20004CC4, Value 0x00000000
20:06:01:313 (31/05/2024) - READ  MEM BLOCK Access, AP 0, Start Addr 0x20004CC8, End Addr 0x20004CCB, "DAP Read Memory Block - Success" - ID 357
  Item #0, AP 0, Addr 0x20004CC8, Value 0x00000000
20:06:01:315 (31/05/2024) - READ  MEM BLOCK Access, AP 0, Start Addr 0x20004CCC, End Addr 0x20004CCF, "DAP Read Memory Block - Success" - ID 358
  Item #0, AP 0, Addr 0x20004CCC, Value 0x00000000
20:06:01:372 (31/05/2024) - READ  MEM Access, AP 0, Addr 0xE000EDF0, Val 0x01010001, "DAP Read Memory (32 bit) - Success" - ID 359
20:06:01:422 (31/05/2024) - READ  MEM Access, AP 0, Addr 0xE000EDF0, Val 0x01010001, "DAP Read Memory (32 bit) - Success" - ID 360
20:06:01:474 (31/05/2024) - READ  MEM Access, AP 0, Addr 0xE000EDF0, Val 0x01010001, "DAP Read Memory (32 bit) - Success" - ID 361
20:06:01:524 (31/05/2024) - READ  MEM Access, AP 0, Addr 0xE000EDF0, Val 0x01010001, "DAP Read Memory (32 bit) - Success" - ID 362
20:06:01:574 (31/05/2024) - READ  MEM Access, AP 0, Addr 0xE000EDF0, Val 0x01010001, "DAP Read Memory (32 bit) - Success" - ID 363
20:06:01:625 (31/05/2024) - READ  MEM Access, AP 0, Addr 0xE000EDF0, Val 0x01010001, "DAP Read Memory (32 bit) - Success" - ID 364
20:06:01:676 (31/05/2024) - READ  MEM Access, AP 0, Addr 0xE000EDF0, Val 0x01010001, "DAP Read Memory (32 bit) - Success" - ID 365
20:06:01:726 (31/05/2024) - READ  MEM Access, AP 0, Addr 0xE000EDF0, Val 0x01010001, "DAP Read Memory (32 bit) - Success" - ID 366
20:06:01:777 (31/05/2024) - READ  MEM Access, AP 0, Addr 0xE000EDF0, Val 0x01010001, "DAP Read Memory (32 bit) - Success" - ID 367
20:06:01:828 (31/05/2024) - READ  MEM Access, AP 0, Addr 0xE000EDF0, Val 0x01010001, "DAP Read Memory (32 bit) - Success" - ID 368
20:06:01:829 (31/05/2024) - READ  MEM Access, AP 0, Addr 0xE0001004, Val 0x4A61D8EC, "DAP Read Memory (32 bit) - Success" - ID 369
20:06:01:838 (31/05/2024) - READ  MEM BLOCK Access, AP 0, Start Addr 0x2000431C, End Addr 0x2000431F, "DAP Read Memory Block - Success" - ID 370
  Item #0, AP 0, Addr 0x2000431C, Value 0x00000000
20:06:01:841 (31/05/2024) - READ  MEM BLOCK Access, AP 0, Start Addr 0x20004CC4, End Addr 0x20004CC7, "DAP Read Memory Block - Success" - ID 371
  Item #0, AP 0, Addr 0x20004CC4, Value 0x00000000
20:06:01:844 (31/05/2024) - READ  MEM BLOCK Access, AP 0, Start Addr 0x20004CC8, End Addr 0x20004CCB, "DAP Read Memory Block - Success" - ID 372
  Item #0, AP 0, Addr 0x20004CC8, Value 0x00000000
20:06:01:846 (31/05/2024) - READ  MEM BLOCK Access, AP 0, Start Addr 0x20004CCC, End Addr 0x20004CCF, "DAP Read Memory Block - Success" - ID 373
  Item #0, AP 0, Addr 0x20004CCC, Value 0x00000000
20:06:01:908 (31/05/2024) - READ  MEM Access, AP 0, Addr 0xE000EDF0, Val 0x01010001, "DAP Read Memory (32 bit) - Success" - ID 374
20:06:01:958 (31/05/2024) - READ  MEM Access, AP 0, Addr 0xE000EDF0, Val 0x01010001, "DAP Read Memory (32 bit) - Success" - ID 375
20:06:02:009 (31/05/2024) - READ  MEM Access, AP 0, Addr 0xE000EDF0, Val 0x01010001, "DAP Read Memory (32 bit) - Success" - ID 376
20:06:02:060 (31/05/2024) - READ  MEM Access, AP 0, Addr 0xE000EDF0, Val 0x01010001, "DAP Read Memory (32 bit) - Success" - ID 377
20:06:02:111 (31/05/2024) - READ  MEM Access, AP 0, Addr 0xE000EDF0, Val 0x01010001, "DAP Read Memory (32 bit) - Success" - ID 378
20:06:02:161 (31/05/2024) - READ  MEM Access, AP 0, Addr 0xE000EDF0, Val 0x01010001, "DAP Read Memory (32 bit) - Success" - ID 379
20:06:02:212 (31/05/2024) - READ  MEM Access, AP 0, Addr 0xE000EDF0, Val 0x01010001, "DAP Read Memory (32 bit) - Success" - ID 380
20:06:02:263 (31/05/2024) - READ  MEM Access, AP 0, Addr 0xE000EDF0, Val 0x01010001, "DAP Read Memory (32 bit) - Success" - ID 381
20:06:02:314 (31/05/2024) - READ  MEM Access, AP 0, Addr 0xE000EDF0, Val 0x01010001, "DAP Read Memory (32 bit) - Success" - ID 382
20:06:02:364 (31/05/2024) - READ  MEM Access, AP 0, Addr 0xE000EDF0, Val 0x01010001, "DAP Read Memory (32 bit) - Success" - ID 383
20:06:02:365 (31/05/2024) - READ  MEM Access, AP 0, Addr 0xE0001004, Val 0x4FC1AB9E, "DAP Read Memory (32 bit) - Success" - ID 384
20:06:02:371 (31/05/2024) - READ  MEM BLOCK Access, AP 0, Start Addr 0x2000431C, End Addr 0x2000431F, "DAP Read Memory Block - Success" - ID 385
  Item #0, AP 0, Addr 0x2000431C, Value 0x00000000
20:06:02:374 (31/05/2024) - READ  MEM BLOCK Access, AP 0, Start Addr 0x20004CC4, End Addr 0x20004CC7, "DAP Read Memory Block - Success" - ID 386
  Item #0, AP 0, Addr 0x20004CC4, Value 0x00000000
20:06:02:376 (31/05/2024) - READ  MEM BLOCK Access, AP 0, Start Addr 0x20004CC8, End Addr 0x20004CCB, "DAP Read Memory Block - Success" - ID 387
  Item #0, AP 0, Addr 0x20004CC8, Value 0x00000000
20:06:02:378 (31/05/2024) - READ  MEM BLOCK Access, AP 0, Start Addr 0x20004CCC, End Addr 0x20004CCF, "DAP Read Memory Block - Success" - ID 388
  Item #0, AP 0, Addr 0x20004CCC, Value 0x00000000
20:06:02:435 (31/05/2024) - READ  MEM Access, AP 0, Addr 0xE000EDF0, Val 0x01010001, "DAP Read Memory (32 bit) - Success" - ID 389
20:06:02:486 (31/05/2024) - READ  MEM Access, AP 0, Addr 0xE000EDF0, Val 0x01010001, "DAP Read Memory (32 bit) - Success" - ID 390
20:06:02:537 (31/05/2024) - READ  MEM Access, AP 0, Addr 0xE000EDF0, Val 0x01010001, "DAP Read Memory (32 bit) - Success" - ID 391
20:06:02:587 (31/05/2024) - READ  MEM Access, AP 0, Addr 0xE000EDF0, Val 0x01010001, "DAP Read Memory (32 bit) - Success" - ID 392
20:06:02:637 (31/05/2024) - READ  MEM Access, AP 0, Addr 0xE000EDF0, Val 0x01010001, "DAP Read Memory (32 bit) - Success" - ID 393
20:06:02:688 (31/05/2024) - READ  MEM Access, AP 0, Addr 0xE000EDF0, Val 0x01010001, "DAP Read Memory (32 bit) - Success" - ID 394
20:06:02:739 (31/05/2024) - READ  MEM Access, AP 0, Addr 0xE000EDF0, Val 0x01010001, "DAP Read Memory (32 bit) - Success" - ID 395
20:06:02:789 (31/05/2024) - READ  MEM Access, AP 0, Addr 0xE000EDF0, Val 0x01010001, "DAP Read Memory (32 bit) - Success" - ID 396
20:06:02:839 (31/05/2024) - READ  MEM Access, AP 0, Addr 0xE000EDF0, Val 0x01010001, "DAP Read Memory (32 bit) - Success" - ID 397
20:06:02:889 (31/05/2024) - READ  MEM Access, AP 0, Addr 0xE000EDF0, Val 0x01010001, "DAP Read Memory (32 bit) - Success" - ID 398
20:06:02:890 (31/05/2024) - READ  MEM Access, AP 0, Addr 0xE0001004, Val 0x55033653, "DAP Read Memory (32 bit) - Success" - ID 399
20:06:02:898 (31/05/2024) - READ  MEM BLOCK Access, AP 0, Start Addr 0x2000431C, End Addr 0x2000431F, "DAP Read Memory Block - Success" - ID 400
  Item #0, AP 0, Addr 0x2000431C, Value 0x00000000
20:06:02:900 (31/05/2024) - READ  MEM BLOCK Access, AP 0, Start Addr 0x20004CC4, End Addr 0x20004CC7, "DAP Read Memory Block - Success" - ID 401
  Item #0, AP 0, Addr 0x20004CC4, Value 0x00000000
20:06:02:903 (31/05/2024) - READ  MEM BLOCK Access, AP 0, Start Addr 0x20004CC8, End Addr 0x20004CCB, "DAP Read Memory Block - Success" - ID 402
  Item #0, AP 0, Addr 0x20004CC8, Value 0x00000000
20:06:02:905 (31/05/2024) - READ  MEM BLOCK Access, AP 0, Start Addr 0x20004CCC, End Addr 0x20004CCF, "DAP Read Memory Block - Success" - ID 403
  Item #0, AP 0, Addr 0x20004CCC, Value 0x00000000
20:06:02:970 (31/05/2024) - READ  MEM Access, AP 0, Addr 0xE000EDF0, Val 0x01010001, "DAP Read Memory (32 bit) - Success" - ID 404
20:06:03:020 (31/05/2024) - READ  MEM Access, AP 0, Addr 0xE000EDF0, Val 0x01010001, "DAP Read Memory (32 bit) - Success" - ID 405
20:06:03:070 (31/05/2024) - READ  MEM Access, AP 0, Addr 0xE000EDF0, Val 0x01010001, "DAP Read Memory (32 bit) - Success" - ID 406
20:06:03:121 (31/05/2024) - READ  MEM Access, AP 0, Addr 0xE000EDF0, Val 0x01010001, "DAP Read Memory (32 bit) - Success" - ID 407
20:06:03:171 (31/05/2024) - READ  MEM Access, AP 0, Addr 0xE000EDF0, Val 0x01010001, "DAP Read Memory (32 bit) - Success" - ID 408
20:06:03:222 (31/05/2024) - READ  MEM Access, AP 0, Addr 0xE000EDF0, Val 0x01010001, "DAP Read Memory (32 bit) - Success" - ID 409
20:06:03:272 (31/05/2024) - READ  MEM Access, AP 0, Addr 0xE000EDF0, Val 0x01010001, "DAP Read Memory (32 bit) - Success" - ID 410
20:06:03:323 (31/05/2024) - READ  MEM Access, AP 0, Addr 0xE000EDF0, Val 0x01010001, "DAP Read Memory (32 bit) - Success" - ID 411
20:06:03:375 (31/05/2024) - READ  MEM Access, AP 0, Addr 0xE000EDF0, Val 0x01010001, "DAP Read Memory (32 bit) - Success" - ID 412
20:06:03:425 (31/05/2024) - READ  MEM Access, AP 0, Addr 0xE000EDF0, Val 0x01010001, "DAP Read Memory (32 bit) - Success" - ID 413
20:06:03:427 (31/05/2024) - READ  MEM Access, AP 0, Addr 0xE0001004, Val 0x5A6192DE, "DAP Read Memory (32 bit) - Success" - ID 414
20:06:03:431 (31/05/2024) - READ  MEM BLOCK Access, AP 0, Start Addr 0x2000431C, End Addr 0x2000431F, "DAP Read Memory Block - Success" - ID 415
  Item #0, AP 0, Addr 0x2000431C, Value 0x00000000
20:06:03:434 (31/05/2024) - READ  MEM BLOCK Access, AP 0, Start Addr 0x20004CC4, End Addr 0x20004CC7, "DAP Read Memory Block - Success" - ID 416
  Item #0, AP 0, Addr 0x20004CC4, Value 0x00000000
20:06:03:436 (31/05/2024) - READ  MEM BLOCK Access, AP 0, Start Addr 0x20004CC8, End Addr 0x20004CCB, "DAP Read Memory Block - Success" - ID 417
  Item #0, AP 0, Addr 0x20004CC8, Value 0x00000000
20:06:03:439 (31/05/2024) - READ  MEM BLOCK Access, AP 0, Start Addr 0x20004CCC, End Addr 0x20004CCF, "DAP Read Memory Block - Success" - ID 418
  Item #0, AP 0, Addr 0x20004CCC, Value 0x00000000
20:06:03:497 (31/05/2024) - READ  MEM Access, AP 0, Addr 0xE000EDF0, Val 0x01010001, "DAP Read Memory (32 bit) - Success" - ID 419
20:06:03:547 (31/05/2024) - READ  MEM Access, AP 0, Addr 0xE000EDF0, Val 0x01010001, "DAP Read Memory (32 bit) - Success" - ID 420
20:06:03:598 (31/05/2024) - READ  MEM Access, AP 0, Addr 0xE000EDF0, Val 0x01010001, "DAP Read Memory (32 bit) - Success" - ID 421
20:06:03:648 (31/05/2024) - READ  MEM Access, AP 0, Addr 0xE000EDF0, Val 0x01010001, "DAP Read Memory (32 bit) - Success" - ID 422
20:06:03:700 (31/05/2024) - READ  MEM Access, AP 0, Addr 0xE000EDF0, Val 0x01010001, "DAP Read Memory (32 bit) - Success" - ID 423
20:06:03:751 (31/05/2024) - READ  MEM Access, AP 0, Addr 0xE000EDF0, Val 0x01010001, "DAP Read Memory (32 bit) - Success" - ID 424
20:06:03:801 (31/05/2024) - READ  MEM Access, AP 0, Addr 0xE000EDF0, Val 0x01010001, "DAP Read Memory (32 bit) - Success" - ID 425
20:06:03:852 (31/05/2024) - READ  MEM Access, AP 0, Addr 0xE000EDF0, Val 0x01010001, "DAP Read Memory (32 bit) - Success" - ID 426
20:06:03:902 (31/05/2024) - READ  MEM Access, AP 0, Addr 0xE000EDF0, Val 0x01010001, "DAP Read Memory (32 bit) - Success" - ID 427
20:06:03:953 (31/05/2024) - READ  MEM Access, AP 0, Addr 0xE000EDF0, Val 0x01010001, "DAP Read Memory (32 bit) - Success" - ID 428
20:06:03:954 (31/05/2024) - READ  MEM Access, AP 0, Addr 0xE0001004, Val 0x5FAA2CD8, "DAP Read Memory (32 bit) - Success" - ID 429
20:06:03:961 (31/05/2024) - READ  MEM BLOCK Access, AP 0, Start Addr 0x2000431C, End Addr 0x2000431F, "DAP Read Memory Block - Success" - ID 430
  Item #0, AP 0, Addr 0x2000431C, Value 0x00000000
20:06:03:963 (31/05/2024) - READ  MEM BLOCK Access, AP 0, Start Addr 0x20004CC4, End Addr 0x20004CC7, "DAP Read Memory Block - Success" - ID 431
  Item #0, AP 0, Addr 0x20004CC4, Value 0x00000000
20:06:03:965 (31/05/2024) - READ  MEM BLOCK Access, AP 0, Start Addr 0x20004CC8, End Addr 0x20004CCB, "DAP Read Memory Block - Success" - ID 432
  Item #0, AP 0, Addr 0x20004CC8, Value 0x00000000
20:06:03:967 (31/05/2024) - READ  MEM BLOCK Access, AP 0, Start Addr 0x20004CCC, End Addr 0x20004CCF, "DAP Read Memory Block - Success" - ID 433
  Item #0, AP 0, Addr 0x20004CCC, Value 0x00000000
20:06:04:026 (31/05/2024) - READ  MEM Access, AP 0, Addr 0xE000EDF0, Val 0x01010001, "DAP Read Memory (32 bit) - Success" - ID 434
20:06:04:078 (31/05/2024) - READ  MEM Access, AP 0, Addr 0xE000EDF0, Val 0x01010001, "DAP Read Memory (32 bit) - Success" - ID 435
20:06:04:129 (31/05/2024) - READ  MEM Access, AP 0, Addr 0xE000EDF0, Val 0x01010001, "DAP Read Memory (32 bit) - Success" - ID 436
20:06:04:180 (31/05/2024) - READ  MEM Access, AP 0, Addr 0xE000EDF0, Val 0x01010001, "DAP Read Memory (32 bit) - Success" - ID 437
20:06:04:231 (31/05/2024) - READ  MEM Access, AP 0, Addr 0xE000EDF0, Val 0x01010001, "DAP Read Memory (32 bit) - Success" - ID 438
20:06:04:283 (31/05/2024) - READ  MEM Access, AP 0, Addr 0xE000EDF0, Val 0x01010001, "DAP Read Memory (32 bit) - Success" - ID 439
20:06:04:333 (31/05/2024) - READ  MEM Access, AP 0, Addr 0xE000EDF0, Val 0x01010001, "DAP Read Memory (32 bit) - Success" - ID 440
20:06:04:383 (31/05/2024) - READ  MEM Access, AP 0, Addr 0xE000EDF0, Val 0x01010001, "DAP Read Memory (32 bit) - Success" - ID 441
20:06:04:434 (31/05/2024) - READ  MEM Access, AP 0, Addr 0xE000EDF0, Val 0x01010001, "DAP Read Memory (32 bit) - Success" - ID 442
20:06:04:485 (31/05/2024) - READ  MEM Access, AP 0, Addr 0xE000EDF0, Val 0x01010001, "DAP Read Memory (32 bit) - Success" - ID 443
20:06:04:486 (31/05/2024) - READ  MEM Access, AP 0, Addr 0xE0001004, Val 0x64FE4812, "DAP Read Memory (32 bit) - Success" - ID 444
20:06:04:491 (31/05/2024) - READ  MEM BLOCK Access, AP 0, Start Addr 0x2000431C, End Addr 0x2000431F, "DAP Read Memory Block - Success" - ID 445
  Item #0, AP 0, Addr 0x2000431C, Value 0x00000000
20:06:04:493 (31/05/2024) - READ  MEM BLOCK Access, AP 0, Start Addr 0x20004CC4, End Addr 0x20004CC7, "DAP Read Memory Block - Success" - ID 446
  Item #0, AP 0, Addr 0x20004CC4, Value 0x00000000
20:06:04:495 (31/05/2024) - READ  MEM BLOCK Access, AP 0, Start Addr 0x20004CC8, End Addr 0x20004CCB, "DAP Read Memory Block - Success" - ID 447
  Item #0, AP 0, Addr 0x20004CC8, Value 0x00000000
20:06:04:497 (31/05/2024) - READ  MEM BLOCK Access, AP 0, Start Addr 0x20004CCC, End Addr 0x20004CCF, "DAP Read Memory Block - Success" - ID 448
  Item #0, AP 0, Addr 0x20004CCC, Value 0x00000000
20:06:04:554 (31/05/2024) - READ  MEM Access, AP 0, Addr 0xE000EDF0, Val 0x01010001, "DAP Read Memory (32 bit) - Success" - ID 449
20:06:04:610 (31/05/2024) - READ  MEM Access, AP 0, Addr 0xE000EDF0, Val 0x01010001, "DAP Read Memory (32 bit) - Success" - ID 450
20:06:04:660 (31/05/2024) - READ  MEM Access, AP 0, Addr 0xE000EDF0, Val 0x01010001, "DAP Read Memory (32 bit) - Success" - ID 451
20:06:04:711 (31/05/2024) - READ  MEM Access, AP 0, Addr 0xE000EDF0, Val 0x01010001, "DAP Read Memory (32 bit) - Success" - ID 452
20:06:04:761 (31/05/2024) - READ  MEM Access, AP 0, Addr 0xE000EDF0, Val 0x01010001, "DAP Read Memory (32 bit) - Success" - ID 453
20:06:04:811 (31/05/2024) - READ  MEM Access, AP 0, Addr 0xE000EDF0, Val 0x01010001, "DAP Read Memory (32 bit) - Success" - ID 454
20:06:04:862 (31/05/2024) - READ  MEM Access, AP 0, Addr 0xE000EDF0, Val 0x01010001, "DAP Read Memory (32 bit) - Success" - ID 455
20:06:04:913 (31/05/2024) - READ  MEM Access, AP 0, Addr 0xE000EDF0, Val 0x01010001, "DAP Read Memory (32 bit) - Success" - ID 456
20:06:04:964 (31/05/2024) - READ  MEM Access, AP 0, Addr 0xE000EDF0, Val 0x01010001, "DAP Read Memory (32 bit) - Success" - ID 457
20:06:05:014 (31/05/2024) - READ  MEM Access, AP 0, Addr 0xE000EDF0, Val 0x01010001, "DAP Read Memory (32 bit) - Success" - ID 458
20:06:05:015 (31/05/2024) - READ  MEM Access, AP 0, Addr 0xE0001004, Val 0x6A4B611C, "DAP Read Memory (32 bit) - Success" - ID 459
20:06:05:021 (31/05/2024) - READ  MEM BLOCK Access, AP 0, Start Addr 0x2000431C, End Addr 0x2000431F, "DAP Read Memory Block - Success" - ID 460
  Item #0, AP 0, Addr 0x2000431C, Value 0x00000000
20:06:05:024 (31/05/2024) - READ  MEM BLOCK Access, AP 0, Start Addr 0x20004CC4, End Addr 0x20004CC7, "DAP Read Memory Block - Success" - ID 461
  Item #0, AP 0, Addr 0x20004CC4, Value 0x00000000
20:06:05:027 (31/05/2024) - READ  MEM BLOCK Access, AP 0, Start Addr 0x20004CC8, End Addr 0x20004CCB, "DAP Read Memory Block - Success" - ID 462
  Item #0, AP 0, Addr 0x20004CC8, Value 0x00000000
20:06:05:029 (31/05/2024) - READ  MEM BLOCK Access, AP 0, Start Addr 0x20004CCC, End Addr 0x20004CCF, "DAP Read Memory Block - Success" - ID 463
  Item #0, AP 0, Addr 0x20004CCC, Value 0x00000000
20:06:05:085 (31/05/2024) - READ  MEM Access, AP 0, Addr 0xE000EDF0, Val 0x01010001, "DAP Read Memory (32 bit) - Success" - ID 464
20:06:05:135 (31/05/2024) - READ  MEM Access, AP 0, Addr 0xE000EDF0, Val 0x01010001, "DAP Read Memory (32 bit) - Success" - ID 465
20:06:05:187 (31/05/2024) - READ  MEM Access, AP 0, Addr 0xE000EDF0, Val 0x01010001, "DAP Read Memory (32 bit) - Success" - ID 466
20:06:05:238 (31/05/2024) - READ  MEM Access, AP 0, Addr 0xE000EDF0, Val 0x01010001, "DAP Read Memory (32 bit) - Success" - ID 467
20:06:05:288 (31/05/2024) - READ  MEM Access, AP 0, Addr 0xE000EDF0, Val 0x01010001, "DAP Read Memory (32 bit) - Success" - ID 468
20:06:05:339 (31/05/2024) - READ  MEM Access, AP 0, Addr 0xE000EDF0, Val 0x01010001, "DAP Read Memory (32 bit) - Success" - ID 469
20:06:05:389 (31/05/2024) - READ  MEM Access, AP 0, Addr 0xE000EDF0, Val 0x01010001, "DAP Read Memory (32 bit) - Success" - ID 470
20:06:05:440 (31/05/2024) - READ  MEM Access, AP 0, Addr 0xE000EDF0, Val 0x01010001, "DAP Read Memory (32 bit) - Success" - ID 471
20:06:05:491 (31/05/2024) - READ  MEM Access, AP 0, Addr 0xE000EDF0, Val 0x01010001, "DAP Read Memory (32 bit) - Success" - ID 472
20:06:05:542 (31/05/2024) - READ  MEM Access, AP 0, Addr 0xE000EDF0, Val 0x01010001, "DAP Read Memory (32 bit) - Success" - ID 473
20:06:05:543 (31/05/2024) - READ  MEM Access, AP 0, Addr 0xE0001004, Val 0x6F9344FC, "DAP Read Memory (32 bit) - Success" - ID 474
20:06:05:548 (31/05/2024) - READ  MEM BLOCK Access, AP 0, Start Addr 0x2000431C, End Addr 0x2000431F, "DAP Read Memory Block - Success" - ID 475
  Item #0, AP 0, Addr 0x2000431C, Value 0x00000000
20:06:05:550 (31/05/2024) - READ  MEM BLOCK Access, AP 0, Start Addr 0x20004CC4, End Addr 0x20004CC7, "DAP Read Memory Block - Success" - ID 476
  Item #0, AP 0, Addr 0x20004CC4, Value 0x00000000
20:06:05:552 (31/05/2024) - READ  MEM BLOCK Access, AP 0, Start Addr 0x20004CC8, End Addr 0x20004CCB, "DAP Read Memory Block - Success" - ID 477
  Item #0, AP 0, Addr 0x20004CC8, Value 0x00000000
20:06:05:554 (31/05/2024) - READ  MEM BLOCK Access, AP 0, Start Addr 0x20004CCC, End Addr 0x20004CCF, "DAP Read Memory Block - Success" - ID 478
  Item #0, AP 0, Addr 0x20004CCC, Value 0x00000000
20:06:05:610 (31/05/2024) - READ  MEM Access, AP 0, Addr 0xE000EDF0, Val 0x01010001, "DAP Read Memory (32 bit) - Success" - ID 479
20:06:05:661 (31/05/2024) - READ  MEM Access, AP 0, Addr 0xE000EDF0, Val 0x01010001, "DAP Read Memory (32 bit) - Success" - ID 480
20:06:05:711 (31/05/2024) - READ  MEM Access, AP 0, Addr 0xE000EDF0, Val 0x01010001, "DAP Read Memory (32 bit) - Success" - ID 481
20:06:05:761 (31/05/2024) - READ  MEM Access, AP 0, Addr 0xE000EDF0, Val 0x01010001, "DAP Read Memory (32 bit) - Success" - ID 482
20:06:05:812 (31/05/2024) - READ  MEM Access, AP 0, Addr 0xE000EDF0, Val 0x01010001, "DAP Read Memory (32 bit) - Success" - ID 483
20:06:05:862 (31/05/2024) - READ  MEM Access, AP 0, Addr 0xE000EDF0, Val 0x01010001, "DAP Read Memory (32 bit) - Success" - ID 484
20:06:05:912 (31/05/2024) - READ  MEM Access, AP 0, Addr 0xE000EDF0, Val 0x01010001, "DAP Read Memory (32 bit) - Success" - ID 485
20:06:05:962 (31/05/2024) - READ  MEM Access, AP 0, Addr 0xE000EDF0, Val 0x01010001, "DAP Read Memory (32 bit) - Success" - ID 486
20:06:06:013 (31/05/2024) - READ  MEM Access, AP 0, Addr 0xE000EDF0, Val 0x01010001, "DAP Read Memory (32 bit) - Success" - ID 487
20:06:06:064 (31/05/2024) - READ  MEM Access, AP 0, Addr 0xE000EDF0, Val 0x01010001, "DAP Read Memory (32 bit) - Success" - ID 488
20:06:06:065 (31/05/2024) - READ  MEM Access, AP 0, Addr 0xE0001004, Val 0x74CEE64D, "DAP Read Memory (32 bit) - Success" - ID 489
20:06:06:070 (31/05/2024) - READ  MEM BLOCK Access, AP 0, Start Addr 0x2000431C, End Addr 0x2000431F, "DAP Read Memory Block - Success" - ID 490
  Item #0, AP 0, Addr 0x2000431C, Value 0x00000000
20:06:06:073 (31/05/2024) - READ  MEM BLOCK Access, AP 0, Start Addr 0x20004CC4, End Addr 0x20004CC7, "DAP Read Memory Block - Success" - ID 491
  Item #0, AP 0, Addr 0x20004CC4, Value 0x00000000
20:06:06:074 (31/05/2024) - READ  MEM BLOCK Access, AP 0, Start Addr 0x20004CC8, End Addr 0x20004CCB, "DAP Read Memory Block - Success" - ID 492
  Item #0, AP 0, Addr 0x20004CC8, Value 0x00000000
20:06:06:076 (31/05/2024) - READ  MEM BLOCK Access, AP 0, Start Addr 0x20004CCC, End Addr 0x20004CCF, "DAP Read Memory Block - Success" - ID 493
  Item #0, AP 0, Addr 0x20004CCC, Value 0x00000000
20:06:06:133 (31/05/2024) - READ  MEM Access, AP 0, Addr 0xE000EDF0, Val 0x01010001, "DAP Read Memory (32 bit) - Success" - ID 494
20:06:06:184 (31/05/2024) - READ  MEM Access, AP 0, Addr 0xE000EDF0, Val 0x01010001, "DAP Read Memory (32 bit) - Success" - ID 495
20:06:06:234 (31/05/2024) - READ  MEM Access, AP 0, Addr 0xE000EDF0, Val 0x01010001, "DAP Read Memory (32 bit) - Success" - ID 496
20:06:06:284 (31/05/2024) - READ  MEM Access, AP 0, Addr 0xE000EDF0, Val 0x01010001, "DAP Read Memory (32 bit) - Success" - ID 497
20:06:06:335 (31/05/2024) - READ  MEM Access, AP 0, Addr 0xE000EDF0, Val 0x01010001, "DAP Read Memory (32 bit) - Success" - ID 498
20:06:06:390 (31/05/2024) - READ  MEM Access, AP 0, Addr 0xE000EDF0, Val 0x01010001, "DAP Read Memory (32 bit) - Success" - ID 499
20:06:06:441 (31/05/2024) - READ  MEM Access, AP 0, Addr 0xE000EDF0, Val 0x01010001, "DAP Read Memory (32 bit) - Success" - ID 500
20:06:06:492 (31/05/2024) - READ  MEM Access, AP 0, Addr 0xE000EDF0, Val 0x01010001, "DAP Read Memory (32 bit) - Success" - ID 501
20:06:06:543 (31/05/2024) - READ  MEM Access, AP 0, Addr 0xE000EDF0, Val 0x01010001, "DAP Read Memory (32 bit) - Success" - ID 502
20:06:06:593 (31/05/2024) - READ  MEM Access, AP 0, Addr 0xE000EDF0, Val 0x01010001, "DAP Read Memory (32 bit) - Success" - ID 503
20:06:06:594 (31/05/2024) - READ  MEM Access, AP 0, Addr 0xE0001004, Val 0x7A1AE969, "DAP Read Memory (32 bit) - Success" - ID 504
20:06:06:600 (31/05/2024) - READ  MEM BLOCK Access, AP 0, Start Addr 0x2000431C, End Addr 0x2000431F, "DAP Read Memory Block - Success" - ID 505
  Item #0, AP 0, Addr 0x2000431C, Value 0x00000000
20:06:06:602 (31/05/2024) - READ  MEM BLOCK Access, AP 0, Start Addr 0x20004CC4, End Addr 0x20004CC7, "DAP Read Memory Block - Success" - ID 506
  Item #0, AP 0, Addr 0x20004CC4, Value 0x00000000
20:06:06:604 (31/05/2024) - READ  MEM BLOCK Access, AP 0, Start Addr 0x20004CC8, End Addr 0x20004CCB, "DAP Read Memory Block - Success" - ID 507
  Item #0, AP 0, Addr 0x20004CC8, Value 0x00000000
20:06:06:607 (31/05/2024) - READ  MEM BLOCK Access, AP 0, Start Addr 0x20004CCC, End Addr 0x20004CCF, "DAP Read Memory Block - Success" - ID 508
  Item #0, AP 0, Addr 0x20004CCC, Value 0x00000000
20:06:06:663 (31/05/2024) - READ  MEM Access, AP 0, Addr 0xE000EDF0, Val 0x01010001, "DAP Read Memory (32 bit) - Success" - ID 509
20:06:06:714 (31/05/2024) - READ  MEM Access, AP 0, Addr 0xE000EDF0, Val 0x01010001, "DAP Read Memory (32 bit) - Success" - ID 510
20:06:06:767 (31/05/2024) - READ  MEM Access, AP 0, Addr 0xE000EDF0, Val 0x01010001, "DAP Read Memory (32 bit) - Success" - ID 511
20:06:06:783 (31/05/2024) - READ  MEM Access, AP 0, Addr 0xE000EDF0, Val 0x01010001, "DAP Read Memory (32 bit) - Success" - ID 512
20:06:06:795 (31/05/2024) - WRITE MEM Access, AP 0, Addr 0xE000EDF0, Val 0xA05F0003, "DAP Write Memory (32 bit) - Success" - ID 513
20:06:06:797 (31/05/2024) - READ  MEM Access, AP 0, Addr 0xE000EDF0, Val 0x01030003, "DAP Read Memory (32 bit) - Success" - ID 514
20:06:06:797 (31/05/2024) - READ  MEM Access, AP 0, Addr 0xE000EDF0, Val 0x00030003, "DAP Read Memory (32 bit) - Success" - ID 515
20:06:06:803 (31/05/2024) - WRITE MEM BLOCK Access, AP 0, Start Addr 0xE0002000, End Addr 0xE000201F, "DAP Write Memory Block - Success" - ID 516
  Item #0, AP 0, Addr 0xE0002000, Value 0x00000002
  Item #1, AP 0, Addr 0xE0002004, Value 0x00000000
  Item #2, AP 0, Addr 0xE0002008, Value 0x00000000
  Item #3, AP 0, Addr 0xE000200C, Value 0x00000000
  Item #4, AP 0, Addr 0xE0002010, Value 0x00000000
  Item #5, AP 0, Addr 0xE0002014, Value 0x00000000
  Item #6, AP 0, Addr 0xE0002018, Value 0x00000000
  Item #7, AP 0, Addr 0xE000201C, Value 0x00000000
20:06:06:809 (31/05/2024) - WRITE MEM BLOCK Access, AP 0, Start Addr 0xE0001020, End Addr 0xE000105F, "DAP Write Memory Block - Success" - ID 517
  Item #0, AP 0, Addr 0xE0001020, Value 0x00000000
  Item #1, AP 0, Addr 0xE0001024, Value 0x00000000
  Item #2, AP 0, Addr 0xE0001028, Value 0x00000000
  Item #3, AP 0, Addr 0xE000102C, Value 0x00000000
  Item #4, AP 0, Addr 0xE0001030, Value 0x00000000
  Item #5, AP 0, Addr 0xE0001034, Value 0x00000000
  Item #6, AP 0, Addr 0xE0001038, Value 0x00000200
  Item #7, AP 0, Addr 0xE000103C, Value 0x00000000
  Item #8, AP 0, Addr 0xE0001040, Value 0x00000000
  Item #9, AP 0, Addr 0xE0001044, Value 0x00000000
  Item #10, AP 0, Addr 0xE0001048, Value 0x00000000
  Item #11, AP 0, Addr 0xE000104C, Value 0x00000000
  Item #12, AP 0, Addr 0xE0001050, Value 0x00000000
  Item #13, AP 0, Addr 0xE0001054, Value 0x00000000
  Item #14, AP 0, Addr 0xE0001058, Value 0x00000000
  Item #15, AP 0, Addr 0xE000105C, Value 0x00000000
20:06:06:809 (31/05/2024) - READ  MEM Access, AP 0, Addr 0xE000ED30, Val 0x00000001, "DAP Read Memory (32 bit) - Success" - ID 518
20:06:06:810 (31/05/2024) - READ  MEM Access, AP 0, Addr 0xE0001028, Val 0x00000000, "DAP Read Memory (32 bit) - Success" - ID 519
20:06:06:811 (31/05/2024) - READ  MEM Access, AP 0, Addr 0xE0001038, Val 0x00000200, "DAP Read Memory (32 bit) - Success" - ID 520
20:06:06:812 (31/05/2024) - READ  MEM Access, AP 0, Addr 0xE0001048, Val 0x00000000, "DAP Read Memory (32 bit) - Success" - ID 521
20:06:06:812 (31/05/2024) - READ  MEM Access, AP 0, Addr 0xE0001058, Val 0x00000000, "DAP Read Memory (32 bit) - Success" - ID 522
20:06:07:048 (31/05/2024) - READ  MEM Access, AP 0, Addr 0xE000EDF0, Val 0x00030003, "DAP Read Memory (32 bit) - Success" - ID 523
20:06:07:299 (31/05/2024) - READ  MEM Access, AP 0, Addr 0xE000EDF0, Val 0x00030003, "DAP Read Memory (32 bit) - Success" - ID 524
20:06:07:456 (31/05/2024) - START SEQUENCE "DebugCoreStop", "default" - ID 50
20:06:07:457 (31/05/2024) - WRITE MEM Access, AP 0, Addr 0xE000EDF0, Val 0xA05F0000, "DAP Write Memory (32 bit) - Success" - ID 525
20:06:07:458 (31/05/2024) - WRITE MEM Access, AP 0, Addr 0xE000EDFC, Val 0x00000000, "DAP Write Memory (32 bit) - Success" - ID 526
20:06:07:458 (31/05/2024) - END SEQUENCE "DebugCoreStop", "success" - ID 51
20:06:07:458 (31/05/2024) - START SEQUENCE "StopTarget", "default" - ID 52
20:06:07:460 (31/05/2024) - WRITE MEM BLOCK Access, AP 0, Start Addr 0xE0002000, End Addr 0xE000201F, "DAP Write Memory Block - Success" - ID 527
  Item #0, AP 0, Addr 0xE0002000, Value 0x00000002
  Item #1, AP 0, Addr 0xE0002004, Value 0x00000000
  Item #2, AP 0, Addr 0xE0002008, Value 0x00000000
  Item #3, AP 0, Addr 0xE000200C, Value 0x00000000
  Item #4, AP 0, Addr 0xE0002010, Value 0x00000000
  Item #5, AP 0, Addr 0xE0002014, Value 0x00000000
  Item #6, AP 0, Addr 0xE0002018, Value 0x00000000
  Item #7, AP 0, Addr 0xE000201C, Value 0x00000000
20:06:07:460 (31/05/2024) - START SEQUENCE "_UnInitTrace", "default" - ID 53
20:06:07:460 (31/05/2024) - END SEQUENCE "_UnInitTrace", "success" - ID 54
20:06:07:461 (31/05/2024) - START SEQUENCE "DebugPortStop", "default" - ID 55
20:06:07:461 (31/05/2024) - WRITE DP  Access, Addr 0x00000004, Val 0x00000000, "DAP Write DP - Success" - ID 528
20:06:07:461 (31/05/2024) - END SEQUENCE "DebugPortStop", "success" - ID 56
20:06:07:461 (31/05/2024) - START SEQUENCE "UnInitDebugger", "default" - ID 57
20:06:07:463 (31/05/2024) - END SEQUENCE "UnInitDebugger", "success" - ID 58
20:06:07:463 (31/05/2024) - START SEQUENCE "_UnInitDriver", "default" - ID 59
20:06:07:463 (31/05/2024) - END SEQUENCE "_UnInitDriver", "success" - ID 60
20:06:07:463 (31/05/2024) - END SEQUENCE "StopTarget", "success" - ID 61
