CMSIS_AGDI.DLL - CMSIS-DAP Driver Log

20:42:47:703 (23/05/2024) - START SEQUENCE "InitTarget", "default" - ID 0
20:42:47:703 (23/05/2024) - START SEQUENCE "InitInternals", "default" - ID 1
20:42:47:703 (23/05/2024) - START SEQUENCE "InitDriver", "default" - ID 2
20:42:47:703 (23/05/2024) - END SEQUENCE "InitDriver", "success" - ID 3
20:42:47:703 (23/05/2024) - START SEQUENCE "InitDebugger", "default" - ID 4
20:42:47:751 (23/05/2024) - END SEQUENCE "InitDebugger", "success" - ID 5
20:42:47:751 (23/05/2024) - END SEQUENCE "InitInternals", "success" - ID 6
20:42:47:751 (23/05/2024) - START SEQUENCE "DebugPortSetup", "default" - ID 7
20:42:47:756 (23/05/2024) - END SEQUENCE "DebugPortSetup", "failed" - ID 8
20:42:47:756 (23/05/2024) - END SEQUENCE "InitTarget", "failed" - ID 9
20:42:47:756 (23/05/2024) - START SEQUENCE "StopTarget", "default" - ID 10
20:42:47:761 (23/05/2024) - WRITE MEM BLOCK Access, AP 0, Start Addr 0x00000000, End Addr 0x00000007, "DAP Write Memory Block - FAILED" - ID 0
20:42:47:761 (23/05/2024) - START SEQUENCE "_UnInitTrace", "default" - ID 11
20:42:47:761 (23/05/2024) - END SEQUENCE "_UnInitTrace", "success" - ID 12
20:42:47:761 (23/05/2024) - START SEQUENCE "UnInitDebugger", "default" - ID 13
20:42:47:762 (23/05/2024) - END SEQUENCE "UnInitDebugger", "success" - ID 14
20:42:47:762 (23/05/2024) - START SEQUENCE "_UnInitDriver", "default" - ID 15
20:42:47:762 (23/05/2024) - END SEQUENCE "_UnInitDriver", "success" - ID 16
20:42:47:762 (23/05/2024) - END SEQUENCE "StopTarget", "success" - ID 17
