CMSIS_AGDI.DLL - CMSIS-DAP Driver Log

20:03:18:098 (31/05/2024) - START SEQUENCE "InitTarget", "default" - ID 0
20:03:18:098 (31/05/2024) - START SEQUENCE "InitInternals", "default" - ID 1
20:03:18:098 (31/05/2024) - START SEQUENCE "InitDriver", "default" - ID 2
20:03:18:098 (31/05/2024) - END SEQUENCE "InitDriver", "success" - ID 3
20:03:18:098 (31/05/2024) - START SEQUENCE "InitDebugger", "default" - ID 4
20:03:18:135 (31/05/2024) - END SEQUENCE "InitDebugger", "success" - ID 5
20:03:18:135 (31/05/2024) - END SEQUENCE "InitInternals", "success" - ID 6
20:03:18:135 (31/05/2024) - START SEQUENCE "DebugPortSetup", "default" - ID 7
20:03:18:138 (31/05/2024) - END SEQUENCE "DebugPortSetup", "success" - ID 8
20:03:18:138 (31/05/2024) - START SEQUENCE "DebugGetDeviceList", "default" - ID 9
20:03:18:140 (31/05/2024) - END SEQUENCE "DebugGetDeviceList", "success" - ID 10
20:03:18:140 (31/05/2024) - START SEQUENCE "PDSCDebug_DebugGetDeviceNames", "default" - ID 11
20:03:18:140 (31/05/2024) - END SEQUENCE "PDSCDebug_DebugGetDeviceNames", "success" - ID 12
  20:03:18:140 (31/05/2024) - START SEQUENCE "DebugPortStart", "default" - ID 13
  20:03:18:145 (31/05/2024) - END SEQUENCE "DebugPortStart", "success" - ID 14
20:03:18:146 (31/05/2024) - START SEQUENCE "DebugDeviceUnlock", "calling sequence" - ID 15
20:03:18:148 (31/05/2024) - READ  AP  Access, AP 0, Addr 0x000000F8, Val 0xE00FF003, "DAP Read AP - Success" - ID 0
20:03:18:150 (31/05/2024) - READ  MEM BLOCK Access, AP 0, Start Addr 0xE00FFFE4, End Addr 0xE00FFFE7, "DAP Read Memory Block (32-bit accesses) - Success" - ID 1
  Item #0, AP 0, Addr 0xE00FFFE4, Value 0x00000004
20:03:18:152 (31/05/2024) - READ  MEM BLOCK Access, AP 0, Start Addr 0xE00FFFE8, End Addr 0xE00FFFEB, "DAP Read Memory Block (32-bit accesses) - Success" - ID 2
  Item #0, AP 0, Addr 0xE00FFFE8, Value 0x0000000A
20:03:18:152 (31/05/2024) - START SEQUENCE "DebugReadTargetFeatures", "default" - ID 16
20:03:18:152 (31/05/2024) - START SEQUENCE "_EvalDPID", "default" - ID 17
20:03:18:152 (31/05/2024) - END SEQUENCE "_EvalDPID", "success" - ID 18
20:03:18:153 (31/05/2024) - WRITE DP  Access, Addr 0x00000008, Val 0x00000000, "DAP Write DP - Success" - ID 3
20:03:18:157 (31/05/2024) - WRITE AP  Access, AP 0, Addr 0x00000000, Val 0x23000052, "DAP Write AP - Success" - ID 4
20:03:18:157 (31/05/2024) - START SEQUENCE "DebugReadRomTable", "default" - ID 19
20:03:18:158 (31/05/2024) - READ  AP  Access, AP 0, Addr 0x000000F8, Val 0xE00FF003, "DAP Read AP - Success" - ID 5
20:03:18:161 (31/05/2024) - READ  MEM BLOCK Access, AP 0, Start Addr 0xE00FFFF0, End Addr 0xE00FFFFF, "DAP Read Memory Block - Success" - ID 6
  Item #0, AP 0, Addr 0xE00FFFF0, Value 0x0000000D
  Item #1, AP 0, Addr 0xE00FFFF4, Value 0x00000010
  Item #2, AP 0, Addr 0xE00FFFF8, Value 0x00000005
  Item #3, AP 0, Addr 0xE00FFFFC, Value 0x000000B1
20:03:18:164 (31/05/2024) - READ  MEM BLOCK Access, AP 0, Start Addr 0xE00FFFD0, End Addr 0xE00FFFEF, "DAP Read Memory Block - Success" - ID 7
  Item #0, AP 0, Addr 0xE00FFFD0, Value 0x00000000
  Item #1, AP 0, Addr 0xE00FFFD4, Value 0x00000000
  Item #2, AP 0, Addr 0xE00FFFD8, Value 0x00000000
  Item #3, AP 0, Addr 0xE00FFFDC, Value 0x00000000
  Item #4, AP 0, Addr 0xE00FFFE0, Value 0x00000011
  Item #5, AP 0, Addr 0xE00FFFE4, Value 0x00000004
  Item #6, AP 0, Addr 0xE00FFFE8, Value 0x0000000A
  Item #7, AP 0, Addr 0xE00FFFEC, Value 0x00000000
20:03:18:164 (31/05/2024) - ROM TABLE: Detected Unknown ROM Table at address 0xE00FF000 (PID 0x00000000000A0411, CID 0xB105100D)
20:03:18:165 (31/05/2024) - READ  MEM Access, AP 0, Addr 0xE00FF000, Val 0xFFF0F003, "DAP Read Memory (32 bit) - Success" - ID 8
20:03:18:167 (31/05/2024) - READ  MEM BLOCK Access, AP 0, Start Addr 0xE000EFF0, End Addr 0xE000EFFF, "DAP Read Memory Block - Success" - ID 9
  Item #0, AP 0, Addr 0xE000EFF0, Value 0x0000000D
  Item #1, AP 0, Addr 0xE000EFF4, Value 0x000000E0
  Item #2, AP 0, Addr 0xE000EFF8, Value 0x00000005
  Item #3, AP 0, Addr 0xE000EFFC, Value 0x000000B1
20:03:18:169 (31/05/2024) - READ  MEM BLOCK Access, AP 0, Start Addr 0xE000EFD0, End Addr 0xE000EFEF, "DAP Read Memory Block - Success" - ID 10
  Item #0, AP 0, Addr 0xE000EFD0, Value 0x00000004
  Item #1, AP 0, Addr 0xE000EFD4, Value 0x00000000
  Item #2, AP 0, Addr 0xE000EFD8, Value 0x00000000
  Item #3, AP 0, Addr 0xE000EFDC, Value 0x00000000
  Item #4, AP 0, Addr 0xE000EFE0, Value 0x0000000C
  Item #5, AP 0, Addr 0xE000EFE4, Value 0x000000B0
  Item #6, AP 0, Addr 0xE000EFE8, Value 0x0000000B
  Item #7, AP 0, Addr 0xE000EFEC, Value 0x00000000
20:03:18:170 (31/05/2024) - ROM TABLE: Detected SCS (ARMv7-M with FP Extension) at address 0xE000E000 (PID 0x00000004000BB00C, CID 0xB105E00D)
20:03:18:170 (31/05/2024) - WRITE MEM Access, AP 0, Addr 0xE000EDFC, Val 0x01000000, "DAP Write Memory (32 bit) - Success" - ID 11
20:03:18:170 (31/05/2024) - READ  MEM Access, AP 0, Addr 0xE00FF004, Val 0xFFF02003, "DAP Read Memory (32 bit) - Success" - ID 12
20:03:18:173 (31/05/2024) - READ  MEM BLOCK Access, AP 0, Start Addr 0xE0001FF0, End Addr 0xE0001FFF, "DAP Read Memory Block - Success" - ID 13
  Item #0, AP 0, Addr 0xE0001FF0, Value 0x0000000D
  Item #1, AP 0, Addr 0xE0001FF4, Value 0x000000E0
  Item #2, AP 0, Addr 0xE0001FF8, Value 0x00000005
  Item #3, AP 0, Addr 0xE0001FFC, Value 0x000000B1
20:03:18:175 (31/05/2024) - READ  MEM BLOCK Access, AP 0, Start Addr 0xE0001FD0, End Addr 0xE0001FEF, "DAP Read Memory Block - Success" - ID 14
  Item #0, AP 0, Addr 0xE0001FD0, Value 0x00000004
  Item #1, AP 0, Addr 0xE0001FD4, Value 0x00000000
  Item #2, AP 0, Addr 0xE0001FD8, Value 0x00000000
  Item #3, AP 0, Addr 0xE0001FDC, Value 0x00000000
  Item #4, AP 0, Addr 0xE0001FE0, Value 0x00000002
  Item #5, AP 0, Addr 0xE0001FE4, Value 0x000000B0
  Item #6, AP 0, Addr 0xE0001FE8, Value 0x0000003B
  Item #7, AP 0, Addr 0xE0001FEC, Value 0x00000000
20:03:18:175 (31/05/2024) - ROM TABLE: Detected DWT (ARMv7-M) at address 0xE0001000 (PID 0x00000004003BB002, CID 0xB105E00D)
20:03:18:176 (31/05/2024) - READ  MEM Access, AP 0, Addr 0xE00FF008, Val 0xFFF03003, "DAP Read Memory (32 bit) - Success" - ID 15
20:03:18:178 (31/05/2024) - READ  MEM BLOCK Access, AP 0, Start Addr 0xE0002FF0, End Addr 0xE0002FFF, "DAP Read Memory Block - Success" - ID 16
  Item #0, AP 0, Addr 0xE0002FF0, Value 0x0000000D
  Item #1, AP 0, Addr 0xE0002FF4, Value 0x000000E0
  Item #2, AP 0, Addr 0xE0002FF8, Value 0x00000005
  Item #3, AP 0, Addr 0xE0002FFC, Value 0x000000B1
20:03:18:180 (31/05/2024) - READ  MEM BLOCK Access, AP 0, Start Addr 0xE0002FD0, End Addr 0xE0002FEF, "DAP Read Memory Block - Success" - ID 17
  Item #0, AP 0, Addr 0xE0002FD0, Value 0x00000004
  Item #1, AP 0, Addr 0xE0002FD4, Value 0x00000000
  Item #2, AP 0, Addr 0xE0002FD8, Value 0x00000000
  Item #3, AP 0, Addr 0xE0002FDC, Value 0x00000000
  Item #4, AP 0, Addr 0xE0002FE0, Value 0x00000003
  Item #5, AP 0, Addr 0xE0002FE4, Value 0x000000B0
  Item #6, AP 0, Addr 0xE0002FE8, Value 0x0000002B
  Item #7, AP 0, Addr 0xE0002FEC, Value 0x00000000
20:03:18:180 (31/05/2024) - ROM TABLE: Detected FPB (ARMv7-M) at address 0xE0002000 (PID 0x00000004002BB003, CID 0xB105E00D)
20:03:18:181 (31/05/2024) - READ  MEM Access, AP 0, Addr 0xE00FF00C, Val 0xFFF01003, "DAP Read Memory (32 bit) - Success" - ID 18
20:03:18:184 (31/05/2024) - READ  MEM BLOCK Access, AP 0, Start Addr 0xE0000FF0, End Addr 0xE0000FFF, "DAP Read Memory Block - Success" - ID 19
  Item #0, AP 0, Addr 0xE0000FF0, Value 0x0000000D
  Item #1, AP 0, Addr 0xE0000FF4, Value 0x000000E0
  Item #2, AP 0, Addr 0xE0000FF8, Value 0x00000005
  Item #3, AP 0, Addr 0xE0000FFC, Value 0x000000B1
20:03:18:186 (31/05/2024) - READ  MEM BLOCK Access, AP 0, Start Addr 0xE0000FD0, End Addr 0xE0000FEF, "DAP Read Memory Block - Success" - ID 20
  Item #0, AP 0, Addr 0xE0000FD0, Value 0x00000004
  Item #1, AP 0, Addr 0xE0000FD4, Value 0x00000000
  Item #2, AP 0, Addr 0xE0000FD8, Value 0x00000000
  Item #3, AP 0, Addr 0xE0000FDC, Value 0x00000000
  Item #4, AP 0, Addr 0xE0000FE0, Value 0x00000001
  Item #5, AP 0, Addr 0xE0000FE4, Value 0x000000B0
  Item #6, AP 0, Addr 0xE0000FE8, Value 0x0000003B
  Item #7, AP 0, Addr 0xE0000FEC, Value 0x00000000
20:03:18:186 (31/05/2024) - ROM TABLE: Detected ITM (ARMv7-M) at address 0xE0000000 (PID 0x00000004003BB001, CID 0xB105E00D)
20:03:18:187 (31/05/2024) - READ  MEM Access, AP 0, Addr 0xE00FF010, Val 0xFFF41003, "DAP Read Memory (32 bit) - Success" - ID 21
20:03:18:190 (31/05/2024) - READ  MEM BLOCK Access, AP 0, Start Addr 0xE0040FF0, End Addr 0xE0040FFF, "DAP Read Memory Block - Success" - ID 22
  Item #0, AP 0, Addr 0xE0040FF0, Value 0x0000000D
  Item #1, AP 0, Addr 0xE0040FF4, Value 0x00000090
  Item #2, AP 0, Addr 0xE0040FF8, Value 0x00000005
  Item #3, AP 0, Addr 0xE0040FFC, Value 0x000000B1
20:03:18:191 (31/05/2024) - READ  MEM BLOCK Access, AP 0, Start Addr 0xE0040FD0, End Addr 0xE0040FEF, "DAP Read Memory Block - Success" - ID 23
  Item #0, AP 0, Addr 0xE0040FD0, Value 0x00000004
  Item #1, AP 0, Addr 0xE0040FD4, Value 0x00000000
  Item #2, AP 0, Addr 0xE0040FD8, Value 0x00000000
  Item #3, AP 0, Addr 0xE0040FDC, Value 0x00000000
  Item #4, AP 0, Addr 0xE0040FE0, Value 0x000000A1
  Item #5, AP 0, Addr 0xE0040FE4, Value 0x000000B9
  Item #6, AP 0, Addr 0xE0040FE8, Value 0x0000000B
  Item #7, AP 0, Addr 0xE0040FEC, Value 0x00000000
20:03:18:191 (31/05/2024) - ROM TABLE: Detected TPIU (Cortex-M4) at address 0xE0040000 (PID 0x00000004000BB9A1, CID 0xB105900D)
20:03:18:192 (31/05/2024) - READ  MEM Access, AP 0, Addr 0xE00FF014, Val 0xFFF42003, "DAP Read Memory (32 bit) - Success" - ID 24
20:03:18:195 (31/05/2024) - READ  MEM BLOCK Access, AP 0, Start Addr 0xE0041FF0, End Addr 0xE0041FFF, "DAP Read Memory Block - Success" - ID 25
  Item #0, AP 0, Addr 0xE0041FF0, Value 0x0000000D
  Item #1, AP 0, Addr 0xE0041FF4, Value 0x00000090
  Item #2, AP 0, Addr 0xE0041FF8, Value 0x00000005
  Item #3, AP 0, Addr 0xE0041FFC, Value 0x000000B1
20:03:18:198 (31/05/2024) - READ  MEM BLOCK Access, AP 0, Start Addr 0xE0041FD0, End Addr 0xE0041FEF, "DAP Read Memory Block - Success" - ID 26
  Item #0, AP 0, Addr 0xE0041FD0, Value 0x00000004
  Item #1, AP 0, Addr 0xE0041FD4, Value 0x00000000
  Item #2, AP 0, Addr 0xE0041FD8, Value 0x00000000
  Item #3, AP 0, Addr 0xE0041FDC, Value 0x00000000
  Item #4, AP 0, Addr 0xE0041FE0, Value 0x00000025
  Item #5, AP 0, Addr 0xE0041FE4, Value 0x000000B9
  Item #6, AP 0, Addr 0xE0041FE8, Value 0x0000000B
  Item #7, AP 0, Addr 0xE0041FEC, Value 0x00000000
20:03:18:198 (31/05/2024) - ROM TABLE: Detected ETM (Cortex-M4) at address 0xE0041000 (PID 0x00000004000BB925, CID 0xB105900D)
20:03:18:198 (31/05/2024) - READ  MEM Access, AP 0, Addr 0xE00FF018, Val 0x00000000, "DAP Read Memory (32 bit) - Success" - ID 27
20:03:18:198 (31/05/2024) - END SEQUENCE "DebugReadRomTable", "success" - ID 20
20:03:18:198 (31/05/2024) - START SEQUENCE "_EvalCPUID", "default" - ID 21
20:03:18:199 (31/05/2024) - READ  MEM Access, AP 0, Addr 0xE000ED00, Val 0x410FC241, "DAP Read Memory (32 bit) - Success" - ID 28
20:03:18:200 (31/05/2024) - READ  MEM Access, AP 0, Addr 0xE000EF40, Val 0x10110021, "DAP Read Memory (32 bit) - Success" - ID 29
20:03:18:200 (31/05/2024) - READ  MEM Access, AP 0, Addr 0xE000EF44, Val 0x11000011, "DAP Read Memory (32 bit) - Success" - ID 30
20:03:18:200 (31/05/2024) - END SEQUENCE "_EvalCPUID", "success" - ID 22
20:03:18:202 (31/05/2024) - READ  DP  Access, Addr 0x00000004, Val 0xF0000F40, "DAP Read DP - Success" - ID 31
20:03:18:202 (31/05/2024) - END SEQUENCE "DebugReadTargetFeatures", "success" - ID 23
20:03:18:202 (31/05/2024) - START SEQUENCE "DebugCoreStart", "calling sequence" - ID 24
20:03:18:204 (31/05/2024) - WRITE MEM BLOCK Access, AP 0, Start Addr 0xE000EDF0, End Addr 0xE000EDF3, "DAP Write Memory Block (32-bit accesses) - Success" - ID 32
  Item #0, AP 0, Addr 0xE000EDF0, Value 0xA05F0001
20:03:18:207 (31/05/2024) - WRITE MEM BLOCK Access, AP 0, Start Addr 0xE0042004, End Addr 0xE0042007, "DAP Write Memory Block (32-bit accesses) - Success" - ID 33
  Item #0, AP 0, Addr 0xE0042004, Value 0x00000007
20:03:18:209 (31/05/2024) - WRITE MEM BLOCK Access, AP 0, Start Addr 0xE0042008, End Addr 0xE004200B, "DAP Write Memory Block (32-bit accesses) - Success" - ID 34
  Item #0, AP 0, Addr 0xE0042008, Value 0x00000000
20:03:18:211 (31/05/2024) - WRITE MEM BLOCK Access, AP 0, Start Addr 0xE004200C, End Addr 0xE004200F, "DAP Write Memory Block (32-bit accesses) - Success" - ID 35
  Item #0, AP 0, Addr 0xE004200C, Value 0x00000000
20:03:18:211 (31/05/2024) - END SEQUENCE "DebugCoreStart", "success" - ID 25
20:03:18:212 (31/05/2024) - READ  MEM Access, AP 0, Addr 0xE000EDFC, Val 0x01000000, "DAP Read Memory (32 bit) - Success" - ID 36
20:03:18:213 (31/05/2024) - WRITE MEM Access, AP 0, Addr 0xE000EDFC, Val 0x01000001, "DAP Write Memory (32 bit) - Success" - ID 37
20:03:18:213 (31/05/2024) - WRITE MEM Access, AP 0, Addr 0xE000EDF0, Val 0xA05F0003, "DAP Write Memory (32 bit) - Success" - ID 38
20:03:18:214 (31/05/2024) - READ  MEM Access, AP 0, Addr 0xE000EDF0, Val 0x01030003, "DAP Read Memory (32 bit) - Success" - ID 39
20:03:18:214 (31/05/2024) - END SEQUENCE "_WaitForStop", "success" - ID 26
20:03:18:215 (31/05/2024) - WRITE MEM Access, AP 0, Addr 0xE000EDF0, Val 0xA05F0003, "DAP Write Memory (32 bit) - Success" - ID 40
20:03:18:215 (31/05/2024) - START SEQUENCE "_InitDebugComponents", "default" - ID 27
20:03:18:215 (31/05/2024) - READ  MEM Access, AP 0, Addr 0xE000EDFC, Val 0x01000001, "DAP Read Memory (32 bit) - Success" - ID 41
20:03:18:216 (31/05/2024) - READ  MEM Access, AP 0, Addr 0xE0002000, Val 0x00000260, "DAP Read Memory (32 bit) - Success" - ID 42
20:03:18:217 (31/05/2024) - READ  MEM Access, AP 0, Addr 0xE0001000, Val 0x40000001, "DAP Read Memory (32 bit) - Success" - ID 43
20:03:18:218 (31/05/2024) - WRITE MEM Access, AP 0, Addr 0xE0001024, Val 0x0000001F, "DAP Write Memory (32 bit) - Success" - ID 44
20:03:18:219 (31/05/2024) - READ  MEM Access, AP 0, Addr 0xE0001024, Val 0x0000000F, "DAP Read Memory (32 bit) - Success" - ID 45
20:03:18:219 (31/05/2024) - WRITE MEM Access, AP 0, Addr 0xE0001024, Val 0x00000000, "DAP Write Memory (32 bit) - Success" - ID 46
20:03:18:220 (31/05/2024) - WRITE MEM Access, AP 0, Addr 0xE0001028, Val 0x00000100, "DAP Write Memory (32 bit) - Success" - ID 47
20:03:18:221 (31/05/2024) - READ  MEM Access, AP 0, Addr 0xE0001028, Val 0x00000000, "DAP Read Memory (32 bit) - Success" - ID 48
20:03:18:221 (31/05/2024) - WRITE MEM Access, AP 0, Addr 0xE0001028, Val 0x00000080, "DAP Write Memory (32 bit) - Success" - ID 49
20:03:18:223 (31/05/2024) - READ  MEM Access, AP 0, Addr 0xE0001028, Val 0x00000080, "DAP Read Memory (32 bit) - Success" - ID 50
20:03:18:224 (31/05/2024) - WRITE MEM Access, AP 0, Addr 0xE0001028, Val 0x00000000, "DAP Write Memory (32 bit) - Success" - ID 51
20:03:18:225 (31/05/2024) - WRITE MEM Access, AP 0, Addr 0xE0001038, Val 0x00000100, "DAP Write Memory (32 bit) - Success" - ID 52
20:03:18:225 (31/05/2024) - READ  MEM Access, AP 0, Addr 0xE0001038, Val 0x00000300, "DAP Read Memory (32 bit) - Success" - ID 53
20:03:18:226 (31/05/2024) - WRITE MEM Access, AP 0, Addr 0xE0001038, Val 0x00000080, "DAP Write Memory (32 bit) - Success" - ID 54
20:03:18:227 (31/05/2024) - READ  MEM Access, AP 0, Addr 0xE0001038, Val 0x00000200, "DAP Read Memory (32 bit) - Success" - ID 55
20:03:18:228 (31/05/2024) - WRITE MEM Access, AP 0, Addr 0xE0001038, Val 0x00000000, "DAP Write Memory (32 bit) - Success" - ID 56
20:03:18:228 (31/05/2024) - WRITE MEM Access, AP 0, Addr 0xE0001048, Val 0x00000100, "DAP Write Memory (32 bit) - Success" - ID 57
20:03:18:229 (31/05/2024) - READ  MEM Access, AP 0, Addr 0xE0001048, Val 0x00000000, "DAP Read Memory (32 bit) - Success" - ID 58
20:03:18:230 (31/05/2024) - WRITE MEM Access, AP 0, Addr 0xE0001048, Val 0x00000080, "DAP Write Memory (32 bit) - Success" - ID 59
20:03:18:230 (31/05/2024) - READ  MEM Access, AP 0, Addr 0xE0001048, Val 0x00000000, "DAP Read Memory (32 bit) - Success" - ID 60
20:03:18:231 (31/05/2024) - WRITE MEM Access, AP 0, Addr 0xE0001048, Val 0x00000000, "DAP Write Memory (32 bit) - Success" - ID 61
20:03:18:232 (31/05/2024) - WRITE MEM Access, AP 0, Addr 0xE0001058, Val 0x00000100, "DAP Write Memory (32 bit) - Success" - ID 62
20:03:18:232 (31/05/2024) - READ  MEM Access, AP 0, Addr 0xE0001058, Val 0x00000000, "DAP Read Memory (32 bit) - Success" - ID 63
20:03:18:234 (31/05/2024) - WRITE MEM Access, AP 0, Addr 0xE0001058, Val 0x00000080, "DAP Write Memory (32 bit) - Success" - ID 64
20:03:18:235 (31/05/2024) - READ  MEM Access, AP 0, Addr 0xE0001058, Val 0x00000000, "DAP Read Memory (32 bit) - Success" - ID 65
20:03:18:236 (31/05/2024) - WRITE MEM Access, AP 0, Addr 0xE0001058, Val 0x00000000, "DAP Write Memory (32 bit) - Success" - ID 66
20:03:18:236 (31/05/2024) - WRITE MEM Access, AP 0, Addr 0xE0002000, Val 0x00000002, "DAP Write Memory (32 bit) - Success" - ID 67
20:03:18:237 (31/05/2024) - WRITE MEM Access, AP 0, Addr 0xE0001028, Val 0x00000000, "DAP Write Memory (32 bit) - Success" - ID 68
20:03:18:238 (31/05/2024) - WRITE MEM Access, AP 0, Addr 0xE0001038, Val 0x00000000, "DAP Write Memory (32 bit) - Success" - ID 69
20:03:18:239 (31/05/2024) - WRITE MEM Access, AP 0, Addr 0xE0001048, Val 0x00000000, "DAP Write Memory (32 bit) - Success" - ID 70
20:03:18:239 (31/05/2024) - WRITE MEM Access, AP 0, Addr 0xE0001058, Val 0x00000000, "DAP Write Memory (32 bit) - Success" - ID 71
20:03:18:240 (31/05/2024) - READ  MEM Access, AP 0, Addr 0xE000E004, Val 0x00000002, "DAP Read Memory (32 bit) - Success" - ID 72
20:03:18:242 (31/05/2024) - WRITE MEM BLOCK Access, AP 0, Start Addr 0xE0001000, End Addr 0xE000101B, "DAP Write Memory Block - Success" - ID 73
  Item #0, AP 0, Addr 0xE0001000, Value 0x00000001
  Item #1, AP 0, Addr 0xE0001004, Value 0x00000000
  Item #2, AP 0, Addr 0xE0001008, Value 0x00000000
  Item #3, AP 0, Addr 0xE000100C, Value 0x00000000
  Item #4, AP 0, Addr 0xE0001010, Value 0x00000000
  Item #5, AP 0, Addr 0xE0001014, Value 0x00000000
  Item #6, AP 0, Addr 0xE0001018, Value 0x00000000
20:03:18:242 (31/05/2024) - END SEQUENCE "_InitDebugComponents", "success" - ID 28
20:03:18:245 (31/05/2024) - START SEQUENCE "_InitTrace", "default" - ID 29
20:03:18:245 (31/05/2024) - END SEQUENCE "_InitTrace", "success" - ID 30
20:03:18:245 (31/05/2024) - END SEQUENCE "InitTarget", "success" - ID 31
20:03:18:245 (31/05/2024) - START SEQUENCE "ResetCatchSet", "default" - ID 32
20:03:18:247 (31/05/2024) - WRITE MEM Access, AP 0, Addr 0xE000EDFC, Val 0x00000001, "DAP Write Memory (32 bit) - Success" - ID 74
20:03:18:248 (31/05/2024) - READ  MEM Access, AP 0, Addr 0xE000EDF0, Val 0x00030003, "DAP Read Memory (32 bit) - Success" - ID 75
20:03:18:248 (31/05/2024) - END SEQUENCE "ResetCatchSet", "success" - ID 33
20:03:18:248 (31/05/2024) - START SEQUENCE "ResetSystem", "default" - ID 34
20:03:18:248 (31/05/2024) - WRITE MEM Access, AP 0, Addr 0xE000ED0C, Val 0x05FA0004, "DAP Write Memory (32 bit) - Success" - ID 76
20:03:18:248 (31/05/2024) - START SEQUENCE "_ResetRecovery", "default" - ID 35
20:03:18:249 (31/05/2024) - READ  MEM Access, AP 0, Addr 0xE000EDF0, Val 0x02010001, "DAP Read Memory (32 bit) - Success" - ID 77
20:03:18:250 (31/05/2024) - READ  MEM Access, AP 0, Addr 0xE000EDF0, Val 0x02010001, "DAP Read Memory (32 bit) - Success" - ID 78
20:03:18:250 (31/05/2024) - READ  MEM Access, AP 0, Addr 0xE000EDF0, Val 0x02010001, "DAP Read Memory (32 bit) - Success" - ID 79
20:03:18:252 (31/05/2024) - READ  MEM Access, AP 0, Addr 0xE000EDF0, Val 0x02010001, "DAP Read Memory (32 bit) - Success" - ID 80
20:03:18:253 (31/05/2024) - READ  MEM Access, AP 0, Addr 0xE000EDF0, Val 0x02010001, "DAP Read Memory (32 bit) - Success" - ID 81
20:03:18:253 (31/05/2024) - READ  MEM Access, AP 0, Addr 0xE000EDF0, Val 0x02030003, "DAP Read Memory (32 bit) - Success" - ID 82
20:03:18:254 (31/05/2024) - READ  MEM Access, AP 0, Addr 0xE000EDF0, Val 0x00030003, "DAP Read Memory (32 bit) - Success" - ID 83
  20:03:18:256 (31/05/2024) - END SEQUENCE "_ResetRecovery", "success" - ID 36
  20:03:18:256 (31/05/2024) - END SEQUENCE "ResetSystem", "success" - ID 37
20:03:18:258 (31/05/2024) - READ  MEM Access, AP 0, Addr 0xE000EDF0, Val 0x00030003, "DAP Read Memory (32 bit) - Success" - ID 84
20:03:18:289 (31/05/2024) - READ  MEM Access, AP 0, Addr 0xE000EDF0, Val 0x00030003, "DAP Read Memory (32 bit) - Success" - ID 85
20:03:18:290 (31/05/2024) - READ  MEM Access, AP 0, Addr 0xE000EDF0, Val 0x00030003, "DAP Read Memory (32 bit) - Success" - ID 86
  20:03:18:290 (31/05/2024) - END SEQUENCE "_WaitForStop", "success" - ID 38
  20:03:18:290 (31/05/2024) - START SEQUENCE "ResetCatchClear", "default" - ID 39
20:03:18:291 (31/05/2024) - READ  MEM Access, AP 0, Addr 0xE000EDFC, Val 0x00000001, "DAP Read Memory (32 bit) - Success" - ID 87
20:03:18:292 (31/05/2024) - WRITE MEM Access, AP 0, Addr 0xE000EDFC, Val 0x00000001, "DAP Write Memory (32 bit) - Success" - ID 88
20:03:18:292 (31/05/2024) - END SEQUENCE "ResetCatchClear", "success" - ID 40
20:03:18:292 (31/05/2024) - WRITE MEM Access, AP 0, Addr 0xE000EDFC, Val 0x01000001, "DAP Write Memory (32 bit) - Success" - ID 89
20:03:18:307 (31/05/2024) - READ  MEM Access, AP 0, Addr 0xE000EDF0, Val 0x00030003, "DAP Read Memory (32 bit) - Success" - ID 90
20:03:18:808 (31/05/2024) - READ  MEM Access, AP 0, Addr 0xE000EDF0, Val 0x00030003, "DAP Read Memory (32 bit) - Success" - ID 91
20:03:19:008 (31/05/2024) - START SEQUENCE "ResetCatchSet", "default" - ID 41
20:03:19:009 (31/05/2024) - WRITE MEM Access, AP 0, Addr 0xE000EDFC, Val 0x00000001, "DAP Write Memory (32 bit) - Success" - ID 92
20:03:19:009 (31/05/2024) - READ  MEM Access, AP 0, Addr 0xE000EDF0, Val 0x00030003, "DAP Read Memory (32 bit) - Success" - ID 93
20:03:19:009 (31/05/2024) - END SEQUENCE "ResetCatchSet", "success" - ID 42
20:03:19:013 (31/05/2024) - START SEQUENCE "ResetSystem", "default" - ID 43
20:03:19:014 (31/05/2024) - WRITE MEM Access, AP 0, Addr 0xE000ED0C, Val 0x05FA0004, "DAP Write Memory (32 bit) - Success" - ID 94
20:03:19:014 (31/05/2024) - START SEQUENCE "_ResetRecovery", "default" - ID 44
20:03:19:014 (31/05/2024) - READ  MEM Access, AP 0, Addr 0xE000EDF0, Val 0x02010001, "DAP Read Memory (32 bit) - Success" - ID 95
20:03:19:015 (31/05/2024) - READ  MEM Access, AP 0, Addr 0xE000EDF0, Val 0x02010001, "DAP Read Memory (32 bit) - Success" - ID 96
20:03:19:016 (31/05/2024) - READ  MEM Access, AP 0, Addr 0xE000EDF0, Val 0x02010001, "DAP Read Memory (32 bit) - Success" - ID 97
20:03:19:017 (31/05/2024) - READ  MEM Access, AP 0, Addr 0xE000EDF0, Val 0x02010001, "DAP Read Memory (32 bit) - Success" - ID 98
20:03:19:017 (31/05/2024) - READ  MEM Access, AP 0, Addr 0xE000EDF0, Val 0x02010001, "DAP Read Memory (32 bit) - Success" - ID 99
20:03:19:018 (31/05/2024) - READ  MEM Access, AP 0, Addr 0xE000EDF0, Val 0x02030003, "DAP Read Memory (32 bit) - Success" - ID 100
20:03:19:019 (31/05/2024) - READ  MEM Access, AP 0, Addr 0xE000EDF0, Val 0x00030003, "DAP Read Memory (32 bit) - Success" - ID 101
  20:03:19:021 (31/05/2024) - END SEQUENCE "_ResetRecovery", "success" - ID 45
  20:03:19:021 (31/05/2024) - END SEQUENCE "ResetSystem", "success" - ID 46
20:03:19:024 (31/05/2024) - READ  MEM Access, AP 0, Addr 0xE000EDF0, Val 0x00030003, "DAP Read Memory (32 bit) - Success" - ID 102
20:03:19:026 (31/05/2024) - READ  MEM Access, AP 0, Addr 0xE000EDF0, Val 0x00030003, "DAP Read Memory (32 bit) - Success" - ID 103
20:03:19:027 (31/05/2024) - READ  MEM Access, AP 0, Addr 0xE000EDF0, Val 0x00030003, "DAP Read Memory (32 bit) - Success" - ID 104
  20:03:19:027 (31/05/2024) - END SEQUENCE "_WaitForStop", "success" - ID 47
  20:03:19:027 (31/05/2024) - START SEQUENCE "ResetCatchClear", "default" - ID 48
20:03:19:028 (31/05/2024) - READ  MEM Access, AP 0, Addr 0xE000EDFC, Val 0x00000001, "DAP Read Memory (32 bit) - Success" - ID 105
20:03:19:029 (31/05/2024) - WRITE MEM Access, AP 0, Addr 0xE000EDFC, Val 0x00000001, "DAP Write Memory (32 bit) - Success" - ID 106
20:03:19:029 (31/05/2024) - END SEQUENCE "ResetCatchClear", "success" - ID 49
20:03:19:030 (31/05/2024) - WRITE MEM Access, AP 0, Addr 0xE000EDFC, Val 0x01000001, "DAP Write Memory (32 bit) - Success" - ID 107
20:03:19:280 (31/05/2024) - READ  MEM Access, AP 0, Addr 0xE000EDF0, Val 0x00030003, "DAP Read Memory (32 bit) - Success" - ID 108
20:03:19:318 (31/05/2024) - WRITE MEM Access, AP 0, Addr 0xE0001008, Val 0x00000000, "DAP Write Memory (32 bit) - Success" - ID 109
20:03:19:319 (31/05/2024) - WRITE MEM Access, AP 0, Addr 0xE000100C, Val 0x00000000, "DAP Write Memory (32 bit) - Success" - ID 110
20:03:19:320 (31/05/2024) - WRITE MEM Access, AP 0, Addr 0xE0001010, Val 0x00000000, "DAP Write Memory (32 bit) - Success" - ID 111
20:03:19:320 (31/05/2024) - WRITE MEM Access, AP 0, Addr 0xE0001014, Val 0x00000000, "DAP Write Memory (32 bit) - Success" - ID 112
20:03:19:321 (31/05/2024) - WRITE MEM Access, AP 0, Addr 0xE0001018, Val 0x00000000, "DAP Write Memory (32 bit) - Success" - ID 113
20:03:19:531 (31/05/2024) - READ  MEM Access, AP 0, Addr 0xE000EDF0, Val 0x00030003, "DAP Read Memory (32 bit) - Success" - ID 114
20:03:19:781 (31/05/2024) - READ  MEM Access, AP 0, Addr 0xE000EDF0, Val 0x00030003, "DAP Read Memory (32 bit) - Success" - ID 115
20:03:20:032 (31/05/2024) - READ  MEM Access, AP 0, Addr 0xE000EDF0, Val 0x00030003, "DAP Read Memory (32 bit) - Success" - ID 116
20:03:20:282 (31/05/2024) - READ  MEM Access, AP 0, Addr 0xE000EDF0, Val 0x00030003, "DAP Read Memory (32 bit) - Success" - ID 117
20:03:20:533 (31/05/2024) - READ  MEM Access, AP 0, Addr 0xE000EDF0, Val 0x00030003, "DAP Read Memory (32 bit) - Success" - ID 118
20:03:20:784 (31/05/2024) - READ  MEM Access, AP 0, Addr 0xE000EDF0, Val 0x00030003, "DAP Read Memory (32 bit) - Success" - ID 119
20:03:21:035 (31/05/2024) - READ  MEM Access, AP 0, Addr 0xE000EDF0, Val 0x00030003, "DAP Read Memory (32 bit) - Success" - ID 120
20:03:21:286 (31/05/2024) - READ  MEM Access, AP 0, Addr 0xE000EDF0, Val 0x00030003, "DAP Read Memory (32 bit) - Success" - ID 121
20:03:21:537 (31/05/2024) - READ  MEM Access, AP 0, Addr 0xE000EDF0, Val 0x00030003, "DAP Read Memory (32 bit) - Success" - ID 122
20:03:21:788 (31/05/2024) - READ  MEM Access, AP 0, Addr 0xE000EDF0, Val 0x00030003, "DAP Read Memory (32 bit) - Success" - ID 123
20:03:22:038 (31/05/2024) - READ  MEM Access, AP 0, Addr 0xE000EDF0, Val 0x00030003, "DAP Read Memory (32 bit) - Success" - ID 124
20:03:22:289 (31/05/2024) - READ  MEM Access, AP 0, Addr 0xE000EDF0, Val 0x00030003, "DAP Read Memory (32 bit) - Success" - ID 125
20:03:22:539 (31/05/2024) - READ  MEM Access, AP 0, Addr 0xE000EDF0, Val 0x00030003, "DAP Read Memory (32 bit) - Success" - ID 126
20:03:22:789 (31/05/2024) - READ  MEM Access, AP 0, Addr 0xE000EDF0, Val 0x00030003, "DAP Read Memory (32 bit) - Success" - ID 127
20:03:23:041 (31/05/2024) - READ  MEM Access, AP 0, Addr 0xE000EDF0, Val 0x00030003, "DAP Read Memory (32 bit) - Success" - ID 128
20:03:23:080 (31/05/2024) - READ  MEM BLOCK Access, AP 0, Start Addr 0x2000431C, End Addr 0x2000431F, "DAP Read Memory Block - Success" - ID 129
  Item #0, AP 0, Addr 0x2000431C, Value 0x00000000
20:03:23:167 (31/05/2024) - READ  MEM BLOCK Access, AP 0, Start Addr 0x08000328, End Addr 0x08000329, "DAP Read Memory Block - Success" - ID 130
  Item #0, AP 0, Addr 0x08000328, Value 0x4809
20:03:23:183 (31/05/2024) - READ  MEM BLOCK Access, AP 0, Start Addr 0x2000431C, End Addr 0x2000431F, "DAP Read Memory Block - Success" - ID 131
  Item #0, AP 0, Addr 0x2000431C, Value 0x00000000
20:03:23:233 (31/05/2024) - WRITE MEM Access, AP 0, Addr 0xE0001008, Val 0x00000000, "DAP Write Memory (32 bit) - Success" - ID 132
20:03:23:234 (31/05/2024) - WRITE MEM Access, AP 0, Addr 0xE000100C, Val 0x00000000, "DAP Write Memory (32 bit) - Success" - ID 133
20:03:23:234 (31/05/2024) - WRITE MEM Access, AP 0, Addr 0xE0001010, Val 0x00000000, "DAP Write Memory (32 bit) - Success" - ID 134
20:03:23:235 (31/05/2024) - WRITE MEM Access, AP 0, Addr 0xE0001014, Val 0x00000000, "DAP Write Memory (32 bit) - Success" - ID 135
20:03:23:236 (31/05/2024) - WRITE MEM Access, AP 0, Addr 0xE0001018, Val 0x00000000, "DAP Write Memory (32 bit) - Success" - ID 136
20:03:23:240 (31/05/2024) - WRITE MEM BLOCK Access, AP 0, Start Addr 0xE0002000, End Addr 0xE000201F, "DAP Write Memory Block - Success" - ID 137
  Item #0, AP 0, Addr 0xE0002000, Value 0x00000003
  Item #1, AP 0, Addr 0xE0002004, Value 0x00000000
  Item #2, AP 0, Addr 0xE0002008, Value 0x48005A3D
  Item #3, AP 0, Addr 0xE000200C, Value 0x00000000
  Item #4, AP 0, Addr 0xE0002010, Value 0x00000000
  Item #5, AP 0, Addr 0xE0002014, Value 0x00000000
  Item #6, AP 0, Addr 0xE0002018, Value 0x00000000
  Item #7, AP 0, Addr 0xE000201C, Value 0x00000000
20:03:23:243 (31/05/2024) - WRITE MEM BLOCK Access, AP 0, Start Addr 0xE0001020, End Addr 0xE000105F, "DAP Write Memory Block - Success" - ID 138
  Item #0, AP 0, Addr 0xE0001020, Value 0x00000000
  Item #1, AP 0, Addr 0xE0001024, Value 0x00000000
  Item #2, AP 0, Addr 0xE0001028, Value 0x00000000
  Item #3, AP 0, Addr 0xE000102C, Value 0x00000000
  Item #4, AP 0, Addr 0xE0001030, Value 0x00000000
  Item #5, AP 0, Addr 0xE0001034, Value 0x00000000
  Item #6, AP 0, Addr 0xE0001038, Value 0x00000000
  Item #7, AP 0, Addr 0xE000103C, Value 0x00000000
  Item #8, AP 0, Addr 0xE0001040, Value 0x00000000
  Item #9, AP 0, Addr 0xE0001044, Value 0x00000000
  Item #10, AP 0, Addr 0xE0001048, Value 0x00000000
  Item #11, AP 0, Addr 0xE000104C, Value 0x00000000
  Item #12, AP 0, Addr 0xE0001050, Value 0x00000000
  Item #13, AP 0, Addr 0xE0001054, Value 0x00000000
  Item #14, AP 0, Addr 0xE0001058, Value 0x00000000
  Item #15, AP 0, Addr 0xE000105C, Value 0x00000000
20:03:23:244 (31/05/2024) - WRITE MEM Access, AP 0, Addr 0xE000ED30, Val 0x0000001F, "DAP Write Memory (32 bit) - Success" - ID 139
20:03:23:244 (31/05/2024) - WRITE MEM Access, AP 0, Addr 0xE000EDF0, Val 0xA05F0001, "DAP Write Memory (32 bit) - Success" - ID 140
20:03:23:245 (31/05/2024) - READ  MEM Access, AP 0, Addr 0xE000EDF0, Val 0x01010001, "DAP Read Memory (32 bit) - Success" - ID 141
20:03:23:246 (31/05/2024) - READ  MEM Access, AP 0, Addr 0xE000EDF0, Val 0x01030003, "DAP Read Memory (32 bit) - Success" - ID 142
20:03:23:250 (31/05/2024) - READ  MEM Access, AP 0, Addr 0xE000EDF0, Val 0x00030003, "DAP Read Memory (32 bit) - Success" - ID 143
20:03:23:305 (31/05/2024) - WRITE MEM BLOCK Access, AP 0, Start Addr 0xE0001020, End Addr 0xE000105F, "DAP Write Memory Block - Success" - ID 144
  Item #0, AP 0, Addr 0xE0001020, Value 0x00000000
  Item #1, AP 0, Addr 0xE0001024, Value 0x00000000
  Item #2, AP 0, Addr 0xE0001028, Value 0x00000000
  Item #3, AP 0, Addr 0xE000102C, Value 0x00000000
  Item #4, AP 0, Addr 0xE0001030, Value 0x00000000
  Item #5, AP 0, Addr 0xE0001034, Value 0x00000000
  Item #6, AP 0, Addr 0xE0001038, Value 0x00000000
  Item #7, AP 0, Addr 0xE000103C, Value 0x00000000
  Item #8, AP 0, Addr 0xE0001040, Value 0x00000000
  Item #9, AP 0, Addr 0xE0001044, Value 0x00000000
  Item #10, AP 0, Addr 0xE0001048, Value 0x00000000
  Item #11, AP 0, Addr 0xE000104C, Value 0x00000000
  Item #12, AP 0, Addr 0xE0001050, Value 0x00000000
  Item #13, AP 0, Addr 0xE0001054, Value 0x00000000
  Item #14, AP 0, Addr 0xE0001058, Value 0x00000000
  Item #15, AP 0, Addr 0xE000105C, Value 0x00000000
20:03:23:306 (31/05/2024) - READ  MEM Access, AP 0, Addr 0xE000ED30, Val 0x00000002, "DAP Read Memory (32 bit) - Success" - ID 145
20:03:23:307 (31/05/2024) - READ  MEM Access, AP 0, Addr 0xE0001028, Val 0x00000000, "DAP Read Memory (32 bit) - Success" - ID 146
20:03:23:307 (31/05/2024) - READ  MEM Access, AP 0, Addr 0xE0001038, Val 0x00000200, "DAP Read Memory (32 bit) - Success" - ID 147
20:03:23:308 (31/05/2024) - READ  MEM Access, AP 0, Addr 0xE0001048, Val 0x00000000, "DAP Read Memory (32 bit) - Success" - ID 148
20:03:23:309 (31/05/2024) - READ  MEM Access, AP 0, Addr 0xE0001058, Val 0x00000000, "DAP Read Memory (32 bit) - Success" - ID 149
20:03:23:554 (31/05/2024) - READ  MEM Access, AP 0, Addr 0xE000EDF0, Val 0x00030003, "DAP Read Memory (32 bit) - Success" - ID 150
20:03:23:806 (31/05/2024) - READ  MEM Access, AP 0, Addr 0xE000EDF0, Val 0x00030003, "DAP Read Memory (32 bit) - Success" - ID 151
20:03:23:941 (31/05/2024) - START SEQUENCE "DebugCoreStop", "default" - ID 50
20:03:23:942 (31/05/2024) - WRITE MEM Access, AP 0, Addr 0xE000EDF0, Val 0xA05F0000, "DAP Write Memory (32 bit) - Success" - ID 152
20:03:23:942 (31/05/2024) - WRITE MEM Access, AP 0, Addr 0xE000EDFC, Val 0x00000000, "DAP Write Memory (32 bit) - Success" - ID 153
20:03:23:942 (31/05/2024) - END SEQUENCE "DebugCoreStop", "success" - ID 51
20:03:23:942 (31/05/2024) - START SEQUENCE "StopTarget", "default" - ID 52
20:03:23:945 (31/05/2024) - WRITE MEM BLOCK Access, AP 0, Start Addr 0xE0002000, End Addr 0xE000201F, "DAP Write Memory Block - Success" - ID 154
  Item #0, AP 0, Addr 0xE0002000, Value 0x00000002
  Item #1, AP 0, Addr 0xE0002004, Value 0x00000000
  Item #2, AP 0, Addr 0xE0002008, Value 0x00000000
  Item #3, AP 0, Addr 0xE000200C, Value 0x00000000
  Item #4, AP 0, Addr 0xE0002010, Value 0x00000000
  Item #5, AP 0, Addr 0xE0002014, Value 0x00000000
  Item #6, AP 0, Addr 0xE0002018, Value 0x00000000
  Item #7, AP 0, Addr 0xE000201C, Value 0x00000000
20:03:23:945 (31/05/2024) - START SEQUENCE "_UnInitTrace", "default" - ID 53
20:03:23:945 (31/05/2024) - END SEQUENCE "_UnInitTrace", "success" - ID 54
20:03:23:945 (31/05/2024) - START SEQUENCE "DebugPortStop", "default" - ID 55
20:03:23:946 (31/05/2024) - WRITE DP  Access, Addr 0x00000004, Val 0x00000000, "DAP Write DP - Success" - ID 155
20:03:23:946 (31/05/2024) - END SEQUENCE "DebugPortStop", "success" - ID 56
20:03:23:946 (31/05/2024) - START SEQUENCE "UnInitDebugger", "default" - ID 57
20:03:23:949 (31/05/2024) - END SEQUENCE "UnInitDebugger", "success" - ID 58
20:03:23:949 (31/05/2024) - START SEQUENCE "_UnInitDriver", "default" - ID 59
20:03:23:949 (31/05/2024) - END SEQUENCE "_UnInitDriver", "success" - ID 60
20:03:23:949 (31/05/2024) - END SEQUENCE "StopTarget", "success" - ID 61
