CMSIS_AGDI.DLL - CMSIS-DAP Driver Log

14:19:07:682 (10/06/2024) - START SEQUENCE "InitTarget", "default" - ID 0
14:19:07:682 (10/06/2024) - START SEQUENCE "InitInternals", "default" - ID 1
14:19:07:682 (10/06/2024) - START SEQUENCE "InitDriver", "default" - ID 2
14:19:07:682 (10/06/2024) - END SEQUENCE "InitDriver", "success" - ID 3
14:19:07:682 (10/06/2024) - START SEQUENCE "InitDebugger", "default" - ID 4
14:19:07:717 (10/06/2024) - END SEQUENCE "InitDebugger", "success" - ID 5
14:19:07:717 (10/06/2024) - END SEQUENCE "InitInternals", "success" - ID 6
14:19:07:717 (10/06/2024) - START SEQUENCE "DebugPortSetup", "default" - ID 7
14:19:07:720 (10/06/2024) - END SEQUENCE "DebugPortSetup", "success" - ID 8
14:19:07:721 (10/06/2024) - START SEQUENCE "DebugGetDeviceList", "default" - ID 9
14:19:07:723 (10/06/2024) - END SEQUENCE "DebugGetDeviceList", "success" - ID 10
14:19:07:723 (10/06/2024) - START SEQUENCE "PDSCDebug_DebugGetDeviceNames", "default" - ID 11
14:19:07:723 (10/06/2024) - END SEQUENCE "PDSCDebug_DebugGetDeviceNames", "success" - ID 12
  14:19:07:723 (10/06/2024) - START SEQUENCE "DebugPortStart", "default" - ID 13
  14:19:07:725 (10/06/2024) - END SEQUENCE "DebugPortStart", "success" - ID 14
14:19:07:727 (10/06/2024) - START SEQUENCE "DebugDeviceUnlock", "calling sequence" - ID 15
14:19:07:729 (10/06/2024) - READ  AP  Access, AP 0, Addr 0x000000F8, Val 0xE00FF003, "DAP Read AP - Success" - ID 0
14:19:07:732 (10/06/2024) - READ  MEM BLOCK Access, AP 0, Start Addr 0xE00FFFE4, End Addr 0xE00FFFE7, "DAP Read Memory Block (32-bit accesses) - Success" - ID 1
  Item #0, AP 0, Addr 0xE00FFFE4, Value 0x00000004
14:19:07:734 (10/06/2024) - READ  MEM BLOCK Access, AP 0, Start Addr 0xE00FFFE8, End Addr 0xE00FFFEB, "DAP Read Memory Block (32-bit accesses) - Success" - ID 2
  Item #0, AP 0, Addr 0xE00FFFE8, Value 0x0000000A
14:19:07:734 (10/06/2024) - START SEQUENCE "DebugReadTargetFeatures", "default" - ID 16
14:19:07:734 (10/06/2024) - START SEQUENCE "_EvalDPID", "default" - ID 17
14:19:07:734 (10/06/2024) - END SEQUENCE "_EvalDPID", "success" - ID 18
14:19:07:735 (10/06/2024) - WRITE DP  Access, Addr 0x00000008, Val 0x00000000, "DAP Write DP - Success" - ID 3
14:19:07:739 (10/06/2024) - WRITE AP  Access, AP 0, Addr 0x00000000, Val 0x23000052, "DAP Write AP - Success" - ID 4
14:19:07:739 (10/06/2024) - START SEQUENCE "DebugReadRomTable", "default" - ID 19
14:19:07:741 (10/06/2024) - READ  AP  Access, AP 0, Addr 0x000000F8, Val 0xE00FF003, "DAP Read AP - Success" - ID 5
14:19:07:743 (10/06/2024) - READ  MEM BLOCK Access, AP 0, Start Addr 0xE00FFFF0, End Addr 0xE00FFFFF, "DAP Read Memory Block - Success" - ID 6
  Item #0, AP 0, Addr 0xE00FFFF0, Value 0x0000000D
  Item #1, AP 0, Addr 0xE00FFFF4, Value 0x00000010
  Item #2, AP 0, Addr 0xE00FFFF8, Value 0x00000005
  Item #3, AP 0, Addr 0xE00FFFFC, Value 0x000000B1
14:19:07:746 (10/06/2024) - READ  MEM BLOCK Access, AP 0, Start Addr 0xE00FFFD0, End Addr 0xE00FFFEF, "DAP Read Memory Block - Success" - ID 7
  Item #0, AP 0, Addr 0xE00FFFD0, Value 0x00000000
  Item #1, AP 0, Addr 0xE00FFFD4, Value 0x00000000
  Item #2, AP 0, Addr 0xE00FFFD8, Value 0x00000000
  Item #3, AP 0, Addr 0xE00FFFDC, Value 0x00000000
  Item #4, AP 0, Addr 0xE00FFFE0, Value 0x00000011
  Item #5, AP 0, Addr 0xE00FFFE4, Value 0x00000004
  Item #6, AP 0, Addr 0xE00FFFE8, Value 0x0000000A
  Item #7, AP 0, Addr 0xE00FFFEC, Value 0x00000000
14:19:07:746 (10/06/2024) - ROM TABLE: Detected Unknown ROM Table at address 0xE00FF000 (PID 0x00000000000A0411, CID 0xB105100D)
14:19:07:747 (10/06/2024) - READ  MEM Access, AP 0, Addr 0xE00FF000, Val 0xFFF0F003, "DAP Read Memory (32 bit) - Success" - ID 8
14:19:07:750 (10/06/2024) - READ  MEM BLOCK Access, AP 0, Start Addr 0xE000EFF0, End Addr 0xE000EFFF, "DAP Read Memory Block - Success" - ID 9
  Item #0, AP 0, Addr 0xE000EFF0, Value 0x0000000D
  Item #1, AP 0, Addr 0xE000EFF4, Value 0x000000E0
  Item #2, AP 0, Addr 0xE000EFF8, Value 0x00000005
  Item #3, AP 0, Addr 0xE000EFFC, Value 0x000000B1
14:19:07:753 (10/06/2024) - READ  MEM BLOCK Access, AP 0, Start Addr 0xE000EFD0, End Addr 0xE000EFEF, "DAP Read Memory Block - Success" - ID 10
  Item #0, AP 0, Addr 0xE000EFD0, Value 0x00000004
  Item #1, AP 0, Addr 0xE000EFD4, Value 0x00000000
  Item #2, AP 0, Addr 0xE000EFD8, Value 0x00000000
  Item #3, AP 0, Addr 0xE000EFDC, Value 0x00000000
  Item #4, AP 0, Addr 0xE000EFE0, Value 0x0000000C
  Item #5, AP 0, Addr 0xE000EFE4, Value 0x000000B0
  Item #6, AP 0, Addr 0xE000EFE8, Value 0x0000000B
  Item #7, AP 0, Addr 0xE000EFEC, Value 0x00000000
14:19:07:753 (10/06/2024) - ROM TABLE: Detected SCS (ARMv7-M with FP Extension) at address 0xE000E000 (PID 0x00000004000BB00C, CID 0xB105E00D)
14:19:07:753 (10/06/2024) - WRITE MEM Access, AP 0, Addr 0xE000EDFC, Val 0x01000000, "DAP Write Memory (32 bit) - Success" - ID 11
14:19:07:754 (10/06/2024) - READ  MEM Access, AP 0, Addr 0xE00FF004, Val 0xFFF02003, "DAP Read Memory (32 bit) - Success" - ID 12
14:19:07:757 (10/06/2024) - READ  MEM BLOCK Access, AP 0, Start Addr 0xE0001FF0, End Addr 0xE0001FFF, "DAP Read Memory Block - Success" - ID 13
  Item #0, AP 0, Addr 0xE0001FF0, Value 0x0000000D
  Item #1, AP 0, Addr 0xE0001FF4, Value 0x000000E0
  Item #2, AP 0, Addr 0xE0001FF8, Value 0x00000005
  Item #3, AP 0, Addr 0xE0001FFC, Value 0x000000B1
14:19:07:759 (10/06/2024) - READ  MEM BLOCK Access, AP 0, Start Addr 0xE0001FD0, End Addr 0xE0001FEF, "DAP Read Memory Block - Success" - ID 14
  Item #0, AP 0, Addr 0xE0001FD0, Value 0x00000004
  Item #1, AP 0, Addr 0xE0001FD4, Value 0x00000000
  Item #2, AP 0, Addr 0xE0001FD8, Value 0x00000000
  Item #3, AP 0, Addr 0xE0001FDC, Value 0x00000000
  Item #4, AP 0, Addr 0xE0001FE0, Value 0x00000002
  Item #5, AP 0, Addr 0xE0001FE4, Value 0x000000B0
  Item #6, AP 0, Addr 0xE0001FE8, Value 0x0000003B
  Item #7, AP 0, Addr 0xE0001FEC, Value 0x00000000
14:19:07:759 (10/06/2024) - ROM TABLE: Detected DWT (ARMv7-M) at address 0xE0001000 (PID 0x00000004003BB002, CID 0xB105E00D)
14:19:07:760 (10/06/2024) - READ  MEM Access, AP 0, Addr 0xE00FF008, Val 0xFFF03003, "DAP Read Memory (32 bit) - Success" - ID 15
14:19:07:762 (10/06/2024) - READ  MEM BLOCK Access, AP 0, Start Addr 0xE0002FF0, End Addr 0xE0002FFF, "DAP Read Memory Block - Success" - ID 16
  Item #0, AP 0, Addr 0xE0002FF0, Value 0x0000000D
  Item #1, AP 0, Addr 0xE0002FF4, Value 0x000000E0
  Item #2, AP 0, Addr 0xE0002FF8, Value 0x00000005
  Item #3, AP 0, Addr 0xE0002FFC, Value 0x000000B1
14:19:07:765 (10/06/2024) - READ  MEM BLOCK Access, AP 0, Start Addr 0xE0002FD0, End Addr 0xE0002FEF, "DAP Read Memory Block - Success" - ID 17
  Item #0, AP 0, Addr 0xE0002FD0, Value 0x00000004
  Item #1, AP 0, Addr 0xE0002FD4, Value 0x00000000
  Item #2, AP 0, Addr 0xE0002FD8, Value 0x00000000
  Item #3, AP 0, Addr 0xE0002FDC, Value 0x00000000
  Item #4, AP 0, Addr 0xE0002FE0, Value 0x00000003
  Item #5, AP 0, Addr 0xE0002FE4, Value 0x000000B0
  Item #6, AP 0, Addr 0xE0002FE8, Value 0x0000002B
  Item #7, AP 0, Addr 0xE0002FEC, Value 0x00000000
14:19:07:765 (10/06/2024) - ROM TABLE: Detected FPB (ARMv7-M) at address 0xE0002000 (PID 0x00000004002BB003, CID 0xB105E00D)
14:19:07:767 (10/06/2024) - READ  MEM Access, AP 0, Addr 0xE00FF00C, Val 0xFFF01003, "DAP Read Memory (32 bit) - Success" - ID 18
14:19:07:769 (10/06/2024) - READ  MEM BLOCK Access, AP 0, Start Addr 0xE0000FF0, End Addr 0xE0000FFF, "DAP Read Memory Block - Success" - ID 19
  Item #0, AP 0, Addr 0xE0000FF0, Value 0x0000000D
  Item #1, AP 0, Addr 0xE0000FF4, Value 0x000000E0
  Item #2, AP 0, Addr 0xE0000FF8, Value 0x00000005
  Item #3, AP 0, Addr 0xE0000FFC, Value 0x000000B1
14:19:07:772 (10/06/2024) - READ  MEM BLOCK Access, AP 0, Start Addr 0xE0000FD0, End Addr 0xE0000FEF, "DAP Read Memory Block - Success" - ID 20
  Item #0, AP 0, Addr 0xE0000FD0, Value 0x00000004
  Item #1, AP 0, Addr 0xE0000FD4, Value 0x00000000
  Item #2, AP 0, Addr 0xE0000FD8, Value 0x00000000
  Item #3, AP 0, Addr 0xE0000FDC, Value 0x00000000
  Item #4, AP 0, Addr 0xE0000FE0, Value 0x00000001
  Item #5, AP 0, Addr 0xE0000FE4, Value 0x000000B0
  Item #6, AP 0, Addr 0xE0000FE8, Value 0x0000003B
  Item #7, AP 0, Addr 0xE0000FEC, Value 0x00000000
14:19:07:772 (10/06/2024) - ROM TABLE: Detected ITM (ARMv7-M) at address 0xE0000000 (PID 0x00000004003BB001, CID 0xB105E00D)
14:19:07:772 (10/06/2024) - READ  MEM Access, AP 0, Addr 0xE00FF010, Val 0xFFF41003, "DAP Read Memory (32 bit) - Success" - ID 21
14:19:07:775 (10/06/2024) - READ  MEM BLOCK Access, AP 0, Start Addr 0xE0040FF0, End Addr 0xE0040FFF, "DAP Read Memory Block - Success" - ID 22
  Item #0, AP 0, Addr 0xE0040FF0, Value 0x0000000D
  Item #1, AP 0, Addr 0xE0040FF4, Value 0x00000090
  Item #2, AP 0, Addr 0xE0040FF8, Value 0x00000005
  Item #3, AP 0, Addr 0xE0040FFC, Value 0x000000B1
14:19:07:777 (10/06/2024) - READ  MEM BLOCK Access, AP 0, Start Addr 0xE0040FD0, End Addr 0xE0040FEF, "DAP Read Memory Block - Success" - ID 23
  Item #0, AP 0, Addr 0xE0040FD0, Value 0x00000004
  Item #1, AP 0, Addr 0xE0040FD4, Value 0x00000000
  Item #2, AP 0, Addr 0xE0040FD8, Value 0x00000000
  Item #3, AP 0, Addr 0xE0040FDC, Value 0x00000000
  Item #4, AP 0, Addr 0xE0040FE0, Value 0x000000A1
  Item #5, AP 0, Addr 0xE0040FE4, Value 0x000000B9
  Item #6, AP 0, Addr 0xE0040FE8, Value 0x0000000B
  Item #7, AP 0, Addr 0xE0040FEC, Value 0x00000000
14:19:07:777 (10/06/2024) - ROM TABLE: Detected TPIU (Cortex-M4) at address 0xE0040000 (PID 0x00000004000BB9A1, CID 0xB105900D)
14:19:07:778 (10/06/2024) - READ  MEM Access, AP 0, Addr 0xE00FF014, Val 0xFFF42003, "DAP Read Memory (32 bit) - Success" - ID 24
14:19:07:782 (10/06/2024) - READ  MEM BLOCK Access, AP 0, Start Addr 0xE0041FF0, End Addr 0xE0041FFF, "DAP Read Memory Block - Success" - ID 25
  Item #0, AP 0, Addr 0xE0041FF0, Value 0x0000000D
  Item #1, AP 0, Addr 0xE0041FF4, Value 0x00000090
  Item #2, AP 0, Addr 0xE0041FF8, Value 0x00000005
  Item #3, AP 0, Addr 0xE0041FFC, Value 0x000000B1
14:19:07:783 (10/06/2024) - READ  MEM BLOCK Access, AP 0, Start Addr 0xE0041FD0, End Addr 0xE0041FEF, "DAP Read Memory Block - Success" - ID 26
  Item #0, AP 0, Addr 0xE0041FD0, Value 0x00000004
  Item #1, AP 0, Addr 0xE0041FD4, Value 0x00000000
  Item #2, AP 0, Addr 0xE0041FD8, Value 0x00000000
  Item #3, AP 0, Addr 0xE0041FDC, Value 0x00000000
  Item #4, AP 0, Addr 0xE0041FE0, Value 0x00000025
  Item #5, AP 0, Addr 0xE0041FE4, Value 0x000000B9
  Item #6, AP 0, Addr 0xE0041FE8, Value 0x0000000B
  Item #7, AP 0, Addr 0xE0041FEC, Value 0x00000000
14:19:07:783 (10/06/2024) - ROM TABLE: Detected ETM (Cortex-M4) at address 0xE0041000 (PID 0x00000004000BB925, CID 0xB105900D)
14:19:07:785 (10/06/2024) - READ  MEM Access, AP 0, Addr 0xE00FF018, Val 0x00000000, "DAP Read Memory (32 bit) - Success" - ID 27
14:19:07:785 (10/06/2024) - END SEQUENCE "DebugReadRomTable", "success" - ID 20
14:19:07:785 (10/06/2024) - START SEQUENCE "_EvalCPUID", "default" - ID 21
14:19:07:785 (10/06/2024) - READ  MEM Access, AP 0, Addr 0xE000ED00, Val 0x410FC241, "DAP Read Memory (32 bit) - Success" - ID 28
14:19:07:786 (10/06/2024) - READ  MEM Access, AP 0, Addr 0xE000EF40, Val 0x10110021, "DAP Read Memory (32 bit) - Success" - ID 29
14:19:07:787 (10/06/2024) - READ  MEM Access, AP 0, Addr 0xE000EF44, Val 0x11000011, "DAP Read Memory (32 bit) - Success" - ID 30
14:19:07:787 (10/06/2024) - END SEQUENCE "_EvalCPUID", "success" - ID 22
14:19:07:787 (10/06/2024) - READ  DP  Access, Addr 0x00000004, Val 0xF0000F40, "DAP Read DP - Success" - ID 31
14:19:07:787 (10/06/2024) - END SEQUENCE "DebugReadTargetFeatures", "success" - ID 23
14:19:07:787 (10/06/2024) - START SEQUENCE "DebugCoreStart", "calling sequence" - ID 24
14:19:07:790 (10/06/2024) - WRITE MEM BLOCK Access, AP 0, Start Addr 0xE000EDF0, End Addr 0xE000EDF3, "DAP Write Memory Block (32-bit accesses) - Success" - ID 32
  Item #0, AP 0, Addr 0xE000EDF0, Value 0xA05F0001
14:19:07:792 (10/06/2024) - WRITE MEM BLOCK Access, AP 0, Start Addr 0xE0042004, End Addr 0xE0042007, "DAP Write Memory Block (32-bit accesses) - Success" - ID 33
  Item #0, AP 0, Addr 0xE0042004, Value 0x00000007
14:19:07:794 (10/06/2024) - WRITE MEM BLOCK Access, AP 0, Start Addr 0xE0042008, End Addr 0xE004200B, "DAP Write Memory Block (32-bit accesses) - Success" - ID 34
  Item #0, AP 0, Addr 0xE0042008, Value 0x00000000
14:19:07:797 (10/06/2024) - WRITE MEM BLOCK Access, AP 0, Start Addr 0xE004200C, End Addr 0xE004200F, "DAP Write Memory Block (32-bit accesses) - Success" - ID 35
  Item #0, AP 0, Addr 0xE004200C, Value 0x00000000
14:19:07:797 (10/06/2024) - END SEQUENCE "DebugCoreStart", "success" - ID 25
14:19:07:797 (10/06/2024) - READ  MEM Access, AP 0, Addr 0xE000EDFC, Val 0x01000000, "DAP Read Memory (32 bit) - Success" - ID 36
14:19:07:798 (10/06/2024) - WRITE MEM Access, AP 0, Addr 0xE000EDFC, Val 0x01000001, "DAP Write Memory (32 bit) - Success" - ID 37
14:19:07:799 (10/06/2024) - WRITE MEM Access, AP 0, Addr 0xE000EDF0, Val 0xA05F0003, "DAP Write Memory (32 bit) - Success" - ID 38
14:19:07:800 (10/06/2024) - READ  MEM Access, AP 0, Addr 0xE000EDF0, Val 0x01030003, "DAP Read Memory (32 bit) - Success" - ID 39
14:19:07:800 (10/06/2024) - END SEQUENCE "_WaitForStop", "success" - ID 26
14:19:07:800 (10/06/2024) - WRITE MEM Access, AP 0, Addr 0xE000EDF0, Val 0xA05F0003, "DAP Write Memory (32 bit) - Success" - ID 40
14:19:07:800 (10/06/2024) - START SEQUENCE "_InitDebugComponents", "default" - ID 27
14:19:07:801 (10/06/2024) - READ  MEM Access, AP 0, Addr 0xE000EDFC, Val 0x01000001, "DAP Read Memory (32 bit) - Success" - ID 41
14:19:07:802 (10/06/2024) - READ  MEM Access, AP 0, Addr 0xE0002000, Val 0x00000260, "DAP Read Memory (32 bit) - Success" - ID 42
14:19:07:803 (10/06/2024) - READ  MEM Access, AP 0, Addr 0xE0001000, Val 0x40000001, "DAP Read Memory (32 bit) - Success" - ID 43
14:19:07:803 (10/06/2024) - WRITE MEM Access, AP 0, Addr 0xE0001024, Val 0x0000001F, "DAP Write Memory (32 bit) - Success" - ID 44
14:19:07:804 (10/06/2024) - READ  MEM Access, AP 0, Addr 0xE0001024, Val 0x0000000F, "DAP Read Memory (32 bit) - Success" - ID 45
14:19:07:804 (10/06/2024) - WRITE MEM Access, AP 0, Addr 0xE0001024, Val 0x00000000, "DAP Write Memory (32 bit) - Success" - ID 46
14:19:07:805 (10/06/2024) - WRITE MEM Access, AP 0, Addr 0xE0001028, Val 0x00000100, "DAP Write Memory (32 bit) - Success" - ID 47
14:19:07:806 (10/06/2024) - READ  MEM Access, AP 0, Addr 0xE0001028, Val 0x00000000, "DAP Read Memory (32 bit) - Success" - ID 48
14:19:07:806 (10/06/2024) - WRITE MEM Access, AP 0, Addr 0xE0001028, Val 0x00000080, "DAP Write Memory (32 bit) - Success" - ID 49
14:19:07:808 (10/06/2024) - READ  MEM Access, AP 0, Addr 0xE0001028, Val 0x00000080, "DAP Read Memory (32 bit) - Success" - ID 50
14:19:07:809 (10/06/2024) - WRITE MEM Access, AP 0, Addr 0xE0001028, Val 0x00000000, "DAP Write Memory (32 bit) - Success" - ID 51
14:19:07:810 (10/06/2024) - WRITE MEM Access, AP 0, Addr 0xE0001038, Val 0x00000100, "DAP Write Memory (32 bit) - Success" - ID 52
14:19:07:812 (10/06/2024) - READ  MEM Access, AP 0, Addr 0xE0001038, Val 0x00000300, "DAP Read Memory (32 bit) - Success" - ID 53
14:19:07:812 (10/06/2024) - WRITE MEM Access, AP 0, Addr 0xE0001038, Val 0x00000080, "DAP Write Memory (32 bit) - Success" - ID 54
14:19:07:813 (10/06/2024) - READ  MEM Access, AP 0, Addr 0xE0001038, Val 0x00000200, "DAP Read Memory (32 bit) - Success" - ID 55
14:19:07:813 (10/06/2024) - WRITE MEM Access, AP 0, Addr 0xE0001038, Val 0x00000000, "DAP Write Memory (32 bit) - Success" - ID 56
14:19:07:815 (10/06/2024) - WRITE MEM Access, AP 0, Addr 0xE0001048, Val 0x00000100, "DAP Write Memory (32 bit) - Success" - ID 57
14:19:07:816 (10/06/2024) - READ  MEM Access, AP 0, Addr 0xE0001048, Val 0x00000000, "DAP Read Memory (32 bit) - Success" - ID 58
14:19:07:816 (10/06/2024) - WRITE MEM Access, AP 0, Addr 0xE0001048, Val 0x00000080, "DAP Write Memory (32 bit) - Success" - ID 59
14:19:07:817 (10/06/2024) - READ  MEM Access, AP 0, Addr 0xE0001048, Val 0x00000000, "DAP Read Memory (32 bit) - Success" - ID 60
14:19:07:818 (10/06/2024) - WRITE MEM Access, AP 0, Addr 0xE0001048, Val 0x00000000, "DAP Write Memory (32 bit) - Success" - ID 61
14:19:07:819 (10/06/2024) - WRITE MEM Access, AP 0, Addr 0xE0001058, Val 0x00000100, "DAP Write Memory (32 bit) - Success" - ID 62
14:19:07:819 (10/06/2024) - READ  MEM Access, AP 0, Addr 0xE0001058, Val 0x00000000, "DAP Read Memory (32 bit) - Success" - ID 63
14:19:07:820 (10/06/2024) - WRITE MEM Access, AP 0, Addr 0xE0001058, Val 0x00000080, "DAP Write Memory (32 bit) - Success" - ID 64
14:19:07:821 (10/06/2024) - READ  MEM Access, AP 0, Addr 0xE0001058, Val 0x00000000, "DAP Read Memory (32 bit) - Success" - ID 65
14:19:07:821 (10/06/2024) - WRITE MEM Access, AP 0, Addr 0xE0001058, Val 0x00000000, "DAP Write Memory (32 bit) - Success" - ID 66
14:19:07:822 (10/06/2024) - WRITE MEM Access, AP 0, Addr 0xE0002000, Val 0x00000002, "DAP Write Memory (32 bit) - Success" - ID 67
14:19:07:823 (10/06/2024) - WRITE MEM Access, AP 0, Addr 0xE0001028, Val 0x00000000, "DAP Write Memory (32 bit) - Success" - ID 68
14:19:07:823 (10/06/2024) - WRITE MEM Access, AP 0, Addr 0xE0001038, Val 0x00000000, "DAP Write Memory (32 bit) - Success" - ID 69
14:19:07:824 (10/06/2024) - WRITE MEM Access, AP 0, Addr 0xE0001048, Val 0x00000000, "DAP Write Memory (32 bit) - Success" - ID 70
14:19:07:825 (10/06/2024) - WRITE MEM Access, AP 0, Addr 0xE0001058, Val 0x00000000, "DAP Write Memory (32 bit) - Success" - ID 71
14:19:07:825 (10/06/2024) - READ  MEM Access, AP 0, Addr 0xE000E004, Val 0x00000002, "DAP Read Memory (32 bit) - Success" - ID 72
14:19:07:828 (10/06/2024) - WRITE MEM BLOCK Access, AP 0, Start Addr 0xE0001000, End Addr 0xE000101B, "DAP Write Memory Block - Success" - ID 73
  Item #0, AP 0, Addr 0xE0001000, Value 0x00000001
  Item #1, AP 0, Addr 0xE0001004, Value 0x00000000
  Item #2, AP 0, Addr 0xE0001008, Value 0x00000000
  Item #3, AP 0, Addr 0xE000100C, Value 0x00000000
  Item #4, AP 0, Addr 0xE0001010, Value 0x00000000
  Item #5, AP 0, Addr 0xE0001014, Value 0x00000000
  Item #6, AP 0, Addr 0xE0001018, Value 0x00000000
14:19:07:828 (10/06/2024) - END SEQUENCE "_InitDebugComponents", "success" - ID 28
14:19:07:832 (10/06/2024) - START SEQUENCE "_InitTrace", "default" - ID 29
14:19:07:832 (10/06/2024) - END SEQUENCE "_InitTrace", "success" - ID 30
14:19:07:832 (10/06/2024) - END SEQUENCE "InitTarget", "success" - ID 31
14:19:07:832 (10/06/2024) - START SEQUENCE "ResetCatchSet", "default" - ID 32
14:19:07:833 (10/06/2024) - WRITE MEM Access, AP 0, Addr 0xE000EDFC, Val 0x00000001, "DAP Write Memory (32 bit) - Success" - ID 74
14:19:07:833 (10/06/2024) - READ  MEM Access, AP 0, Addr 0xE000EDF0, Val 0x00030003, "DAP Read Memory (32 bit) - Success" - ID 75
14:19:07:833 (10/06/2024) - END SEQUENCE "ResetCatchSet", "success" - ID 33
14:19:07:833 (10/06/2024) - START SEQUENCE "ResetSystem", "default" - ID 34
14:19:07:835 (10/06/2024) - WRITE MEM Access, AP 0, Addr 0xE000ED0C, Val 0x05FA0004, "DAP Write Memory (32 bit) - Success" - ID 76
14:19:07:835 (10/06/2024) - START SEQUENCE "_ResetRecovery", "default" - ID 35
14:19:07:836 (10/06/2024) - READ  MEM Access, AP 0, Addr 0xE000EDF0, Val 0x02010001, "DAP Read Memory (32 bit) - Success" - ID 77
14:19:07:836 (10/06/2024) - READ  MEM Access, AP 0, Addr 0xE000EDF0, Val 0x02010001, "DAP Read Memory (32 bit) - Success" - ID 78
14:19:07:837 (10/06/2024) - READ  MEM Access, AP 0, Addr 0xE000EDF0, Val 0x02010001, "DAP Read Memory (32 bit) - Success" - ID 79
14:19:07:838 (10/06/2024) - READ  MEM Access, AP 0, Addr 0xE000EDF0, Val 0x02010001, "DAP Read Memory (32 bit) - Success" - ID 80
14:19:07:839 (10/06/2024) - READ  MEM Access, AP 0, Addr 0xE000EDF0, Val 0x02030003, "DAP Read Memory (32 bit) - Success" - ID 81
14:19:07:840 (10/06/2024) - READ  MEM Access, AP 0, Addr 0xE000EDF0, Val 0x00030003, "DAP Read Memory (32 bit) - Success" - ID 82
  14:19:07:842 (10/06/2024) - END SEQUENCE "_ResetRecovery", "success" - ID 36
  14:19:07:842 (10/06/2024) - END SEQUENCE "ResetSystem", "success" - ID 37
14:19:07:844 (10/06/2024) - READ  MEM Access, AP 0, Addr 0xE000EDF0, Val 0x00030003, "DAP Read Memory (32 bit) - Success" - ID 83
14:19:07:845 (10/06/2024) - READ  MEM Access, AP 0, Addr 0xE000EDF0, Val 0x00030003, "DAP Read Memory (32 bit) - Success" - ID 84
14:19:07:846 (10/06/2024) - READ  MEM Access, AP 0, Addr 0xE000EDF0, Val 0x00030003, "DAP Read Memory (32 bit) - Success" - ID 85
  14:19:07:846 (10/06/2024) - END SEQUENCE "_WaitForStop", "success" - ID 38
  14:19:07:846 (10/06/2024) - START SEQUENCE "ResetCatchClear", "default" - ID 39
14:19:07:848 (10/06/2024) - READ  MEM Access, AP 0, Addr 0xE000EDFC, Val 0x00000001, "DAP Read Memory (32 bit) - Success" - ID 86
14:19:07:849 (10/06/2024) - WRITE MEM Access, AP 0, Addr 0xE000EDFC, Val 0x00000001, "DAP Write Memory (32 bit) - Success" - ID 87
14:19:07:849 (10/06/2024) - END SEQUENCE "ResetCatchClear", "success" - ID 40
14:19:07:849 (10/06/2024) - WRITE MEM Access, AP 0, Addr 0xE000EDFC, Val 0x01000001, "DAP Write Memory (32 bit) - Success" - ID 88
14:19:07:941 (10/06/2024) - READ  MEM Access, AP 0, Addr 0xE000EDF0, Val 0x00030003, "DAP Read Memory (32 bit) - Success" - ID 89
14:19:08:445 (10/06/2024) - READ  MEM Access, AP 0, Addr 0xE000EDF0, Val 0x00030003, "DAP Read Memory (32 bit) - Success" - ID 90
14:19:08:623 (10/06/2024) - START SEQUENCE "ResetCatchSet", "default" - ID 41
14:19:08:625 (10/06/2024) - WRITE MEM Access, AP 0, Addr 0xE000EDFC, Val 0x00000001, "DAP Write Memory (32 bit) - Success" - ID 91
14:19:08:625 (10/06/2024) - READ  MEM Access, AP 0, Addr 0xE000EDF0, Val 0x00030003, "DAP Read Memory (32 bit) - Success" - ID 92
14:19:08:625 (10/06/2024) - END SEQUENCE "ResetCatchSet", "success" - ID 42
14:19:08:627 (10/06/2024) - START SEQUENCE "ResetSystem", "default" - ID 43
14:19:08:627 (10/06/2024) - WRITE MEM Access, AP 0, Addr 0xE000ED0C, Val 0x05FA0004, "DAP Write Memory (32 bit) - Success" - ID 93
14:19:08:627 (10/06/2024) - START SEQUENCE "_ResetRecovery", "default" - ID 44
14:19:08:628 (10/06/2024) - READ  MEM Access, AP 0, Addr 0xE000EDF0, Val 0x02010001, "DAP Read Memory (32 bit) - Success" - ID 94
14:19:08:630 (10/06/2024) - READ  MEM Access, AP 0, Addr 0xE000EDF0, Val 0x02010001, "DAP Read Memory (32 bit) - Success" - ID 95
14:19:08:630 (10/06/2024) - READ  MEM Access, AP 0, Addr 0xE000EDF0, Val 0x02010001, "DAP Read Memory (32 bit) - Success" - ID 96
14:19:08:631 (10/06/2024) - READ  MEM Access, AP 0, Addr 0xE000EDF0, Val 0x02010001, "DAP Read Memory (32 bit) - Success" - ID 97
14:19:08:631 (10/06/2024) - READ  MEM Access, AP 0, Addr 0xE000EDF0, Val 0x02030003, "DAP Read Memory (32 bit) - Success" - ID 98
14:19:08:633 (10/06/2024) - READ  MEM Access, AP 0, Addr 0xE000EDF0, Val 0x00030003, "DAP Read Memory (32 bit) - Success" - ID 99
  14:19:08:635 (10/06/2024) - END SEQUENCE "_ResetRecovery", "success" - ID 45
  14:19:08:635 (10/06/2024) - END SEQUENCE "ResetSystem", "success" - ID 46
14:19:08:637 (10/06/2024) - READ  MEM Access, AP 0, Addr 0xE000EDF0, Val 0x00030003, "DAP Read Memory (32 bit) - Success" - ID 100
14:19:08:817 (10/06/2024) - READ  MEM Access, AP 0, Addr 0xE000EDF0, Val 0x00030003, "DAP Read Memory (32 bit) - Success" - ID 101
14:19:08:817 (10/06/2024) - READ  MEM Access, AP 0, Addr 0xE000EDF0, Val 0x00030003, "DAP Read Memory (32 bit) - Success" - ID 102
  14:19:08:817 (10/06/2024) - END SEQUENCE "_WaitForStop", "success" - ID 47
  14:19:08:817 (10/06/2024) - START SEQUENCE "ResetCatchClear", "default" - ID 48
14:19:08:820 (10/06/2024) - READ  MEM Access, AP 0, Addr 0xE000EDFC, Val 0x00000001, "DAP Read Memory (32 bit) - Success" - ID 103
14:19:08:820 (10/06/2024) - WRITE MEM Access, AP 0, Addr 0xE000EDFC, Val 0x00000001, "DAP Write Memory (32 bit) - Success" - ID 104
14:19:08:820 (10/06/2024) - END SEQUENCE "ResetCatchClear", "success" - ID 49
14:19:08:820 (10/06/2024) - WRITE MEM Access, AP 0, Addr 0xE000EDFC, Val 0x01000001, "DAP Write Memory (32 bit) - Success" - ID 105
14:19:08:916 (10/06/2024) - WRITE MEM Access, AP 0, Addr 0xE0001008, Val 0x00000000, "DAP Write Memory (32 bit) - Success" - ID 106
14:19:08:917 (10/06/2024) - WRITE MEM Access, AP 0, Addr 0xE000100C, Val 0x00000000, "DAP Write Memory (32 bit) - Success" - ID 107
14:19:08:917 (10/06/2024) - WRITE MEM Access, AP 0, Addr 0xE0001010, Val 0x00000000, "DAP Write Memory (32 bit) - Success" - ID 108
14:19:08:918 (10/06/2024) - WRITE MEM Access, AP 0, Addr 0xE0001014, Val 0x00000000, "DAP Write Memory (32 bit) - Success" - ID 109
14:19:08:918 (10/06/2024) - WRITE MEM Access, AP 0, Addr 0xE0001018, Val 0x00000000, "DAP Write Memory (32 bit) - Success" - ID 110
14:19:09:070 (10/06/2024) - READ  MEM Access, AP 0, Addr 0xE000EDF0, Val 0x00030003, "DAP Read Memory (32 bit) - Success" - ID 111
14:19:09:335 (10/06/2024) - READ  MEM Access, AP 0, Addr 0xE000EDF0, Val 0x00030003, "DAP Read Memory (32 bit) - Success" - ID 112
14:19:09:599 (10/06/2024) - READ  MEM Access, AP 0, Addr 0xE000EDF0, Val 0x00030003, "DAP Read Memory (32 bit) - Success" - ID 113
14:19:09:867 (10/06/2024) - READ  MEM Access, AP 0, Addr 0xE000EDF0, Val 0x00030003, "DAP Read Memory (32 bit) - Success" - ID 114
14:19:10:131 (10/06/2024) - READ  MEM Access, AP 0, Addr 0xE000EDF0, Val 0x00030003, "DAP Read Memory (32 bit) - Success" - ID 115
14:19:10:383 (10/06/2024) - READ  MEM Access, AP 0, Addr 0xE000EDF0, Val 0x00030003, "DAP Read Memory (32 bit) - Success" - ID 116
14:19:10:673 (10/06/2024) - READ  MEM BLOCK Access, AP 0, Start Addr 0x200044AC, End Addr 0x200044AF, "DAP Read Memory Block - Success" - ID 117
  Item #0, AP 0, Addr 0x200044AC, Value 0x00000000
14:19:10:742 (10/06/2024) - READ  MEM BLOCK Access, AP 0, Start Addr 0x080003D4, End Addr 0x080003D5, "DAP Read Memory Block - Success" - ID 118
  Item #0, AP 0, Addr 0x080003D4, Value 0x4809
14:19:10:746 (10/06/2024) - WRITE MEM BLOCK Access, AP 0, Start Addr 0xE0002000, End Addr 0xE000201F, "DAP Write Memory Block - Success" - ID 119
  Item #0, AP 0, Addr 0xE0002000, Value 0x00000003
  Item #1, AP 0, Addr 0xE0002004, Value 0x00000000
  Item #2, AP 0, Addr 0xE0002008, Value 0x48007561
  Item #3, AP 0, Addr 0xE000200C, Value 0x00000000
  Item #4, AP 0, Addr 0xE0002010, Value 0x00000000
  Item #5, AP 0, Addr 0xE0002014, Value 0x00000000
  Item #6, AP 0, Addr 0xE0002018, Value 0x00000000
  Item #7, AP 0, Addr 0xE000201C, Value 0x00000000
14:19:10:749 (10/06/2024) - WRITE MEM BLOCK Access, AP 0, Start Addr 0xE0001020, End Addr 0xE000105F, "DAP Write Memory Block - Success" - ID 120
  Item #0, AP 0, Addr 0xE0001020, Value 0x00000000
  Item #1, AP 0, Addr 0xE0001024, Value 0x00000000
  Item #2, AP 0, Addr 0xE0001028, Value 0x00000000
  Item #3, AP 0, Addr 0xE000102C, Value 0x00000000
  Item #4, AP 0, Addr 0xE0001030, Value 0x00000000
  Item #5, AP 0, Addr 0xE0001034, Value 0x00000000
  Item #6, AP 0, Addr 0xE0001038, Value 0x00000000
  Item #7, AP 0, Addr 0xE000103C, Value 0x00000000
  Item #8, AP 0, Addr 0xE0001040, Value 0x00000000
  Item #9, AP 0, Addr 0xE0001044, Value 0x00000000
  Item #10, AP 0, Addr 0xE0001048, Value 0x00000000
  Item #11, AP 0, Addr 0xE000104C, Value 0x00000000
  Item #12, AP 0, Addr 0xE0001050, Value 0x00000000
  Item #13, AP 0, Addr 0xE0001054, Value 0x00000000
  Item #14, AP 0, Addr 0xE0001058, Value 0x00000000
  Item #15, AP 0, Addr 0xE000105C, Value 0x00000000
14:19:10:750 (10/06/2024) - WRITE MEM Access, AP 0, Addr 0xE000ED30, Val 0x0000001F, "DAP Write Memory (32 bit) - Success" - ID 121
14:19:10:751 (10/06/2024) - WRITE MEM Access, AP 0, Addr 0xE000EDF0, Val 0xA05F0001, "DAP Write Memory (32 bit) - Success" - ID 122
14:19:10:751 (10/06/2024) - READ  MEM Access, AP 0, Addr 0xE000EDF0, Val 0x01010001, "DAP Read Memory (32 bit) - Success" - ID 123
14:19:10:752 (10/06/2024) - READ  MEM Access, AP 0, Addr 0xE000EDF0, Val 0x01030003, "DAP Read Memory (32 bit) - Success" - ID 124
14:19:10:810 (10/06/2024) - WRITE MEM BLOCK Access, AP 0, Start Addr 0xE0002000, End Addr 0xE000201F, "DAP Write Memory Block - Success" - ID 125
  Item #0, AP 0, Addr 0xE0002000, Value 0x00000002
  Item #1, AP 0, Addr 0xE0002004, Value 0x00000000
  Item #2, AP 0, Addr 0xE0002008, Value 0x00000000
  Item #3, AP 0, Addr 0xE000200C, Value 0x00000000
  Item #4, AP 0, Addr 0xE0002010, Value 0x00000000
  Item #5, AP 0, Addr 0xE0002014, Value 0x00000000
  Item #6, AP 0, Addr 0xE0002018, Value 0x00000000
  Item #7, AP 0, Addr 0xE000201C, Value 0x00000000
14:19:10:816 (10/06/2024) - WRITE MEM BLOCK Access, AP 0, Start Addr 0xE0001020, End Addr 0xE000105F, "DAP Write Memory Block - Success" - ID 126
  Item #0, AP 0, Addr 0xE0001020, Value 0x00000000
  Item #1, AP 0, Addr 0xE0001024, Value 0x00000000
  Item #2, AP 0, Addr 0xE0001028, Value 0x00000000
  Item #3, AP 0, Addr 0xE000102C, Value 0x00000000
  Item #4, AP 0, Addr 0xE0001030, Value 0x00000000
  Item #5, AP 0, Addr 0xE0001034, Value 0x00000000
  Item #6, AP 0, Addr 0xE0001038, Value 0x00000000
  Item #7, AP 0, Addr 0xE000103C, Value 0x00000000
  Item #8, AP 0, Addr 0xE0001040, Value 0x00000000
  Item #9, AP 0, Addr 0xE0001044, Value 0x00000000
  Item #10, AP 0, Addr 0xE0001048, Value 0x00000000
  Item #11, AP 0, Addr 0xE000104C, Value 0x00000000
  Item #12, AP 0, Addr 0xE0001050, Value 0x00000000
  Item #13, AP 0, Addr 0xE0001054, Value 0x00000000
  Item #14, AP 0, Addr 0xE0001058, Value 0x00000000
  Item #15, AP 0, Addr 0xE000105C, Value 0x00000000
14:19:10:817 (10/06/2024) - READ  MEM Access, AP 0, Addr 0xE000ED30, Val 0x00000002, "DAP Read Memory (32 bit) - Success" - ID 127
14:19:10:817 (10/06/2024) - READ  MEM Access, AP 0, Addr 0xE0001028, Val 0x00000000, "DAP Read Memory (32 bit) - Success" - ID 128
14:19:10:818 (10/06/2024) - READ  MEM Access, AP 0, Addr 0xE0001038, Val 0x00000200, "DAP Read Memory (32 bit) - Success" - ID 129
14:19:10:819 (10/06/2024) - READ  MEM Access, AP 0, Addr 0xE0001048, Val 0x00000000, "DAP Read Memory (32 bit) - Success" - ID 130
14:19:10:820 (10/06/2024) - READ  MEM Access, AP 0, Addr 0xE0001058, Val 0x00000000, "DAP Read Memory (32 bit) - Success" - ID 131
14:19:10:840 (10/06/2024) - READ  MEM BLOCK Access, AP 0, Start Addr 0x200044AC, End Addr 0x200044AF, "DAP Read Memory Block - Success" - ID 132
  Item #0, AP 0, Addr 0x200044AC, Value 0x00000000
14:19:10:850 (10/06/2024) - READ  MEM BLOCK Access, AP 0, Start Addr 0x08007460, End Addr 0x0800749B, "DAP Read Memory Block - Success" - ID 133
  Item #0, AP 0, Addr 0x08007460, Value 0xEEF01A68
  Item #1, AP 0, Addr 0x08007464, Value 0xED840A69
  Item #2, AP 0, Addr 0x08007468, Value 0xED940A56
  Item #3, AP 0, Addr 0x0800746C, Value 0xF7FD0A1A
  Item #4, AP 0, Addr 0x08007470, Value 0x2002FAA3
  Item #5, AP 0, Addr 0x08007474, Value 0xF95EF000
  Item #6, AP 0, Addr 0x08007478, Value 0x0A38ED94
  Item #7, AP 0, Addr 0x0800747C, Value 0x2A00EEB8
  Item #8, AP 0, Addr 0x08007480, Value 0x1A68EEF0
  Item #9, AP 0, Addr 0x08007484, Value 0x1A49EEB0
  Item #10, AP 0, Addr 0x08007488, Value 0x0A69EEF0
  Item #11, AP 0, Addr 0x0800748C, Value 0x482B2102
  Item #12, AP 0, Addr 0x08007490, Value 0xFA92F7FD
  Item #13, AP 0, Addr 0x08007494, Value 0xF0002002
  Item #14, AP 0, Addr 0x08007498, Value 0xED94F94D
14:19:10:853 (10/06/2024) - READ  MEM BLOCK Access, AP 0, Start Addr 0x0800749C, End Addr 0x080074D7, "DAP Read Memory Block - Success" - ID 134
  Item #0, AP 0, Addr 0x0800749C, Value 0xEEB80A56
  Item #1, AP 0, Addr 0x080074A0, Value 0xEEF02A00
  Item #2, AP 0, Addr 0x080074A4, Value 0xEEB01A68
  Item #3, AP 0, Addr 0x080074A8, Value 0xEEF01A49
  Item #4, AP 0, Addr 0x080074AC, Value 0x21030A69
  Item #5, AP 0, Addr 0x080074B0, Value 0xF7FD4822
  Item #6, AP 0, Addr 0x080074B4, Value 0x2002FA81
  Item #7, AP 0, Addr 0x080074B8, Value 0xF93CF000
  Item #8, AP 0, Addr 0x080074BC, Value 0xF0016F20
  Item #9, AP 0, Addr 0x080074C0, Value 0xEDD4F8C1
  Item #10, AP 0, Addr 0x080074C4, Value 0xED9F0A1A
  Item #11, AP 0, Addr 0x080074C8, Value 0x46071A1E
  Item #12, AP 0, Addr 0x080074CC, Value 0xEE804688
  Item #13, AP 0, Addr 0x080074D0, Value 0xEE200A81
  Item #14, AP 0, Addr 0x080074D4, Value 0xEE100A08
14:19:10:857 (10/06/2024) - READ  MEM BLOCK Access, AP 0, Start Addr 0x080074D8, End Addr 0x08007513, "DAP Read Memory Block - Success" - ID 135
  Item #0, AP 0, Addr 0x080074D8, Value 0xF0010A10
  Item #1, AP 0, Addr 0x080074DC, Value 0x4605F8B3
  Item #2, AP 0, Addr 0x080074E0, Value 0x6D60460E
  Item #3, AP 0, Addr 0x080074E4, Value 0xF8AEF001
  Item #4, AP 0, Addr 0x080074E8, Value 0x0B10EC41
  Item #5, AP 0, Addr 0x080074EC, Value 0x01E0E88D
  Item #6, AP 0, Addr 0x080074F0, Value 0x2B10EC53
  Item #7, AP 0, Addr 0x080074F4, Value 0x4819A113
  Item #8, AP 0, Addr 0x080074F8, Value 0xFC7CF000
  Item #9, AP 0, Addr 0x080074FC, Value 0xECBDB004
  Item #10, AP 0, Addr 0x08007500, Value 0xE8BD8B04
  Item #11, AP 0, Addr 0x08007504, Value 0x000081F0
  Item #12, AP 0, Addr 0x08007508, Value 0x20004648
  Item #13, AP 0, Addr 0x0800750C, Value 0x42E20000
  Item #14, AP 0, Addr 0x08007510, Value 0x42A20000
14:19:10:859 (10/06/2024) - READ  MEM BLOCK Access, AP 0, Start Addr 0x0800755E, End Addr 0x0800755F, "DAP Read Memory Block - Success" - ID 136
  Item #0, AP 0, Addr 0x0800755E, Value 0x2000
14:19:10:862 (10/06/2024) - READ  MEM BLOCK Access, AP 0, Start Addr 0x08007560, End Addr 0x0800759B, "DAP Read Memory Block - Success" - ID 137
  Item #0, AP 0, Addr 0x08007560, Value 0xFD74F7FB
  Item #1, AP 0, Addr 0x08007564, Value 0xFD6EF7FD
  Item #2, AP 0, Addr 0x08007568, Value 0xFB34F7FD
  Item #3, AP 0, Addr 0x0800756C, Value 0xFAE2F7FD
  Item #4, AP 0, Addr 0x08007570, Value 0xFA9CF7FD
  Item #5, AP 0, Addr 0x08007574, Value 0xFABCF7FD
  Item #6, AP 0, Addr 0x08007578, Value 0xFB72F7FD
  Item #7, AP 0, Addr 0x0800757C, Value 0xFBC4F7FD
  Item #8, AP 0, Addr 0x08007580, Value 0xFBA6F7FD
  Item #9, AP 0, Addr 0x08007584, Value 0x21052200
  Item #10, AP 0, Addr 0x08007588, Value 0xF7FB2014
  Item #11, AP 0, Addr 0x0800758C, Value 0x2014FDC3
  Item #12, AP 0, Addr 0x08007590, Value 0xFDB2F7FB
  Item #13, AP 0, Addr 0x08007594, Value 0xFE90F7FF
  Item #14, AP 0, Addr 0x08007598, Value 0xFB2CF000
14:19:11:070 (10/06/2024) - READ  MEM Access, AP 0, Addr 0xE000EDF0, Val 0x00030003, "DAP Read Memory (32 bit) - Success" - ID 138
14:19:11:335 (10/06/2024) - READ  MEM Access, AP 0, Addr 0xE000EDF0, Val 0x00030003, "DAP Read Memory (32 bit) - Success" - ID 139
14:19:11:598 (10/06/2024) - READ  MEM Access, AP 0, Addr 0xE000EDF0, Val 0x00030003, "DAP Read Memory (32 bit) - Success" - ID 140
14:19:11:862 (10/06/2024) - READ  MEM Access, AP 0, Addr 0xE000EDF0, Val 0x00030003, "DAP Read Memory (32 bit) - Success" - ID 141
14:19:12:126 (10/06/2024) - READ  MEM Access, AP 0, Addr 0xE000EDF0, Val 0x00030003, "DAP Read Memory (32 bit) - Success" - ID 142
14:19:12:389 (10/06/2024) - READ  MEM Access, AP 0, Addr 0xE000EDF0, Val 0x00030003, "DAP Read Memory (32 bit) - Success" - ID 143
14:19:12:651 (10/06/2024) - READ  MEM Access, AP 0, Addr 0xE000EDF0, Val 0x00030003, "DAP Read Memory (32 bit) - Success" - ID 144
14:19:12:914 (10/06/2024) - READ  MEM Access, AP 0, Addr 0xE000EDF0, Val 0x00030003, "DAP Read Memory (32 bit) - Success" - ID 145
14:19:13:178 (10/06/2024) - READ  MEM Access, AP 0, Addr 0xE000EDF0, Val 0x00030003, "DAP Read Memory (32 bit) - Success" - ID 146
14:19:13:441 (10/06/2024) - READ  MEM Access, AP 0, Addr 0xE000EDF0, Val 0x00030003, "DAP Read Memory (32 bit) - Success" - ID 147
14:19:13:692 (10/06/2024) - READ  MEM Access, AP 0, Addr 0xE000EDF0, Val 0x00030003, "DAP Read Memory (32 bit) - Success" - ID 148
14:19:13:955 (10/06/2024) - READ  MEM Access, AP 0, Addr 0xE000EDF0, Val 0x00030003, "DAP Read Memory (32 bit) - Success" - ID 149
14:19:14:220 (10/06/2024) - READ  MEM Access, AP 0, Addr 0xE000EDF0, Val 0x00030003, "DAP Read Memory (32 bit) - Success" - ID 150
14:19:14:482 (10/06/2024) - READ  MEM Access, AP 0, Addr 0xE000EDF0, Val 0x00030003, "DAP Read Memory (32 bit) - Success" - ID 151
14:19:14:748 (10/06/2024) - READ  MEM Access, AP 0, Addr 0xE000EDF0, Val 0x00030003, "DAP Read Memory (32 bit) - Success" - ID 152
14:19:15:008 (10/06/2024) - READ  MEM Access, AP 0, Addr 0xE000EDF0, Val 0x00030003, "DAP Read Memory (32 bit) - Success" - ID 153
14:19:15:273 (10/06/2024) - READ  MEM Access, AP 0, Addr 0xE000EDF0, Val 0x00030003, "DAP Read Memory (32 bit) - Success" - ID 154
14:19:15:537 (10/06/2024) - READ  MEM Access, AP 0, Addr 0xE000EDF0, Val 0x00030003, "DAP Read Memory (32 bit) - Success" - ID 155
14:19:15:803 (10/06/2024) - READ  MEM BLOCK Access, AP 0, Start Addr 0x08007560, End Addr 0x08007561, "DAP Read Memory Block - Success" - ID 156
  Item #0, AP 0, Addr 0x08007560, Value 0xF7FB
14:19:15:808 (10/06/2024) - WRITE MEM BLOCK Access, AP 0, Start Addr 0xE0002000, End Addr 0xE000201F, "DAP Write Memory Block - Success" - ID 157
  Item #0, AP 0, Addr 0xE0002000, Value 0x00000003
  Item #1, AP 0, Addr 0xE0002004, Value 0x00000000
  Item #2, AP 0, Addr 0xE0002008, Value 0x00000000
  Item #3, AP 0, Addr 0xE000200C, Value 0x00000000
  Item #4, AP 0, Addr 0xE0002010, Value 0x00000000
  Item #5, AP 0, Addr 0xE0002014, Value 0x00000000
  Item #6, AP 0, Addr 0xE0002018, Value 0x00000000
  Item #7, AP 0, Addr 0xE000201C, Value 0x00000000
14:19:15:811 (10/06/2024) - WRITE MEM BLOCK Access, AP 0, Start Addr 0xE0001020, End Addr 0xE000105F, "DAP Write Memory Block - Success" - ID 158
  Item #0, AP 0, Addr 0xE0001020, Value 0x00000000
  Item #1, AP 0, Addr 0xE0001024, Value 0x00000000
  Item #2, AP 0, Addr 0xE0001028, Value 0x00000000
  Item #3, AP 0, Addr 0xE000102C, Value 0x00000000
  Item #4, AP 0, Addr 0xE0001030, Value 0x00000000
  Item #5, AP 0, Addr 0xE0001034, Value 0x00000000
  Item #6, AP 0, Addr 0xE0001038, Value 0x00000200
  Item #7, AP 0, Addr 0xE000103C, Value 0x00000000
  Item #8, AP 0, Addr 0xE0001040, Value 0x00000000
  Item #9, AP 0, Addr 0xE0001044, Value 0x00000000
  Item #10, AP 0, Addr 0xE0001048, Value 0x00000000
  Item #11, AP 0, Addr 0xE000104C, Value 0x00000000
  Item #12, AP 0, Addr 0xE0001050, Value 0x00000000
  Item #13, AP 0, Addr 0xE0001054, Value 0x00000000
  Item #14, AP 0, Addr 0xE0001058, Value 0x00000000
  Item #15, AP 0, Addr 0xE000105C, Value 0x00000000
14:19:15:812 (10/06/2024) - WRITE MEM Access, AP 0, Addr 0xE000ED30, Val 0x0000001F, "DAP Write Memory (32 bit) - Success" - ID 159
14:19:15:812 (10/06/2024) - WRITE MEM Access, AP 0, Addr 0xE000EDF0, Val 0xA05F0001, "DAP Write Memory (32 bit) - Success" - ID 160
14:19:15:813 (10/06/2024) - READ  MEM Access, AP 0, Addr 0xE000EDF0, Val 0x01010001, "DAP Read Memory (32 bit) - Success" - ID 161
14:19:15:813 (10/06/2024) - READ  MEM Access, AP 0, Addr 0xE000EDF0, Val 0x01010001, "DAP Read Memory (32 bit) - Success" - ID 162
14:19:15:877 (10/06/2024) - READ  MEM Access, AP 0, Addr 0xE000EDF0, Val 0x01010001, "DAP Read Memory (32 bit) - Success" - ID 163
14:19:15:939 (10/06/2024) - READ  MEM Access, AP 0, Addr 0xE000EDF0, Val 0x01010001, "DAP Read Memory (32 bit) - Success" - ID 164
14:19:16:002 (10/06/2024) - READ  MEM Access, AP 0, Addr 0xE000EDF0, Val 0x01010001, "DAP Read Memory (32 bit) - Success" - ID 165
14:19:16:064 (10/06/2024) - READ  MEM Access, AP 0, Addr 0xE000EDF0, Val 0x01010001, "DAP Read Memory (32 bit) - Success" - ID 166
14:19:16:127 (10/06/2024) - READ  MEM Access, AP 0, Addr 0xE000EDF0, Val 0x01010001, "DAP Read Memory (32 bit) - Success" - ID 167
14:19:16:190 (10/06/2024) - READ  MEM Access, AP 0, Addr 0xE000EDF0, Val 0x01010001, "DAP Read Memory (32 bit) - Success" - ID 168
14:19:16:253 (10/06/2024) - READ  MEM Access, AP 0, Addr 0xE000EDF0, Val 0x01010001, "DAP Read Memory (32 bit) - Success" - ID 169
14:19:16:314 (10/06/2024) - READ  MEM Access, AP 0, Addr 0xE000EDF0, Val 0x01010001, "DAP Read Memory (32 bit) - Success" - ID 170
14:19:16:377 (10/06/2024) - READ  MEM Access, AP 0, Addr 0xE000EDF0, Val 0x01010001, "DAP Read Memory (32 bit) - Success" - ID 171
14:19:16:379 (10/06/2024) - READ  MEM Access, AP 0, Addr 0xE0001004, Val 0x05AC775E, "DAP Read Memory (32 bit) - Success" - ID 172
14:19:16:383 (10/06/2024) - READ  MEM BLOCK Access, AP 0, Start Addr 0x200044AC, End Addr 0x200044AF, "DAP Read Memory Block - Success" - ID 173
  Item #0, AP 0, Addr 0x200044AC, Value 0x00000000
14:19:16:439 (10/06/2024) - READ  MEM Access, AP 0, Addr 0xE000EDF0, Val 0x01010001, "DAP Read Memory (32 bit) - Success" - ID 174
14:19:16:502 (10/06/2024) - READ  MEM Access, AP 0, Addr 0xE000EDF0, Val 0x01010001, "DAP Read Memory (32 bit) - Success" - ID 175
14:19:16:566 (10/06/2024) - READ  MEM Access, AP 0, Addr 0xE000EDF0, Val 0x01010001, "DAP Read Memory (32 bit) - Success" - ID 176
14:19:16:628 (10/06/2024) - READ  MEM Access, AP 0, Addr 0xE000EDF0, Val 0x01010001, "DAP Read Memory (32 bit) - Success" - ID 177
14:19:16:690 (10/06/2024) - READ  MEM Access, AP 0, Addr 0xE000EDF0, Val 0x01010001, "DAP Read Memory (32 bit) - Success" - ID 178
14:19:16:753 (10/06/2024) - READ  MEM Access, AP 0, Addr 0xE000EDF0, Val 0x01010001, "DAP Read Memory (32 bit) - Success" - ID 179
14:19:16:815 (10/06/2024) - READ  MEM Access, AP 0, Addr 0xE000EDF0, Val 0x01010001, "DAP Read Memory (32 bit) - Success" - ID 180
14:19:16:878 (10/06/2024) - READ  MEM Access, AP 0, Addr 0xE000EDF0, Val 0x01010001, "DAP Read Memory (32 bit) - Success" - ID 181
14:19:16:937 (10/06/2024) - READ  MEM Access, AP 0, Addr 0xE000EDF0, Val 0x01010001, "DAP Read Memory (32 bit) - Success" - ID 182
14:19:16:938 (10/06/2024) - READ  MEM Access, AP 0, Addr 0xE0001004, Val 0x0B4649F5, "DAP Read Memory (32 bit) - Success" - ID 183
14:19:16:943 (10/06/2024) - READ  MEM BLOCK Access, AP 0, Start Addr 0x200044AC, End Addr 0x200044AF, "DAP Read Memory Block - Success" - ID 184
  Item #0, AP 0, Addr 0x200044AC, Value 0x00000000
14:19:17:000 (10/06/2024) - READ  MEM Access, AP 0, Addr 0xE000EDF0, Val 0x01010001, "DAP Read Memory (32 bit) - Success" - ID 185
14:19:17:062 (10/06/2024) - READ  MEM Access, AP 0, Addr 0xE000EDF0, Val 0x01010001, "DAP Read Memory (32 bit) - Success" - ID 186
14:19:17:127 (10/06/2024) - READ  MEM Access, AP 0, Addr 0xE000EDF0, Val 0x01010001, "DAP Read Memory (32 bit) - Success" - ID 187
14:19:17:187 (10/06/2024) - READ  MEM Access, AP 0, Addr 0xE000EDF0, Val 0x01010001, "DAP Read Memory (32 bit) - Success" - ID 188
14:19:17:250 (10/06/2024) - READ  MEM Access, AP 0, Addr 0xE000EDF0, Val 0x01010001, "DAP Read Memory (32 bit) - Success" - ID 189
14:19:17:313 (10/06/2024) - READ  MEM Access, AP 0, Addr 0xE000EDF0, Val 0x01010001, "DAP Read Memory (32 bit) - Success" - ID 190
14:19:17:375 (10/06/2024) - READ  MEM Access, AP 0, Addr 0xE000EDF0, Val 0x01010001, "DAP Read Memory (32 bit) - Success" - ID 191
14:19:17:437 (10/06/2024) - READ  MEM Access, AP 0, Addr 0xE000EDF0, Val 0x01010001, "DAP Read Memory (32 bit) - Success" - ID 192
14:19:17:498 (10/06/2024) - READ  MEM Access, AP 0, Addr 0xE000EDF0, Val 0x01010001, "DAP Read Memory (32 bit) - Success" - ID 193
14:19:17:499 (10/06/2024) - READ  MEM Access, AP 0, Addr 0xE0001004, Val 0x10E542EE, "DAP Read Memory (32 bit) - Success" - ID 194
14:19:17:503 (10/06/2024) - READ  MEM BLOCK Access, AP 0, Start Addr 0x200044AC, End Addr 0x200044AF, "DAP Read Memory Block - Success" - ID 195
  Item #0, AP 0, Addr 0x200044AC, Value 0x00000000
14:19:17:563 (10/06/2024) - READ  MEM Access, AP 0, Addr 0xE000EDF0, Val 0x01010001, "DAP Read Memory (32 bit) - Success" - ID 196
14:19:17:624 (10/06/2024) - READ  MEM Access, AP 0, Addr 0xE000EDF0, Val 0x01010001, "DAP Read Memory (32 bit) - Success" - ID 197
14:19:17:685 (10/06/2024) - READ  MEM Access, AP 0, Addr 0xE000EDF0, Val 0x01010001, "DAP Read Memory (32 bit) - Success" - ID 198
14:19:17:711 (10/06/2024) - READ  MEM BLOCK Access, AP 0, Start Addr 0x20004648, End Addr 0x20004649, "DAP Read Memory Block - Success" - ID 199
  Item #0, AP 0, Addr 0x20004648, Value 0x0000
14:19:17:713 (10/06/2024) - READ  MEM BLOCK Access, AP 0, Start Addr 0x2000464A, End Addr 0x2000464B, "DAP Read Memory Block - Success" - ID 200
  Item #0, AP 0, Addr 0x2000464A, Value 0x0000
14:19:17:714 (10/06/2024) - READ  MEM BLOCK Access, AP 0, Start Addr 0x2000464C, End Addr 0x2000464D, "DAP Read Memory Block - Success" - ID 201
  Item #0, AP 0, Addr 0x2000464C, Value 0x0000
14:19:17:717 (10/06/2024) - READ  MEM BLOCK Access, AP 0, Start Addr 0x2000464E, End Addr 0x2000464F, "DAP Read Memory Block - Success" - ID 202
  Item #0, AP 0, Addr 0x2000464E, Value 0x0000
14:19:17:718 (10/06/2024) - READ  MEM BLOCK Access, AP 0, Start Addr 0x20004650, End Addr 0x20004651, "DAP Read Memory Block - Success" - ID 203
  Item #0, AP 0, Addr 0x20004650, Value 0x0000
14:19:17:720 (10/06/2024) - READ  MEM BLOCK Access, AP 0, Start Addr 0x20004652, End Addr 0x20004652, "DAP Read Memory Block - Success" - ID 204
  Item #0, AP 0, Addr 0x20004652, Value 0x03
14:19:17:722 (10/06/2024) - READ  MEM BLOCK Access, AP 0, Start Addr 0x20004653, End Addr 0x20004653, "DAP Read Memory Block - Success" - ID 205
  Item #0, AP 0, Addr 0x20004653, Value 0x00
14:19:17:723 (10/06/2024) - READ  MEM BLOCK Access, AP 0, Start Addr 0x20004654, End Addr 0x20004654, "DAP Read Memory Block - Success" - ID 206
  Item #0, AP 0, Addr 0x20004654, Value 0x03
14:19:17:725 (10/06/2024) - READ  MEM BLOCK Access, AP 0, Start Addr 0x20004655, End Addr 0x20004655, "DAP Read Memory Block - Success" - ID 207
  Item #0, AP 0, Addr 0x20004655, Value 0x00
14:19:17:727 (10/06/2024) - READ  MEM BLOCK Access, AP 0, Start Addr 0x20004648, End Addr 0x20004649, "DAP Read Memory Block - Success" - ID 208
  Item #0, AP 0, Addr 0x20004648, Value 0x0000
14:19:17:728 (10/06/2024) - READ  MEM BLOCK Access, AP 0, Start Addr 0x2000464A, End Addr 0x2000464B, "DAP Read Memory Block - Success" - ID 209
  Item #0, AP 0, Addr 0x2000464A, Value 0x0000
14:19:17:730 (10/06/2024) - READ  MEM BLOCK Access, AP 0, Start Addr 0x2000464C, End Addr 0x2000464D, "DAP Read Memory Block - Success" - ID 210
  Item #0, AP 0, Addr 0x2000464C, Value 0x0000
14:19:17:731 (10/06/2024) - READ  MEM BLOCK Access, AP 0, Start Addr 0x2000464E, End Addr 0x2000464F, "DAP Read Memory Block - Success" - ID 211
  Item #0, AP 0, Addr 0x2000464E, Value 0x0000
14:19:17:733 (10/06/2024) - READ  MEM BLOCK Access, AP 0, Start Addr 0x20004650, End Addr 0x20004651, "DAP Read Memory Block - Success" - ID 212
  Item #0, AP 0, Addr 0x20004650, Value 0x0000
14:19:17:735 (10/06/2024) - READ  MEM BLOCK Access, AP 0, Start Addr 0x20004652, End Addr 0x20004652, "DAP Read Memory Block - Success" - ID 213
  Item #0, AP 0, Addr 0x20004652, Value 0x03
14:19:17:737 (10/06/2024) - READ  MEM BLOCK Access, AP 0, Start Addr 0x20004653, End Addr 0x20004653, "DAP Read Memory Block - Success" - ID 214
  Item #0, AP 0, Addr 0x20004653, Value 0x00
14:19:17:738 (10/06/2024) - READ  MEM BLOCK Access, AP 0, Start Addr 0x20004654, End Addr 0x20004654, "DAP Read Memory Block - Success" - ID 215
  Item #0, AP 0, Addr 0x20004654, Value 0x03
14:19:17:740 (10/06/2024) - READ  MEM BLOCK Access, AP 0, Start Addr 0x20004655, End Addr 0x20004655, "DAP Read Memory Block - Success" - ID 216
  Item #0, AP 0, Addr 0x20004655, Value 0x00
14:19:17:748 (10/06/2024) - READ  MEM Access, AP 0, Addr 0xE000EDF0, Val 0x01010001, "DAP Read Memory (32 bit) - Success" - ID 217
14:19:17:756 (10/06/2024) - READ  MEM BLOCK Access, AP 0, Start Addr 0x20004648, End Addr 0x20004649, "DAP Read Memory Block - Success" - ID 218
  Item #0, AP 0, Addr 0x20004648, Value 0x0000
14:19:17:757 (10/06/2024) - READ  MEM BLOCK Access, AP 0, Start Addr 0x2000464A, End Addr 0x2000464B, "DAP Read Memory Block - Success" - ID 219
  Item #0, AP 0, Addr 0x2000464A, Value 0x0000
14:19:17:759 (10/06/2024) - READ  MEM BLOCK Access, AP 0, Start Addr 0x2000464C, End Addr 0x2000464D, "DAP Read Memory Block - Success" - ID 220
  Item #0, AP 0, Addr 0x2000464C, Value 0x0000
14:19:17:760 (10/06/2024) - READ  MEM BLOCK Access, AP 0, Start Addr 0x2000464E, End Addr 0x2000464F, "DAP Read Memory Block - Success" - ID 221
  Item #0, AP 0, Addr 0x2000464E, Value 0x0000
14:19:17:761 (10/06/2024) - READ  MEM BLOCK Access, AP 0, Start Addr 0x20004650, End Addr 0x20004651, "DAP Read Memory Block - Success" - ID 222
  Item #0, AP 0, Addr 0x20004650, Value 0x0000
14:19:17:763 (10/06/2024) - READ  MEM BLOCK Access, AP 0, Start Addr 0x20004652, End Addr 0x20004652, "DAP Read Memory Block - Success" - ID 223
  Item #0, AP 0, Addr 0x20004652, Value 0x03
14:19:17:765 (10/06/2024) - READ  MEM BLOCK Access, AP 0, Start Addr 0x20004653, End Addr 0x20004653, "DAP Read Memory Block - Success" - ID 224
  Item #0, AP 0, Addr 0x20004653, Value 0x00
14:19:17:766 (10/06/2024) - READ  MEM BLOCK Access, AP 0, Start Addr 0x20004654, End Addr 0x20004654, "DAP Read Memory Block - Success" - ID 225
  Item #0, AP 0, Addr 0x20004654, Value 0x03
14:19:17:768 (10/06/2024) - READ  MEM BLOCK Access, AP 0, Start Addr 0x20004655, End Addr 0x20004655, "DAP Read Memory Block - Success" - ID 226
  Item #0, AP 0, Addr 0x20004655, Value 0x00
14:19:17:811 (10/06/2024) - READ  MEM Access, AP 0, Addr 0xE000EDF0, Val 0x01010001, "DAP Read Memory (32 bit) - Success" - ID 227
14:19:17:872 (10/06/2024) - READ  MEM Access, AP 0, Addr 0xE000EDF0, Val 0x01010001, "DAP Read Memory (32 bit) - Success" - ID 228
14:19:17:934 (10/06/2024) - READ  MEM Access, AP 0, Addr 0xE000EDF0, Val 0x01010001, "DAP Read Memory (32 bit) - Success" - ID 229
14:19:17:998 (10/06/2024) - READ  MEM Access, AP 0, Addr 0xE000EDF0, Val 0x01010001, "DAP Read Memory (32 bit) - Success" - ID 230
14:19:18:062 (10/06/2024) - READ  MEM Access, AP 0, Addr 0xE000EDF0, Val 0x01010001, "DAP Read Memory (32 bit) - Success" - ID 231
14:19:18:063 (10/06/2024) - READ  MEM Access, AP 0, Addr 0xE0001004, Val 0x16883754, "DAP Read Memory (32 bit) - Success" - ID 232
14:19:18:067 (10/06/2024) - READ  MEM BLOCK Access, AP 0, Start Addr 0x20004648, End Addr 0x20004649, "DAP Read Memory Block - Success" - ID 233
  Item #0, AP 0, Addr 0x20004648, Value 0x0000
14:19:18:068 (10/06/2024) - READ  MEM BLOCK Access, AP 0, Start Addr 0x2000464A, End Addr 0x2000464B, "DAP Read Memory Block - Success" - ID 234
  Item #0, AP 0, Addr 0x2000464A, Value 0x0000
14:19:18:069 (10/06/2024) - READ  MEM BLOCK Access, AP 0, Start Addr 0x2000464C, End Addr 0x2000464D, "DAP Read Memory Block - Success" - ID 235
  Item #0, AP 0, Addr 0x2000464C, Value 0x0000
14:19:18:071 (10/06/2024) - READ  MEM BLOCK Access, AP 0, Start Addr 0x2000464E, End Addr 0x2000464F, "DAP Read Memory Block - Success" - ID 236
  Item #0, AP 0, Addr 0x2000464E, Value 0x0000
14:19:18:073 (10/06/2024) - READ  MEM BLOCK Access, AP 0, Start Addr 0x20004650, End Addr 0x20004651, "DAP Read Memory Block - Success" - ID 237
  Item #0, AP 0, Addr 0x20004650, Value 0x0000
14:19:18:075 (10/06/2024) - READ  MEM BLOCK Access, AP 0, Start Addr 0x20004652, End Addr 0x20004652, "DAP Read Memory Block - Success" - ID 238
  Item #0, AP 0, Addr 0x20004652, Value 0x03
14:19:18:076 (10/06/2024) - READ  MEM BLOCK Access, AP 0, Start Addr 0x20004653, End Addr 0x20004653, "DAP Read Memory Block - Success" - ID 239
  Item #0, AP 0, Addr 0x20004653, Value 0x00
14:19:18:078 (10/06/2024) - READ  MEM BLOCK Access, AP 0, Start Addr 0x20004654, End Addr 0x20004654, "DAP Read Memory Block - Success" - ID 240
  Item #0, AP 0, Addr 0x20004654, Value 0x03
14:19:18:080 (10/06/2024) - READ  MEM BLOCK Access, AP 0, Start Addr 0x20004655, End Addr 0x20004655, "DAP Read Memory Block - Success" - ID 241
  Item #0, AP 0, Addr 0x20004655, Value 0x00
14:19:18:082 (10/06/2024) - READ  MEM BLOCK Access, AP 0, Start Addr 0x200044AC, End Addr 0x200044AF, "DAP Read Memory Block - Success" - ID 242
  Item #0, AP 0, Addr 0x200044AC, Value 0x00000000
14:19:18:139 (10/06/2024) - READ  MEM Access, AP 0, Addr 0xE000EDF0, Val 0x01010001, "DAP Read Memory (32 bit) - Success" - ID 243
14:19:18:202 (10/06/2024) - READ  MEM Access, AP 0, Addr 0xE000EDF0, Val 0x01010001, "DAP Read Memory (32 bit) - Success" - ID 244
14:19:18:265 (10/06/2024) - READ  MEM Access, AP 0, Addr 0xE000EDF0, Val 0x01010001, "DAP Read Memory (32 bit) - Success" - ID 245
14:19:18:328 (10/06/2024) - READ  MEM Access, AP 0, Addr 0xE000EDF0, Val 0x01010001, "DAP Read Memory (32 bit) - Success" - ID 246
14:19:18:390 (10/06/2024) - READ  MEM Access, AP 0, Addr 0xE000EDF0, Val 0x01010001, "DAP Read Memory (32 bit) - Success" - ID 247
14:19:18:453 (10/06/2024) - READ  MEM Access, AP 0, Addr 0xE000EDF0, Val 0x01010001, "DAP Read Memory (32 bit) - Success" - ID 248
14:19:18:515 (10/06/2024) - READ  MEM Access, AP 0, Addr 0xE000EDF0, Val 0x01010001, "DAP Read Memory (32 bit) - Success" - ID 249
14:19:18:575 (10/06/2024) - READ  MEM Access, AP 0, Addr 0xE000EDF0, Val 0x01010001, "DAP Read Memory (32 bit) - Success" - ID 250
14:19:18:575 (10/06/2024) - READ  MEM Access, AP 0, Addr 0xE0001004, Val 0x1BAC1DA0, "DAP Read Memory (32 bit) - Success" - ID 251
14:19:18:586 (10/06/2024) - READ  MEM BLOCK Access, AP 0, Start Addr 0x20004648, End Addr 0x20004649, "DAP Read Memory Block - Success" - ID 252
  Item #0, AP 0, Addr 0x20004648, Value 0x0000
14:19:18:588 (10/06/2024) - READ  MEM BLOCK Access, AP 0, Start Addr 0x2000464A, End Addr 0x2000464B, "DAP Read Memory Block - Success" - ID 253
  Item #0, AP 0, Addr 0x2000464A, Value 0x0000
14:19:18:588 (10/06/2024) - READ  MEM BLOCK Access, AP 0, Start Addr 0x2000464C, End Addr 0x2000464D, "DAP Read Memory Block - Success" - ID 254
  Item #0, AP 0, Addr 0x2000464C, Value 0x0000
14:19:18:590 (10/06/2024) - READ  MEM BLOCK Access, AP 0, Start Addr 0x2000464E, End Addr 0x2000464F, "DAP Read Memory Block - Success" - ID 255
  Item #0, AP 0, Addr 0x2000464E, Value 0x0000
14:19:18:591 (10/06/2024) - READ  MEM BLOCK Access, AP 0, Start Addr 0x20004650, End Addr 0x20004651, "DAP Read Memory Block - Success" - ID 256
  Item #0, AP 0, Addr 0x20004650, Value 0x0000
14:19:18:593 (10/06/2024) - READ  MEM BLOCK Access, AP 0, Start Addr 0x20004652, End Addr 0x20004652, "DAP Read Memory Block - Success" - ID 257
  Item #0, AP 0, Addr 0x20004652, Value 0x03
14:19:18:596 (10/06/2024) - READ  MEM BLOCK Access, AP 0, Start Addr 0x20004653, End Addr 0x20004653, "DAP Read Memory Block - Success" - ID 258
  Item #0, AP 0, Addr 0x20004653, Value 0x00
14:19:18:597 (10/06/2024) - READ  MEM BLOCK Access, AP 0, Start Addr 0x20004654, End Addr 0x20004654, "DAP Read Memory Block - Success" - ID 259
  Item #0, AP 0, Addr 0x20004654, Value 0x03
14:19:18:599 (10/06/2024) - READ  MEM BLOCK Access, AP 0, Start Addr 0x20004655, End Addr 0x20004655, "DAP Read Memory Block - Success" - ID 260
  Item #0, AP 0, Addr 0x20004655, Value 0x00
14:19:18:602 (10/06/2024) - READ  MEM BLOCK Access, AP 0, Start Addr 0x200044AC, End Addr 0x200044AF, "DAP Read Memory Block - Success" - ID 261
  Item #0, AP 0, Addr 0x200044AC, Value 0x00000000
14:19:18:670 (10/06/2024) - READ  MEM Access, AP 0, Addr 0xE000EDF0, Val 0x01010001, "DAP Read Memory (32 bit) - Success" - ID 262
14:19:18:733 (10/06/2024) - READ  MEM Access, AP 0, Addr 0xE000EDF0, Val 0x01010001, "DAP Read Memory (32 bit) - Success" - ID 263
14:19:18:793 (10/06/2024) - READ  MEM Access, AP 0, Addr 0xE000EDF0, Val 0x01010001, "DAP Read Memory (32 bit) - Success" - ID 264
14:19:18:856 (10/06/2024) - READ  MEM Access, AP 0, Addr 0xE000EDF0, Val 0x01010001, "DAP Read Memory (32 bit) - Success" - ID 265
14:19:18:917 (10/06/2024) - READ  MEM Access, AP 0, Addr 0xE000EDF0, Val 0x01010001, "DAP Read Memory (32 bit) - Success" - ID 266
14:19:18:981 (10/06/2024) - READ  MEM Access, AP 0, Addr 0xE000EDF0, Val 0x01010001, "DAP Read Memory (32 bit) - Success" - ID 267
14:19:19:043 (10/06/2024) - READ  MEM Access, AP 0, Addr 0xE000EDF0, Val 0x01010001, "DAP Read Memory (32 bit) - Success" - ID 268
14:19:19:107 (10/06/2024) - READ  MEM Access, AP 0, Addr 0xE000EDF0, Val 0x01010001, "DAP Read Memory (32 bit) - Success" - ID 269
14:19:19:108 (10/06/2024) - READ  MEM Access, AP 0, Addr 0xE0001004, Val 0x20FF0E28, "DAP Read Memory (32 bit) - Success" - ID 270
14:19:19:111 (10/06/2024) - READ  MEM BLOCK Access, AP 0, Start Addr 0x20004648, End Addr 0x20004649, "DAP Read Memory Block - Success" - ID 271
  Item #0, AP 0, Addr 0x20004648, Value 0x0000
14:19:19:113 (10/06/2024) - READ  MEM BLOCK Access, AP 0, Start Addr 0x2000464A, End Addr 0x2000464B, "DAP Read Memory Block - Success" - ID 272
  Item #0, AP 0, Addr 0x2000464A, Value 0x0000
14:19:19:115 (10/06/2024) - READ  MEM BLOCK Access, AP 0, Start Addr 0x2000464C, End Addr 0x2000464D, "DAP Read Memory Block - Success" - ID 273
  Item #0, AP 0, Addr 0x2000464C, Value 0x0000
14:19:19:118 (10/06/2024) - READ  MEM BLOCK Access, AP 0, Start Addr 0x2000464E, End Addr 0x2000464F, "DAP Read Memory Block - Success" - ID 274
  Item #0, AP 0, Addr 0x2000464E, Value 0x0000
14:19:19:119 (10/06/2024) - READ  MEM BLOCK Access, AP 0, Start Addr 0x20004650, End Addr 0x20004651, "DAP Read Memory Block - Success" - ID 275
  Item #0, AP 0, Addr 0x20004650, Value 0x0000
14:19:19:121 (10/06/2024) - READ  MEM BLOCK Access, AP 0, Start Addr 0x20004652, End Addr 0x20004652, "DAP Read Memory Block - Success" - ID 276
  Item #0, AP 0, Addr 0x20004652, Value 0x03
14:19:19:122 (10/06/2024) - READ  MEM BLOCK Access, AP 0, Start Addr 0x20004653, End Addr 0x20004653, "DAP Read Memory Block - Success" - ID 277
  Item #0, AP 0, Addr 0x20004653, Value 0x00
14:19:19:124 (10/06/2024) - READ  MEM BLOCK Access, AP 0, Start Addr 0x20004654, End Addr 0x20004654, "DAP Read Memory Block - Success" - ID 278
  Item #0, AP 0, Addr 0x20004654, Value 0x03
14:19:19:125 (10/06/2024) - READ  MEM BLOCK Access, AP 0, Start Addr 0x20004655, End Addr 0x20004655, "DAP Read Memory Block - Success" - ID 279
  Item #0, AP 0, Addr 0x20004655, Value 0x00
14:19:19:128 (10/06/2024) - READ  MEM BLOCK Access, AP 0, Start Addr 0x200044AC, End Addr 0x200044AF, "DAP Read Memory Block - Success" - ID 280
  Item #0, AP 0, Addr 0x200044AC, Value 0x00000000
14:19:19:183 (10/06/2024) - READ  MEM Access, AP 0, Addr 0xE000EDF0, Val 0x01010001, "DAP Read Memory (32 bit) - Success" - ID 281
14:19:19:245 (10/06/2024) - READ  MEM Access, AP 0, Addr 0xE000EDF0, Val 0x01010001, "DAP Read Memory (32 bit) - Success" - ID 282
14:19:19:309 (10/06/2024) - READ  MEM Access, AP 0, Addr 0xE000EDF0, Val 0x01010001, "DAP Read Memory (32 bit) - Success" - ID 283
14:19:19:371 (10/06/2024) - READ  MEM Access, AP 0, Addr 0xE000EDF0, Val 0x01010001, "DAP Read Memory (32 bit) - Success" - ID 284
14:19:19:433 (10/06/2024) - READ  MEM Access, AP 0, Addr 0xE000EDF0, Val 0x01010001, "DAP Read Memory (32 bit) - Success" - ID 285
14:19:19:496 (10/06/2024) - READ  MEM Access, AP 0, Addr 0xE000EDF0, Val 0x01010001, "DAP Read Memory (32 bit) - Success" - ID 286
14:19:19:559 (10/06/2024) - READ  MEM Access, AP 0, Addr 0xE000EDF0, Val 0x01010001, "DAP Read Memory (32 bit) - Success" - ID 287
14:19:19:621 (10/06/2024) - READ  MEM Access, AP 0, Addr 0xE000EDF0, Val 0x01010001, "DAP Read Memory (32 bit) - Success" - ID 288
14:19:19:622 (10/06/2024) - READ  MEM Access, AP 0, Addr 0xE0001004, Val 0x2626AFED, "DAP Read Memory (32 bit) - Success" - ID 289
14:19:19:627 (10/06/2024) - READ  MEM BLOCK Access, AP 0, Start Addr 0x20004648, End Addr 0x20004649, "DAP Read Memory Block - Success" - ID 290
  Item #0, AP 0, Addr 0x20004648, Value 0x0000
14:19:19:628 (10/06/2024) - READ  MEM BLOCK Access, AP 0, Start Addr 0x2000464A, End Addr 0x2000464B, "DAP Read Memory Block - Success" - ID 291
  Item #0, AP 0, Addr 0x2000464A, Value 0x0000
14:19:19:630 (10/06/2024) - READ  MEM BLOCK Access, AP 0, Start Addr 0x2000464C, End Addr 0x2000464D, "DAP Read Memory Block - Success" - ID 292
  Item #0, AP 0, Addr 0x2000464C, Value 0x0000
14:19:19:632 (10/06/2024) - READ  MEM BLOCK Access, AP 0, Start Addr 0x2000464E, End Addr 0x2000464F, "DAP Read Memory Block - Success" - ID 293
  Item #0, AP 0, Addr 0x2000464E, Value 0x0000
14:19:19:633 (10/06/2024) - READ  MEM BLOCK Access, AP 0, Start Addr 0x20004650, End Addr 0x20004651, "DAP Read Memory Block - Success" - ID 294
  Item #0, AP 0, Addr 0x20004650, Value 0x0000
14:19:19:635 (10/06/2024) - READ  MEM BLOCK Access, AP 0, Start Addr 0x20004652, End Addr 0x20004652, "DAP Read Memory Block - Success" - ID 295
  Item #0, AP 0, Addr 0x20004652, Value 0x03
14:19:19:637 (10/06/2024) - READ  MEM BLOCK Access, AP 0, Start Addr 0x20004653, End Addr 0x20004653, "DAP Read Memory Block - Success" - ID 296
  Item #0, AP 0, Addr 0x20004653, Value 0x00
14:19:19:638 (10/06/2024) - READ  MEM BLOCK Access, AP 0, Start Addr 0x20004654, End Addr 0x20004654, "DAP Read Memory Block - Success" - ID 297
  Item #0, AP 0, Addr 0x20004654, Value 0x03
14:19:19:640 (10/06/2024) - READ  MEM BLOCK Access, AP 0, Start Addr 0x20004655, End Addr 0x20004655, "DAP Read Memory Block - Success" - ID 298
  Item #0, AP 0, Addr 0x20004655, Value 0x00
14:19:19:643 (10/06/2024) - READ  MEM BLOCK Access, AP 0, Start Addr 0x200044AC, End Addr 0x200044AF, "DAP Read Memory Block - Success" - ID 299
  Item #0, AP 0, Addr 0x200044AC, Value 0x00000000
14:19:19:699 (10/06/2024) - READ  MEM Access, AP 0, Addr 0xE000EDF0, Val 0x01010001, "DAP Read Memory (32 bit) - Success" - ID 300
14:19:19:761 (10/06/2024) - READ  MEM Access, AP 0, Addr 0xE000EDF0, Val 0x01010001, "DAP Read Memory (32 bit) - Success" - ID 301
14:19:19:823 (10/06/2024) - READ  MEM Access, AP 0, Addr 0xE000EDF0, Val 0x01010001, "DAP Read Memory (32 bit) - Success" - ID 302
14:19:19:885 (10/06/2024) - READ  MEM Access, AP 0, Addr 0xE000EDF0, Val 0x01010001, "DAP Read Memory (32 bit) - Success" - ID 303
14:19:19:947 (10/06/2024) - READ  MEM Access, AP 0, Addr 0xE000EDF0, Val 0x01010001, "DAP Read Memory (32 bit) - Success" - ID 304
14:19:20:009 (10/06/2024) - READ  MEM Access, AP 0, Addr 0xE000EDF0, Val 0x01010001, "DAP Read Memory (32 bit) - Success" - ID 305
14:19:20:070 (10/06/2024) - READ  MEM Access, AP 0, Addr 0xE000EDF0, Val 0x01010001, "DAP Read Memory (32 bit) - Success" - ID 306
14:19:20:130 (10/06/2024) - READ  MEM Access, AP 0, Addr 0xE000EDF0, Val 0x01010001, "DAP Read Memory (32 bit) - Success" - ID 307
14:19:20:131 (10/06/2024) - READ  MEM Access, AP 0, Addr 0xE0001004, Val 0x2B3F5BB5, "DAP Read Memory (32 bit) - Success" - ID 308
14:19:20:137 (10/06/2024) - READ  MEM BLOCK Access, AP 0, Start Addr 0x20004648, End Addr 0x20004649, "DAP Read Memory Block - Success" - ID 309
  Item #0, AP 0, Addr 0x20004648, Value 0x0000
14:19:20:138 (10/06/2024) - READ  MEM BLOCK Access, AP 0, Start Addr 0x2000464A, End Addr 0x2000464B, "DAP Read Memory Block - Success" - ID 310
  Item #0, AP 0, Addr 0x2000464A, Value 0x0000
14:19:20:139 (10/06/2024) - READ  MEM BLOCK Access, AP 0, Start Addr 0x2000464C, End Addr 0x2000464D, "DAP Read Memory Block - Success" - ID 311
  Item #0, AP 0, Addr 0x2000464C, Value 0x0000
14:19:20:142 (10/06/2024) - READ  MEM BLOCK Access, AP 0, Start Addr 0x2000464E, End Addr 0x2000464F, "DAP Read Memory Block - Success" - ID 312
  Item #0, AP 0, Addr 0x2000464E, Value 0x0000
14:19:20:143 (10/06/2024) - READ  MEM BLOCK Access, AP 0, Start Addr 0x20004650, End Addr 0x20004651, "DAP Read Memory Block - Success" - ID 313
  Item #0, AP 0, Addr 0x20004650, Value 0x0000
14:19:20:145 (10/06/2024) - READ  MEM BLOCK Access, AP 0, Start Addr 0x20004652, End Addr 0x20004652, "DAP Read Memory Block - Success" - ID 314
  Item #0, AP 0, Addr 0x20004652, Value 0x03
14:19:20:147 (10/06/2024) - READ  MEM BLOCK Access, AP 0, Start Addr 0x20004653, End Addr 0x20004653, "DAP Read Memory Block - Success" - ID 315
  Item #0, AP 0, Addr 0x20004653, Value 0x00
14:19:20:149 (10/06/2024) - READ  MEM BLOCK Access, AP 0, Start Addr 0x20004654, End Addr 0x20004654, "DAP Read Memory Block - Success" - ID 316
  Item #0, AP 0, Addr 0x20004654, Value 0x03
14:19:20:150 (10/06/2024) - READ  MEM BLOCK Access, AP 0, Start Addr 0x20004655, End Addr 0x20004655, "DAP Read Memory Block - Success" - ID 317
  Item #0, AP 0, Addr 0x20004655, Value 0x00
14:19:20:153 (10/06/2024) - READ  MEM BLOCK Access, AP 0, Start Addr 0x200044AC, End Addr 0x200044AF, "DAP Read Memory Block - Success" - ID 318
  Item #0, AP 0, Addr 0x200044AC, Value 0x00000000
14:19:20:207 (10/06/2024) - READ  MEM Access, AP 0, Addr 0xE000EDF0, Val 0x01010001, "DAP Read Memory (32 bit) - Success" - ID 319
14:19:20:270 (10/06/2024) - READ  MEM Access, AP 0, Addr 0xE000EDF0, Val 0x01010001, "DAP Read Memory (32 bit) - Success" - ID 320
14:19:20:330 (10/06/2024) - READ  MEM Access, AP 0, Addr 0xE000EDF0, Val 0x01010001, "DAP Read Memory (32 bit) - Success" - ID 321
14:19:20:392 (10/06/2024) - READ  MEM Access, AP 0, Addr 0xE000EDF0, Val 0x01010001, "DAP Read Memory (32 bit) - Success" - ID 322
14:19:20:453 (10/06/2024) - READ  MEM Access, AP 0, Addr 0xE000EDF0, Val 0x01010001, "DAP Read Memory (32 bit) - Success" - ID 323
14:19:20:513 (10/06/2024) - READ  MEM Access, AP 0, Addr 0xE000EDF0, Val 0x01010001, "DAP Read Memory (32 bit) - Success" - ID 324
14:19:20:576 (10/06/2024) - READ  MEM Access, AP 0, Addr 0xE000EDF0, Val 0x01010001, "DAP Read Memory (32 bit) - Success" - ID 325
14:19:20:640 (10/06/2024) - READ  MEM Access, AP 0, Addr 0xE000EDF0, Val 0x01010001, "DAP Read Memory (32 bit) - Success" - ID 326
14:19:20:702 (10/06/2024) - READ  MEM Access, AP 0, Addr 0xE000EDF0, Val 0x01010001, "DAP Read Memory (32 bit) - Success" - ID 327
14:19:20:703 (10/06/2024) - READ  MEM Access, AP 0, Addr 0xE0001004, Val 0x30FA8881, "DAP Read Memory (32 bit) - Success" - ID 328
14:19:20:707 (10/06/2024) - READ  MEM BLOCK Access, AP 0, Start Addr 0x20004648, End Addr 0x20004649, "DAP Read Memory Block - Success" - ID 329
  Item #0, AP 0, Addr 0x20004648, Value 0x0000
14:19:20:709 (10/06/2024) - READ  MEM BLOCK Access, AP 0, Start Addr 0x2000464A, End Addr 0x2000464B, "DAP Read Memory Block - Success" - ID 330
  Item #0, AP 0, Addr 0x2000464A, Value 0x0000
14:19:20:710 (10/06/2024) - READ  MEM BLOCK Access, AP 0, Start Addr 0x2000464C, End Addr 0x2000464D, "DAP Read Memory Block - Success" - ID 331
  Item #0, AP 0, Addr 0x2000464C, Value 0x0000
14:19:20:712 (10/06/2024) - READ  MEM BLOCK Access, AP 0, Start Addr 0x2000464E, End Addr 0x2000464F, "DAP Read Memory Block - Success" - ID 332
  Item #0, AP 0, Addr 0x2000464E, Value 0x0000
14:19:20:713 (10/06/2024) - READ  MEM BLOCK Access, AP 0, Start Addr 0x20004650, End Addr 0x20004651, "DAP Read Memory Block - Success" - ID 333
  Item #0, AP 0, Addr 0x20004650, Value 0x0000
14:19:20:716 (10/06/2024) - READ  MEM BLOCK Access, AP 0, Start Addr 0x20004652, End Addr 0x20004652, "DAP Read Memory Block - Success" - ID 334
  Item #0, AP 0, Addr 0x20004652, Value 0x03
14:19:20:717 (10/06/2024) - READ  MEM BLOCK Access, AP 0, Start Addr 0x20004653, End Addr 0x20004653, "DAP Read Memory Block - Success" - ID 335
  Item #0, AP 0, Addr 0x20004653, Value 0x00
14:19:20:719 (10/06/2024) - READ  MEM BLOCK Access, AP 0, Start Addr 0x20004654, End Addr 0x20004654, "DAP Read Memory Block - Success" - ID 336
  Item #0, AP 0, Addr 0x20004654, Value 0x03
14:19:20:721 (10/06/2024) - READ  MEM BLOCK Access, AP 0, Start Addr 0x20004655, End Addr 0x20004655, "DAP Read Memory Block - Success" - ID 337
  Item #0, AP 0, Addr 0x20004655, Value 0x00
14:19:20:723 (10/06/2024) - READ  MEM BLOCK Access, AP 0, Start Addr 0x200044AC, End Addr 0x200044AF, "DAP Read Memory Block - Success" - ID 338
  Item #0, AP 0, Addr 0x200044AC, Value 0x00000000
14:19:20:780 (10/06/2024) - READ  MEM Access, AP 0, Addr 0xE000EDF0, Val 0x01010001, "DAP Read Memory (32 bit) - Success" - ID 339
14:19:20:842 (10/06/2024) - READ  MEM Access, AP 0, Addr 0xE000EDF0, Val 0x01010001, "DAP Read Memory (32 bit) - Success" - ID 340
14:19:20:906 (10/06/2024) - READ  MEM Access, AP 0, Addr 0xE000EDF0, Val 0x01010001, "DAP Read Memory (32 bit) - Success" - ID 341
14:19:20:967 (10/06/2024) - READ  MEM Access, AP 0, Addr 0xE000EDF0, Val 0x01010001, "DAP Read Memory (32 bit) - Success" - ID 342
14:19:21:031 (10/06/2024) - READ  MEM Access, AP 0, Addr 0xE000EDF0, Val 0x01010001, "DAP Read Memory (32 bit) - Success" - ID 343
14:19:21:094 (10/06/2024) - READ  MEM Access, AP 0, Addr 0xE000EDF0, Val 0x01010001, "DAP Read Memory (32 bit) - Success" - ID 344
14:19:21:158 (10/06/2024) - READ  MEM Access, AP 0, Addr 0xE000EDF0, Val 0x01010001, "DAP Read Memory (32 bit) - Success" - ID 345
14:19:21:218 (10/06/2024) - READ  MEM Access, AP 0, Addr 0xE000EDF0, Val 0x01010001, "DAP Read Memory (32 bit) - Success" - ID 346
14:19:21:219 (10/06/2024) - READ  MEM Access, AP 0, Addr 0xE0001004, Val 0x36233F36, "DAP Read Memory (32 bit) - Success" - ID 347
14:19:21:223 (10/06/2024) - READ  MEM BLOCK Access, AP 0, Start Addr 0x20004648, End Addr 0x20004649, "DAP Read Memory Block - Success" - ID 348
  Item #0, AP 0, Addr 0x20004648, Value 0x0000
14:19:21:225 (10/06/2024) - READ  MEM BLOCK Access, AP 0, Start Addr 0x2000464A, End Addr 0x2000464B, "DAP Read Memory Block - Success" - ID 349
  Item #0, AP 0, Addr 0x2000464A, Value 0x0000
14:19:21:226 (10/06/2024) - READ  MEM BLOCK Access, AP 0, Start Addr 0x2000464C, End Addr 0x2000464D, "DAP Read Memory Block - Success" - ID 350
  Item #0, AP 0, Addr 0x2000464C, Value 0x0000
14:19:21:228 (10/06/2024) - READ  MEM BLOCK Access, AP 0, Start Addr 0x2000464E, End Addr 0x2000464F, "DAP Read Memory Block - Success" - ID 351
  Item #0, AP 0, Addr 0x2000464E, Value 0x0000
14:19:21:229 (10/06/2024) - READ  MEM BLOCK Access, AP 0, Start Addr 0x20004650, End Addr 0x20004651, "DAP Read Memory Block - Success" - ID 352
  Item #0, AP 0, Addr 0x20004650, Value 0x0000
14:19:21:232 (10/06/2024) - READ  MEM BLOCK Access, AP 0, Start Addr 0x20004652, End Addr 0x20004652, "DAP Read Memory Block - Success" - ID 353
  Item #0, AP 0, Addr 0x20004652, Value 0x03
14:19:21:233 (10/06/2024) - READ  MEM BLOCK Access, AP 0, Start Addr 0x20004653, End Addr 0x20004653, "DAP Read Memory Block - Success" - ID 354
  Item #0, AP 0, Addr 0x20004653, Value 0x00
14:19:21:234 (10/06/2024) - READ  MEM BLOCK Access, AP 0, Start Addr 0x20004654, End Addr 0x20004654, "DAP Read Memory Block - Success" - ID 355
  Item #0, AP 0, Addr 0x20004654, Value 0x03
14:19:21:235 (10/06/2024) - READ  MEM BLOCK Access, AP 0, Start Addr 0x20004655, End Addr 0x20004655, "DAP Read Memory Block - Success" - ID 356
  Item #0, AP 0, Addr 0x20004655, Value 0x00
14:19:21:238 (10/06/2024) - READ  MEM BLOCK Access, AP 0, Start Addr 0x200044AC, End Addr 0x200044AF, "DAP Read Memory Block - Success" - ID 357
  Item #0, AP 0, Addr 0x200044AC, Value 0x00000000
14:19:21:294 (10/06/2024) - READ  MEM Access, AP 0, Addr 0xE000EDF0, Val 0x01010001, "DAP Read Memory (32 bit) - Success" - ID 358
14:19:21:356 (10/06/2024) - READ  MEM Access, AP 0, Addr 0xE000EDF0, Val 0x01010001, "DAP Read Memory (32 bit) - Success" - ID 359
14:19:21:418 (10/06/2024) - READ  MEM Access, AP 0, Addr 0xE000EDF0, Val 0x01010001, "DAP Read Memory (32 bit) - Success" - ID 360
14:19:21:482 (10/06/2024) - READ  MEM Access, AP 0, Addr 0xE000EDF0, Val 0x01010001, "DAP Read Memory (32 bit) - Success" - ID 361
14:19:21:544 (10/06/2024) - READ  MEM Access, AP 0, Addr 0xE000EDF0, Val 0x01010001, "DAP Read Memory (32 bit) - Success" - ID 362
14:19:21:604 (10/06/2024) - READ  MEM Access, AP 0, Addr 0xE000EDF0, Val 0x01010001, "DAP Read Memory (32 bit) - Success" - ID 363
14:19:21:665 (10/06/2024) - READ  MEM Access, AP 0, Addr 0xE000EDF0, Val 0x01010001, "DAP Read Memory (32 bit) - Success" - ID 364
14:19:21:728 (10/06/2024) - READ  MEM Access, AP 0, Addr 0xE000EDF0, Val 0x01010001, "DAP Read Memory (32 bit) - Success" - ID 365
14:19:21:729 (10/06/2024) - READ  MEM Access, AP 0, Addr 0xE0001004, Val 0x3B3FB12C, "DAP Read Memory (32 bit) - Success" - ID 366
14:19:21:733 (10/06/2024) - READ  MEM BLOCK Access, AP 0, Start Addr 0x20004648, End Addr 0x20004649, "DAP Read Memory Block - Success" - ID 367
  Item #0, AP 0, Addr 0x20004648, Value 0x0000
14:19:21:735 (10/06/2024) - READ  MEM BLOCK Access, AP 0, Start Addr 0x2000464A, End Addr 0x2000464B, "DAP Read Memory Block - Success" - ID 368
  Item #0, AP 0, Addr 0x2000464A, Value 0x0000
14:19:21:736 (10/06/2024) - READ  MEM BLOCK Access, AP 0, Start Addr 0x2000464C, End Addr 0x2000464D, "DAP Read Memory Block - Success" - ID 369
  Item #0, AP 0, Addr 0x2000464C, Value 0x0000
14:19:21:738 (10/06/2024) - READ  MEM BLOCK Access, AP 0, Start Addr 0x2000464E, End Addr 0x2000464F, "DAP Read Memory Block - Success" - ID 370
  Item #0, AP 0, Addr 0x2000464E, Value 0x0000
14:19:21:740 (10/06/2024) - READ  MEM BLOCK Access, AP 0, Start Addr 0x20004650, End Addr 0x20004651, "DAP Read Memory Block - Success" - ID 371
  Item #0, AP 0, Addr 0x20004650, Value 0x0000
14:19:21:742 (10/06/2024) - READ  MEM BLOCK Access, AP 0, Start Addr 0x20004652, End Addr 0x20004652, "DAP Read Memory Block - Success" - ID 372
  Item #0, AP 0, Addr 0x20004652, Value 0x03
14:19:21:743 (10/06/2024) - READ  MEM BLOCK Access, AP 0, Start Addr 0x20004653, End Addr 0x20004653, "DAP Read Memory Block - Success" - ID 373
  Item #0, AP 0, Addr 0x20004653, Value 0x00
14:19:21:745 (10/06/2024) - READ  MEM BLOCK Access, AP 0, Start Addr 0x20004654, End Addr 0x20004654, "DAP Read Memory Block - Success" - ID 374
  Item #0, AP 0, Addr 0x20004654, Value 0x03
14:19:21:746 (10/06/2024) - READ  MEM BLOCK Access, AP 0, Start Addr 0x20004655, End Addr 0x20004655, "DAP Read Memory Block - Success" - ID 375
  Item #0, AP 0, Addr 0x20004655, Value 0x00
14:19:21:750 (10/06/2024) - READ  MEM BLOCK Access, AP 0, Start Addr 0x200044AC, End Addr 0x200044AF, "DAP Read Memory Block - Success" - ID 376
  Item #0, AP 0, Addr 0x200044AC, Value 0x00000000
14:19:21:806 (10/06/2024) - READ  MEM Access, AP 0, Addr 0xE000EDF0, Val 0x01010001, "DAP Read Memory (32 bit) - Success" - ID 377
14:19:21:870 (10/06/2024) - READ  MEM Access, AP 0, Addr 0xE000EDF0, Val 0x01010001, "DAP Read Memory (32 bit) - Success" - ID 378
14:19:21:932 (10/06/2024) - READ  MEM Access, AP 0, Addr 0xE000EDF0, Val 0x01010001, "DAP Read Memory (32 bit) - Success" - ID 379
14:19:21:995 (10/06/2024) - READ  MEM Access, AP 0, Addr 0xE000EDF0, Val 0x01010001, "DAP Read Memory (32 bit) - Success" - ID 380
14:19:22:058 (10/06/2024) - READ  MEM Access, AP 0, Addr 0xE000EDF0, Val 0x01010001, "DAP Read Memory (32 bit) - Success" - ID 381
14:19:22:121 (10/06/2024) - READ  MEM Access, AP 0, Addr 0xE000EDF0, Val 0x01010001, "DAP Read Memory (32 bit) - Success" - ID 382
14:19:22:185 (10/06/2024) - READ  MEM Access, AP 0, Addr 0xE000EDF0, Val 0x01010001, "DAP Read Memory (32 bit) - Success" - ID 383
14:19:22:247 (10/06/2024) - READ  MEM Access, AP 0, Addr 0xE000EDF0, Val 0x01010001, "DAP Read Memory (32 bit) - Success" - ID 384
14:19:22:248 (10/06/2024) - READ  MEM Access, AP 0, Addr 0xE0001004, Val 0x40727868, "DAP Read Memory (32 bit) - Success" - ID 385
14:19:22:253 (10/06/2024) - READ  MEM BLOCK Access, AP 0, Start Addr 0x20004648, End Addr 0x20004649, "DAP Read Memory Block - Success" - ID 386
  Item #0, AP 0, Addr 0x20004648, Value 0x0000
14:19:22:254 (10/06/2024) - READ  MEM BLOCK Access, AP 0, Start Addr 0x2000464A, End Addr 0x2000464B, "DAP Read Memory Block - Success" - ID 387
  Item #0, AP 0, Addr 0x2000464A, Value 0x0000
14:19:22:256 (10/06/2024) - READ  MEM BLOCK Access, AP 0, Start Addr 0x2000464C, End Addr 0x2000464D, "DAP Read Memory Block - Success" - ID 388
  Item #0, AP 0, Addr 0x2000464C, Value 0x0000
14:19:22:257 (10/06/2024) - READ  MEM BLOCK Access, AP 0, Start Addr 0x2000464E, End Addr 0x2000464F, "DAP Read Memory Block - Success" - ID 389
  Item #0, AP 0, Addr 0x2000464E, Value 0x0000
14:19:22:259 (10/06/2024) - READ  MEM BLOCK Access, AP 0, Start Addr 0x20004650, End Addr 0x20004651, "DAP Read Memory Block - Success" - ID 390
  Item #0, AP 0, Addr 0x20004650, Value 0x0000
14:19:22:261 (10/06/2024) - READ  MEM BLOCK Access, AP 0, Start Addr 0x20004652, End Addr 0x20004652, "DAP Read Memory Block - Success" - ID 391
  Item #0, AP 0, Addr 0x20004652, Value 0x03
14:19:22:262 (10/06/2024) - READ  MEM BLOCK Access, AP 0, Start Addr 0x20004653, End Addr 0x20004653, "DAP Read Memory Block - Success" - ID 392
  Item #0, AP 0, Addr 0x20004653, Value 0x00
14:19:22:263 (10/06/2024) - READ  MEM BLOCK Access, AP 0, Start Addr 0x20004654, End Addr 0x20004654, "DAP Read Memory Block - Success" - ID 393
  Item #0, AP 0, Addr 0x20004654, Value 0x03
14:19:22:265 (10/06/2024) - READ  MEM BLOCK Access, AP 0, Start Addr 0x20004655, End Addr 0x20004655, "DAP Read Memory Block - Success" - ID 394
  Item #0, AP 0, Addr 0x20004655, Value 0x00
14:19:22:268 (10/06/2024) - READ  MEM BLOCK Access, AP 0, Start Addr 0x200044AC, End Addr 0x200044AF, "DAP Read Memory Block - Success" - ID 395
  Item #0, AP 0, Addr 0x200044AC, Value 0x00000000
14:19:22:324 (10/06/2024) - READ  MEM Access, AP 0, Addr 0xE000EDF0, Val 0x01010001, "DAP Read Memory (32 bit) - Success" - ID 396
14:19:22:386 (10/06/2024) - READ  MEM Access, AP 0, Addr 0xE000EDF0, Val 0x01010001, "DAP Read Memory (32 bit) - Success" - ID 397
14:19:22:448 (10/06/2024) - READ  MEM Access, AP 0, Addr 0xE000EDF0, Val 0x01010001, "DAP Read Memory (32 bit) - Success" - ID 398
14:19:22:510 (10/06/2024) - READ  MEM Access, AP 0, Addr 0xE000EDF0, Val 0x01010001, "DAP Read Memory (32 bit) - Success" - ID 399
14:19:22:573 (10/06/2024) - READ  MEM Access, AP 0, Addr 0xE000EDF0, Val 0x01010001, "DAP Read Memory (32 bit) - Success" - ID 400
14:19:22:633 (10/06/2024) - READ  MEM Access, AP 0, Addr 0xE000EDF0, Val 0x01010001, "DAP Read Memory (32 bit) - Success" - ID 401
14:19:22:695 (10/06/2024) - READ  MEM Access, AP 0, Addr 0xE000EDF0, Val 0x01010001, "DAP Read Memory (32 bit) - Success" - ID 402
14:19:22:757 (10/06/2024) - READ  MEM Access, AP 0, Addr 0xE000EDF0, Val 0x01010001, "DAP Read Memory (32 bit) - Success" - ID 403
14:19:22:758 (10/06/2024) - READ  MEM Access, AP 0, Addr 0xE0001004, Val 0x458EFB22, "DAP Read Memory (32 bit) - Success" - ID 404
14:19:22:763 (10/06/2024) - READ  MEM BLOCK Access, AP 0, Start Addr 0x20004648, End Addr 0x20004649, "DAP Read Memory Block - Success" - ID 405
  Item #0, AP 0, Addr 0x20004648, Value 0x0000
14:19:22:764 (10/06/2024) - READ  MEM BLOCK Access, AP 0, Start Addr 0x2000464A, End Addr 0x2000464B, "DAP Read Memory Block - Success" - ID 406
  Item #0, AP 0, Addr 0x2000464A, Value 0x0000
14:19:22:765 (10/06/2024) - READ  MEM BLOCK Access, AP 0, Start Addr 0x2000464C, End Addr 0x2000464D, "DAP Read Memory Block - Success" - ID 407
  Item #0, AP 0, Addr 0x2000464C, Value 0x0000
14:19:22:767 (10/06/2024) - READ  MEM BLOCK Access, AP 0, Start Addr 0x2000464E, End Addr 0x2000464F, "DAP Read Memory Block - Success" - ID 408
  Item #0, AP 0, Addr 0x2000464E, Value 0x0000
14:19:22:768 (10/06/2024) - READ  MEM BLOCK Access, AP 0, Start Addr 0x20004650, End Addr 0x20004651, "DAP Read Memory Block - Success" - ID 409
  Item #0, AP 0, Addr 0x20004650, Value 0x0000
14:19:22:770 (10/06/2024) - READ  MEM BLOCK Access, AP 0, Start Addr 0x20004652, End Addr 0x20004652, "DAP Read Memory Block - Success" - ID 410
  Item #0, AP 0, Addr 0x20004652, Value 0x03
14:19:22:772 (10/06/2024) - READ  MEM BLOCK Access, AP 0, Start Addr 0x20004653, End Addr 0x20004653, "DAP Read Memory Block - Success" - ID 411
  Item #0, AP 0, Addr 0x20004653, Value 0x00
14:19:22:774 (10/06/2024) - READ  MEM BLOCK Access, AP 0, Start Addr 0x20004654, End Addr 0x20004654, "DAP Read Memory Block - Success" - ID 412
  Item #0, AP 0, Addr 0x20004654, Value 0x03
14:19:22:777 (10/06/2024) - READ  MEM BLOCK Access, AP 0, Start Addr 0x20004655, End Addr 0x20004655, "DAP Read Memory Block - Success" - ID 413
  Item #0, AP 0, Addr 0x20004655, Value 0x00
14:19:22:779 (10/06/2024) - READ  MEM BLOCK Access, AP 0, Start Addr 0x200044AC, End Addr 0x200044AF, "DAP Read Memory Block - Success" - ID 414
  Item #0, AP 0, Addr 0x200044AC, Value 0x00000000
14:19:22:835 (10/06/2024) - READ  MEM Access, AP 0, Addr 0xE000EDF0, Val 0x01010001, "DAP Read Memory (32 bit) - Success" - ID 415
14:19:22:896 (10/06/2024) - READ  MEM Access, AP 0, Addr 0xE000EDF0, Val 0x01010001, "DAP Read Memory (32 bit) - Success" - ID 416
14:19:22:960 (10/06/2024) - READ  MEM Access, AP 0, Addr 0xE000EDF0, Val 0x01010001, "DAP Read Memory (32 bit) - Success" - ID 417
14:19:23:024 (10/06/2024) - READ  MEM Access, AP 0, Addr 0xE000EDF0, Val 0x01010001, "DAP Read Memory (32 bit) - Success" - ID 418
14:19:23:088 (10/06/2024) - READ  MEM Access, AP 0, Addr 0xE000EDF0, Val 0x01010001, "DAP Read Memory (32 bit) - Success" - ID 419
14:19:23:151 (10/06/2024) - READ  MEM Access, AP 0, Addr 0xE000EDF0, Val 0x01010001, "DAP Read Memory (32 bit) - Success" - ID 420
14:19:23:215 (10/06/2024) - READ  MEM Access, AP 0, Addr 0xE000EDF0, Val 0x01010001, "DAP Read Memory (32 bit) - Success" - ID 421
14:19:23:277 (10/06/2024) - READ  MEM Access, AP 0, Addr 0xE000EDF0, Val 0x01010001, "DAP Read Memory (32 bit) - Success" - ID 422
14:19:23:277 (10/06/2024) - READ  MEM Access, AP 0, Addr 0xE0001004, Val 0x4AC0770F, "DAP Read Memory (32 bit) - Success" - ID 423
14:19:23:281 (10/06/2024) - READ  MEM BLOCK Access, AP 0, Start Addr 0x20004648, End Addr 0x20004649, "DAP Read Memory Block - Success" - ID 424
  Item #0, AP 0, Addr 0x20004648, Value 0x0000
14:19:23:283 (10/06/2024) - READ  MEM BLOCK Access, AP 0, Start Addr 0x2000464A, End Addr 0x2000464B, "DAP Read Memory Block - Success" - ID 425
  Item #0, AP 0, Addr 0x2000464A, Value 0x0000
14:19:23:285 (10/06/2024) - READ  MEM BLOCK Access, AP 0, Start Addr 0x2000464C, End Addr 0x2000464D, "DAP Read Memory Block - Success" - ID 426
  Item #0, AP 0, Addr 0x2000464C, Value 0x0000
14:19:23:286 (10/06/2024) - READ  MEM BLOCK Access, AP 0, Start Addr 0x2000464E, End Addr 0x2000464F, "DAP Read Memory Block - Success" - ID 427
  Item #0, AP 0, Addr 0x2000464E, Value 0x0000
14:19:23:288 (10/06/2024) - READ  MEM BLOCK Access, AP 0, Start Addr 0x20004650, End Addr 0x20004651, "DAP Read Memory Block - Success" - ID 428
  Item #0, AP 0, Addr 0x20004650, Value 0x0000
14:19:23:290 (10/06/2024) - READ  MEM BLOCK Access, AP 0, Start Addr 0x20004652, End Addr 0x20004652, "DAP Read Memory Block - Success" - ID 429
  Item #0, AP 0, Addr 0x20004652, Value 0x03
14:19:23:292 (10/06/2024) - READ  MEM BLOCK Access, AP 0, Start Addr 0x20004653, End Addr 0x20004653, "DAP Read Memory Block - Success" - ID 430
  Item #0, AP 0, Addr 0x20004653, Value 0x00
14:19:23:292 (10/06/2024) - READ  MEM BLOCK Access, AP 0, Start Addr 0x20004654, End Addr 0x20004654, "DAP Read Memory Block - Success" - ID 431
  Item #0, AP 0, Addr 0x20004654, Value 0x03
14:19:23:295 (10/06/2024) - READ  MEM BLOCK Access, AP 0, Start Addr 0x20004655, End Addr 0x20004655, "DAP Read Memory Block - Success" - ID 432
  Item #0, AP 0, Addr 0x20004655, Value 0x00
14:19:23:297 (10/06/2024) - READ  MEM BLOCK Access, AP 0, Start Addr 0x200044AC, End Addr 0x200044AF, "DAP Read Memory Block - Success" - ID 433
  Item #0, AP 0, Addr 0x200044AC, Value 0x00000000
14:19:23:368 (10/06/2024) - READ  MEM Access, AP 0, Addr 0xE000EDF0, Val 0x01010001, "DAP Read Memory (32 bit) - Success" - ID 434
14:19:23:430 (10/06/2024) - READ  MEM Access, AP 0, Addr 0xE000EDF0, Val 0x01010001, "DAP Read Memory (32 bit) - Success" - ID 435
14:19:23:493 (10/06/2024) - READ  MEM Access, AP 0, Addr 0xE000EDF0, Val 0x01010001, "DAP Read Memory (32 bit) - Success" - ID 436
14:19:23:557 (10/06/2024) - READ  MEM Access, AP 0, Addr 0xE000EDF0, Val 0x01010001, "DAP Read Memory (32 bit) - Success" - ID 437
14:19:23:618 (10/06/2024) - READ  MEM Access, AP 0, Addr 0xE000EDF0, Val 0x01010001, "DAP Read Memory (32 bit) - Success" - ID 438
14:19:23:664 (10/06/2024) - READ  MEM BLOCK Access, AP 0, Start Addr 0x08001F0C, End Addr 0x08001F0D, "DAP Read Memory Block - Success" - ID 439
  Item #0, AP 0, Addr 0x08001F0C, Value 0x4807
14:19:23:665 (10/06/2024) - READ  MEM BLOCK Access, AP 0, Start Addr 0x08001F0E, End Addr 0x08001F0F, "DAP Read Memory Block - Success" - ID 440
  Item #0, AP 0, Addr 0x08001F0E, Value 0xEC85
14:19:23:666 (10/06/2024) - READ  MEM BLOCK Access, AP 0, Start Addr 0x08001F10, End Addr 0x08001F11, "DAP Read Memory Block - Success" - ID 441
  Item #0, AP 0, Addr 0x08001F10, Value 0x8A02
14:19:23:668 (10/06/2024) - READ  MEM BLOCK Access, AP 0, Start Addr 0x08001F12, End Addr 0x08001F13, "DAP Read Memory Block - Success" - ID 442
  Item #0, AP 0, Addr 0x08001F12, Value 0xF005
14:19:23:670 (10/06/2024) - READ  MEM BLOCK Access, AP 0, Start Addr 0x08001F14, End Addr 0x08001F15, "DAP Read Memory Block - Success" - ID 443
  Item #0, AP 0, Addr 0x08001F14, Value 0xF9FD
14:19:23:671 (10/06/2024) - READ  MEM BLOCK Access, AP 0, Start Addr 0x08001F16, End Addr 0x08001F17, "DAP Read Memory Block - Success" - ID 444
  Item #0, AP 0, Addr 0x08001F16, Value 0x2005
14:19:23:673 (10/06/2024) - READ  MEM BLOCK Access, AP 0, Start Addr 0x08001F18, End Addr 0x08001F19, "DAP Read Memory Block - Success" - ID 445
  Item #0, AP 0, Addr 0x08001F18, Value 0xF005
14:19:23:674 (10/06/2024) - READ  MEM BLOCK Access, AP 0, Start Addr 0x08001F1A, End Addr 0x08001F1B, "DAP Read Memory Block - Success" - ID 446
  Item #0, AP 0, Addr 0x08001F1A, Value 0xFC0C
14:19:23:681 (10/06/2024) - READ  MEM Access, AP 0, Addr 0xE000EDF0, Val 0x01010001, "DAP Read Memory (32 bit) - Success" - ID 447
14:19:23:741 (10/06/2024) - READ  MEM Access, AP 0, Addr 0xE000EDF0, Val 0x01010001, "DAP Read Memory (32 bit) - Success" - ID 448
14:19:23:803 (10/06/2024) - READ  MEM Access, AP 0, Addr 0xE000EDF0, Val 0x01010001, "DAP Read Memory (32 bit) - Success" - ID 449
14:19:23:803 (10/06/2024) - READ  MEM Access, AP 0, Addr 0xE0001004, Val 0x500689E9, "DAP Read Memory (32 bit) - Success" - ID 450
14:19:23:808 (10/06/2024) - READ  MEM BLOCK Access, AP 0, Start Addr 0x20004648, End Addr 0x20004649, "DAP Read Memory Block - Success" - ID 451
  Item #0, AP 0, Addr 0x20004648, Value 0x0000
14:19:23:810 (10/06/2024) - READ  MEM BLOCK Access, AP 0, Start Addr 0x2000464A, End Addr 0x2000464B, "DAP Read Memory Block - Success" - ID 452
  Item #0, AP 0, Addr 0x2000464A, Value 0x0000
14:19:23:812 (10/06/2024) - READ  MEM BLOCK Access, AP 0, Start Addr 0x2000464C, End Addr 0x2000464D, "DAP Read Memory Block - Success" - ID 453
  Item #0, AP 0, Addr 0x2000464C, Value 0x0000
14:19:23:813 (10/06/2024) - READ  MEM BLOCK Access, AP 0, Start Addr 0x2000464E, End Addr 0x2000464F, "DAP Read Memory Block - Success" - ID 454
  Item #0, AP 0, Addr 0x2000464E, Value 0x0000
14:19:23:815 (10/06/2024) - READ  MEM BLOCK Access, AP 0, Start Addr 0x20004650, End Addr 0x20004651, "DAP Read Memory Block - Success" - ID 455
  Item #0, AP 0, Addr 0x20004650, Value 0x0000
14:19:23:817 (10/06/2024) - READ  MEM BLOCK Access, AP 0, Start Addr 0x20004652, End Addr 0x20004652, "DAP Read Memory Block - Success" - ID 456
  Item #0, AP 0, Addr 0x20004652, Value 0x03
14:19:23:818 (10/06/2024) - READ  MEM BLOCK Access, AP 0, Start Addr 0x20004653, End Addr 0x20004653, "DAP Read Memory Block - Success" - ID 457
  Item #0, AP 0, Addr 0x20004653, Value 0x00
14:19:23:820 (10/06/2024) - READ  MEM BLOCK Access, AP 0, Start Addr 0x20004654, End Addr 0x20004654, "DAP Read Memory Block - Success" - ID 458
  Item #0, AP 0, Addr 0x20004654, Value 0x03
14:19:23:822 (10/06/2024) - READ  MEM BLOCK Access, AP 0, Start Addr 0x20004655, End Addr 0x20004655, "DAP Read Memory Block - Success" - ID 459
  Item #0, AP 0, Addr 0x20004655, Value 0x00
14:19:23:825 (10/06/2024) - READ  MEM BLOCK Access, AP 0, Start Addr 0x200044AC, End Addr 0x200044AF, "DAP Read Memory Block - Success" - ID 460
  Item #0, AP 0, Addr 0x200044AC, Value 0x00000000
14:19:23:895 (10/06/2024) - READ  MEM Access, AP 0, Addr 0xE000EDF0, Val 0x01010001, "DAP Read Memory (32 bit) - Success" - ID 461
14:19:23:957 (10/06/2024) - READ  MEM Access, AP 0, Addr 0xE000EDF0, Val 0x01010001, "DAP Read Memory (32 bit) - Success" - ID 462
14:19:24:018 (10/06/2024) - READ  MEM Access, AP 0, Addr 0xE000EDF0, Val 0x01010001, "DAP Read Memory (32 bit) - Success" - ID 463
14:19:24:079 (10/06/2024) - READ  MEM Access, AP 0, Addr 0xE000EDF0, Val 0x01010001, "DAP Read Memory (32 bit) - Success" - ID 464
14:19:24:141 (10/06/2024) - READ  MEM Access, AP 0, Addr 0xE000EDF0, Val 0x01010001, "DAP Read Memory (32 bit) - Success" - ID 465
14:19:24:203 (10/06/2024) - READ  MEM Access, AP 0, Addr 0xE000EDF0, Val 0x01010001, "DAP Read Memory (32 bit) - Success" - ID 466
14:19:24:267 (10/06/2024) - READ  MEM Access, AP 0, Addr 0xE000EDF0, Val 0x01010001, "DAP Read Memory (32 bit) - Success" - ID 467
14:19:24:329 (10/06/2024) - READ  MEM Access, AP 0, Addr 0xE000EDF0, Val 0x01010001, "DAP Read Memory (32 bit) - Success" - ID 468
14:19:24:329 (10/06/2024) - READ  MEM Access, AP 0, Addr 0xE0001004, Val 0x554AC77A, "DAP Read Memory (32 bit) - Success" - ID 469
14:19:24:333 (10/06/2024) - READ  MEM BLOCK Access, AP 0, Start Addr 0x20004648, End Addr 0x20004649, "DAP Read Memory Block - Success" - ID 470
  Item #0, AP 0, Addr 0x20004648, Value 0x0000
14:19:24:335 (10/06/2024) - READ  MEM BLOCK Access, AP 0, Start Addr 0x2000464A, End Addr 0x2000464B, "DAP Read Memory Block - Success" - ID 471
  Item #0, AP 0, Addr 0x2000464A, Value 0x0000
14:19:24:337 (10/06/2024) - READ  MEM BLOCK Access, AP 0, Start Addr 0x2000464C, End Addr 0x2000464D, "DAP Read Memory Block - Success" - ID 472
  Item #0, AP 0, Addr 0x2000464C, Value 0x0000
14:19:24:338 (10/06/2024) - READ  MEM BLOCK Access, AP 0, Start Addr 0x2000464E, End Addr 0x2000464F, "DAP Read Memory Block - Success" - ID 473
  Item #0, AP 0, Addr 0x2000464E, Value 0x0000
14:19:24:339 (10/06/2024) - READ  MEM BLOCK Access, AP 0, Start Addr 0x20004650, End Addr 0x20004651, "DAP Read Memory Block - Success" - ID 474
  Item #0, AP 0, Addr 0x20004650, Value 0x0000
14:19:24:342 (10/06/2024) - READ  MEM BLOCK Access, AP 0, Start Addr 0x20004652, End Addr 0x20004652, "DAP Read Memory Block - Success" - ID 475
  Item #0, AP 0, Addr 0x20004652, Value 0x03
14:19:24:343 (10/06/2024) - READ  MEM BLOCK Access, AP 0, Start Addr 0x20004653, End Addr 0x20004653, "DAP Read Memory Block - Success" - ID 476
  Item #0, AP 0, Addr 0x20004653, Value 0x00
14:19:24:344 (10/06/2024) - READ  MEM BLOCK Access, AP 0, Start Addr 0x20004654, End Addr 0x20004654, "DAP Read Memory Block - Success" - ID 477
  Item #0, AP 0, Addr 0x20004654, Value 0x03
14:19:24:347 (10/06/2024) - READ  MEM BLOCK Access, AP 0, Start Addr 0x20004655, End Addr 0x20004655, "DAP Read Memory Block - Success" - ID 478
  Item #0, AP 0, Addr 0x20004655, Value 0x00
14:19:24:350 (10/06/2024) - READ  MEM BLOCK Access, AP 0, Start Addr 0x200044AC, End Addr 0x200044AF, "DAP Read Memory Block - Success" - ID 479
  Item #0, AP 0, Addr 0x200044AC, Value 0x00000000
14:19:24:405 (10/06/2024) - READ  MEM Access, AP 0, Addr 0xE000EDF0, Val 0x01010001, "DAP Read Memory (32 bit) - Success" - ID 480
14:19:24:468 (10/06/2024) - READ  MEM Access, AP 0, Addr 0xE000EDF0, Val 0x01010001, "DAP Read Memory (32 bit) - Success" - ID 481
14:19:24:529 (10/06/2024) - READ  MEM Access, AP 0, Addr 0xE000EDF0, Val 0x01010001, "DAP Read Memory (32 bit) - Success" - ID 482
14:19:24:592 (10/06/2024) - READ  MEM Access, AP 0, Addr 0xE000EDF0, Val 0x01010001, "DAP Read Memory (32 bit) - Success" - ID 483
14:19:24:655 (10/06/2024) - READ  MEM Access, AP 0, Addr 0xE000EDF0, Val 0x01010001, "DAP Read Memory (32 bit) - Success" - ID 484
14:19:24:716 (10/06/2024) - READ  MEM Access, AP 0, Addr 0xE000EDF0, Val 0x01010001, "DAP Read Memory (32 bit) - Success" - ID 485
14:19:24:779 (10/06/2024) - READ  MEM Access, AP 0, Addr 0xE000EDF0, Val 0x01010001, "DAP Read Memory (32 bit) - Success" - ID 486
14:19:24:826 (10/06/2024) - WRITE MEM Access, AP 0, Addr 0xE0002008, Val 0x48001F0D, "DAP Write Memory (32 bit) - Success" - ID 487
14:19:24:839 (10/06/2024) - READ  MEM Access, AP 0, Addr 0xE000EDF0, Val 0x01030003, "DAP Read Memory (32 bit) - Success" - ID 488
14:19:24:909 (10/06/2024) - WRITE MEM BLOCK Access, AP 0, Start Addr 0xE0002000, End Addr 0xE000201F, "DAP Write Memory Block - Success" - ID 489
  Item #0, AP 0, Addr 0xE0002000, Value 0x00000002
  Item #1, AP 0, Addr 0xE0002004, Value 0x00000000
  Item #2, AP 0, Addr 0xE0002008, Value 0x00000000
  Item #3, AP 0, Addr 0xE000200C, Value 0x00000000
  Item #4, AP 0, Addr 0xE0002010, Value 0x00000000
  Item #5, AP 0, Addr 0xE0002014, Value 0x00000000
  Item #6, AP 0, Addr 0xE0002018, Value 0x00000000
  Item #7, AP 0, Addr 0xE000201C, Value 0x00000000
14:19:24:915 (10/06/2024) - WRITE MEM BLOCK Access, AP 0, Start Addr 0xE0001020, End Addr 0xE000105F, "DAP Write Memory Block - Success" - ID 490
  Item #0, AP 0, Addr 0xE0001020, Value 0x00000000
  Item #1, AP 0, Addr 0xE0001024, Value 0x00000000
  Item #2, AP 0, Addr 0xE0001028, Value 0x00000000
  Item #3, AP 0, Addr 0xE000102C, Value 0x00000000
  Item #4, AP 0, Addr 0xE0001030, Value 0x00000000
  Item #5, AP 0, Addr 0xE0001034, Value 0x00000000
  Item #6, AP 0, Addr 0xE0001038, Value 0x00000200
  Item #7, AP 0, Addr 0xE000103C, Value 0x00000000
  Item #8, AP 0, Addr 0xE0001040, Value 0x00000000
  Item #9, AP 0, Addr 0xE0001044, Value 0x00000000
  Item #10, AP 0, Addr 0xE0001048, Value 0x00000000
  Item #11, AP 0, Addr 0xE000104C, Value 0x00000000
  Item #12, AP 0, Addr 0xE0001050, Value 0x00000000
  Item #13, AP 0, Addr 0xE0001054, Value 0x00000000
  Item #14, AP 0, Addr 0xE0001058, Value 0x00000000
  Item #15, AP 0, Addr 0xE000105C, Value 0x00000000
14:19:24:917 (10/06/2024) - READ  MEM Access, AP 0, Addr 0xE000ED30, Val 0x00000002, "DAP Read Memory (32 bit) - Success" - ID 491
14:19:24:917 (10/06/2024) - READ  MEM Access, AP 0, Addr 0xE0001028, Val 0x00000000, "DAP Read Memory (32 bit) - Success" - ID 492
14:19:24:918 (10/06/2024) - READ  MEM Access, AP 0, Addr 0xE0001038, Val 0x00000200, "DAP Read Memory (32 bit) - Success" - ID 493
14:19:24:919 (10/06/2024) - READ  MEM Access, AP 0, Addr 0xE0001048, Val 0x00000000, "DAP Read Memory (32 bit) - Success" - ID 494
14:19:24:920 (10/06/2024) - READ  MEM Access, AP 0, Addr 0xE0001058, Val 0x00000000, "DAP Read Memory (32 bit) - Success" - ID 495
14:19:24:939 (10/06/2024) - READ  MEM BLOCK Access, AP 0, Start Addr 0x00000000, End Addr 0x00000003, "DAP Read Memory Block - Success" - ID 496
  Item #0, AP 0, Addr 0x00000000, Value 0x20007100
14:19:24:944 (10/06/2024) - READ  MEM BLOCK Access, AP 0, Start Addr 0x20004648, End Addr 0x20004649, "DAP Read Memory Block - Success" - ID 497
  Item #0, AP 0, Addr 0x20004648, Value 0x0000
14:19:24:946 (10/06/2024) - READ  MEM BLOCK Access, AP 0, Start Addr 0x2000464A, End Addr 0x2000464B, "DAP Read Memory Block - Success" - ID 498
  Item #0, AP 0, Addr 0x2000464A, Value 0x0000
14:19:24:946 (10/06/2024) - READ  MEM BLOCK Access, AP 0, Start Addr 0x2000464C, End Addr 0x2000464D, "DAP Read Memory Block - Success" - ID 499
  Item #0, AP 0, Addr 0x2000464C, Value 0x0000
14:19:24:948 (10/06/2024) - READ  MEM BLOCK Access, AP 0, Start Addr 0x2000464E, End Addr 0x2000464F, "DAP Read Memory Block - Success" - ID 500
  Item #0, AP 0, Addr 0x2000464E, Value 0x0000
14:19:24:949 (10/06/2024) - READ  MEM BLOCK Access, AP 0, Start Addr 0x20004650, End Addr 0x20004651, "DAP Read Memory Block - Success" - ID 501
  Item #0, AP 0, Addr 0x20004650, Value 0x0000
14:19:24:952 (10/06/2024) - READ  MEM BLOCK Access, AP 0, Start Addr 0x20004652, End Addr 0x20004652, "DAP Read Memory Block - Success" - ID 502
  Item #0, AP 0, Addr 0x20004652, Value 0x03
14:19:24:953 (10/06/2024) - READ  MEM BLOCK Access, AP 0, Start Addr 0x20004653, End Addr 0x20004653, "DAP Read Memory Block - Success" - ID 503
  Item #0, AP 0, Addr 0x20004653, Value 0x00
14:19:24:955 (10/06/2024) - READ  MEM BLOCK Access, AP 0, Start Addr 0x20004654, End Addr 0x20004654, "DAP Read Memory Block - Success" - ID 504
  Item #0, AP 0, Addr 0x20004654, Value 0x03
14:19:24:957 (10/06/2024) - READ  MEM BLOCK Access, AP 0, Start Addr 0x20004655, End Addr 0x20004655, "DAP Read Memory Block - Success" - ID 505
  Item #0, AP 0, Addr 0x20004655, Value 0x00
14:19:24:961 (10/06/2024) - READ  MEM BLOCK Access, AP 0, Start Addr 0x200044AC, End Addr 0x200044AF, "DAP Read Memory Block - Success" - ID 506
  Item #0, AP 0, Addr 0x200044AC, Value 0x00000000
14:19:25:168 (10/06/2024) - READ  MEM Access, AP 0, Addr 0xE000EDF0, Val 0x00030003, "DAP Read Memory (32 bit) - Success" - ID 507
14:19:25:434 (10/06/2024) - READ  MEM Access, AP 0, Addr 0xE000EDF0, Val 0x00030003, "DAP Read Memory (32 bit) - Success" - ID 508
14:19:25:697 (10/06/2024) - READ  MEM Access, AP 0, Addr 0xE000EDF0, Val 0x00030003, "DAP Read Memory (32 bit) - Success" - ID 509
14:19:25:964 (10/06/2024) - READ  MEM Access, AP 0, Addr 0xE000EDF0, Val 0x00030003, "DAP Read Memory (32 bit) - Success" - ID 510
14:19:26:227 (10/06/2024) - READ  MEM Access, AP 0, Addr 0xE000EDF0, Val 0x00030003, "DAP Read Memory (32 bit) - Success" - ID 511
14:19:26:478 (10/06/2024) - READ  MEM Access, AP 0, Addr 0xE000EDF0, Val 0x00030003, "DAP Read Memory (32 bit) - Success" - ID 512
14:19:26:731 (10/06/2024) - READ  MEM Access, AP 0, Addr 0xE000EDF0, Val 0x00030003, "DAP Read Memory (32 bit) - Success" - ID 513
14:19:26:996 (10/06/2024) - READ  MEM Access, AP 0, Addr 0xE000EDF0, Val 0x00030003, "DAP Read Memory (32 bit) - Success" - ID 514
14:19:27:259 (10/06/2024) - READ  MEM Access, AP 0, Addr 0xE000EDF0, Val 0x00030003, "DAP Read Memory (32 bit) - Success" - ID 515
14:19:27:522 (10/06/2024) - READ  MEM Access, AP 0, Addr 0xE000EDF0, Val 0x00030003, "DAP Read Memory (32 bit) - Success" - ID 516
14:19:27:787 (10/06/2024) - READ  MEM Access, AP 0, Addr 0xE000EDF0, Val 0x00030003, "DAP Read Memory (32 bit) - Success" - ID 517
14:19:28:038 (10/06/2024) - READ  MEM Access, AP 0, Addr 0xE000EDF0, Val 0x00030003, "DAP Read Memory (32 bit) - Success" - ID 518
14:19:28:303 (10/06/2024) - READ  MEM Access, AP 0, Addr 0xE000EDF0, Val 0x00030003, "DAP Read Memory (32 bit) - Success" - ID 519
14:19:28:565 (10/06/2024) - READ  MEM Access, AP 0, Addr 0xE000EDF0, Val 0x00030003, "DAP Read Memory (32 bit) - Success" - ID 520
14:19:28:662 (10/06/2024) - READ  MEM Access, AP 0, Addr 0xE000EDF0, Val 0x00030003, "DAP Read Memory (32 bit) - Success" - ID 521
14:19:28:922 (10/06/2024) - READ  MEM Access, AP 0, Addr 0xE000EDF0, Val 0x00030003, "DAP Read Memory (32 bit) - Success" - ID 522
14:19:29:185 (10/06/2024) - START SEQUENCE "DebugCoreStop", "default" - ID 50
14:19:29:186 (10/06/2024) - WRITE MEM Access, AP 0, Addr 0xE000EDF0, Val 0xA05F0000, "DAP Write Memory (32 bit) - Success" - ID 523
  14:19:29:187 (10/06/2024) - END SEQUENCE "DebugCoreStop", "success" - ID 51
  14:19:29:187 (10/06/2024) - START SEQUENCE "StopTarget", "default" - ID 52
14:19:29:191 (10/06/2024) - WRITE MEM BLOCK Access, AP 0, Start Addr 0xE0002000, End Addr 0xE000201F, "DAP Write Memory Block - Success" - ID 524
  Item #0, AP 0, Addr 0xE0002000, Value 0x00000002
  Item #1, AP 0, Addr 0xE0002004, Value 0x00000000
  Item #2, AP 0, Addr 0xE0002008, Value 0x00000000
  Item #3, AP 0, Addr 0xE000200C, Value 0x00000000
  Item #4, AP 0, Addr 0xE0002010, Value 0x00000000
  Item #5, AP 0, Addr 0xE0002014, Value 0x00000000
  Item #6, AP 0, Addr 0xE0002018, Value 0x00000000
  Item #7, AP 0, Addr 0xE000201C, Value 0x00000000
14:19:29:191 (10/06/2024) - START SEQUENCE "_UnInitTrace", "default" - ID 53
14:19:29:191 (10/06/2024) - END SEQUENCE "_UnInitTrace", "success" - ID 54
14:19:29:191 (10/06/2024) - START SEQUENCE "DebugPortStop", "default" - ID 55
14:19:29:191 (10/06/2024) - WRITE DP  Access, Addr 0x00000004, Val 0x00000000, "DAP Write DP - Success" - ID 525
14:19:29:191 (10/06/2024) - END SEQUENCE "DebugPortStop", "success" - ID 56
14:19:29:191 (10/06/2024) - START SEQUENCE "UnInitDebugger", "default" - ID 57
14:19:29:193 (10/06/2024) - END SEQUENCE "UnInitDebugger", "success" - ID 58
14:19:29:193 (10/06/2024) - START SEQUENCE "_UnInitDriver", "default" - ID 59
14:19:29:193 (10/06/2024) - END SEQUENCE "_UnInitDriver", "success" - ID 60
14:19:29:193 (10/06/2024) - END SEQUENCE "StopTarget", "success" - ID 61
